INFO:__main__:Processing inputs/newNtuple_5Nov/data_SingleElectron_Run2012A_22Jan2013_v1.txt using LFVHETauAnalyzerMVA.py, the output file will be results/newNtuple_5Nov/LFVHETauAnalyzerMVA/data_SingleElectron_Run2012A_22Jan2013_v1.root
INFO:__main__:Generating submit scripts in /nfs_scratch/fmeng/tmpoXuQtoLFVHETauAnalyzerMVA-data_SingleElectron_Run2012A_22Jan2013_v1
INFO:FinalStateAnalysis.PlotTools.MegaPath:Checking inputs file inputs/newNtuple_5Nov/data_SingleElectron_Run2012A_22Jan2013_v1.txt exists...
INFO:__main__:Running over 946 files in 95 jobs
Generating submit files in /nfs_scratch/fmeng/tmpoXuQtoLFVHETauAnalyzerMVA-data_SingleElectron_Run2012A_22Jan2013_v1/analyze...
...............................................................................................
Submit DAG file /nfs_scratch/fmeng/tmpoXuQtoLFVHETauAnalyzerMVA-data_SingleElectron_Run2012A_22Jan2013_v1/job.dag has been created but not submitted.
Jobs for Analyze are created in /nfs_scratch/fmeng/tmpoXuQtoLFVHETauAnalyzerMVA-data_SingleElectron_Run2012A_22Jan2013_v1/analyze
Using HADD method to merge files
Increasing vsize limit from 3000 MB to 6000 MB
LCG_GFAL_INFOSYS is not set
Using grid catalog type: UNKNOWN
Using grid catalog : (null)
VO name: cms
Checksum type: None
Destination SE type: SRMv2
Destination SRM Request Token: put:2336592
Source URL: file:/nfs_scratch/fmeng/tmpoXuQtoLFVHETauAnalyzerMVA-data_SingleElectron_Run2012A_22Jan2013_v1/MergeLayer0/user_code.tgz
File size: 117640606
Source URL for copy: file:/nfs_scratch/fmeng/tmpoXuQtoLFVHETauAnalyzerMVA-data_SingleElectron_Run2012A_22Jan2013_v1/MergeLayer0/user_code.tgz
Destination URL: gsiftp://g14n12.hep.wisc.edu//hdfs/HighReplicaCondorUserFiles/nfs_scratch/fmeng/tmpoXuQtoLFVHETauAnalyzerMVA-data_SingleElectron_Run2012A_22Jan2013_v1/MergeLayer0/user_code.tgz
# streams: 1
            0 bytes      0.00 KB/sec avg      0.00 KB/sec inst            0 bytes      0.00 KB/sec avg      0.00 KB/sec inst      1048576 bytes    599.98 KB/sec avg    599.98 KB/sec inst      1048576 bytes    599.98 KB/sec avg    599.98 KB/sec inst      2097152 bytes    567.83 KB/sec avg    538.95 KB/sec inst     69206016 bytes  14670.72 KB/sec avg  65536.00 KB/sec inst     69206016 bytes  14670.72 KB/sec avg  65536.00 KB/sec inst     69206016 bytes  14670.72 KB/sec avg  65536.00 KB/sec inst     69206016 bytes  14670.72 KB/sec avg  65536.00 KB/sec inst     69206016 bytes  14670.72 KB/sec avg  65536.00 KB/sec inst     69206016 bytes  14670.72 KB/sec avg  65536.00 KB/sec inst     69206016 bytes  14670.72 KB/sec avg  65536.00 KB/sec inst    117640606 bytes  10160.62 KB/sec avg   7059.61 KB/sec inst
Transfer took 17830 ms
Generating submit files in /nfs_scratch/fmeng/tmpoXuQtoLFVHETauAnalyzerMVA-data_SingleElectron_Run2012A_22Jan2013_v1/MergeLayer0...
..........
Submit DAG file /nfs_scratch/fmeng/tmpoXuQtoLFVHETauAnalyzerMVA-data_SingleElectron_Run2012A_22Jan2013_v1/job.dag has been created but not submitted.
Jobs for MergeLayer0 are created in /nfs_scratch/fmeng/tmpoXuQtoLFVHETauAnalyzerMVA-data_SingleElectron_Run2012A_22Jan2013_v1/MergeLayer0
Using HADD method to merge files
Increasing vsize limit from 3000 MB to 6000 MB
LCG_GFAL_INFOSYS is not set
Using grid catalog type: UNKNOWN
Using grid catalog : (null)
VO name: cms
Checksum type: None
Destination SE type: SRMv2
Destination SRM Request Token: put:2336941
Source URL: file:/nfs_scratch/fmeng/tmpoXuQtoLFVHETauAnalyzerMVA-data_SingleElectron_Run2012A_22Jan2013_v1/FinalMerged/user_code.tgz
File size: 117640606
Source URL for copy: file:/nfs_scratch/fmeng/tmpoXuQtoLFVHETauAnalyzerMVA-data_SingleElectron_Run2012A_22Jan2013_v1/FinalMerged/user_code.tgz
Destination URL: gsiftp://g23n16.hep.wisc.edu//hdfs/HighReplicaCondorUserFiles/nfs_scratch/fmeng/tmpoXuQtoLFVHETauAnalyzerMVA-data_SingleElectron_Run2012A_22Jan2013_v1/FinalMerged/user_code.tgz
# streams: 1
            0 bytes      0.00 KB/sec avg      0.00 KB/sec inst            0 bytes      0.00 KB/sec avg      0.00 KB/sec inst            0 bytes      0.00 KB/sec avg      0.00 KB/sec inst      1048576 bytes    484.10 KB/sec avg    484.10 KB/sec inst     61865984 bytes  19393.40 KB/sec avg  59392.00 KB/sec inst     61865984 bytes  19393.40 KB/sec avg  59392.00 KB/sec inst    117640606 bytes  22028.21 KB/sec avg  25936.86 KB/sec inst
Transfer took 6150 ms
Generating submit files in /nfs_scratch/fmeng/tmpoXuQtoLFVHETauAnalyzerMVA-data_SingleElectron_Run2012A_22Jan2013_v1/FinalMerged...
.
Submitting job(s).
1 job(s) submitted to cluster 2427397.

-----------------------------------------------------------------------
File for submitting this DAG to Condor           : /nfs_scratch/fmeng/tmpoXuQtoLFVHETauAnalyzerMVA-data_SingleElectron_Run2012A_22Jan2013_v1/job.dag.wrapper.condor.sub
Log of DAGMan debugging messages                 : /nfs_scratch/fmeng/tmpoXuQtoLFVHETauAnalyzerMVA-data_SingleElectron_Run2012A_22Jan2013_v1/job.dag.wrapper.dagman.out
Log of Condor library output                     : /nfs_scratch/fmeng/tmpoXuQtoLFVHETauAnalyzerMVA-data_SingleElectron_Run2012A_22Jan2013_v1/job.dag.wrapper.lib.out
Log of Condor library error messages             : /nfs_scratch/fmeng/tmpoXuQtoLFVHETauAnalyzerMVA-data_SingleElectron_Run2012A_22Jan2013_v1/job.dag.wrapper.lib.err
Log of the life of condor_dagman itself          : /nfs_scratch/fmeng/tmpoXuQtoLFVHETauAnalyzerMVA-data_SingleElectron_Run2012A_22Jan2013_v1/job.dag.wrapper.dagman.log

-----------------------------------------------------------------------
You can monitor your workflow's progess by watching /nfs_scratch/fmeng/tmpoXuQtoLFVHETauAnalyzerMVA-data_SingleElectron_Run2012A_22Jan2013_v1/job.dag.dagman.out
A summary of the status of all of the jobs in your workflow will be
written to the following file every 60 seconds:
  /nfs_scratch/fmeng/tmpoXuQtoLFVHETauAnalyzerMVA-data_SingleElectron_Run2012A_22Jan2013_v1/job.dag.status

Your jobs should show up in ~6 minutes
at the NEW job monitoring web page :
    http://www.hep.wisc.edu/cms/comp/jobs/
Jobs for FinalMerged are created in /nfs_scratch/fmeng/tmpoXuQtoLFVHETauAnalyzerMVA-data_SingleElectron_Run2012A_22Jan2013_v1/FinalMerged
INFO:__main__:Waiting for job to complete
INFO:__main__:/nfs_scratch/fmeng/tmpoXuQtoLFVHETauAnalyzerMVA-data_SingleElectron_Run2012A_22Jan2013_v1/job.dag: UNKNOWN stats: [30mUNKNOWN[0m(106)
INFO:__main__:/nfs_scratch/fmeng/tmpoXuQtoLFVHETauAnalyzerMVA-data_SingleElectron_Run2012A_22Jan2013_v1/job.dag: UNKNOWN stats: [30mUNKNOWN[0m(106)
INFO:__main__:/nfs_scratch/fmeng/tmpoXuQtoLFVHETauAnalyzerMVA-data_SingleElectron_Run2012A_22Jan2013_v1/job.dag: UNKNOWN stats: [30mUNKNOWN[0m(106)
INFO:__main__:/nfs_scratch/fmeng/tmpoXuQtoLFVHETauAnalyzerMVA-data_SingleElectron_Run2012A_22Jan2013_v1/job.dag: UNKNOWN stats: [30mUNKNOWN[0m(106)
INFO:__main__:/nfs_scratch/fmeng/tmpoXuQtoLFVHETauAnalyzerMVA-data_SingleElectron_Run2012A_22Jan2013_v1/job.dag: UNKNOWN stats: [30mUNKNOWN[0m(106)
INFO:__main__:/nfs_scratch/fmeng/tmpoXuQtoLFVHETauAnalyzerMVA-data_SingleElectron_Run2012A_22Jan2013_v1/job.dag: UNKNOWN stats: [30mUNKNOWN[0m(106)
INFO:__main__:/nfs_scratch/fmeng/tmpoXuQtoLFVHETauAnalyzerMVA-data_SingleElectron_Run2012A_22Jan2013_v1/job.dag: UNKNOWN stats: [30mUNKNOWN[0m(106)
INFO:__main__:/nfs_scratch/fmeng/tmpoXuQtoLFVHETauAnalyzerMVA-data_SingleElectron_Run2012A_22Jan2013_v1/job.dag: UNKNOWN stats: [30mUNKNOWN[0m(106)
INFO:__main__:/nfs_scratch/fmeng/tmpoXuQtoLFVHETauAnalyzerMVA-data_SingleElectron_Run2012A_22Jan2013_v1/job.dag: UNKNOWN stats: [30mUNKNOWN[0m(106)
INFO:__main__:/nfs_scratch/fmeng/tmpoXuQtoLFVHETauAnalyzerMVA-data_SingleElectron_Run2012A_22Jan2013_v1/job.dag: UNKNOWN stats: [30mUNKNOWN[0m(106)
INFO:__main__:/nfs_scratch/fmeng/tmpoXuQtoLFVHETauAnalyzerMVA-data_SingleElectron_Run2012A_22Jan2013_v1/job.dag: UNKNOWN stats: [30mUNKNOWN[0m(106)
INFO:__main__:/nfs_scratch/fmeng/tmpoXuQtoLFVHETauAnalyzerMVA-data_SingleElectron_Run2012A_22Jan2013_v1/job.dag: UNKNOWN stats: [30mUNKNOWN[0m(106)
INFO:__main__:/nfs_scratch/fmeng/tmpoXuQtoLFVHETauAnalyzerMVA-data_SingleElectron_Run2012A_22Jan2013_v1/job.dag: STATUS_SUBMITTED stats: [33mSTATUS_SUBMITTED[0m(15) [34mSTATUS_UNREADY[0m(11) [36mSTATUS_READY[0m(80)
INFO:__main__:/nfs_scratch/fmeng/tmpoXuQtoLFVHETauAnalyzerMVA-data_SingleElectron_Run2012A_22Jan2013_v1/job.dag: STATUS_SUBMITTED stats: [33mSTATUS_SUBMITTED[0m(15) [34mSTATUS_UNREADY[0m(11) [36mSTATUS_READY[0m(80)
INFO:__main__:/nfs_scratch/fmeng/tmpoXuQtoLFVHETauAnalyzerMVA-data_SingleElectron_Run2012A_22Jan2013_v1/job.dag: STATUS_SUBMITTED stats: [33mSTATUS_SUBMITTED[0m(15) [34mSTATUS_UNREADY[0m(11) [36mSTATUS_READY[0m(80)
INFO:__main__:/nfs_scratch/fmeng/tmpoXuQtoLFVHETauAnalyzerMVA-data_SingleElectron_Run2012A_22Jan2013_v1/job.dag: STATUS_SUBMITTED stats: [33mSTATUS_SUBMITTED[0m(15) [34mSTATUS_UNREADY[0m(11) [36mSTATUS_READY[0m(80)
INFO:__main__:/nfs_scratch/fmeng/tmpoXuQtoLFVHETauAnalyzerMVA-data_SingleElectron_Run2012A_22Jan2013_v1/job.dag: STATUS_SUBMITTED stats: [33mSTATUS_SUBMITTED[0m(15) [34mSTATUS_UNREADY[0m(11) [36mSTATUS_READY[0m(80)
INFO:__main__:/nfs_scratch/fmeng/tmpoXuQtoLFVHETauAnalyzerMVA-data_SingleElectron_Run2012A_22Jan2013_v1/job.dag: STATUS_SUBMITTED stats: [33mSTATUS_SUBMITTED[0m(15) [34mSTATUS_UNREADY[0m(11) [36mSTATUS_READY[0m(80)
INFO:__main__:/nfs_scratch/fmeng/tmpoXuQtoLFVHETauAnalyzerMVA-data_SingleElectron_Run2012A_22Jan2013_v1/job.dag: STATUS_SUBMITTED stats: [33mSTATUS_SUBMITTED[0m(15) [34mSTATUS_UNREADY[0m(11) [36mSTATUS_READY[0m(80)
INFO:__main__:/nfs_scratch/fmeng/tmpoXuQtoLFVHETauAnalyzerMVA-data_SingleElectron_Run2012A_22Jan2013_v1/job.dag: STATUS_SUBMITTED stats: [33mSTATUS_SUBMITTED[0m(15) [34mSTATUS_UNREADY[0m(11) [36mSTATUS_READY[0m(80)
INFO:__main__:/nfs_scratch/fmeng/tmpoXuQtoLFVHETauAnalyzerMVA-data_SingleElectron_Run2012A_22Jan2013_v1/job.dag: STATUS_SUBMITTED stats: [33mSTATUS_SUBMITTED[0m(15) [34mSTATUS_UNREADY[0m(11) [36mSTATUS_READY[0m(80)
INFO:__main__:/nfs_scratch/fmeng/tmpoXuQtoLFVHETauAnalyzerMVA-data_SingleElectron_Run2012A_22Jan2013_v1/job.dag: STATUS_SUBMITTED stats: [33mSTATUS_SUBMITTED[0m(30) [34mSTATUS_UNREADY[0m(11) [36mSTATUS_READY[0m(65)
INFO:__main__:/nfs_scratch/fmeng/tmpoXuQtoLFVHETauAnalyzerMVA-data_SingleElectron_Run2012A_22Jan2013_v1/job.dag: STATUS_SUBMITTED stats: [33mSTATUS_SUBMITTED[0m(30) [34mSTATUS_UNREADY[0m(11) [36mSTATUS_READY[0m(65)
INFO:__main__:/nfs_scratch/fmeng/tmpoXuQtoLFVHETauAnalyzerMVA-data_SingleElectron_Run2012A_22Jan2013_v1/job.dag: STATUS_SUBMITTED stats: [33mSTATUS_SUBMITTED[0m(30) [34mSTATUS_UNREADY[0m(11) [36mSTATUS_READY[0m(65)
INFO:__main__:/nfs_scratch/fmeng/tmpoXuQtoLFVHETauAnalyzerMVA-data_SingleElectron_Run2012A_22Jan2013_v1/job.dag: STATUS_SUBMITTED stats: [33mSTATUS_SUBMITTED[0m(30) [34mSTATUS_UNREADY[0m(11) [36mSTATUS_READY[0m(65)
INFO:__main__:/nfs_scratch/fmeng/tmpoXuQtoLFVHETauAnalyzerMVA-data_SingleElectron_Run2012A_22Jan2013_v1/job.dag: STATUS_SUBMITTED stats: [33mSTATUS_SUBMITTED[0m(30) [34mSTATUS_UNREADY[0m(11) [36mSTATUS_READY[0m(65)
INFO:__main__:/nfs_scratch/fmeng/tmpoXuQtoLFVHETauAnalyzerMVA-data_SingleElectron_Run2012A_22Jan2013_v1/job.dag: STATUS_SUBMITTED stats: [33mSTATUS_SUBMITTED[0m(30) [34mSTATUS_UNREADY[0m(11) [36mSTATUS_READY[0m(65)
INFO:__main__:/nfs_scratch/fmeng/tmpoXuQtoLFVHETauAnalyzerMVA-data_SingleElectron_Run2012A_22Jan2013_v1/job.dag: STATUS_SUBMITTED stats: [33mSTATUS_SUBMITTED[0m(30) [34mSTATUS_UNREADY[0m(11) [36mSTATUS_READY[0m(65)
INFO:__main__:/nfs_scratch/fmeng/tmpoXuQtoLFVHETauAnalyzerMVA-data_SingleElectron_Run2012A_22Jan2013_v1/job.dag: STATUS_SUBMITTED stats: [33mSTATUS_SUBMITTED[0m(30) [34mSTATUS_UNREADY[0m(11) [36mSTATUS_READY[0m(65)
INFO:__main__:/nfs_scratch/fmeng/tmpoXuQtoLFVHETauAnalyzerMVA-data_SingleElectron_Run2012A_22Jan2013_v1/job.dag: STATUS_SUBMITTED stats: [33mSTATUS_SUBMITTED[0m(30) [34mSTATUS_UNREADY[0m(11) [36mSTATUS_READY[0m(65)
INFO:__main__:/nfs_scratch/fmeng/tmpoXuQtoLFVHETauAnalyzerMVA-data_SingleElectron_Run2012A_22Jan2013_v1/job.dag: STATUS_SUBMITTED stats: [33mSTATUS_SUBMITTED[0m(30) [34mSTATUS_UNREADY[0m(11) [36mSTATUS_READY[0m(65)
INFO:__main__:/nfs_scratch/fmeng/tmpoXuQtoLFVHETauAnalyzerMVA-data_SingleElectron_Run2012A_22Jan2013_v1/job.dag: STATUS_SUBMITTED stats: [33mSTATUS_SUBMITTED[0m(45) [34mSTATUS_UNREADY[0m(11) [36mSTATUS_READY[0m(50)
INFO:__main__:/nfs_scratch/fmeng/tmpoXuQtoLFVHETauAnalyzerMVA-data_SingleElectron_Run2012A_22Jan2013_v1/job.dag: STATUS_SUBMITTED stats: [33mSTATUS_SUBMITTED[0m(45) [34mSTATUS_UNREADY[0m(11) [36mSTATUS_READY[0m(50)
INFO:__main__:/nfs_scratch/fmeng/tmpoXuQtoLFVHETauAnalyzerMVA-data_SingleElectron_Run2012A_22Jan2013_v1/job.dag: STATUS_SUBMITTED stats: [33mSTATUS_SUBMITTED[0m(45) [34mSTATUS_UNREADY[0m(11) [36mSTATUS_READY[0m(50)
INFO:__main__:/nfs_scratch/fmeng/tmpoXuQtoLFVHETauAnalyzerMVA-data_SingleElectron_Run2012A_22Jan2013_v1/job.dag: STATUS_SUBMITTED stats: [33mSTATUS_SUBMITTED[0m(45) [34mSTATUS_UNREADY[0m(11) [36mSTATUS_READY[0m(50)
INFO:__main__:/nfs_scratch/fmeng/tmpoXuQtoLFVHETauAnalyzerMVA-data_SingleElectron_Run2012A_22Jan2013_v1/job.dag: STATUS_SUBMITTED stats: [33mSTATUS_SUBMITTED[0m(45) [34mSTATUS_UNREADY[0m(11) [36mSTATUS_READY[0m(50)
INFO:__main__:/nfs_scratch/fmeng/tmpoXuQtoLFVHETauAnalyzerMVA-data_SingleElectron_Run2012A_22Jan2013_v1/job.dag: STATUS_SUBMITTED stats: [33mSTATUS_SUBMITTED[0m(45) [34mSTATUS_UNREADY[0m(11) [36mSTATUS_READY[0m(50)
INFO:__main__:/nfs_scratch/fmeng/tmpoXuQtoLFVHETauAnalyzerMVA-data_SingleElectron_Run2012A_22Jan2013_v1/job.dag: STATUS_SUBMITTED stats: [33mSTATUS_SUBMITTED[0m(45) [34mSTATUS_UNREADY[0m(11) [36mSTATUS_READY[0m(50)
INFO:__main__:/nfs_scratch/fmeng/tmpoXuQtoLFVHETauAnalyzerMVA-data_SingleElectron_Run2012A_22Jan2013_v1/job.dag: STATUS_SUBMITTED stats: [33mSTATUS_SUBMITTED[0m(45) [34mSTATUS_UNREADY[0m(11) [36mSTATUS_READY[0m(50)
INFO:__main__:/nfs_scratch/fmeng/tmpoXuQtoLFVHETauAnalyzerMVA-data_SingleElectron_Run2012A_22Jan2013_v1/job.dag: STATUS_SUBMITTED stats: [33mSTATUS_SUBMITTED[0m(45) [34mSTATUS_UNREADY[0m(11) [36mSTATUS_READY[0m(50)
INFO:__main__:/nfs_scratch/fmeng/tmpoXuQtoLFVHETauAnalyzerMVA-data_SingleElectron_Run2012A_22Jan2013_v1/job.dag: STATUS_SUBMITTED stats: [33mSTATUS_SUBMITTED[0m(45) [34mSTATUS_UNREADY[0m(11) [36mSTATUS_READY[0m(50)
INFO:__main__:/nfs_scratch/fmeng/tmpoXuQtoLFVHETauAnalyzerMVA-data_SingleElectron_Run2012A_22Jan2013_v1/job.dag: STATUS_SUBMITTED stats: [33mSTATUS_SUBMITTED[0m(45) [34mSTATUS_UNREADY[0m(11) [36mSTATUS_READY[0m(50)
INFO:__main__:/nfs_scratch/fmeng/tmpoXuQtoLFVHETauAnalyzerMVA-data_SingleElectron_Run2012A_22Jan2013_v1/job.dag: STATUS_SUBMITTED stats: [33mSTATUS_SUBMITTED[0m(45) [34mSTATUS_UNREADY[0m(11) [36mSTATUS_READY[0m(50)
INFO:__main__:/nfs_scratch/fmeng/tmpoXuQtoLFVHETauAnalyzerMVA-data_SingleElectron_Run2012A_22Jan2013_v1/job.dag: STATUS_SUBMITTED stats: [33mSTATUS_SUBMITTED[0m(45) [34mSTATUS_UNREADY[0m(11) [36mSTATUS_READY[0m(50)
INFO:__main__:/nfs_scratch/fmeng/tmpoXuQtoLFVHETauAnalyzerMVA-data_SingleElectron_Run2012A_22Jan2013_v1/job.dag: STATUS_SUBMITTED stats: [33mSTATUS_SUBMITTED[0m(59) [32mSTATUS_DONE[0m(1) [34mSTATUS_UNREADY[0m(11) [36mSTATUS_READY[0m(35)
INFO:__main__:/nfs_scratch/fmeng/tmpoXuQtoLFVHETauAnalyzerMVA-data_SingleElectron_Run2012A_22Jan2013_v1/job.dag: STATUS_SUBMITTED stats: [33mSTATUS_SUBMITTED[0m(59) [32mSTATUS_DONE[0m(1) [34mSTATUS_UNREADY[0m(11) [36mSTATUS_READY[0m(35)
INFO:__main__:/nfs_scratch/fmeng/tmpoXuQtoLFVHETauAnalyzerMVA-data_SingleElectron_Run2012A_22Jan2013_v1/job.dag: STATUS_SUBMITTED stats: [33mSTATUS_SUBMITTED[0m(59) [32mSTATUS_DONE[0m(1) [34mSTATUS_UNREADY[0m(11) [36mSTATUS_READY[0m(35)
INFO:__main__:/nfs_scratch/fmeng/tmpoXuQtoLFVHETauAnalyzerMVA-data_SingleElectron_Run2012A_22Jan2013_v1/job.dag: STATUS_SUBMITTED stats: [33mSTATUS_SUBMITTED[0m(59) [32mSTATUS_DONE[0m(1) [34mSTATUS_UNREADY[0m(11) [36mSTATUS_READY[0m(35)
INFO:__main__:/nfs_scratch/fmeng/tmpoXuQtoLFVHETauAnalyzerMVA-data_SingleElectron_Run2012A_22Jan2013_v1/job.dag: STATUS_SUBMITTED stats: [33mSTATUS_SUBMITTED[0m(59) [32mSTATUS_DONE[0m(1) [34mSTATUS_UNREADY[0m(11) [36mSTATUS_READY[0m(35)
INFO:__main__:/nfs_scratch/fmeng/tmpoXuQtoLFVHETauAnalyzerMVA-data_SingleElectron_Run2012A_22Jan2013_v1/job.dag: STATUS_SUBMITTED stats: [33mSTATUS_SUBMITTED[0m(59) [32mSTATUS_DONE[0m(1) [34mSTATUS_UNREADY[0m(11) [36mSTATUS_READY[0m(35)
INFO:__main__:/nfs_scratch/fmeng/tmpoXuQtoLFVHETauAnalyzerMVA-data_SingleElectron_Run2012A_22Jan2013_v1/job.dag: STATUS_SUBMITTED stats: [33mSTATUS_SUBMITTED[0m(59) [32mSTATUS_DONE[0m(1) [34mSTATUS_UNREADY[0m(11) [36mSTATUS_READY[0m(35)
INFO:__main__:/nfs_scratch/fmeng/tmpoXuQtoLFVHETauAnalyzerMVA-data_SingleElectron_Run2012A_22Jan2013_v1/job.dag: STATUS_SUBMITTED stats: [33mSTATUS_SUBMITTED[0m(59) [32mSTATUS_DONE[0m(1) [34mSTATUS_UNREADY[0m(11) [36mSTATUS_READY[0m(35)
INFO:__main__:/nfs_scratch/fmeng/tmpoXuQtoLFVHETauAnalyzerMVA-data_SingleElectron_Run2012A_22Jan2013_v1/job.dag: STATUS_SUBMITTED stats: [33mSTATUS_SUBMITTED[0m(59) [32mSTATUS_DONE[0m(1) [34mSTATUS_UNREADY[0m(11) [36mSTATUS_READY[0m(35)
INFO:__main__:/nfs_scratch/fmeng/tmpoXuQtoLFVHETauAnalyzerMVA-data_SingleElectron_Run2012A_22Jan2013_v1/job.dag: STATUS_SUBMITTED stats: [33mSTATUS_SUBMITTED[0m(59) [32mSTATUS_DONE[0m(1) [34mSTATUS_UNREADY[0m(11) [36mSTATUS_READY[0m(35)
INFO:__main__:/nfs_scratch/fmeng/tmpoXuQtoLFVHETauAnalyzerMVA-data_SingleElectron_Run2012A_22Jan2013_v1/job.dag: STATUS_SUBMITTED stats: [33mSTATUS_SUBMITTED[0m(59) [32mSTATUS_DONE[0m(1) [34mSTATUS_UNREADY[0m(11) [36mSTATUS_READY[0m(35)
INFO:__main__:/nfs_scratch/fmeng/tmpoXuQtoLFVHETauAnalyzerMVA-data_SingleElectron_Run2012A_22Jan2013_v1/job.dag: STATUS_SUBMITTED stats: [33mSTATUS_SUBMITTED[0m(59) [32mSTATUS_DONE[0m(1) [34mSTATUS_UNREADY[0m(11) [36mSTATUS_READY[0m(35)
INFO:__main__:/nfs_scratch/fmeng/tmpoXuQtoLFVHETauAnalyzerMVA-data_SingleElectron_Run2012A_22Jan2013_v1/job.dag: STATUS_SUBMITTED stats: [33mSTATUS_SUBMITTED[0m(59) [32mSTATUS_DONE[0m(1) [34mSTATUS_UNREADY[0m(11) [36mSTATUS_READY[0m(35)
INFO:__main__:/nfs_scratch/fmeng/tmpoXuQtoLFVHETauAnalyzerMVA-data_SingleElectron_Run2012A_22Jan2013_v1/job.dag: STATUS_SUBMITTED stats: [33mSTATUS_SUBMITTED[0m(59) [32mSTATUS_DONE[0m(1) [34mSTATUS_UNREADY[0m(11) [36mSTATUS_READY[0m(35)
INFO:__main__:/nfs_scratch/fmeng/tmpoXuQtoLFVHETauAnalyzerMVA-data_SingleElectron_Run2012A_22Jan2013_v1/job.dag: STATUS_SUBMITTED stats: [33mSTATUS_SUBMITTED[0m(59) [32mSTATUS_DONE[0m(1) [34mSTATUS_UNREADY[0m(11) [36mSTATUS_READY[0m(35)
INFO:__main__:/nfs_scratch/fmeng/tmpoXuQtoLFVHETauAnalyzerMVA-data_SingleElectron_Run2012A_22Jan2013_v1/job.dag: STATUS_SUBMITTED stats: [33mSTATUS_SUBMITTED[0m(59) [32mSTATUS_DONE[0m(1) [34mSTATUS_UNREADY[0m(11) [36mSTATUS_READY[0m(35)
INFO:__main__:/nfs_scratch/fmeng/tmpoXuQtoLFVHETauAnalyzerMVA-data_SingleElectron_Run2012A_22Jan2013_v1/job.dag: STATUS_SUBMITTED stats: [33mSTATUS_SUBMITTED[0m(59) [32mSTATUS_DONE[0m(1) [34mSTATUS_UNREADY[0m(11) [36mSTATUS_READY[0m(35)
INFO:__main__:/nfs_scratch/fmeng/tmpoXuQtoLFVHETauAnalyzerMVA-data_SingleElectron_Run2012A_22Jan2013_v1/job.dag: STATUS_SUBMITTED stats: [33mSTATUS_SUBMITTED[0m(59) [32mSTATUS_DONE[0m(1) [34mSTATUS_UNREADY[0m(11) [36mSTATUS_READY[0m(35)
INFO:__main__:/nfs_scratch/fmeng/tmpoXuQtoLFVHETauAnalyzerMVA-data_SingleElectron_Run2012A_22Jan2013_v1/job.dag: STATUS_SUBMITTED stats: [33mSTATUS_SUBMITTED[0m(59) [32mSTATUS_DONE[0m(16) [34mSTATUS_UNREADY[0m(11) [36mSTATUS_READY[0m(20)
INFO:__main__:/nfs_scratch/fmeng/tmpoXuQtoLFVHETauAnalyzerMVA-data_SingleElectron_Run2012A_22Jan2013_v1/job.dag: STATUS_SUBMITTED stats: [33mSTATUS_SUBMITTED[0m(59) [32mSTATUS_DONE[0m(16) [34mSTATUS_UNREADY[0m(11) [36mSTATUS_READY[0m(20)
INFO:__main__:/nfs_scratch/fmeng/tmpoXuQtoLFVHETauAnalyzerMVA-data_SingleElectron_Run2012A_22Jan2013_v1/job.dag: STATUS_SUBMITTED stats: [33mSTATUS_SUBMITTED[0m(59) [32mSTATUS_DONE[0m(16) [34mSTATUS_UNREADY[0m(11) [36mSTATUS_READY[0m(20)
INFO:__main__:/nfs_scratch/fmeng/tmpoXuQtoLFVHETauAnalyzerMVA-data_SingleElectron_Run2012A_22Jan2013_v1/job.dag: STATUS_SUBMITTED stats: [33mSTATUS_SUBMITTED[0m(59) [32mSTATUS_DONE[0m(16) [34mSTATUS_UNREADY[0m(11) [36mSTATUS_READY[0m(20)
INFO:__main__:/nfs_scratch/fmeng/tmpoXuQtoLFVHETauAnalyzerMVA-data_SingleElectron_Run2012A_22Jan2013_v1/job.dag: STATUS_SUBMITTED stats: [33mSTATUS_SUBMITTED[0m(59) [32mSTATUS_DONE[0m(16) [34mSTATUS_UNREADY[0m(11) [36mSTATUS_READY[0m(20)
INFO:__main__:/nfs_scratch/fmeng/tmpoXuQtoLFVHETauAnalyzerMVA-data_SingleElectron_Run2012A_22Jan2013_v1/job.dag: STATUS_SUBMITTED stats: [33mSTATUS_SUBMITTED[0m(59) [32mSTATUS_DONE[0m(16) [34mSTATUS_UNREADY[0m(11) [36mSTATUS_READY[0m(20)
INFO:__main__:/nfs_scratch/fmeng/tmpoXuQtoLFVHETauAnalyzerMVA-data_SingleElectron_Run2012A_22Jan2013_v1/job.dag: STATUS_SUBMITTED stats: [33mSTATUS_SUBMITTED[0m(59) [32mSTATUS_DONE[0m(16) [34mSTATUS_UNREADY[0m(11) [36mSTATUS_READY[0m(20)
INFO:__main__:/nfs_scratch/fmeng/tmpoXuQtoLFVHETauAnalyzerMVA-data_SingleElectron_Run2012A_22Jan2013_v1/job.dag: STATUS_SUBMITTED stats: [33mSTATUS_SUBMITTED[0m(59) [32mSTATUS_DONE[0m(16) [34mSTATUS_UNREADY[0m(11) [36mSTATUS_READY[0m(20)
INFO:__main__:/nfs_scratch/fmeng/tmpoXuQtoLFVHETauAnalyzerMVA-data_SingleElectron_Run2012A_22Jan2013_v1/job.dag: STATUS_SUBMITTED stats: [33mSTATUS_SUBMITTED[0m(59) [32mSTATUS_DONE[0m(16) [34mSTATUS_UNREADY[0m(11) [36mSTATUS_READY[0m(20)
INFO:__main__:/nfs_scratch/fmeng/tmpoXuQtoLFVHETauAnalyzerMVA-data_SingleElectron_Run2012A_22Jan2013_v1/job.dag: STATUS_SUBMITTED stats: [33mSTATUS_SUBMITTED[0m(59) [32mSTATUS_DONE[0m(16) [34mSTATUS_UNREADY[0m(11) [36mSTATUS_READY[0m(20)
INFO:__main__:/nfs_scratch/fmeng/tmpoXuQtoLFVHETauAnalyzerMVA-data_SingleElectron_Run2012A_22Jan2013_v1/job.dag: STATUS_SUBMITTED stats: [33mSTATUS_SUBMITTED[0m(59) [32mSTATUS_DONE[0m(16) [34mSTATUS_UNREADY[0m(11) [36mSTATUS_READY[0m(20)
INFO:__main__:/nfs_scratch/fmeng/tmpoXuQtoLFVHETauAnalyzerMVA-data_SingleElectron_Run2012A_22Jan2013_v1/job.dag: STATUS_SUBMITTED stats: [33mSTATUS_SUBMITTED[0m(59) [32mSTATUS_DONE[0m(16) [34mSTATUS_UNREADY[0m(11) [36mSTATUS_READY[0m(20)
INFO:__main__:/nfs_scratch/fmeng/tmpoXuQtoLFVHETauAnalyzerMVA-data_SingleElectron_Run2012A_22Jan2013_v1/job.dag: STATUS_SUBMITTED stats: [33mSTATUS_SUBMITTED[0m(59) [32mSTATUS_DONE[0m(16) [34mSTATUS_UNREADY[0m(11) [36mSTATUS_READY[0m(20)
INFO:__main__:/nfs_scratch/fmeng/tmpoXuQtoLFVHETauAnalyzerMVA-data_SingleElectron_Run2012A_22Jan2013_v1/job.dag: STATUS_SUBMITTED stats: [33mSTATUS_SUBMITTED[0m(59) [32mSTATUS_DONE[0m(16) [34mSTATUS_UNREADY[0m(11) [36mSTATUS_READY[0m(20)
INFO:__main__:/nfs_scratch/fmeng/tmpoXuQtoLFVHETauAnalyzerMVA-data_SingleElectron_Run2012A_22Jan2013_v1/job.dag: STATUS_SUBMITTED stats: [33mSTATUS_SUBMITTED[0m(59) [32mSTATUS_DONE[0m(16) [34mSTATUS_UNREADY[0m(11) [36mSTATUS_READY[0m(20)
INFO:__main__:/nfs_scratch/fmeng/tmpoXuQtoLFVHETauAnalyzerMVA-data_SingleElectron_Run2012A_22Jan2013_v1/job.dag: STATUS_SUBMITTED stats: [33mSTATUS_SUBMITTED[0m(59) [32mSTATUS_DONE[0m(16) [34mSTATUS_UNREADY[0m(11) [36mSTATUS_READY[0m(20)
INFO:__main__:/nfs_scratch/fmeng/tmpoXuQtoLFVHETauAnalyzerMVA-data_SingleElectron_Run2012A_22Jan2013_v1/job.dag: STATUS_SUBMITTED stats: [33mSTATUS_SUBMITTED[0m(59) [32mSTATUS_DONE[0m(16) [34mSTATUS_UNREADY[0m(11) [36mSTATUS_READY[0m(20)
INFO:__main__:/nfs_scratch/fmeng/tmpoXuQtoLFVHETauAnalyzerMVA-data_SingleElectron_Run2012A_22Jan2013_v1/job.dag: STATUS_SUBMITTED stats: [33mSTATUS_SUBMITTED[0m(60) [32mSTATUS_DONE[0m(30) [34mSTATUS_UNREADY[0m(11) [36mSTATUS_READY[0m(5)
INFO:__main__:/nfs_scratch/fmeng/tmpoXuQtoLFVHETauAnalyzerMVA-data_SingleElectron_Run2012A_22Jan2013_v1/job.dag: STATUS_SUBMITTED stats: [33mSTATUS_SUBMITTED[0m(60) [32mSTATUS_DONE[0m(30) [34mSTATUS_UNREADY[0m(11) [36mSTATUS_READY[0m(5)
INFO:__main__:/nfs_scratch/fmeng/tmpoXuQtoLFVHETauAnalyzerMVA-data_SingleElectron_Run2012A_22Jan2013_v1/job.dag: STATUS_SUBMITTED stats: [33mSTATUS_SUBMITTED[0m(60) [32mSTATUS_DONE[0m(30) [34mSTATUS_UNREADY[0m(11) [36mSTATUS_READY[0m(5)
INFO:__main__:/nfs_scratch/fmeng/tmpoXuQtoLFVHETauAnalyzerMVA-data_SingleElectron_Run2012A_22Jan2013_v1/job.dag: STATUS_SUBMITTED stats: [33mSTATUS_SUBMITTED[0m(60) [32mSTATUS_DONE[0m(30) [34mSTATUS_UNREADY[0m(11) [36mSTATUS_READY[0m(5)
INFO:__main__:/nfs_scratch/fmeng/tmpoXuQtoLFVHETauAnalyzerMVA-data_SingleElectron_Run2012A_22Jan2013_v1/job.dag: STATUS_SUBMITTED stats: [33mSTATUS_SUBMITTED[0m(60) [32mSTATUS_DONE[0m(30) [34mSTATUS_UNREADY[0m(11) [36mSTATUS_READY[0m(5)
INFO:__main__:/nfs_scratch/fmeng/tmpoXuQtoLFVHETauAnalyzerMVA-data_SingleElectron_Run2012A_22Jan2013_v1/job.dag: STATUS_SUBMITTED stats: [33mSTATUS_SUBMITTED[0m(60) [32mSTATUS_DONE[0m(30) [34mSTATUS_UNREADY[0m(11) [36mSTATUS_READY[0m(5)
INFO:__main__:/nfs_scratch/fmeng/tmpoXuQtoLFVHETauAnalyzerMVA-data_SingleElectron_Run2012A_22Jan2013_v1/job.dag: STATUS_SUBMITTED stats: [33mSTATUS_SUBMITTED[0m(61) [32mSTATUS_DONE[0m(34) [34mSTATUS_UNREADY[0m(11)
INFO:__main__:/nfs_scratch/fmeng/tmpoXuQtoLFVHETauAnalyzerMVA-data_SingleElectron_Run2012A_22Jan2013_v1/job.dag: STATUS_SUBMITTED stats: [33mSTATUS_SUBMITTED[0m(61) [32mSTATUS_DONE[0m(34) [34mSTATUS_UNREADY[0m(11)
INFO:__main__:/nfs_scratch/fmeng/tmpoXuQtoLFVHETauAnalyzerMVA-data_SingleElectron_Run2012A_22Jan2013_v1/job.dag: STATUS_SUBMITTED stats: [33mSTATUS_SUBMITTED[0m(61) [32mSTATUS_DONE[0m(34) [34mSTATUS_UNREADY[0m(11)
INFO:__main__:/nfs_scratch/fmeng/tmpoXuQtoLFVHETauAnalyzerMVA-data_SingleElectron_Run2012A_22Jan2013_v1/job.dag: STATUS_SUBMITTED stats: [33mSTATUS_SUBMITTED[0m(61) [32mSTATUS_DONE[0m(34) [34mSTATUS_UNREADY[0m(11)
INFO:__main__:/nfs_scratch/fmeng/tmpoXuQtoLFVHETauAnalyzerMVA-data_SingleElectron_Run2012A_22Jan2013_v1/job.dag: STATUS_SUBMITTED stats: [33mSTATUS_SUBMITTED[0m(61) [32mSTATUS_DONE[0m(34) [34mSTATUS_UNREADY[0m(11)
INFO:__main__:/nfs_scratch/fmeng/tmpoXuQtoLFVHETauAnalyzerMVA-data_SingleElectron_Run2012A_22Jan2013_v1/job.dag: STATUS_SUBMITTED stats: [33mSTATUS_SUBMITTED[0m(61) [32mSTATUS_DONE[0m(34) [34mSTATUS_UNREADY[0m(11)
INFO:__main__:/nfs_scratch/fmeng/tmpoXuQtoLFVHETauAnalyzerMVA-data_SingleElectron_Run2012A_22Jan2013_v1/job.dag: STATUS_SUBMITTED stats: [33mSTATUS_SUBMITTED[0m(56) [32mSTATUS_DONE[0m(39) [34mSTATUS_UNREADY[0m(11)
INFO:__main__:/nfs_scratch/fmeng/tmpoXuQtoLFVHETauAnalyzerMVA-data_SingleElectron_Run2012A_22Jan2013_v1/job.dag: STATUS_SUBMITTED stats: [33mSTATUS_SUBMITTED[0m(56) [32mSTATUS_DONE[0m(39) [34mSTATUS_UNREADY[0m(11)
INFO:__main__:/nfs_scratch/fmeng/tmpoXuQtoLFVHETauAnalyzerMVA-data_SingleElectron_Run2012A_22Jan2013_v1/job.dag: STATUS_SUBMITTED stats: [33mSTATUS_SUBMITTED[0m(56) [32mSTATUS_DONE[0m(39) [34mSTATUS_UNREADY[0m(11)
INFO:__main__:/nfs_scratch/fmeng/tmpoXuQtoLFVHETauAnalyzerMVA-data_SingleElectron_Run2012A_22Jan2013_v1/job.dag: STATUS_SUBMITTED stats: [33mSTATUS_SUBMITTED[0m(56) [32mSTATUS_DONE[0m(39) [34mSTATUS_UNREADY[0m(11)
INFO:__main__:/nfs_scratch/fmeng/tmpoXuQtoLFVHETauAnalyzerMVA-data_SingleElectron_Run2012A_22Jan2013_v1/job.dag: STATUS_SUBMITTED stats: [33mSTATUS_SUBMITTED[0m(56) [32mSTATUS_DONE[0m(39) [34mSTATUS_UNREADY[0m(11)
INFO:__main__:/nfs_scratch/fmeng/tmpoXuQtoLFVHETauAnalyzerMVA-data_SingleElectron_Run2012A_22Jan2013_v1/job.dag: STATUS_SUBMITTED stats: [33mSTATUS_SUBMITTED[0m(56) [32mSTATUS_DONE[0m(39) [34mSTATUS_UNREADY[0m(11)
INFO:__main__:/nfs_scratch/fmeng/tmpoXuQtoLFVHETauAnalyzerMVA-data_SingleElectron_Run2012A_22Jan2013_v1/job.dag: STATUS_SUBMITTED stats: [33mSTATUS_SUBMITTED[0m(53) [32mSTATUS_DONE[0m(42) [34mSTATUS_UNREADY[0m(11)
INFO:__main__:/nfs_scratch/fmeng/tmpoXuQtoLFVHETauAnalyzerMVA-data_SingleElectron_Run2012A_22Jan2013_v1/job.dag: STATUS_SUBMITTED stats: [33mSTATUS_SUBMITTED[0m(53) [32mSTATUS_DONE[0m(42) [34mSTATUS_UNREADY[0m(11)
INFO:__main__:/nfs_scratch/fmeng/tmpoXuQtoLFVHETauAnalyzerMVA-data_SingleElectron_Run2012A_22Jan2013_v1/job.dag: STATUS_SUBMITTED stats: [33mSTATUS_SUBMITTED[0m(53) [32mSTATUS_DONE[0m(42) [34mSTATUS_UNREADY[0m(11)
INFO:__main__:/nfs_scratch/fmeng/tmpoXuQtoLFVHETauAnalyzerMVA-data_SingleElectron_Run2012A_22Jan2013_v1/job.dag: STATUS_SUBMITTED stats: [33mSTATUS_SUBMITTED[0m(53) [32mSTATUS_DONE[0m(42) [34mSTATUS_UNREADY[0m(11)
INFO:__main__:/nfs_scratch/fmeng/tmpoXuQtoLFVHETauAnalyzerMVA-data_SingleElectron_Run2012A_22Jan2013_v1/job.dag: STATUS_SUBMITTED stats: [33mSTATUS_SUBMITTED[0m(53) [32mSTATUS_DONE[0m(42) [34mSTATUS_UNREADY[0m(11)
INFO:__main__:/nfs_scratch/fmeng/tmpoXuQtoLFVHETauAnalyzerMVA-data_SingleElectron_Run2012A_22Jan2013_v1/job.dag: STATUS_SUBMITTED stats: [33mSTATUS_SUBMITTED[0m(53) [32mSTATUS_DONE[0m(42) [34mSTATUS_UNREADY[0m(11)
INFO:__main__:/nfs_scratch/fmeng/tmpoXuQtoLFVHETauAnalyzerMVA-data_SingleElectron_Run2012A_22Jan2013_v1/job.dag: STATUS_SUBMITTED stats: [33mSTATUS_SUBMITTED[0m(48) [32mSTATUS_DONE[0m(47) [34mSTATUS_UNREADY[0m(11)
INFO:__main__:/nfs_scratch/fmeng/tmpoXuQtoLFVHETauAnalyzerMVA-data_SingleElectron_Run2012A_22Jan2013_v1/job.dag: STATUS_SUBMITTED stats: [33mSTATUS_SUBMITTED[0m(48) [32mSTATUS_DONE[0m(47) [34mSTATUS_UNREADY[0m(11)
INFO:__main__:/nfs_scratch/fmeng/tmpoXuQtoLFVHETauAnalyzerMVA-data_SingleElectron_Run2012A_22Jan2013_v1/job.dag: STATUS_SUBMITTED stats: [33mSTATUS_SUBMITTED[0m(48) [32mSTATUS_DONE[0m(47) [34mSTATUS_UNREADY[0m(11)
INFO:__main__:/nfs_scratch/fmeng/tmpoXuQtoLFVHETauAnalyzerMVA-data_SingleElectron_Run2012A_22Jan2013_v1/job.dag: STATUS_SUBMITTED stats: [33mSTATUS_SUBMITTED[0m(48) [32mSTATUS_DONE[0m(47) [34mSTATUS_UNREADY[0m(11)
INFO:__main__:/nfs_scratch/fmeng/tmpoXuQtoLFVHETauAnalyzerMVA-data_SingleElectron_Run2012A_22Jan2013_v1/job.dag: STATUS_SUBMITTED stats: [33mSTATUS_SUBMITTED[0m(48) [32mSTATUS_DONE[0m(47) [34mSTATUS_UNREADY[0m(11)
INFO:__main__:/nfs_scratch/fmeng/tmpoXuQtoLFVHETauAnalyzerMVA-data_SingleElectron_Run2012A_22Jan2013_v1/job.dag: STATUS_SUBMITTED stats: [33mSTATUS_SUBMITTED[0m(48) [32mSTATUS_DONE[0m(47) [34mSTATUS_UNREADY[0m(11)
INFO:__main__:/nfs_scratch/fmeng/tmpoXuQtoLFVHETauAnalyzerMVA-data_SingleElectron_Run2012A_22Jan2013_v1/job.dag: STATUS_SUBMITTED stats: [33mSTATUS_SUBMITTED[0m(44) [32mSTATUS_DONE[0m(51) [34mSTATUS_UNREADY[0m(11)
INFO:__main__:/nfs_scratch/fmeng/tmpoXuQtoLFVHETauAnalyzerMVA-data_SingleElectron_Run2012A_22Jan2013_v1/job.dag: STATUS_SUBMITTED stats: [33mSTATUS_SUBMITTED[0m(44) [32mSTATUS_DONE[0m(51) [34mSTATUS_UNREADY[0m(11)
INFO:__main__:/nfs_scratch/fmeng/tmpoXuQtoLFVHETauAnalyzerMVA-data_SingleElectron_Run2012A_22Jan2013_v1/job.dag: STATUS_SUBMITTED stats: [33mSTATUS_SUBMITTED[0m(44) [32mSTATUS_DONE[0m(51) [34mSTATUS_UNREADY[0m(11)
INFO:__main__:/nfs_scratch/fmeng/tmpoXuQtoLFVHETauAnalyzerMVA-data_SingleElectron_Run2012A_22Jan2013_v1/job.dag: STATUS_SUBMITTED stats: [33mSTATUS_SUBMITTED[0m(44) [32mSTATUS_DONE[0m(51) [34mSTATUS_UNREADY[0m(11)
INFO:__main__:/nfs_scratch/fmeng/tmpoXuQtoLFVHETauAnalyzerMVA-data_SingleElectron_Run2012A_22Jan2013_v1/job.dag: STATUS_SUBMITTED stats: [33mSTATUS_SUBMITTED[0m(44) [32mSTATUS_DONE[0m(51) [34mSTATUS_UNREADY[0m(11)
INFO:__main__:/nfs_scratch/fmeng/tmpoXuQtoLFVHETauAnalyzerMVA-data_SingleElectron_Run2012A_22Jan2013_v1/job.dag: STATUS_SUBMITTED stats: [33mSTATUS_SUBMITTED[0m(44) [32mSTATUS_DONE[0m(51) [34mSTATUS_UNREADY[0m(11)
INFO:__main__:/nfs_scratch/fmeng/tmpoXuQtoLFVHETauAnalyzerMVA-data_SingleElectron_Run2012A_22Jan2013_v1/job.dag: STATUS_SUBMITTED stats: [33mSTATUS_SUBMITTED[0m(41) [32mSTATUS_DONE[0m(54) [34mSTATUS_UNREADY[0m(11)
INFO:__main__:/nfs_scratch/fmeng/tmpoXuQtoLFVHETauAnalyzerMVA-data_SingleElectron_Run2012A_22Jan2013_v1/job.dag: STATUS_SUBMITTED stats: [33mSTATUS_SUBMITTED[0m(41) [32mSTATUS_DONE[0m(54) [34mSTATUS_UNREADY[0m(11)
INFO:__main__:/nfs_scratch/fmeng/tmpoXuQtoLFVHETauAnalyzerMVA-data_SingleElectron_Run2012A_22Jan2013_v1/job.dag: STATUS_SUBMITTED stats: [33mSTATUS_SUBMITTED[0m(41) [32mSTATUS_DONE[0m(54) [34mSTATUS_UNREADY[0m(11)
INFO:__main__:/nfs_scratch/fmeng/tmpoXuQtoLFVHETauAnalyzerMVA-data_SingleElectron_Run2012A_22Jan2013_v1/job.dag: STATUS_SUBMITTED stats: [33mSTATUS_SUBMITTED[0m(41) [32mSTATUS_DONE[0m(54) [34mSTATUS_UNREADY[0m(11)
INFO:__main__:/nfs_scratch/fmeng/tmpoXuQtoLFVHETauAnalyzerMVA-data_SingleElectron_Run2012A_22Jan2013_v1/job.dag: STATUS_SUBMITTED stats: [33mSTATUS_SUBMITTED[0m(41) [32mSTATUS_DONE[0m(54) [34mSTATUS_UNREADY[0m(11)
INFO:__main__:/nfs_scratch/fmeng/tmpoXuQtoLFVHETauAnalyzerMVA-data_SingleElectron_Run2012A_22Jan2013_v1/job.dag: STATUS_SUBMITTED stats: [33mSTATUS_SUBMITTED[0m(41) [32mSTATUS_DONE[0m(54) [34mSTATUS_UNREADY[0m(11)
INFO:__main__:/nfs_scratch/fmeng/tmpoXuQtoLFVHETauAnalyzerMVA-data_SingleElectron_Run2012A_22Jan2013_v1/job.dag: STATUS_SUBMITTED stats: [33mSTATUS_SUBMITTED[0m(40) [32mSTATUS_DONE[0m(55) [34mSTATUS_UNREADY[0m(11)
INFO:__main__:/nfs_scratch/fmeng/tmpoXuQtoLFVHETauAnalyzerMVA-data_SingleElectron_Run2012A_22Jan2013_v1/job.dag: STATUS_SUBMITTED stats: [33mSTATUS_SUBMITTED[0m(40) [32mSTATUS_DONE[0m(55) [34mSTATUS_UNREADY[0m(11)
INFO:__main__:/nfs_scratch/fmeng/tmpoXuQtoLFVHETauAnalyzerMVA-data_SingleElectron_Run2012A_22Jan2013_v1/job.dag: STATUS_SUBMITTED stats: [33mSTATUS_SUBMITTED[0m(40) [32mSTATUS_DONE[0m(55) [34mSTATUS_UNREADY[0m(11)
INFO:__main__:/nfs_scratch/fmeng/tmpoXuQtoLFVHETauAnalyzerMVA-data_SingleElectron_Run2012A_22Jan2013_v1/job.dag: STATUS_SUBMITTED stats: [33mSTATUS_SUBMITTED[0m(40) [32mSTATUS_DONE[0m(55) [34mSTATUS_UNREADY[0m(11)
INFO:__main__:/nfs_scratch/fmeng/tmpoXuQtoLFVHETauAnalyzerMVA-data_SingleElectron_Run2012A_22Jan2013_v1/job.dag: STATUS_SUBMITTED stats: [33mSTATUS_SUBMITTED[0m(40) [32mSTATUS_DONE[0m(55) [34mSTATUS_UNREADY[0m(11)
INFO:__main__:/nfs_scratch/fmeng/tmpoXuQtoLFVHETauAnalyzerMVA-data_SingleElectron_Run2012A_22Jan2013_v1/job.dag: STATUS_SUBMITTED stats: [33mSTATUS_SUBMITTED[0m(40) [32mSTATUS_DONE[0m(55) [34mSTATUS_UNREADY[0m(11)
INFO:__main__:/nfs_scratch/fmeng/tmpoXuQtoLFVHETauAnalyzerMVA-data_SingleElectron_Run2012A_22Jan2013_v1/job.dag: STATUS_SUBMITTED stats: [33mSTATUS_SUBMITTED[0m(40) [32mSTATUS_DONE[0m(55) [34mSTATUS_UNREADY[0m(11)
INFO:__main__:/nfs_scratch/fmeng/tmpoXuQtoLFVHETauAnalyzerMVA-data_SingleElectron_Run2012A_22Jan2013_v1/job.dag: STATUS_SUBMITTED stats: [33mSTATUS_SUBMITTED[0m(36) [32mSTATUS_DONE[0m(60) [34mSTATUS_UNREADY[0m(10)
INFO:__main__:/nfs_scratch/fmeng/tmpoXuQtoLFVHETauAnalyzerMVA-data_SingleElectron_Run2012A_22Jan2013_v1/job.dag: STATUS_SUBMITTED stats: [33mSTATUS_SUBMITTED[0m(36) [32mSTATUS_DONE[0m(60) [34mSTATUS_UNREADY[0m(10)
INFO:__main__:/nfs_scratch/fmeng/tmpoXuQtoLFVHETauAnalyzerMVA-data_SingleElectron_Run2012A_22Jan2013_v1/job.dag: STATUS_SUBMITTED stats: [33mSTATUS_SUBMITTED[0m(36) [32mSTATUS_DONE[0m(60) [34mSTATUS_UNREADY[0m(10)
INFO:__main__:/nfs_scratch/fmeng/tmpoXuQtoLFVHETauAnalyzerMVA-data_SingleElectron_Run2012A_22Jan2013_v1/job.dag: STATUS_SUBMITTED stats: [33mSTATUS_SUBMITTED[0m(36) [32mSTATUS_DONE[0m(60) [34mSTATUS_UNREADY[0m(10)
INFO:__main__:/nfs_scratch/fmeng/tmpoXuQtoLFVHETauAnalyzerMVA-data_SingleElectron_Run2012A_22Jan2013_v1/job.dag: STATUS_SUBMITTED stats: [33mSTATUS_SUBMITTED[0m(36) [32mSTATUS_DONE[0m(60) [34mSTATUS_UNREADY[0m(10)
INFO:__main__:/nfs_scratch/fmeng/tmpoXuQtoLFVHETauAnalyzerMVA-data_SingleElectron_Run2012A_22Jan2013_v1/job.dag: STATUS_SUBMITTED stats: [33mSTATUS_SUBMITTED[0m(36) [32mSTATUS_DONE[0m(60) [34mSTATUS_UNREADY[0m(10)
INFO:__main__:/nfs_scratch/fmeng/tmpoXuQtoLFVHETauAnalyzerMVA-data_SingleElectron_Run2012A_22Jan2013_v1/job.dag: STATUS_SUBMITTED stats: [33mSTATUS_SUBMITTED[0m(35) [32mSTATUS_DONE[0m(61) [34mSTATUS_UNREADY[0m(10)
INFO:__main__:/nfs_scratch/fmeng/tmpoXuQtoLFVHETauAnalyzerMVA-data_SingleElectron_Run2012A_22Jan2013_v1/job.dag: STATUS_SUBMITTED stats: [33mSTATUS_SUBMITTED[0m(35) [32mSTATUS_DONE[0m(61) [34mSTATUS_UNREADY[0m(10)
INFO:__main__:/nfs_scratch/fmeng/tmpoXuQtoLFVHETauAnalyzerMVA-data_SingleElectron_Run2012A_22Jan2013_v1/job.dag: STATUS_SUBMITTED stats: [33mSTATUS_SUBMITTED[0m(35) [32mSTATUS_DONE[0m(61) [34mSTATUS_UNREADY[0m(10)
INFO:__main__:/nfs_scratch/fmeng/tmpoXuQtoLFVHETauAnalyzerMVA-data_SingleElectron_Run2012A_22Jan2013_v1/job.dag: STATUS_SUBMITTED stats: [33mSTATUS_SUBMITTED[0m(35) [32mSTATUS_DONE[0m(61) [34mSTATUS_UNREADY[0m(10)
INFO:__main__:/nfs_scratch/fmeng/tmpoXuQtoLFVHETauAnalyzerMVA-data_SingleElectron_Run2012A_22Jan2013_v1/job.dag: STATUS_SUBMITTED stats: [33mSTATUS_SUBMITTED[0m(35) [32mSTATUS_DONE[0m(61) [34mSTATUS_UNREADY[0m(10)
INFO:__main__:/nfs_scratch/fmeng/tmpoXuQtoLFVHETauAnalyzerMVA-data_SingleElectron_Run2012A_22Jan2013_v1/job.dag: STATUS_SUBMITTED stats: [33mSTATUS_SUBMITTED[0m(35) [32mSTATUS_DONE[0m(61) [34mSTATUS_UNREADY[0m(10)
INFO:__main__:/nfs_scratch/fmeng/tmpoXuQtoLFVHETauAnalyzerMVA-data_SingleElectron_Run2012A_22Jan2013_v1/job.dag: STATUS_SUBMITTED stats: [33mSTATUS_SUBMITTED[0m(31) [32mSTATUS_DONE[0m(65) [34mSTATUS_UNREADY[0m(10)
INFO:__main__:/nfs_scratch/fmeng/tmpoXuQtoLFVHETauAnalyzerMVA-data_SingleElectron_Run2012A_22Jan2013_v1/job.dag: STATUS_SUBMITTED stats: [33mSTATUS_SUBMITTED[0m(31) [32mSTATUS_DONE[0m(65) [34mSTATUS_UNREADY[0m(10)
INFO:__main__:/nfs_scratch/fmeng/tmpoXuQtoLFVHETauAnalyzerMVA-data_SingleElectron_Run2012A_22Jan2013_v1/job.dag: STATUS_SUBMITTED stats: [33mSTATUS_SUBMITTED[0m(31) [32mSTATUS_DONE[0m(65) [34mSTATUS_UNREADY[0m(10)
INFO:__main__:/nfs_scratch/fmeng/tmpoXuQtoLFVHETauAnalyzerMVA-data_SingleElectron_Run2012A_22Jan2013_v1/job.dag: STATUS_SUBMITTED stats: [33mSTATUS_SUBMITTED[0m(31) [32mSTATUS_DONE[0m(65) [34mSTATUS_UNREADY[0m(10)
INFO:__main__:/nfs_scratch/fmeng/tmpoXuQtoLFVHETauAnalyzerMVA-data_SingleElectron_Run2012A_22Jan2013_v1/job.dag: STATUS_SUBMITTED stats: [33mSTATUS_SUBMITTED[0m(31) [32mSTATUS_DONE[0m(65) [34mSTATUS_UNREADY[0m(10)
INFO:__main__:/nfs_scratch/fmeng/tmpoXuQtoLFVHETauAnalyzerMVA-data_SingleElectron_Run2012A_22Jan2013_v1/job.dag: STATUS_SUBMITTED stats: [33mSTATUS_SUBMITTED[0m(31) [32mSTATUS_DONE[0m(65) [34mSTATUS_UNREADY[0m(10)
INFO:__main__:/nfs_scratch/fmeng/tmpoXuQtoLFVHETauAnalyzerMVA-data_SingleElectron_Run2012A_22Jan2013_v1/job.dag: STATUS_SUBMITTED stats: [33mSTATUS_SUBMITTED[0m(27) [32mSTATUS_DONE[0m(69) [34mSTATUS_UNREADY[0m(10)
INFO:__main__:/nfs_scratch/fmeng/tmpoXuQtoLFVHETauAnalyzerMVA-data_SingleElectron_Run2012A_22Jan2013_v1/job.dag: STATUS_SUBMITTED stats: [33mSTATUS_SUBMITTED[0m(27) [32mSTATUS_DONE[0m(69) [34mSTATUS_UNREADY[0m(10)
INFO:__main__:/nfs_scratch/fmeng/tmpoXuQtoLFVHETauAnalyzerMVA-data_SingleElectron_Run2012A_22Jan2013_v1/job.dag: STATUS_SUBMITTED stats: [33mSTATUS_SUBMITTED[0m(27) [32mSTATUS_DONE[0m(69) [34mSTATUS_UNREADY[0m(10)
INFO:__main__:/nfs_scratch/fmeng/tmpoXuQtoLFVHETauAnalyzerMVA-data_SingleElectron_Run2012A_22Jan2013_v1/job.dag: STATUS_SUBMITTED stats: [33mSTATUS_SUBMITTED[0m(27) [32mSTATUS_DONE[0m(69) [34mSTATUS_UNREADY[0m(10)
INFO:__main__:/nfs_scratch/fmeng/tmpoXuQtoLFVHETauAnalyzerMVA-data_SingleElectron_Run2012A_22Jan2013_v1/job.dag: STATUS_SUBMITTED stats: [33mSTATUS_SUBMITTED[0m(27) [32mSTATUS_DONE[0m(69) [34mSTATUS_UNREADY[0m(10)
INFO:__main__:/nfs_scratch/fmeng/tmpoXuQtoLFVHETauAnalyzerMVA-data_SingleElectron_Run2012A_22Jan2013_v1/job.dag: STATUS_SUBMITTED stats: [33mSTATUS_SUBMITTED[0m(27) [32mSTATUS_DONE[0m(69) [34mSTATUS_UNREADY[0m(10)
INFO:__main__:/nfs_scratch/fmeng/tmpoXuQtoLFVHETauAnalyzerMVA-data_SingleElectron_Run2012A_22Jan2013_v1/job.dag: STATUS_SUBMITTED stats: [33mSTATUS_SUBMITTED[0m(24) [32mSTATUS_DONE[0m(72) [34mSTATUS_UNREADY[0m(10)
INFO:__main__:/nfs_scratch/fmeng/tmpoXuQtoLFVHETauAnalyzerMVA-data_SingleElectron_Run2012A_22Jan2013_v1/job.dag: STATUS_SUBMITTED stats: [33mSTATUS_SUBMITTED[0m(24) [32mSTATUS_DONE[0m(72) [34mSTATUS_UNREADY[0m(10)
INFO:__main__:/nfs_scratch/fmeng/tmpoXuQtoLFVHETauAnalyzerMVA-data_SingleElectron_Run2012A_22Jan2013_v1/job.dag: STATUS_SUBMITTED stats: [33mSTATUS_SUBMITTED[0m(24) [32mSTATUS_DONE[0m(72) [34mSTATUS_UNREADY[0m(10)
INFO:__main__:/nfs_scratch/fmeng/tmpoXuQtoLFVHETauAnalyzerMVA-data_SingleElectron_Run2012A_22Jan2013_v1/job.dag: STATUS_SUBMITTED stats: [33mSTATUS_SUBMITTED[0m(24) [32mSTATUS_DONE[0m(72) [34mSTATUS_UNREADY[0m(10)
INFO:__main__:/nfs_scratch/fmeng/tmpoXuQtoLFVHETauAnalyzerMVA-data_SingleElectron_Run2012A_22Jan2013_v1/job.dag: STATUS_SUBMITTED stats: [33mSTATUS_SUBMITTED[0m(24) [32mSTATUS_DONE[0m(72) [34mSTATUS_UNREADY[0m(10)
INFO:__main__:/nfs_scratch/fmeng/tmpoXuQtoLFVHETauAnalyzerMVA-data_SingleElectron_Run2012A_22Jan2013_v1/job.dag: STATUS_SUBMITTED stats: [33mSTATUS_SUBMITTED[0m(24) [32mSTATUS_DONE[0m(72) [34mSTATUS_UNREADY[0m(10)
INFO:__main__:/nfs_scratch/fmeng/tmpoXuQtoLFVHETauAnalyzerMVA-data_SingleElectron_Run2012A_22Jan2013_v1/job.dag: STATUS_SUBMITTED stats: [33mSTATUS_SUBMITTED[0m(22) [32mSTATUS_DONE[0m(75) [34mSTATUS_UNREADY[0m(9)
INFO:__main__:/nfs_scratch/fmeng/tmpoXuQtoLFVHETauAnalyzerMVA-data_SingleElectron_Run2012A_22Jan2013_v1/job.dag: STATUS_SUBMITTED stats: [33mSTATUS_SUBMITTED[0m(22) [32mSTATUS_DONE[0m(75) [34mSTATUS_UNREADY[0m(9)
INFO:__main__:/nfs_scratch/fmeng/tmpoXuQtoLFVHETauAnalyzerMVA-data_SingleElectron_Run2012A_22Jan2013_v1/job.dag: STATUS_SUBMITTED stats: [33mSTATUS_SUBMITTED[0m(22) [32mSTATUS_DONE[0m(75) [34mSTATUS_UNREADY[0m(9)
INFO:__main__:/nfs_scratch/fmeng/tmpoXuQtoLFVHETauAnalyzerMVA-data_SingleElectron_Run2012A_22Jan2013_v1/job.dag: STATUS_SUBMITTED stats: [33mSTATUS_SUBMITTED[0m(22) [32mSTATUS_DONE[0m(75) [34mSTATUS_UNREADY[0m(9)
INFO:__main__:/nfs_scratch/fmeng/tmpoXuQtoLFVHETauAnalyzerMVA-data_SingleElectron_Run2012A_22Jan2013_v1/job.dag: STATUS_SUBMITTED stats: [33mSTATUS_SUBMITTED[0m(22) [32mSTATUS_DONE[0m(75) [34mSTATUS_UNREADY[0m(9)
INFO:__main__:/nfs_scratch/fmeng/tmpoXuQtoLFVHETauAnalyzerMVA-data_SingleElectron_Run2012A_22Jan2013_v1/job.dag: STATUS_SUBMITTED stats: [33mSTATUS_SUBMITTED[0m(22) [32mSTATUS_DONE[0m(75) [34mSTATUS_UNREADY[0m(9)
INFO:__main__:/nfs_scratch/fmeng/tmpoXuQtoLFVHETauAnalyzerMVA-data_SingleElectron_Run2012A_22Jan2013_v1/job.dag: STATUS_SUBMITTED stats: [33mSTATUS_SUBMITTED[0m(20) [32mSTATUS_DONE[0m(77) [34mSTATUS_UNREADY[0m(9)
INFO:__main__:/nfs_scratch/fmeng/tmpoXuQtoLFVHETauAnalyzerMVA-data_SingleElectron_Run2012A_22Jan2013_v1/job.dag: STATUS_SUBMITTED stats: [33mSTATUS_SUBMITTED[0m(20) [32mSTATUS_DONE[0m(77) [34mSTATUS_UNREADY[0m(9)
INFO:__main__:/nfs_scratch/fmeng/tmpoXuQtoLFVHETauAnalyzerMVA-data_SingleElectron_Run2012A_22Jan2013_v1/job.dag: STATUS_SUBMITTED stats: [33mSTATUS_SUBMITTED[0m(20) [32mSTATUS_DONE[0m(77) [34mSTATUS_UNREADY[0m(9)
INFO:__main__:/nfs_scratch/fmeng/tmpoXuQtoLFVHETauAnalyzerMVA-data_SingleElectron_Run2012A_22Jan2013_v1/job.dag: STATUS_SUBMITTED stats: [33mSTATUS_SUBMITTED[0m(20) [32mSTATUS_DONE[0m(77) [34mSTATUS_UNREADY[0m(9)
INFO:__main__:/nfs_scratch/fmeng/tmpoXuQtoLFVHETauAnalyzerMVA-data_SingleElectron_Run2012A_22Jan2013_v1/job.dag: STATUS_SUBMITTED stats: [33mSTATUS_SUBMITTED[0m(20) [32mSTATUS_DONE[0m(77) [34mSTATUS_UNREADY[0m(9)
INFO:__main__:/nfs_scratch/fmeng/tmpoXuQtoLFVHETauAnalyzerMVA-data_SingleElectron_Run2012A_22Jan2013_v1/job.dag: STATUS_SUBMITTED stats: [33mSTATUS_SUBMITTED[0m(20) [32mSTATUS_DONE[0m(77) [34mSTATUS_UNREADY[0m(9)
INFO:__main__:/nfs_scratch/fmeng/tmpoXuQtoLFVHETauAnalyzerMVA-data_SingleElectron_Run2012A_22Jan2013_v1/job.dag: STATUS_SUBMITTED stats: [33mSTATUS_SUBMITTED[0m(16) [32mSTATUS_DONE[0m(81) [34mSTATUS_UNREADY[0m(9)
INFO:__main__:/nfs_scratch/fmeng/tmpoXuQtoLFVHETauAnalyzerMVA-data_SingleElectron_Run2012A_22Jan2013_v1/job.dag: STATUS_SUBMITTED stats: [33mSTATUS_SUBMITTED[0m(16) [32mSTATUS_DONE[0m(81) [34mSTATUS_UNREADY[0m(9)
INFO:__main__:/nfs_scratch/fmeng/tmpoXuQtoLFVHETauAnalyzerMVA-data_SingleElectron_Run2012A_22Jan2013_v1/job.dag: STATUS_SUBMITTED stats: [33mSTATUS_SUBMITTED[0m(16) [32mSTATUS_DONE[0m(81) [34mSTATUS_UNREADY[0m(9)
INFO:__main__:/nfs_scratch/fmeng/tmpoXuQtoLFVHETauAnalyzerMVA-data_SingleElectron_Run2012A_22Jan2013_v1/job.dag: STATUS_SUBMITTED stats: [33mSTATUS_SUBMITTED[0m(16) [32mSTATUS_DONE[0m(81) [34mSTATUS_UNREADY[0m(9)
INFO:__main__:/nfs_scratch/fmeng/tmpoXuQtoLFVHETauAnalyzerMVA-data_SingleElectron_Run2012A_22Jan2013_v1/job.dag: STATUS_SUBMITTED stats: [33mSTATUS_SUBMITTED[0m(16) [32mSTATUS_DONE[0m(81) [34mSTATUS_UNREADY[0m(9)
INFO:__main__:/nfs_scratch/fmeng/tmpoXuQtoLFVHETauAnalyzerMVA-data_SingleElectron_Run2012A_22Jan2013_v1/job.dag: STATUS_SUBMITTED stats: [33mSTATUS_SUBMITTED[0m(16) [32mSTATUS_DONE[0m(81) [34mSTATUS_UNREADY[0m(9)
INFO:__main__:/nfs_scratch/fmeng/tmpoXuQtoLFVHETauAnalyzerMVA-data_SingleElectron_Run2012A_22Jan2013_v1/job.dag: STATUS_SUBMITTED stats: [33mSTATUS_SUBMITTED[0m(13) [32mSTATUS_DONE[0m(85) [34mSTATUS_UNREADY[0m(7) [36mSTATUS_READY[0m(1)
INFO:__main__:/nfs_scratch/fmeng/tmpoXuQtoLFVHETauAnalyzerMVA-data_SingleElectron_Run2012A_22Jan2013_v1/job.dag: STATUS_SUBMITTED stats: [33mSTATUS_SUBMITTED[0m(13) [32mSTATUS_DONE[0m(85) [34mSTATUS_UNREADY[0m(7) [36mSTATUS_READY[0m(1)
INFO:__main__:/nfs_scratch/fmeng/tmpoXuQtoLFVHETauAnalyzerMVA-data_SingleElectron_Run2012A_22Jan2013_v1/job.dag: STATUS_SUBMITTED stats: [33mSTATUS_SUBMITTED[0m(13) [32mSTATUS_DONE[0m(85) [34mSTATUS_UNREADY[0m(7) [36mSTATUS_READY[0m(1)
INFO:__main__:/nfs_scratch/fmeng/tmpoXuQtoLFVHETauAnalyzerMVA-data_SingleElectron_Run2012A_22Jan2013_v1/job.dag: STATUS_SUBMITTED stats: [33mSTATUS_SUBMITTED[0m(13) [32mSTATUS_DONE[0m(85) [34mSTATUS_UNREADY[0m(7) [36mSTATUS_READY[0m(1)
INFO:__main__:/nfs_scratch/fmeng/tmpoXuQtoLFVHETauAnalyzerMVA-data_SingleElectron_Run2012A_22Jan2013_v1/job.dag: STATUS_SUBMITTED stats: [33mSTATUS_SUBMITTED[0m(13) [32mSTATUS_DONE[0m(85) [34mSTATUS_UNREADY[0m(7) [36mSTATUS_READY[0m(1)
INFO:__main__:/nfs_scratch/fmeng/tmpoXuQtoLFVHETauAnalyzerMVA-data_SingleElectron_Run2012A_22Jan2013_v1/job.dag: STATUS_SUBMITTED stats: [33mSTATUS_SUBMITTED[0m(13) [32mSTATUS_DONE[0m(85) [34mSTATUS_UNREADY[0m(7) [36mSTATUS_READY[0m(1)
INFO:__main__:/nfs_scratch/fmeng/tmpoXuQtoLFVHETauAnalyzerMVA-data_SingleElectron_Run2012A_22Jan2013_v1/job.dag: STATUS_SUBMITTED stats: [33mSTATUS_SUBMITTED[0m(12) [32mSTATUS_DONE[0m(88) [34mSTATUS_UNREADY[0m(6)
INFO:__main__:/nfs_scratch/fmeng/tmpoXuQtoLFVHETauAnalyzerMVA-data_SingleElectron_Run2012A_22Jan2013_v1/job.dag: STATUS_SUBMITTED stats: [33mSTATUS_SUBMITTED[0m(12) [32mSTATUS_DONE[0m(88) [34mSTATUS_UNREADY[0m(6)
INFO:__main__:/nfs_scratch/fmeng/tmpoXuQtoLFVHETauAnalyzerMVA-data_SingleElectron_Run2012A_22Jan2013_v1/job.dag: STATUS_SUBMITTED stats: [33mSTATUS_SUBMITTED[0m(12) [32mSTATUS_DONE[0m(88) [34mSTATUS_UNREADY[0m(6)
INFO:__main__:/nfs_scratch/fmeng/tmpoXuQtoLFVHETauAnalyzerMVA-data_SingleElectron_Run2012A_22Jan2013_v1/job.dag: STATUS_SUBMITTED stats: [33mSTATUS_SUBMITTED[0m(12) [32mSTATUS_DONE[0m(88) [34mSTATUS_UNREADY[0m(6)
INFO:__main__:/nfs_scratch/fmeng/tmpoXuQtoLFVHETauAnalyzerMVA-data_SingleElectron_Run2012A_22Jan2013_v1/job.dag: STATUS_SUBMITTED stats: [33mSTATUS_SUBMITTED[0m(12) [32mSTATUS_DONE[0m(88) [34mSTATUS_UNREADY[0m(6)
INFO:__main__:/nfs_scratch/fmeng/tmpoXuQtoLFVHETauAnalyzerMVA-data_SingleElectron_Run2012A_22Jan2013_v1/job.dag: STATUS_SUBMITTED stats: [33mSTATUS_SUBMITTED[0m(12) [32mSTATUS_DONE[0m(88) [34mSTATUS_UNREADY[0m(6)
INFO:__main__:/nfs_scratch/fmeng/tmpoXuQtoLFVHETauAnalyzerMVA-data_SingleElectron_Run2012A_22Jan2013_v1/job.dag: STATUS_SUBMITTED stats: [33mSTATUS_SUBMITTED[0m(10) [32mSTATUS_DONE[0m(93) [34mSTATUS_UNREADY[0m(3)
INFO:__main__:/nfs_scratch/fmeng/tmpoXuQtoLFVHETauAnalyzerMVA-data_SingleElectron_Run2012A_22Jan2013_v1/job.dag: STATUS_SUBMITTED stats: [33mSTATUS_SUBMITTED[0m(10) [32mSTATUS_DONE[0m(93) [34mSTATUS_UNREADY[0m(3)
INFO:__main__:/nfs_scratch/fmeng/tmpoXuQtoLFVHETauAnalyzerMVA-data_SingleElectron_Run2012A_22Jan2013_v1/job.dag: STATUS_SUBMITTED stats: [33mSTATUS_SUBMITTED[0m(10) [32mSTATUS_DONE[0m(93) [34mSTATUS_UNREADY[0m(3)
INFO:__main__:/nfs_scratch/fmeng/tmpoXuQtoLFVHETauAnalyzerMVA-data_SingleElectron_Run2012A_22Jan2013_v1/job.dag: STATUS_SUBMITTED stats: [33mSTATUS_SUBMITTED[0m(10) [32mSTATUS_DONE[0m(93) [34mSTATUS_UNREADY[0m(3)
INFO:__main__:/nfs_scratch/fmeng/tmpoXuQtoLFVHETauAnalyzerMVA-data_SingleElectron_Run2012A_22Jan2013_v1/job.dag: STATUS_SUBMITTED stats: [33mSTATUS_SUBMITTED[0m(10) [32mSTATUS_DONE[0m(93) [34mSTATUS_UNREADY[0m(3)
INFO:__main__:/nfs_scratch/fmeng/tmpoXuQtoLFVHETauAnalyzerMVA-data_SingleElectron_Run2012A_22Jan2013_v1/job.dag: STATUS_SUBMITTED stats: [33mSTATUS_SUBMITTED[0m(10) [32mSTATUS_DONE[0m(93) [34mSTATUS_UNREADY[0m(3)
INFO:__main__:/nfs_scratch/fmeng/tmpoXuQtoLFVHETauAnalyzerMVA-data_SingleElectron_Run2012A_22Jan2013_v1/job.dag: STATUS_SUBMITTED stats: [33mSTATUS_SUBMITTED[0m(10) [32mSTATUS_DONE[0m(93) [34mSTATUS_UNREADY[0m(3)
INFO:__main__:/nfs_scratch/fmeng/tmpoXuQtoLFVHETauAnalyzerMVA-data_SingleElectron_Run2012A_22Jan2013_v1/job.dag: STATUS_SUBMITTED stats: [33mSTATUS_SUBMITTED[0m(10) [32mSTATUS_DONE[0m(93) [34mSTATUS_UNREADY[0m(3)
INFO:__main__:/nfs_scratch/fmeng/tmpoXuQtoLFVHETauAnalyzerMVA-data_SingleElectron_Run2012A_22Jan2013_v1/job.dag: STATUS_SUBMITTED stats: [33mSTATUS_SUBMITTED[0m(10) [32mSTATUS_DONE[0m(93) [34mSTATUS_UNREADY[0m(3)
INFO:__main__:/nfs_scratch/fmeng/tmpoXuQtoLFVHETauAnalyzerMVA-data_SingleElectron_Run2012A_22Jan2013_v1/job.dag: STATUS_SUBMITTED stats: [33mSTATUS_SUBMITTED[0m(10) [32mSTATUS_DONE[0m(93) [34mSTATUS_UNREADY[0m(3)
INFO:__main__:/nfs_scratch/fmeng/tmpoXuQtoLFVHETauAnalyzerMVA-data_SingleElectron_Run2012A_22Jan2013_v1/job.dag: STATUS_SUBMITTED stats: [33mSTATUS_SUBMITTED[0m(10) [32mSTATUS_DONE[0m(93) [34mSTATUS_UNREADY[0m(3)
INFO:__main__:/nfs_scratch/fmeng/tmpoXuQtoLFVHETauAnalyzerMVA-data_SingleElectron_Run2012A_22Jan2013_v1/job.dag: STATUS_SUBMITTED stats: [33mSTATUS_SUBMITTED[0m(10) [32mSTATUS_DONE[0m(93) [34mSTATUS_UNREADY[0m(3)
INFO:__main__:/nfs_scratch/fmeng/tmpoXuQtoLFVHETauAnalyzerMVA-data_SingleElectron_Run2012A_22Jan2013_v1/job.dag: STATUS_SUBMITTED stats: [33mSTATUS_SUBMITTED[0m(10) [32mSTATUS_DONE[0m(94) [34mSTATUS_UNREADY[0m(2)
INFO:__main__:/nfs_scratch/fmeng/tmpoXuQtoLFVHETauAnalyzerMVA-data_SingleElectron_Run2012A_22Jan2013_v1/job.dag: STATUS_SUBMITTED stats: [33mSTATUS_SUBMITTED[0m(10) [32mSTATUS_DONE[0m(94) [34mSTATUS_UNREADY[0m(2)
INFO:__main__:/nfs_scratch/fmeng/tmpoXuQtoLFVHETauAnalyzerMVA-data_SingleElectron_Run2012A_22Jan2013_v1/job.dag: STATUS_SUBMITTED stats: [33mSTATUS_SUBMITTED[0m(10) [32mSTATUS_DONE[0m(94) [34mSTATUS_UNREADY[0m(2)
INFO:__main__:/nfs_scratch/fmeng/tmpoXuQtoLFVHETauAnalyzerMVA-data_SingleElectron_Run2012A_22Jan2013_v1/job.dag: STATUS_SUBMITTED stats: [33mSTATUS_SUBMITTED[0m(10) [32mSTATUS_DONE[0m(94) [34mSTATUS_UNREADY[0m(2)
INFO:__main__:/nfs_scratch/fmeng/tmpoXuQtoLFVHETauAnalyzerMVA-data_SingleElectron_Run2012A_22Jan2013_v1/job.dag: STATUS_SUBMITTED stats: [33mSTATUS_SUBMITTED[0m(10) [32mSTATUS_DONE[0m(94) [34mSTATUS_UNREADY[0m(2)
INFO:__main__:/nfs_scratch/fmeng/tmpoXuQtoLFVHETauAnalyzerMVA-data_SingleElectron_Run2012A_22Jan2013_v1/job.dag: STATUS_SUBMITTED stats: [33mSTATUS_SUBMITTED[0m(10) [32mSTATUS_DONE[0m(94) [34mSTATUS_UNREADY[0m(2)
INFO:__main__:/nfs_scratch/fmeng/tmpoXuQtoLFVHETauAnalyzerMVA-data_SingleElectron_Run2012A_22Jan2013_v1/job.dag: STATUS_SUBMITTED stats: [33mSTATUS_SUBMITTED[0m(10) [32mSTATUS_DONE[0m(95) [34mSTATUS_UNREADY[0m(1)
INFO:__main__:/nfs_scratch/fmeng/tmpoXuQtoLFVHETauAnalyzerMVA-data_SingleElectron_Run2012A_22Jan2013_v1/job.dag: STATUS_SUBMITTED stats: [33mSTATUS_SUBMITTED[0m(10) [32mSTATUS_DONE[0m(95) [34mSTATUS_UNREADY[0m(1)
INFO:__main__:/nfs_scratch/fmeng/tmpoXuQtoLFVHETauAnalyzerMVA-data_SingleElectron_Run2012A_22Jan2013_v1/job.dag: STATUS_SUBMITTED stats: [33mSTATUS_SUBMITTED[0m(10) [32mSTATUS_DONE[0m(95) [34mSTATUS_UNREADY[0m(1)
INFO:__main__:/nfs_scratch/fmeng/tmpoXuQtoLFVHETauAnalyzerMVA-data_SingleElectron_Run2012A_22Jan2013_v1/job.dag: STATUS_SUBMITTED stats: [33mSTATUS_SUBMITTED[0m(10) [32mSTATUS_DONE[0m(95) [34mSTATUS_UNREADY[0m(1)
INFO:__main__:/nfs_scratch/fmeng/tmpoXuQtoLFVHETauAnalyzerMVA-data_SingleElectron_Run2012A_22Jan2013_v1/job.dag: STATUS_SUBMITTED stats: [33mSTATUS_SUBMITTED[0m(10) [32mSTATUS_DONE[0m(95) [34mSTATUS_UNREADY[0m(1)
INFO:__main__:/nfs_scratch/fmeng/tmpoXuQtoLFVHETauAnalyzerMVA-data_SingleElectron_Run2012A_22Jan2013_v1/job.dag: STATUS_SUBMITTED stats: [33mSTATUS_SUBMITTED[0m(10) [32mSTATUS_DONE[0m(95) [34mSTATUS_UNREADY[0m(1)
INFO:__main__:/nfs_scratch/fmeng/tmpoXuQtoLFVHETauAnalyzerMVA-data_SingleElectron_Run2012A_22Jan2013_v1/job.dag: STATUS_SUBMITTED stats: [33mSTATUS_SUBMITTED[0m(10) [32mSTATUS_DONE[0m(95) [34mSTATUS_UNREADY[0m(1)
INFO:__main__:/nfs_scratch/fmeng/tmpoXuQtoLFVHETauAnalyzerMVA-data_SingleElectron_Run2012A_22Jan2013_v1/job.dag: STATUS_SUBMITTED stats: [33mSTATUS_SUBMITTED[0m(10) [32mSTATUS_DONE[0m(95) [34mSTATUS_UNREADY[0m(1)
INFO:__main__:/nfs_scratch/fmeng/tmpoXuQtoLFVHETauAnalyzerMVA-data_SingleElectron_Run2012A_22Jan2013_v1/job.dag: STATUS_SUBMITTED stats: [33mSTATUS_SUBMITTED[0m(10) [32mSTATUS_DONE[0m(95) [34mSTATUS_UNREADY[0m(1)
INFO:__main__:/nfs_scratch/fmeng/tmpoXuQtoLFVHETauAnalyzerMVA-data_SingleElectron_Run2012A_22Jan2013_v1/job.dag: STATUS_SUBMITTED stats: [33mSTATUS_SUBMITTED[0m(10) [32mSTATUS_DONE[0m(95) [34mSTATUS_UNREADY[0m(1)
INFO:__main__:/nfs_scratch/fmeng/tmpoXuQtoLFVHETauAnalyzerMVA-data_SingleElectron_Run2012A_22Jan2013_v1/job.dag: STATUS_SUBMITTED stats: [33mSTATUS_SUBMITTED[0m(10) [32mSTATUS_DONE[0m(95) [34mSTATUS_UNREADY[0m(1)
INFO:__main__:/nfs_scratch/fmeng/tmpoXuQtoLFVHETauAnalyzerMVA-data_SingleElectron_Run2012A_22Jan2013_v1/job.dag: STATUS_SUBMITTED stats: [33mSTATUS_SUBMITTED[0m(10) [32mSTATUS_DONE[0m(95) [34mSTATUS_UNREADY[0m(1)
INFO:__main__:/nfs_scratch/fmeng/tmpoXuQtoLFVHETauAnalyzerMVA-data_SingleElectron_Run2012A_22Jan2013_v1/job.dag: STATUS_SUBMITTED stats: [33mSTATUS_SUBMITTED[0m(10) [32mSTATUS_DONE[0m(95) [34mSTATUS_UNREADY[0m(1)
INFO:__main__:/nfs_scratch/fmeng/tmpoXuQtoLFVHETauAnalyzerMVA-data_SingleElectron_Run2012A_22Jan2013_v1/job.dag: STATUS_SUBMITTED stats: [33mSTATUS_SUBMITTED[0m(10) [32mSTATUS_DONE[0m(95) [34mSTATUS_UNREADY[0m(1)
INFO:__main__:/nfs_scratch/fmeng/tmpoXuQtoLFVHETauAnalyzerMVA-data_SingleElectron_Run2012A_22Jan2013_v1/job.dag: STATUS_SUBMITTED stats: [33mSTATUS_SUBMITTED[0m(10) [32mSTATUS_DONE[0m(95) [34mSTATUS_UNREADY[0m(1)
INFO:__main__:/nfs_scratch/fmeng/tmpoXuQtoLFVHETauAnalyzerMVA-data_SingleElectron_Run2012A_22Jan2013_v1/job.dag: STATUS_SUBMITTED stats: [33mSTATUS_SUBMITTED[0m(10) [32mSTATUS_DONE[0m(95) [34mSTATUS_UNREADY[0m(1)
INFO:__main__:/nfs_scratch/fmeng/tmpoXuQtoLFVHETauAnalyzerMVA-data_SingleElectron_Run2012A_22Jan2013_v1/job.dag: STATUS_SUBMITTED stats: [33mSTATUS_SUBMITTED[0m(10) [32mSTATUS_DONE[0m(95) [34mSTATUS_UNREADY[0m(1)
INFO:__main__:/nfs_scratch/fmeng/tmpoXuQtoLFVHETauAnalyzerMVA-data_SingleElectron_Run2012A_22Jan2013_v1/job.dag: STATUS_SUBMITTED stats: [33mSTATUS_SUBMITTED[0m(10) [32mSTATUS_DONE[0m(95) [34mSTATUS_UNREADY[0m(1)
INFO:__main__:/nfs_scratch/fmeng/tmpoXuQtoLFVHETauAnalyzerMVA-data_SingleElectron_Run2012A_22Jan2013_v1/job.dag: STATUS_SUBMITTED stats: [33mSTATUS_SUBMITTED[0m(10) [32mSTATUS_DONE[0m(95) [34mSTATUS_UNREADY[0m(1)
INFO:__main__:/nfs_scratch/fmeng/tmpoXuQtoLFVHETauAnalyzerMVA-data_SingleElectron_Run2012A_22Jan2013_v1/job.dag: STATUS_SUBMITTED stats: [33mSTATUS_SUBMITTED[0m(10) [32mSTATUS_DONE[0m(95) [34mSTATUS_UNREADY[0m(1)
INFO:__main__:/nfs_scratch/fmeng/tmpoXuQtoLFVHETauAnalyzerMVA-data_SingleElectron_Run2012A_22Jan2013_v1/job.dag: STATUS_SUBMITTED stats: [33mSTATUS_SUBMITTED[0m(10) [32mSTATUS_DONE[0m(95) [34mSTATUS_UNREADY[0m(1)
INFO:__main__:/nfs_scratch/fmeng/tmpoXuQtoLFVHETauAnalyzerMVA-data_SingleElectron_Run2012A_22Jan2013_v1/job.dag: STATUS_SUBMITTED stats: [33mSTATUS_SUBMITTED[0m(10) [32mSTATUS_DONE[0m(95) [34mSTATUS_UNREADY[0m(1)
INFO:__main__:/nfs_scratch/fmeng/tmpoXuQtoLFVHETauAnalyzerMVA-data_SingleElectron_Run2012A_22Jan2013_v1/job.dag: STATUS_SUBMITTED stats: [33mSTATUS_SUBMITTED[0m(10) [32mSTATUS_DONE[0m(95) [34mSTATUS_UNREADY[0m(1)
INFO:__main__:/nfs_scratch/fmeng/tmpoXuQtoLFVHETauAnalyzerMVA-data_SingleElectron_Run2012A_22Jan2013_v1/job.dag: STATUS_SUBMITTED stats: [33mSTATUS_SUBMITTED[0m(10) [32mSTATUS_DONE[0m(95) [34mSTATUS_UNREADY[0m(1)
INFO:__main__:/nfs_scratch/fmeng/tmpoXuQtoLFVHETauAnalyzerMVA-data_SingleElectron_Run2012A_22Jan2013_v1/job.dag: STATUS_SUBMITTED stats: [33mSTATUS_SUBMITTED[0m(10) [32mSTATUS_DONE[0m(95) [34mSTATUS_UNREADY[0m(1)
INFO:__main__:/nfs_scratch/fmeng/tmpoXuQtoLFVHETauAnalyzerMVA-data_SingleElectron_Run2012A_22Jan2013_v1/job.dag: STATUS_SUBMITTED stats: [33mSTATUS_SUBMITTED[0m(10) [32mSTATUS_DONE[0m(95) [34mSTATUS_UNREADY[0m(1)
INFO:__main__:/nfs_scratch/fmeng/tmpoXuQtoLFVHETauAnalyzerMVA-data_SingleElectron_Run2012A_22Jan2013_v1/job.dag: STATUS_SUBMITTED stats: [33mSTATUS_SUBMITTED[0m(10) [32mSTATUS_DONE[0m(95) [34mSTATUS_UNREADY[0m(1)
INFO:__main__:/nfs_scratch/fmeng/tmpoXuQtoLFVHETauAnalyzerMVA-data_SingleElectron_Run2012A_22Jan2013_v1/job.dag: STATUS_SUBMITTED stats: [33mSTATUS_SUBMITTED[0m(10) [32mSTATUS_DONE[0m(95) [34mSTATUS_UNREADY[0m(1)
INFO:__main__:/nfs_scratch/fmeng/tmpoXuQtoLFVHETauAnalyzerMVA-data_SingleElectron_Run2012A_22Jan2013_v1/job.dag: STATUS_SUBMITTED stats: [33mSTATUS_SUBMITTED[0m(10) [32mSTATUS_DONE[0m(95) [34mSTATUS_UNREADY[0m(1)
INFO:__main__:/nfs_scratch/fmeng/tmpoXuQtoLFVHETauAnalyzerMVA-data_SingleElectron_Run2012A_22Jan2013_v1/job.dag: STATUS_SUBMITTED stats: [33mSTATUS_SUBMITTED[0m(10) [32mSTATUS_DONE[0m(95) [34mSTATUS_UNREADY[0m(1)
INFO:__main__:/nfs_scratch/fmeng/tmpoXuQtoLFVHETauAnalyzerMVA-data_SingleElectron_Run2012A_22Jan2013_v1/job.dag: STATUS_SUBMITTED stats: [33mSTATUS_SUBMITTED[0m(10) [32mSTATUS_DONE[0m(95) [34mSTATUS_UNREADY[0m(1)
INFO:__main__:/nfs_scratch/fmeng/tmpoXuQtoLFVHETauAnalyzerMVA-data_SingleElectron_Run2012A_22Jan2013_v1/job.dag: STATUS_SUBMITTED stats: [33mSTATUS_SUBMITTED[0m(10) [32mSTATUS_DONE[0m(95) [34mSTATUS_UNREADY[0m(1)
INFO:__main__:/nfs_scratch/fmeng/tmpoXuQtoLFVHETauAnalyzerMVA-data_SingleElectron_Run2012A_22Jan2013_v1/job.dag: STATUS_SUBMITTED stats: [33mSTATUS_SUBMITTED[0m(10) [32mSTATUS_DONE[0m(95) [34mSTATUS_UNREADY[0m(1)
INFO:__main__:/nfs_scratch/fmeng/tmpoXuQtoLFVHETauAnalyzerMVA-data_SingleElectron_Run2012A_22Jan2013_v1/job.dag: STATUS_SUBMITTED stats: [33mSTATUS_SUBMITTED[0m(10) [32mSTATUS_DONE[0m(95) [34mSTATUS_UNREADY[0m(1)
INFO:__main__:/nfs_scratch/fmeng/tmpoXuQtoLFVHETauAnalyzerMVA-data_SingleElectron_Run2012A_22Jan2013_v1/job.dag: STATUS_SUBMITTED stats: [33mSTATUS_SUBMITTED[0m(10) [32mSTATUS_DONE[0m(95) [34mSTATUS_UNREADY[0m(1)
INFO:__main__:/nfs_scratch/fmeng/tmpoXuQtoLFVHETauAnalyzerMVA-data_SingleElectron_Run2012A_22Jan2013_v1/job.dag: STATUS_SUBMITTED stats: [33mSTATUS_SUBMITTED[0m(10) [32mSTATUS_DONE[0m(95) [34mSTATUS_UNREADY[0m(1)
INFO:__main__:/nfs_scratch/fmeng/tmpoXuQtoLFVHETauAnalyzerMVA-data_SingleElectron_Run2012A_22Jan2013_v1/job.dag: STATUS_SUBMITTED stats: [33mSTATUS_SUBMITTED[0m(10) [32mSTATUS_DONE[0m(95) [34mSTATUS_UNREADY[0m(1)
INFO:__main__:/nfs_scratch/fmeng/tmpoXuQtoLFVHETauAnalyzerMVA-data_SingleElectron_Run2012A_22Jan2013_v1/job.dag: STATUS_SUBMITTED stats: [33mSTATUS_SUBMITTED[0m(10) [32mSTATUS_DONE[0m(95) [34mSTATUS_UNREADY[0m(1)
INFO:__main__:/nfs_scratch/fmeng/tmpoXuQtoLFVHETauAnalyzerMVA-data_SingleElectron_Run2012A_22Jan2013_v1/job.dag: STATUS_SUBMITTED stats: [33mSTATUS_SUBMITTED[0m(10) [32mSTATUS_DONE[0m(95) [34mSTATUS_UNREADY[0m(1)
INFO:__main__:/nfs_scratch/fmeng/tmpoXuQtoLFVHETauAnalyzerMVA-data_SingleElectron_Run2012A_22Jan2013_v1/job.dag: STATUS_SUBMITTED stats: [33mSTATUS_SUBMITTED[0m(10) [32mSTATUS_DONE[0m(95) [34mSTATUS_UNREADY[0m(1)
INFO:__main__:/nfs_scratch/fmeng/tmpoXuQtoLFVHETauAnalyzerMVA-data_SingleElectron_Run2012A_22Jan2013_v1/job.dag: STATUS_SUBMITTED stats: [33mSTATUS_SUBMITTED[0m(10) [32mSTATUS_DONE[0m(95) [34mSTATUS_UNREADY[0m(1)
INFO:__main__:/nfs_scratch/fmeng/tmpoXuQtoLFVHETauAnalyzerMVA-data_SingleElectron_Run2012A_22Jan2013_v1/job.dag: STATUS_SUBMITTED stats: [33mSTATUS_SUBMITTED[0m(10) [32mSTATUS_DONE[0m(95) [34mSTATUS_UNREADY[0m(1)
INFO:__main__:/nfs_scratch/fmeng/tmpoXuQtoLFVHETauAnalyzerMVA-data_SingleElectron_Run2012A_22Jan2013_v1/job.dag: STATUS_SUBMITTED stats: [33mSTATUS_SUBMITTED[0m(10) [32mSTATUS_DONE[0m(95) [34mSTATUS_UNREADY[0m(1)
INFO:__main__:/nfs_scratch/fmeng/tmpoXuQtoLFVHETauAnalyzerMVA-data_SingleElectron_Run2012A_22Jan2013_v1/job.dag: STATUS_SUBMITTED stats: [33mSTATUS_SUBMITTED[0m(10) [32mSTATUS_DONE[0m(95) [34mSTATUS_UNREADY[0m(1)
INFO:__main__:/nfs_scratch/fmeng/tmpoXuQtoLFVHETauAnalyzerMVA-data_SingleElectron_Run2012A_22Jan2013_v1/job.dag: STATUS_SUBMITTED stats: [33mSTATUS_SUBMITTED[0m(10) [32mSTATUS_DONE[0m(95) [34mSTATUS_UNREADY[0m(1)
INFO:__main__:/nfs_scratch/fmeng/tmpoXuQtoLFVHETauAnalyzerMVA-data_SingleElectron_Run2012A_22Jan2013_v1/job.dag: STATUS_SUBMITTED stats: [33mSTATUS_SUBMITTED[0m(10) [32mSTATUS_DONE[0m(95) [34mSTATUS_UNREADY[0m(1)
INFO:__main__:/nfs_scratch/fmeng/tmpoXuQtoLFVHETauAnalyzerMVA-data_SingleElectron_Run2012A_22Jan2013_v1/job.dag: STATUS_SUBMITTED stats: [33mSTATUS_SUBMITTED[0m(10) [32mSTATUS_DONE[0m(95) [34mSTATUS_UNREADY[0m(1)
INFO:__main__:/nfs_scratch/fmeng/tmpoXuQtoLFVHETauAnalyzerMVA-data_SingleElectron_Run2012A_22Jan2013_v1/job.dag: STATUS_SUBMITTED stats: [33mSTATUS_SUBMITTED[0m(10) [32mSTATUS_DONE[0m(95) [34mSTATUS_UNREADY[0m(1)
INFO:__main__:/nfs_scratch/fmeng/tmpoXuQtoLFVHETauAnalyzerMVA-data_SingleElectron_Run2012A_22Jan2013_v1/job.dag: STATUS_SUBMITTED stats: [33mSTATUS_SUBMITTED[0m(10) [32mSTATUS_DONE[0m(95) [34mSTATUS_UNREADY[0m(1)
INFO:__main__:/nfs_scratch/fmeng/tmpoXuQtoLFVHETauAnalyzerMVA-data_SingleElectron_Run2012A_22Jan2013_v1/job.dag: STATUS_SUBMITTED stats: [33mSTATUS_SUBMITTED[0m(10) [32mSTATUS_DONE[0m(95) [34mSTATUS_UNREADY[0m(1)
INFO:__main__:/nfs_scratch/fmeng/tmpoXuQtoLFVHETauAnalyzerMVA-data_SingleElectron_Run2012A_22Jan2013_v1/job.dag: STATUS_SUBMITTED stats: [33mSTATUS_SUBMITTED[0m(10) [32mSTATUS_DONE[0m(95) [34mSTATUS_UNREADY[0m(1)
INFO:__main__:/nfs_scratch/fmeng/tmpoXuQtoLFVHETauAnalyzerMVA-data_SingleElectron_Run2012A_22Jan2013_v1/job.dag: STATUS_SUBMITTED stats: [33mSTATUS_SUBMITTED[0m(10) [32mSTATUS_DONE[0m(95) [34mSTATUS_UNREADY[0m(1)
INFO:__main__:/nfs_scratch/fmeng/tmpoXuQtoLFVHETauAnalyzerMVA-data_SingleElectron_Run2012A_22Jan2013_v1/job.dag: STATUS_SUBMITTED stats: [33mSTATUS_SUBMITTED[0m(10) [32mSTATUS_DONE[0m(95) [34mSTATUS_UNREADY[0m(1)
INFO:__main__:/nfs_scratch/fmeng/tmpoXuQtoLFVHETauAnalyzerMVA-data_SingleElectron_Run2012A_22Jan2013_v1/job.dag: STATUS_SUBMITTED stats: [33mSTATUS_SUBMITTED[0m(10) [32mSTATUS_DONE[0m(95) [34mSTATUS_UNREADY[0m(1)
INFO:__main__:/nfs_scratch/fmeng/tmpoXuQtoLFVHETauAnalyzerMVA-data_SingleElectron_Run2012A_22Jan2013_v1/job.dag: STATUS_SUBMITTED stats: [33mSTATUS_SUBMITTED[0m(10) [32mSTATUS_DONE[0m(95) [34mSTATUS_UNREADY[0m(1)
INFO:__main__:/nfs_scratch/fmeng/tmpoXuQtoLFVHETauAnalyzerMVA-data_SingleElectron_Run2012A_22Jan2013_v1/job.dag: STATUS_SUBMITTED stats: [33mSTATUS_SUBMITTED[0m(10) [32mSTATUS_DONE[0m(95) [34mSTATUS_UNREADY[0m(1)
INFO:__main__:/nfs_scratch/fmeng/tmpoXuQtoLFVHETauAnalyzerMVA-data_SingleElectron_Run2012A_22Jan2013_v1/job.dag: STATUS_SUBMITTED stats: [33mSTATUS_SUBMITTED[0m(10) [32mSTATUS_DONE[0m(95) [34mSTATUS_UNREADY[0m(1)
INFO:__main__:/nfs_scratch/fmeng/tmpoXuQtoLFVHETauAnalyzerMVA-data_SingleElectron_Run2012A_22Jan2013_v1/job.dag: STATUS_SUBMITTED stats: [33mSTATUS_SUBMITTED[0m(10) [32mSTATUS_DONE[0m(95) [34mSTATUS_UNREADY[0m(1)
INFO:__main__:/nfs_scratch/fmeng/tmpoXuQtoLFVHETauAnalyzerMVA-data_SingleElectron_Run2012A_22Jan2013_v1/job.dag: STATUS_SUBMITTED stats: [33mSTATUS_SUBMITTED[0m(9) [32mSTATUS_DONE[0m(96) [34mSTATUS_UNREADY[0m(1)
INFO:__main__:/nfs_scratch/fmeng/tmpoXuQtoLFVHETauAnalyzerMVA-data_SingleElectron_Run2012A_22Jan2013_v1/job.dag: STATUS_SUBMITTED stats: [33mSTATUS_SUBMITTED[0m(9) [32mSTATUS_DONE[0m(96) [34mSTATUS_UNREADY[0m(1)
INFO:__main__:/nfs_scratch/fmeng/tmpoXuQtoLFVHETauAnalyzerMVA-data_SingleElectron_Run2012A_22Jan2013_v1/job.dag: STATUS_SUBMITTED stats: [33mSTATUS_SUBMITTED[0m(9) [32mSTATUS_DONE[0m(96) [34mSTATUS_UNREADY[0m(1)
INFO:__main__:/nfs_scratch/fmeng/tmpoXuQtoLFVHETauAnalyzerMVA-data_SingleElectron_Run2012A_22Jan2013_v1/job.dag: STATUS_SUBMITTED stats: [33mSTATUS_SUBMITTED[0m(9) [32mSTATUS_DONE[0m(96) [34mSTATUS_UNREADY[0m(1)
INFO:__main__:/nfs_scratch/fmeng/tmpoXuQtoLFVHETauAnalyzerMVA-data_SingleElectron_Run2012A_22Jan2013_v1/job.dag: STATUS_SUBMITTED stats: [33mSTATUS_SUBMITTED[0m(9) [32mSTATUS_DONE[0m(96) [34mSTATUS_UNREADY[0m(1)
INFO:__main__:/nfs_scratch/fmeng/tmpoXuQtoLFVHETauAnalyzerMVA-data_SingleElectron_Run2012A_22Jan2013_v1/job.dag: STATUS_SUBMITTED stats: [33mSTATUS_SUBMITTED[0m(9) [32mSTATUS_DONE[0m(96) [34mSTATUS_UNREADY[0m(1)
INFO:__main__:/nfs_scratch/fmeng/tmpoXuQtoLFVHETauAnalyzerMVA-data_SingleElectron_Run2012A_22Jan2013_v1/job.dag: STATUS_SUBMITTED stats: [33mSTATUS_SUBMITTED[0m(9) [32mSTATUS_DONE[0m(96) [34mSTATUS_UNREADY[0m(1)
INFO:__main__:/nfs_scratch/fmeng/tmpoXuQtoLFVHETauAnalyzerMVA-data_SingleElectron_Run2012A_22Jan2013_v1/job.dag: STATUS_SUBMITTED stats: [33mSTATUS_SUBMITTED[0m(9) [32mSTATUS_DONE[0m(96) [34mSTATUS_UNREADY[0m(1)
INFO:__main__:/nfs_scratch/fmeng/tmpoXuQtoLFVHETauAnalyzerMVA-data_SingleElectron_Run2012A_22Jan2013_v1/job.dag: STATUS_SUBMITTED stats: [33mSTATUS_SUBMITTED[0m(9) [32mSTATUS_DONE[0m(96) [34mSTATUS_UNREADY[0m(1)
INFO:__main__:/nfs_scratch/fmeng/tmpoXuQtoLFVHETauAnalyzerMVA-data_SingleElectron_Run2012A_22Jan2013_v1/job.dag: STATUS_SUBMITTED stats: [33mSTATUS_SUBMITTED[0m(9) [32mSTATUS_DONE[0m(96) [34mSTATUS_UNREADY[0m(1)
INFO:__main__:/nfs_scratch/fmeng/tmpoXuQtoLFVHETauAnalyzerMVA-data_SingleElectron_Run2012A_22Jan2013_v1/job.dag: STATUS_SUBMITTED stats: [33mSTATUS_SUBMITTED[0m(9) [32mSTATUS_DONE[0m(96) [34mSTATUS_UNREADY[0m(1)
INFO:__main__:/nfs_scratch/fmeng/tmpoXuQtoLFVHETauAnalyzerMVA-data_SingleElectron_Run2012A_22Jan2013_v1/job.dag: STATUS_SUBMITTED stats: [33mSTATUS_SUBMITTED[0m(9) [32mSTATUS_DONE[0m(96) [34mSTATUS_UNREADY[0m(1)
INFO:__main__:/nfs_scratch/fmeng/tmpoXuQtoLFVHETauAnalyzerMVA-data_SingleElectron_Run2012A_22Jan2013_v1/job.dag: STATUS_SUBMITTED stats: [33mSTATUS_SUBMITTED[0m(9) [32mSTATUS_DONE[0m(96) [34mSTATUS_UNREADY[0m(1)
INFO:__main__:/nfs_scratch/fmeng/tmpoXuQtoLFVHETauAnalyzerMVA-data_SingleElectron_Run2012A_22Jan2013_v1/job.dag: STATUS_SUBMITTED stats: [33mSTATUS_SUBMITTED[0m(9) [32mSTATUS_DONE[0m(96) [34mSTATUS_UNREADY[0m(1)
INFO:__main__:/nfs_scratch/fmeng/tmpoXuQtoLFVHETauAnalyzerMVA-data_SingleElectron_Run2012A_22Jan2013_v1/job.dag: STATUS_SUBMITTED stats: [33mSTATUS_SUBMITTED[0m(9) [32mSTATUS_DONE[0m(96) [34mSTATUS_UNREADY[0m(1)
INFO:__main__:/nfs_scratch/fmeng/tmpoXuQtoLFVHETauAnalyzerMVA-data_SingleElectron_Run2012A_22Jan2013_v1/job.dag: STATUS_SUBMITTED stats: [33mSTATUS_SUBMITTED[0m(9) [32mSTATUS_DONE[0m(96) [34mSTATUS_UNREADY[0m(1)
INFO:__main__:/nfs_scratch/fmeng/tmpoXuQtoLFVHETauAnalyzerMVA-data_SingleElectron_Run2012A_22Jan2013_v1/job.dag: STATUS_SUBMITTED stats: [33mSTATUS_SUBMITTED[0m(9) [32mSTATUS_DONE[0m(96) [34mSTATUS_UNREADY[0m(1)
INFO:__main__:/nfs_scratch/fmeng/tmpoXuQtoLFVHETauAnalyzerMVA-data_SingleElectron_Run2012A_22Jan2013_v1/job.dag: STATUS_SUBMITTED stats: [33mSTATUS_SUBMITTED[0m(9) [32mSTATUS_DONE[0m(96) [34mSTATUS_UNREADY[0m(1)
INFO:__main__:/nfs_scratch/fmeng/tmpoXuQtoLFVHETauAnalyzerMVA-data_SingleElectron_Run2012A_22Jan2013_v1/job.dag: STATUS_SUBMITTED stats: [33mSTATUS_SUBMITTED[0m(9) [32mSTATUS_DONE[0m(96) [34mSTATUS_UNREADY[0m(1)
INFO:__main__:/nfs_scratch/fmeng/tmpoXuQtoLFVHETauAnalyzerMVA-data_SingleElectron_Run2012A_22Jan2013_v1/job.dag: STATUS_SUBMITTED stats: [33mSTATUS_SUBMITTED[0m(9) [32mSTATUS_DONE[0m(96) [34mSTATUS_UNREADY[0m(1)
INFO:__main__:/nfs_scratch/fmeng/tmpoXuQtoLFVHETauAnalyzerMVA-data_SingleElectron_Run2012A_22Jan2013_v1/job.dag: STATUS_SUBMITTED stats: [33mSTATUS_SUBMITTED[0m(9) [32mSTATUS_DONE[0m(96) [34mSTATUS_UNREADY[0m(1)
INFO:__main__:/nfs_scratch/fmeng/tmpoXuQtoLFVHETauAnalyzerMVA-data_SingleElectron_Run2012A_22Jan2013_v1/job.dag: STATUS_SUBMITTED stats: [33mSTATUS_SUBMITTED[0m(9) [32mSTATUS_DONE[0m(96) [34mSTATUS_UNREADY[0m(1)
INFO:__main__:/nfs_scratch/fmeng/tmpoXuQtoLFVHETauAnalyzerMVA-data_SingleElectron_Run2012A_22Jan2013_v1/job.dag: STATUS_SUBMITTED stats: [33mSTATUS_SUBMITTED[0m(9) [32mSTATUS_DONE[0m(96) [34mSTATUS_UNREADY[0m(1)
INFO:__main__:/nfs_scratch/fmeng/tmpoXuQtoLFVHETauAnalyzerMVA-data_SingleElectron_Run2012A_22Jan2013_v1/job.dag: STATUS_SUBMITTED stats: [33mSTATUS_SUBMITTED[0m(9) [32mSTATUS_DONE[0m(96) [34mSTATUS_UNREADY[0m(1)
INFO:__main__:/nfs_scratch/fmeng/tmpoXuQtoLFVHETauAnalyzerMVA-data_SingleElectron_Run2012A_22Jan2013_v1/job.dag: STATUS_SUBMITTED stats: [33mSTATUS_SUBMITTED[0m(9) [32mSTATUS_DONE[0m(96) [34mSTATUS_UNREADY[0m(1)
INFO:__main__:/nfs_scratch/fmeng/tmpoXuQtoLFVHETauAnalyzerMVA-data_SingleElectron_Run2012A_22Jan2013_v1/job.dag: STATUS_SUBMITTED stats: [33mSTATUS_SUBMITTED[0m(9) [32mSTATUS_DONE[0m(96) [34mSTATUS_UNREADY[0m(1)
INFO:__main__:/nfs_scratch/fmeng/tmpoXuQtoLFVHETauAnalyzerMVA-data_SingleElectron_Run2012A_22Jan2013_v1/job.dag: STATUS_SUBMITTED stats: [33mSTATUS_SUBMITTED[0m(9) [32mSTATUS_DONE[0m(96) [34mSTATUS_UNREADY[0m(1)
INFO:__main__:/nfs_scratch/fmeng/tmpoXuQtoLFVHETauAnalyzerMVA-data_SingleElectron_Run2012A_22Jan2013_v1/job.dag: STATUS_SUBMITTED stats: [33mSTATUS_SUBMITTED[0m(9) [32mSTATUS_DONE[0m(96) [34mSTATUS_UNREADY[0m(1)
INFO:__main__:/nfs_scratch/fmeng/tmpoXuQtoLFVHETauAnalyzerMVA-data_SingleElectron_Run2012A_22Jan2013_v1/job.dag: STATUS_SUBMITTED stats: [33mSTATUS_SUBMITTED[0m(9) [32mSTATUS_DONE[0m(96) [34mSTATUS_UNREADY[0m(1)
INFO:__main__:/nfs_scratch/fmeng/tmpoXuQtoLFVHETauAnalyzerMVA-data_SingleElectron_Run2012A_22Jan2013_v1/job.dag: STATUS_SUBMITTED stats: [33mSTATUS_SUBMITTED[0m(9) [32mSTATUS_DONE[0m(96) [34mSTATUS_UNREADY[0m(1)
INFO:__main__:/nfs_scratch/fmeng/tmpoXuQtoLFVHETauAnalyzerMVA-data_SingleElectron_Run2012A_22Jan2013_v1/job.dag: STATUS_SUBMITTED stats: [33mSTATUS_SUBMITTED[0m(9) [32mSTATUS_DONE[0m(96) [34mSTATUS_UNREADY[0m(1)
INFO:__main__:/nfs_scratch/fmeng/tmpoXuQtoLFVHETauAnalyzerMVA-data_SingleElectron_Run2012A_22Jan2013_v1/job.dag: STATUS_SUBMITTED stats: [33mSTATUS_SUBMITTED[0m(9) [32mSTATUS_DONE[0m(96) [34mSTATUS_UNREADY[0m(1)
INFO:__main__:/nfs_scratch/fmeng/tmpoXuQtoLFVHETauAnalyzerMVA-data_SingleElectron_Run2012A_22Jan2013_v1/job.dag: STATUS_SUBMITTED stats: [33mSTATUS_SUBMITTED[0m(9) [32mSTATUS_DONE[0m(96) [34mSTATUS_UNREADY[0m(1)
INFO:__main__:/nfs_scratch/fmeng/tmpoXuQtoLFVHETauAnalyzerMVA-data_SingleElectron_Run2012A_22Jan2013_v1/job.dag: STATUS_SUBMITTED stats: [33mSTATUS_SUBMITTED[0m(9) [32mSTATUS_DONE[0m(96) [34mSTATUS_UNREADY[0m(1)
INFO:__main__:/nfs_scratch/fmeng/tmpoXuQtoLFVHETauAnalyzerMVA-data_SingleElectron_Run2012A_22Jan2013_v1/job.dag: STATUS_SUBMITTED stats: [33mSTATUS_SUBMITTED[0m(9) [32mSTATUS_DONE[0m(96) [34mSTATUS_UNREADY[0m(1)
INFO:__main__:/nfs_scratch/fmeng/tmpoXuQtoLFVHETauAnalyzerMVA-data_SingleElectron_Run2012A_22Jan2013_v1/job.dag: STATUS_SUBMITTED stats: [33mSTATUS_SUBMITTED[0m(9) [32mSTATUS_DONE[0m(96) [34mSTATUS_UNREADY[0m(1)
INFO:__main__:/nfs_scratch/fmeng/tmpoXuQtoLFVHETauAnalyzerMVA-data_SingleElectron_Run2012A_22Jan2013_v1/job.dag: STATUS_SUBMITTED stats: [33mSTATUS_SUBMITTED[0m(9) [32mSTATUS_DONE[0m(96) [34mSTATUS_UNREADY[0m(1)
INFO:__main__:/nfs_scratch/fmeng/tmpoXuQtoLFVHETauAnalyzerMVA-data_SingleElectron_Run2012A_22Jan2013_v1/job.dag: STATUS_SUBMITTED stats: [33mSTATUS_SUBMITTED[0m(9) [32mSTATUS_DONE[0m(96) [34mSTATUS_UNREADY[0m(1)
INFO:__main__:/nfs_scratch/fmeng/tmpoXuQtoLFVHETauAnalyzerMVA-data_SingleElectron_Run2012A_22Jan2013_v1/job.dag: STATUS_SUBMITTED stats: [33mSTATUS_SUBMITTED[0m(9) [32mSTATUS_DONE[0m(96) [34mSTATUS_UNREADY[0m(1)
INFO:__main__:/nfs_scratch/fmeng/tmpoXuQtoLFVHETauAnalyzerMVA-data_SingleElectron_Run2012A_22Jan2013_v1/job.dag: STATUS_SUBMITTED stats: [33mSTATUS_SUBMITTED[0m(9) [32mSTATUS_DONE[0m(96) [34mSTATUS_UNREADY[0m(1)
INFO:__main__:/nfs_scratch/fmeng/tmpoXuQtoLFVHETauAnalyzerMVA-data_SingleElectron_Run2012A_22Jan2013_v1/job.dag: STATUS_SUBMITTED stats: [33mSTATUS_SUBMITTED[0m(9) [32mSTATUS_DONE[0m(96) [34mSTATUS_UNREADY[0m(1)
INFO:__main__:/nfs_scratch/fmeng/tmpoXuQtoLFVHETauAnalyzerMVA-data_SingleElectron_Run2012A_22Jan2013_v1/job.dag: STATUS_SUBMITTED stats: [33mSTATUS_SUBMITTED[0m(9) [32mSTATUS_DONE[0m(96) [34mSTATUS_UNREADY[0m(1)
INFO:__main__:/nfs_scratch/fmeng/tmpoXuQtoLFVHETauAnalyzerMVA-data_SingleElectron_Run2012A_22Jan2013_v1/job.dag: STATUS_SUBMITTED stats: [33mSTATUS_SUBMITTED[0m(9) [32mSTATUS_DONE[0m(96) [34mSTATUS_UNREADY[0m(1)
INFO:__main__:/nfs_scratch/fmeng/tmpoXuQtoLFVHETauAnalyzerMVA-data_SingleElectron_Run2012A_22Jan2013_v1/job.dag: STATUS_SUBMITTED stats: [33mSTATUS_SUBMITTED[0m(9) [32mSTATUS_DONE[0m(96) [34mSTATUS_UNREADY[0m(1)
INFO:__main__:/nfs_scratch/fmeng/tmpoXuQtoLFVHETauAnalyzerMVA-data_SingleElectron_Run2012A_22Jan2013_v1/job.dag: STATUS_SUBMITTED stats: [33mSTATUS_SUBMITTED[0m(9) [32mSTATUS_DONE[0m(96) [34mSTATUS_UNREADY[0m(1)
INFO:__main__:/nfs_scratch/fmeng/tmpoXuQtoLFVHETauAnalyzerMVA-data_SingleElectron_Run2012A_22Jan2013_v1/job.dag: STATUS_SUBMITTED stats: [33mSTATUS_SUBMITTED[0m(9) [32mSTATUS_DONE[0m(96) [34mSTATUS_UNREADY[0m(1)
INFO:__main__:/nfs_scratch/fmeng/tmpoXuQtoLFVHETauAnalyzerMVA-data_SingleElectron_Run2012A_22Jan2013_v1/job.dag: STATUS_SUBMITTED stats: [33mSTATUS_SUBMITTED[0m(9) [32mSTATUS_DONE[0m(96) [34mSTATUS_UNREADY[0m(1)
INFO:__main__:/nfs_scratch/fmeng/tmpoXuQtoLFVHETauAnalyzerMVA-data_SingleElectron_Run2012A_22Jan2013_v1/job.dag: STATUS_SUBMITTED stats: [33mSTATUS_SUBMITTED[0m(9) [32mSTATUS_DONE[0m(96) [34mSTATUS_UNREADY[0m(1)
INFO:__main__:/nfs_scratch/fmeng/tmpoXuQtoLFVHETauAnalyzerMVA-data_SingleElectron_Run2012A_22Jan2013_v1/job.dag: STATUS_SUBMITTED stats: [33mSTATUS_SUBMITTED[0m(9) [32mSTATUS_DONE[0m(96) [34mSTATUS_UNREADY[0m(1)
INFO:__main__:/nfs_scratch/fmeng/tmpoXuQtoLFVHETauAnalyzerMVA-data_SingleElectron_Run2012A_22Jan2013_v1/job.dag: STATUS_SUBMITTED stats: [33mSTATUS_SUBMITTED[0m(9) [32mSTATUS_DONE[0m(96) [34mSTATUS_UNREADY[0m(1)
INFO:__main__:/nfs_scratch/fmeng/tmpoXuQtoLFVHETauAnalyzerMVA-data_SingleElectron_Run2012A_22Jan2013_v1/job.dag: STATUS_SUBMITTED stats: [33mSTATUS_SUBMITTED[0m(9) [32mSTATUS_DONE[0m(96) [34mSTATUS_UNREADY[0m(1)
INFO:__main__:/nfs_scratch/fmeng/tmpoXuQtoLFVHETauAnalyzerMVA-data_SingleElectron_Run2012A_22Jan2013_v1/job.dag: STATUS_SUBMITTED stats: [33mSTATUS_SUBMITTED[0m(9) [32mSTATUS_DONE[0m(96) [34mSTATUS_UNREADY[0m(1)
INFO:__main__:/nfs_scratch/fmeng/tmpoXuQtoLFVHETauAnalyzerMVA-data_SingleElectron_Run2012A_22Jan2013_v1/job.dag: STATUS_SUBMITTED stats: [33mSTATUS_SUBMITTED[0m(9) [32mSTATUS_DONE[0m(96) [34mSTATUS_UNREADY[0m(1)
INFO:__main__:/nfs_scratch/fmeng/tmpoXuQtoLFVHETauAnalyzerMVA-data_SingleElectron_Run2012A_22Jan2013_v1/job.dag: STATUS_SUBMITTED stats: [33mSTATUS_SUBMITTED[0m(9) [32mSTATUS_DONE[0m(96) [34mSTATUS_UNREADY[0m(1)
INFO:__main__:/nfs_scratch/fmeng/tmpoXuQtoLFVHETauAnalyzerMVA-data_SingleElectron_Run2012A_22Jan2013_v1/job.dag: STATUS_SUBMITTED stats: [33mSTATUS_SUBMITTED[0m(9) [32mSTATUS_DONE[0m(96) [34mSTATUS_UNREADY[0m(1)
INFO:__main__:/nfs_scratch/fmeng/tmpoXuQtoLFVHETauAnalyzerMVA-data_SingleElectron_Run2012A_22Jan2013_v1/job.dag: STATUS_SUBMITTED stats: [33mSTATUS_SUBMITTED[0m(8) [32mSTATUS_DONE[0m(97) [34mSTATUS_UNREADY[0m(1)
INFO:__main__:/nfs_scratch/fmeng/tmpoXuQtoLFVHETauAnalyzerMVA-data_SingleElectron_Run2012A_22Jan2013_v1/job.dag: STATUS_SUBMITTED stats: [33mSTATUS_SUBMITTED[0m(8) [32mSTATUS_DONE[0m(97) [34mSTATUS_UNREADY[0m(1)
INFO:__main__:/nfs_scratch/fmeng/tmpoXuQtoLFVHETauAnalyzerMVA-data_SingleElectron_Run2012A_22Jan2013_v1/job.dag: STATUS_SUBMITTED stats: [33mSTATUS_SUBMITTED[0m(8) [32mSTATUS_DONE[0m(97) [34mSTATUS_UNREADY[0m(1)
INFO:__main__:/nfs_scratch/fmeng/tmpoXuQtoLFVHETauAnalyzerMVA-data_SingleElectron_Run2012A_22Jan2013_v1/job.dag: STATUS_SUBMITTED stats: [33mSTATUS_SUBMITTED[0m(8) [32mSTATUS_DONE[0m(97) [34mSTATUS_UNREADY[0m(1)
INFO:__main__:/nfs_scratch/fmeng/tmpoXuQtoLFVHETauAnalyzerMVA-data_SingleElectron_Run2012A_22Jan2013_v1/job.dag: STATUS_SUBMITTED stats: [33mSTATUS_SUBMITTED[0m(8) [32mSTATUS_DONE[0m(97) [34mSTATUS_UNREADY[0m(1)
INFO:__main__:/nfs_scratch/fmeng/tmpoXuQtoLFVHETauAnalyzerMVA-data_SingleElectron_Run2012A_22Jan2013_v1/job.dag: STATUS_SUBMITTED stats: [33mSTATUS_SUBMITTED[0m(8) [32mSTATUS_DONE[0m(97) [34mSTATUS_UNREADY[0m(1)
INFO:__main__:/nfs_scratch/fmeng/tmpoXuQtoLFVHETauAnalyzerMVA-data_SingleElectron_Run2012A_22Jan2013_v1/job.dag: STATUS_SUBMITTED stats: [33mSTATUS_SUBMITTED[0m(8) [32mSTATUS_DONE[0m(97) [34mSTATUS_UNREADY[0m(1)
INFO:__main__:/nfs_scratch/fmeng/tmpoXuQtoLFVHETauAnalyzerMVA-data_SingleElectron_Run2012A_22Jan2013_v1/job.dag: STATUS_SUBMITTED stats: [33mSTATUS_SUBMITTED[0m(8) [32mSTATUS_DONE[0m(97) [34mSTATUS_UNREADY[0m(1)
INFO:__main__:/nfs_scratch/fmeng/tmpoXuQtoLFVHETauAnalyzerMVA-data_SingleElectron_Run2012A_22Jan2013_v1/job.dag: STATUS_SUBMITTED stats: [33mSTATUS_SUBMITTED[0m(8) [32mSTATUS_DONE[0m(97) [34mSTATUS_UNREADY[0m(1)
INFO:__main__:/nfs_scratch/fmeng/tmpoXuQtoLFVHETauAnalyzerMVA-data_SingleElectron_Run2012A_22Jan2013_v1/job.dag: STATUS_SUBMITTED stats: [33mSTATUS_SUBMITTED[0m(8) [32mSTATUS_DONE[0m(97) [34mSTATUS_UNREADY[0m(1)
INFO:__main__:/nfs_scratch/fmeng/tmpoXuQtoLFVHETauAnalyzerMVA-data_SingleElectron_Run2012A_22Jan2013_v1/job.dag: STATUS_SUBMITTED stats: [33mSTATUS_SUBMITTED[0m(8) [32mSTATUS_DONE[0m(97) [34mSTATUS_UNREADY[0m(1)
INFO:__main__:/nfs_scratch/fmeng/tmpoXuQtoLFVHETauAnalyzerMVA-data_SingleElectron_Run2012A_22Jan2013_v1/job.dag: STATUS_SUBMITTED stats: [33mSTATUS_SUBMITTED[0m(6) [32mSTATUS_DONE[0m(99) [34mSTATUS_UNREADY[0m(1)
INFO:__main__:/nfs_scratch/fmeng/tmpoXuQtoLFVHETauAnalyzerMVA-data_SingleElectron_Run2012A_22Jan2013_v1/job.dag: STATUS_SUBMITTED stats: [33mSTATUS_SUBMITTED[0m(6) [32mSTATUS_DONE[0m(99) [34mSTATUS_UNREADY[0m(1)
INFO:__main__:/nfs_scratch/fmeng/tmpoXuQtoLFVHETauAnalyzerMVA-data_SingleElectron_Run2012A_22Jan2013_v1/job.dag: STATUS_SUBMITTED stats: [33mSTATUS_SUBMITTED[0m(6) [32mSTATUS_DONE[0m(99) [34mSTATUS_UNREADY[0m(1)
INFO:__main__:/nfs_scratch/fmeng/tmpoXuQtoLFVHETauAnalyzerMVA-data_SingleElectron_Run2012A_22Jan2013_v1/job.dag: STATUS_SUBMITTED stats: [33mSTATUS_SUBMITTED[0m(6) [32mSTATUS_DONE[0m(99) [34mSTATUS_UNREADY[0m(1)
INFO:__main__:/nfs_scratch/fmeng/tmpoXuQtoLFVHETauAnalyzerMVA-data_SingleElectron_Run2012A_22Jan2013_v1/job.dag: STATUS_SUBMITTED stats: [33mSTATUS_SUBMITTED[0m(6) [32mSTATUS_DONE[0m(99) [34mSTATUS_UNREADY[0m(1)
INFO:__main__:/nfs_scratch/fmeng/tmpoXuQtoLFVHETauAnalyzerMVA-data_SingleElectron_Run2012A_22Jan2013_v1/job.dag: STATUS_SUBMITTED stats: [33mSTATUS_SUBMITTED[0m(5) [32mSTATUS_DONE[0m(100) [34mSTATUS_UNREADY[0m(1)
INFO:__main__:/nfs_scratch/fmeng/tmpoXuQtoLFVHETauAnalyzerMVA-data_SingleElectron_Run2012A_22Jan2013_v1/job.dag: STATUS_SUBMITTED stats: [33mSTATUS_SUBMITTED[0m(5) [32mSTATUS_DONE[0m(100) [34mSTATUS_UNREADY[0m(1)
INFO:__main__:/nfs_scratch/fmeng/tmpoXuQtoLFVHETauAnalyzerMVA-data_SingleElectron_Run2012A_22Jan2013_v1/job.dag: STATUS_SUBMITTED stats: [33mSTATUS_SUBMITTED[0m(5) [32mSTATUS_DONE[0m(100) [34mSTATUS_UNREADY[0m(1)
INFO:__main__:/nfs_scratch/fmeng/tmpoXuQtoLFVHETauAnalyzerMVA-data_SingleElectron_Run2012A_22Jan2013_v1/job.dag: STATUS_SUBMITTED stats: [33mSTATUS_SUBMITTED[0m(5) [32mSTATUS_DONE[0m(100) [34mSTATUS_UNREADY[0m(1)
INFO:__main__:/nfs_scratch/fmeng/tmpoXuQtoLFVHETauAnalyzerMVA-data_SingleElectron_Run2012A_22Jan2013_v1/job.dag: STATUS_SUBMITTED stats: [33mSTATUS_SUBMITTED[0m(5) [32mSTATUS_DONE[0m(100) [34mSTATUS_UNREADY[0m(1)
INFO:__main__:/nfs_scratch/fmeng/tmpoXuQtoLFVHETauAnalyzerMVA-data_SingleElectron_Run2012A_22Jan2013_v1/job.dag: STATUS_SUBMITTED stats: [33mSTATUS_SUBMITTED[0m(5) [32mSTATUS_DONE[0m(100) [34mSTATUS_UNREADY[0m(1)
INFO:__main__:/nfs_scratch/fmeng/tmpoXuQtoLFVHETauAnalyzerMVA-data_SingleElectron_Run2012A_22Jan2013_v1/job.dag: STATUS_SUBMITTED stats: [33mSTATUS_SUBMITTED[0m(3) [32mSTATUS_DONE[0m(102) [34mSTATUS_UNREADY[0m(1)
INFO:__main__:/nfs_scratch/fmeng/tmpoXuQtoLFVHETauAnalyzerMVA-data_SingleElectron_Run2012A_22Jan2013_v1/job.dag: STATUS_SUBMITTED stats: [33mSTATUS_SUBMITTED[0m(3) [32mSTATUS_DONE[0m(102) [34mSTATUS_UNREADY[0m(1)
INFO:__main__:/nfs_scratch/fmeng/tmpoXuQtoLFVHETauAnalyzerMVA-data_SingleElectron_Run2012A_22Jan2013_v1/job.dag: STATUS_SUBMITTED stats: [33mSTATUS_SUBMITTED[0m(3) [32mSTATUS_DONE[0m(102) [34mSTATUS_UNREADY[0m(1)
INFO:__main__:/nfs_scratch/fmeng/tmpoXuQtoLFVHETauAnalyzerMVA-data_SingleElectron_Run2012A_22Jan2013_v1/job.dag: STATUS_SUBMITTED stats: [33mSTATUS_SUBMITTED[0m(3) [32mSTATUS_DONE[0m(102) [34mSTATUS_UNREADY[0m(1)
INFO:__main__:/nfs_scratch/fmeng/tmpoXuQtoLFVHETauAnalyzerMVA-data_SingleElectron_Run2012A_22Jan2013_v1/job.dag: STATUS_SUBMITTED stats: [33mSTATUS_SUBMITTED[0m(3) [32mSTATUS_DONE[0m(102) [34mSTATUS_UNREADY[0m(1)
INFO:__main__:/nfs_scratch/fmeng/tmpoXuQtoLFVHETauAnalyzerMVA-data_SingleElectron_Run2012A_22Jan2013_v1/job.dag: STATUS_SUBMITTED stats: [33mSTATUS_SUBMITTED[0m(3) [32mSTATUS_DONE[0m(102) [34mSTATUS_UNREADY[0m(1)
INFO:__main__:/nfs_scratch/fmeng/tmpoXuQtoLFVHETauAnalyzerMVA-data_SingleElectron_Run2012A_22Jan2013_v1/job.dag: STATUS_SUBMITTED stats: [33mSTATUS_SUBMITTED[0m(3) [32mSTATUS_DONE[0m(102) [34mSTATUS_UNREADY[0m(1)
INFO:__main__:/nfs_scratch/fmeng/tmpoXuQtoLFVHETauAnalyzerMVA-data_SingleElectron_Run2012A_22Jan2013_v1/job.dag: STATUS_SUBMITTED stats: [33mSTATUS_SUBMITTED[0m(3) [32mSTATUS_DONE[0m(102) [34mSTATUS_UNREADY[0m(1)
INFO:__main__:/nfs_scratch/fmeng/tmpoXuQtoLFVHETauAnalyzerMVA-data_SingleElectron_Run2012A_22Jan2013_v1/job.dag: STATUS_SUBMITTED stats: [33mSTATUS_SUBMITTED[0m(3) [32mSTATUS_DONE[0m(102) [34mSTATUS_UNREADY[0m(1)
INFO:__main__:/nfs_scratch/fmeng/tmpoXuQtoLFVHETauAnalyzerMVA-data_SingleElectron_Run2012A_22Jan2013_v1/job.dag: STATUS_SUBMITTED stats: [33mSTATUS_SUBMITTED[0m(3) [32mSTATUS_DONE[0m(102) [34mSTATUS_UNREADY[0m(1)
INFO:__main__:/nfs_scratch/fmeng/tmpoXuQtoLFVHETauAnalyzerMVA-data_SingleElectron_Run2012A_22Jan2013_v1/job.dag: STATUS_SUBMITTED stats: [33mSTATUS_SUBMITTED[0m(3) [32mSTATUS_DONE[0m(102) [34mSTATUS_UNREADY[0m(1)
INFO:__main__:/nfs_scratch/fmeng/tmpoXuQtoLFVHETauAnalyzerMVA-data_SingleElectron_Run2012A_22Jan2013_v1/job.dag: STATUS_SUBMITTED stats: [33mSTATUS_SUBMITTED[0m(3) [32mSTATUS_DONE[0m(102) [34mSTATUS_UNREADY[0m(1)
INFO:__main__:/nfs_scratch/fmeng/tmpoXuQtoLFVHETauAnalyzerMVA-data_SingleElectron_Run2012A_22Jan2013_v1/job.dag: STATUS_SUBMITTED stats: [33mSTATUS_SUBMITTED[0m(2) [32mSTATUS_DONE[0m(103) [34mSTATUS_UNREADY[0m(1)
INFO:__main__:/nfs_scratch/fmeng/tmpoXuQtoLFVHETauAnalyzerMVA-data_SingleElectron_Run2012A_22Jan2013_v1/job.dag: STATUS_SUBMITTED stats: [33mSTATUS_SUBMITTED[0m(2) [32mSTATUS_DONE[0m(103) [34mSTATUS_UNREADY[0m(1)
INFO:__main__:/nfs_scratch/fmeng/tmpoXuQtoLFVHETauAnalyzerMVA-data_SingleElectron_Run2012A_22Jan2013_v1/job.dag: STATUS_SUBMITTED stats: [33mSTATUS_SUBMITTED[0m(2) [32mSTATUS_DONE[0m(103) [34mSTATUS_UNREADY[0m(1)
INFO:__main__:/nfs_scratch/fmeng/tmpoXuQtoLFVHETauAnalyzerMVA-data_SingleElectron_Run2012A_22Jan2013_v1/job.dag: STATUS_SUBMITTED stats: [33mSTATUS_SUBMITTED[0m(2) [32mSTATUS_DONE[0m(103) [34mSTATUS_UNREADY[0m(1)
INFO:__main__:/nfs_scratch/fmeng/tmpoXuQtoLFVHETauAnalyzerMVA-data_SingleElectron_Run2012A_22Jan2013_v1/job.dag: STATUS_SUBMITTED stats: [33mSTATUS_SUBMITTED[0m(2) [32mSTATUS_DONE[0m(103) [34mSTATUS_UNREADY[0m(1)
INFO:__main__:/nfs_scratch/fmeng/tmpoXuQtoLFVHETauAnalyzerMVA-data_SingleElectron_Run2012A_22Jan2013_v1/job.dag: STATUS_SUBMITTED stats: [33mSTATUS_SUBMITTED[0m(2) [32mSTATUS_DONE[0m(103) [34mSTATUS_UNREADY[0m(1)
INFO:__main__:/nfs_scratch/fmeng/tmpoXuQtoLFVHETauAnalyzerMVA-data_SingleElectron_Run2012A_22Jan2013_v1/job.dag: STATUS_SUBMITTED stats: [33mSTATUS_SUBMITTED[0m(2) [32mSTATUS_DONE[0m(103) [34mSTATUS_UNREADY[0m(1)
INFO:__main__:/nfs_scratch/fmeng/tmpoXuQtoLFVHETauAnalyzerMVA-data_SingleElectron_Run2012A_22Jan2013_v1/job.dag: STATUS_SUBMITTED stats: [33mSTATUS_SUBMITTED[0m(2) [32mSTATUS_DONE[0m(103) [34mSTATUS_UNREADY[0m(1)
INFO:__main__:/nfs_scratch/fmeng/tmpoXuQtoLFVHETauAnalyzerMVA-data_SingleElectron_Run2012A_22Jan2013_v1/job.dag: STATUS_SUBMITTED stats: [33mSTATUS_SUBMITTED[0m(2) [32mSTATUS_DONE[0m(103) [34mSTATUS_UNREADY[0m(1)
INFO:__main__:/nfs_scratch/fmeng/tmpoXuQtoLFVHETauAnalyzerMVA-data_SingleElectron_Run2012A_22Jan2013_v1/job.dag: STATUS_SUBMITTED stats: [33mSTATUS_SUBMITTED[0m(2) [32mSTATUS_DONE[0m(103) [34mSTATUS_UNREADY[0m(1)
INFO:__main__:/nfs_scratch/fmeng/tmpoXuQtoLFVHETauAnalyzerMVA-data_SingleElectron_Run2012A_22Jan2013_v1/job.dag: STATUS_SUBMITTED stats: [33mSTATUS_SUBMITTED[0m(2) [32mSTATUS_DONE[0m(103) [34mSTATUS_UNREADY[0m(1)
INFO:__main__:/nfs_scratch/fmeng/tmpoXuQtoLFVHETauAnalyzerMVA-data_SingleElectron_Run2012A_22Jan2013_v1/job.dag: STATUS_SUBMITTED stats: [33mSTATUS_SUBMITTED[0m(1) [32mSTATUS_DONE[0m(104) [34mSTATUS_UNREADY[0m(1)
INFO:__main__:/nfs_scratch/fmeng/tmpoXuQtoLFVHETauAnalyzerMVA-data_SingleElectron_Run2012A_22Jan2013_v1/job.dag: STATUS_SUBMITTED stats: [33mSTATUS_SUBMITTED[0m(1) [32mSTATUS_DONE[0m(104) [34mSTATUS_UNREADY[0m(1)
INFO:__main__:/nfs_scratch/fmeng/tmpoXuQtoLFVHETauAnalyzerMVA-data_SingleElectron_Run2012A_22Jan2013_v1/job.dag: STATUS_SUBMITTED stats: [33mSTATUS_SUBMITTED[0m(1) [32mSTATUS_DONE[0m(104) [34mSTATUS_UNREADY[0m(1)
INFO:__main__:/nfs_scratch/fmeng/tmpoXuQtoLFVHETauAnalyzerMVA-data_SingleElectron_Run2012A_22Jan2013_v1/job.dag: STATUS_SUBMITTED stats: [33mSTATUS_SUBMITTED[0m(1) [32mSTATUS_DONE[0m(104) [34mSTATUS_UNREADY[0m(1)
INFO:__main__:/nfs_scratch/fmeng/tmpoXuQtoLFVHETauAnalyzerMVA-data_SingleElectron_Run2012A_22Jan2013_v1/job.dag: STATUS_SUBMITTED stats: [33mSTATUS_SUBMITTED[0m(1) [32mSTATUS_DONE[0m(104) [34mSTATUS_UNREADY[0m(1)
INFO:__main__:/nfs_scratch/fmeng/tmpoXuQtoLFVHETauAnalyzerMVA-data_SingleElectron_Run2012A_22Jan2013_v1/job.dag: STATUS_SUBMITTED stats: [33mSTATUS_SUBMITTED[0m(1) [32mSTATUS_DONE[0m(104) [34mSTATUS_UNREADY[0m(1)
INFO:__main__:/nfs_scratch/fmeng/tmpoXuQtoLFVHETauAnalyzerMVA-data_SingleElectron_Run2012A_22Jan2013_v1/job.dag: STATUS_SUBMITTED stats: [33mSTATUS_SUBMITTED[0m(1) [32mSTATUS_DONE[0m(104) [34mSTATUS_UNREADY[0m(1)
INFO:__main__:/nfs_scratch/fmeng/tmpoXuQtoLFVHETauAnalyzerMVA-data_SingleElectron_Run2012A_22Jan2013_v1/job.dag: STATUS_SUBMITTED stats: [33mSTATUS_SUBMITTED[0m(1) [32mSTATUS_DONE[0m(105)
INFO:__main__:/nfs_scratch/fmeng/tmpoXuQtoLFVHETauAnalyzerMVA-data_SingleElectron_Run2012A_22Jan2013_v1/job.dag: STATUS_SUBMITTED stats: [33mSTATUS_SUBMITTED[0m(1) [32mSTATUS_DONE[0m(105)
INFO:__main__:/nfs_scratch/fmeng/tmpoXuQtoLFVHETauAnalyzerMVA-data_SingleElectron_Run2012A_22Jan2013_v1/job.dag: STATUS_SUBMITTED stats: [33mSTATUS_SUBMITTED[0m(1) [32mSTATUS_DONE[0m(105)
INFO:__main__:/nfs_scratch/fmeng/tmpoXuQtoLFVHETauAnalyzerMVA-data_SingleElectron_Run2012A_22Jan2013_v1/job.dag: STATUS_SUBMITTED stats: [33mSTATUS_SUBMITTED[0m(1) [32mSTATUS_DONE[0m(105)
INFO:__main__:/nfs_scratch/fmeng/tmpoXuQtoLFVHETauAnalyzerMVA-data_SingleElectron_Run2012A_22Jan2013_v1/job.dag: STATUS_SUBMITTED stats: [33mSTATUS_SUBMITTED[0m(1) [32mSTATUS_DONE[0m(105)
INFO:__main__:/nfs_scratch/fmeng/tmpoXuQtoLFVHETauAnalyzerMVA-data_SingleElectron_Run2012A_22Jan2013_v1/job.dag: STATUS_SUBMITTED stats: [33mSTATUS_SUBMITTED[0m(1) [32mSTATUS_DONE[0m(105)
INFO:__main__:/nfs_scratch/fmeng/tmpoXuQtoLFVHETauAnalyzerMVA-data_SingleElectron_Run2012A_22Jan2013_v1/job.dag: STATUS_SUBMITTED stats: [33mSTATUS_SUBMITTED[0m(1) [32mSTATUS_DONE[0m(105)
INFO:__main__:/nfs_scratch/fmeng/tmpoXuQtoLFVHETauAnalyzerMVA-data_SingleElectron_Run2012A_22Jan2013_v1/job.dag: STATUS_SUBMITTED stats: [33mSTATUS_SUBMITTED[0m(1) [32mSTATUS_DONE[0m(105)
INFO:__main__:/nfs_scratch/fmeng/tmpoXuQtoLFVHETauAnalyzerMVA-data_SingleElectron_Run2012A_22Jan2013_v1/job.dag: STATUS_SUBMITTED stats: [33mSTATUS_SUBMITTED[0m(1) [32mSTATUS_DONE[0m(105)
INFO:__main__:/nfs_scratch/fmeng/tmpoXuQtoLFVHETauAnalyzerMVA-data_SingleElectron_Run2012A_22Jan2013_v1/job.dag: STATUS_SUBMITTED stats: [33mSTATUS_SUBMITTED[0m(1) [32mSTATUS_DONE[0m(105)
INFO:__main__:/nfs_scratch/fmeng/tmpoXuQtoLFVHETauAnalyzerMVA-data_SingleElectron_Run2012A_22Jan2013_v1/job.dag: STATUS_SUBMITTED stats: [33mSTATUS_SUBMITTED[0m(1) [32mSTATUS_DONE[0m(105)
INFO:__main__:/nfs_scratch/fmeng/tmpoXuQtoLFVHETauAnalyzerMVA-data_SingleElectron_Run2012A_22Jan2013_v1/job.dag: STATUS_SUBMITTED stats: [33mSTATUS_SUBMITTED[0m(1) [32mSTATUS_DONE[0m(105)
INFO:__main__:/nfs_scratch/fmeng/tmpoXuQtoLFVHETauAnalyzerMVA-data_SingleElectron_Run2012A_22Jan2013_v1/job.dag: STATUS_SUBMITTED stats: [33mSTATUS_SUBMITTED[0m(1) [32mSTATUS_DONE[0m(105)
INFO:__main__:/nfs_scratch/fmeng/tmpoXuQtoLFVHETauAnalyzerMVA-data_SingleElectron_Run2012A_22Jan2013_v1/job.dag: STATUS_SUBMITTED stats: [33mSTATUS_SUBMITTED[0m(1) [32mSTATUS_DONE[0m(105)
INFO:__main__:/nfs_scratch/fmeng/tmpoXuQtoLFVHETauAnalyzerMVA-data_SingleElectron_Run2012A_22Jan2013_v1/job.dag: STATUS_SUBMITTED stats: [33mSTATUS_SUBMITTED[0m(1) [32mSTATUS_DONE[0m(105)
INFO:__main__:/nfs_scratch/fmeng/tmpoXuQtoLFVHETauAnalyzerMVA-data_SingleElectron_Run2012A_22Jan2013_v1/job.dag: STATUS_SUBMITTED stats: [33mSTATUS_SUBMITTED[0m(1) [32mSTATUS_DONE[0m(105)
INFO:__main__:/nfs_scratch/fmeng/tmpoXuQtoLFVHETauAnalyzerMVA-data_SingleElectron_Run2012A_22Jan2013_v1/job.dag: STATUS_SUBMITTED stats: [33mSTATUS_SUBMITTED[0m(1) [32mSTATUS_DONE[0m(105)
INFO:__main__:/nfs_scratch/fmeng/tmpoXuQtoLFVHETauAnalyzerMVA-data_SingleElectron_Run2012A_22Jan2013_v1/job.dag: STATUS_SUBMITTED stats: [33mSTATUS_SUBMITTED[0m(1) [32mSTATUS_DONE[0m(105)
INFO:__main__:/nfs_scratch/fmeng/tmpoXuQtoLFVHETauAnalyzerMVA-data_SingleElectron_Run2012A_22Jan2013_v1/job.dag: STATUS_SUBMITTED stats: [33mSTATUS_SUBMITTED[0m(1) [32mSTATUS_DONE[0m(105)
INFO:__main__:/nfs_scratch/fmeng/tmpoXuQtoLFVHETauAnalyzerMVA-data_SingleElectron_Run2012A_22Jan2013_v1/job.dag: STATUS_SUBMITTED stats: [33mSTATUS_SUBMITTED[0m(1) [32mSTATUS_DONE[0m(105)
INFO:__main__:/nfs_scratch/fmeng/tmpoXuQtoLFVHETauAnalyzerMVA-data_SingleElectron_Run2012A_22Jan2013_v1/job.dag: STATUS_SUBMITTED stats: [33mSTATUS_SUBMITTED[0m(1) [32mSTATUS_DONE[0m(105)
INFO:__main__:/nfs_scratch/fmeng/tmpoXuQtoLFVHETauAnalyzerMVA-data_SingleElectron_Run2012A_22Jan2013_v1/job.dag: STATUS_SUBMITTED stats: [33mSTATUS_SUBMITTED[0m(1) [32mSTATUS_DONE[0m(105)
INFO:__main__:/nfs_scratch/fmeng/tmpoXuQtoLFVHETauAnalyzerMVA-data_SingleElectron_Run2012A_22Jan2013_v1/job.dag: STATUS_SUBMITTED stats: [33mSTATUS_SUBMITTED[0m(1) [32mSTATUS_DONE[0m(105)
INFO:__main__:/nfs_scratch/fmeng/tmpoXuQtoLFVHETauAnalyzerMVA-data_SingleElectron_Run2012A_22Jan2013_v1/job.dag: STATUS_SUBMITTED stats: [33mSTATUS_SUBMITTED[0m(1) [32mSTATUS_DONE[0m(105)
INFO:__main__:/nfs_scratch/fmeng/tmpoXuQtoLFVHETauAnalyzerMVA-data_SingleElectron_Run2012A_22Jan2013_v1/job.dag: STATUS_SUBMITTED stats: [33mSTATUS_SUBMITTED[0m(1) [32mSTATUS_DONE[0m(105)
INFO:__main__:/nfs_scratch/fmeng/tmpoXuQtoLFVHETauAnalyzerMVA-data_SingleElectron_Run2012A_22Jan2013_v1/job.dag: STATUS_SUBMITTED stats: [33mSTATUS_SUBMITTED[0m(1) [32mSTATUS_DONE[0m(105)
INFO:__main__:/nfs_scratch/fmeng/tmpoXuQtoLFVHETauAnalyzerMVA-data_SingleElectron_Run2012A_22Jan2013_v1/job.dag: STATUS_SUBMITTED stats: [33mSTATUS_SUBMITTED[0m(1) [32mSTATUS_DONE[0m(105)
INFO:__main__:/nfs_scratch/fmeng/tmpoXuQtoLFVHETauAnalyzerMVA-data_SingleElectron_Run2012A_22Jan2013_v1/job.dag: STATUS_SUBMITTED stats: [33mSTATUS_SUBMITTED[0m(1) [32mSTATUS_DONE[0m(105)
INFO:__main__:/nfs_scratch/fmeng/tmpoXuQtoLFVHETauAnalyzerMVA-data_SingleElectron_Run2012A_22Jan2013_v1/job.dag: STATUS_SUBMITTED stats: [33mSTATUS_SUBMITTED[0m(1) [32mSTATUS_DONE[0m(105)
INFO:__main__:/nfs_scratch/fmeng/tmpoXuQtoLFVHETauAnalyzerMVA-data_SingleElectron_Run2012A_22Jan2013_v1/job.dag: STATUS_SUBMITTED stats: [33mSTATUS_SUBMITTED[0m(1) [32mSTATUS_DONE[0m(105)
INFO:__main__:/nfs_scratch/fmeng/tmpoXuQtoLFVHETauAnalyzerMVA-data_SingleElectron_Run2012A_22Jan2013_v1/job.dag: STATUS_SUBMITTED stats: [33mSTATUS_SUBMITTED[0m(1) [32mSTATUS_DONE[0m(105)
INFO:__main__:/nfs_scratch/fmeng/tmpoXuQtoLFVHETauAnalyzerMVA-data_SingleElectron_Run2012A_22Jan2013_v1/job.dag: STATUS_SUBMITTED stats: [33mSTATUS_SUBMITTED[0m(1) [32mSTATUS_DONE[0m(105)
INFO:__main__:/nfs_scratch/fmeng/tmpoXuQtoLFVHETauAnalyzerMVA-data_SingleElectron_Run2012A_22Jan2013_v1/job.dag: STATUS_SUBMITTED stats: [33mSTATUS_SUBMITTED[0m(1) [32mSTATUS_DONE[0m(105)
INFO:__main__:/nfs_scratch/fmeng/tmpoXuQtoLFVHETauAnalyzerMVA-data_SingleElectron_Run2012A_22Jan2013_v1/job.dag: STATUS_SUBMITTED stats: [33mSTATUS_SUBMITTED[0m(1) [32mSTATUS_DONE[0m(105)
INFO:__main__:/nfs_scratch/fmeng/tmpoXuQtoLFVHETauAnalyzerMVA-data_SingleElectron_Run2012A_22Jan2013_v1/job.dag: STATUS_SUBMITTED stats: [33mSTATUS_SUBMITTED[0m(1) [32mSTATUS_DONE[0m(105)
INFO:__main__:/nfs_scratch/fmeng/tmpoXuQtoLFVHETauAnalyzerMVA-data_SingleElectron_Run2012A_22Jan2013_v1/job.dag: STATUS_SUBMITTED stats: [33mSTATUS_SUBMITTED[0m(1) [32mSTATUS_DONE[0m(105)
INFO:__main__:/nfs_scratch/fmeng/tmpoXuQtoLFVHETauAnalyzerMVA-data_SingleElectron_Run2012A_22Jan2013_v1/job.dag: STATUS_SUBMITTED stats: [33mSTATUS_SUBMITTED[0m(1) [32mSTATUS_DONE[0m(105)
INFO:__main__:/nfs_scratch/fmeng/tmpoXuQtoLFVHETauAnalyzerMVA-data_SingleElectron_Run2012A_22Jan2013_v1/job.dag: STATUS_SUBMITTED stats: [33mSTATUS_SUBMITTED[0m(1) [32mSTATUS_DONE[0m(105)
INFO:__main__:/nfs_scratch/fmeng/tmpoXuQtoLFVHETauAnalyzerMVA-data_SingleElectron_Run2012A_22Jan2013_v1/job.dag: STATUS_SUBMITTED stats: [33mSTATUS_SUBMITTED[0m(1) [32mSTATUS_DONE[0m(105)
INFO:__main__:/nfs_scratch/fmeng/tmpoXuQtoLFVHETauAnalyzerMVA-data_SingleElectron_Run2012A_22Jan2013_v1/job.dag: STATUS_SUBMITTED stats: [33mSTATUS_SUBMITTED[0m(1) [32mSTATUS_DONE[0m(105)
INFO:__main__:/nfs_scratch/fmeng/tmpoXuQtoLFVHETauAnalyzerMVA-data_SingleElectron_Run2012A_22Jan2013_v1/job.dag: STATUS_SUBMITTED stats: [33mSTATUS_SUBMITTED[0m(1) [32mSTATUS_DONE[0m(105)
INFO:__main__:/nfs_scratch/fmeng/tmpoXuQtoLFVHETauAnalyzerMVA-data_SingleElectron_Run2012A_22Jan2013_v1/job.dag: STATUS_SUBMITTED stats: [33mSTATUS_SUBMITTED[0m(1) [32mSTATUS_DONE[0m(105)
INFO:__main__:/nfs_scratch/fmeng/tmpoXuQtoLFVHETauAnalyzerMVA-data_SingleElectron_Run2012A_22Jan2013_v1/job.dag: STATUS_SUBMITTED stats: [33mSTATUS_SUBMITTED[0m(1) [32mSTATUS_DONE[0m(105)
INFO:__main__:/nfs_scratch/fmeng/tmpoXuQtoLFVHETauAnalyzerMVA-data_SingleElectron_Run2012A_22Jan2013_v1/job.dag: STATUS_SUBMITTED stats: [33mSTATUS_SUBMITTED[0m(1) [32mSTATUS_DONE[0m(105)
INFO:__main__:/nfs_scratch/fmeng/tmpoXuQtoLFVHETauAnalyzerMVA-data_SingleElectron_Run2012A_22Jan2013_v1/job.dag: STATUS_DONE stats: [32mSTATUS_DONE[0m(106)
INFO:__main__:Copying final output /hdfs/store/user/fmeng/MegaJob_tmpoXuQtoLFVHETauAnalyzerMVA-data_SingleElectron_Run2012A_22Jan2013_v1//mergeFilesJob-mergeFilesJob-mega-batch-make_ntuples_cfg-patTuple_cfg-82553798-A272-E211-884C-00266CF26450.root => results/newNtuple_5Nov/LFVHETauAnalyzerMVA/data_SingleElectron_Run2012A_22Jan2013_v1.root
INFO:__main__:[32m/nfs_scratch/fmeng/tmpoXuQtoLFVHETauAnalyzerMVA-data_SingleElectron_Run2012A_22Jan2013_v1/job.dag: job complete.[0m
