INFO:__main__:Processing inputs/newNtuple_5Nov/ZetauEmbedded_Run2012B.txt using LFVHETauAnalyzerMVA.py, the output file will be results/newNtuple_5Nov/LFVHETauAnalyzerMVA/ZetauEmbedded_Run2012B.root
INFO:__main__:Generating submit scripts in /nfs_scratch/fmeng/tmpWqtBzVLFVHETauAnalyzerMVA-ZetauEmbedded_Run2012B
INFO:FinalStateAnalysis.PlotTools.MegaPath:Checking inputs file inputs/newNtuple_5Nov/ZetauEmbedded_Run2012B.txt exists...
INFO:__main__:Running over 568 files in 57 jobs
Generating submit files in /nfs_scratch/fmeng/tmpWqtBzVLFVHETauAnalyzerMVA-ZetauEmbedded_Run2012B/analyze...
.........................................................
Submit DAG file /nfs_scratch/fmeng/tmpWqtBzVLFVHETauAnalyzerMVA-ZetauEmbedded_Run2012B/job.dag has been created but not submitted.
Jobs for Analyze are created in /nfs_scratch/fmeng/tmpWqtBzVLFVHETauAnalyzerMVA-ZetauEmbedded_Run2012B/analyze
Using HADD method to merge files
Increasing vsize limit from 3000 MB to 6000 MB
LCG_GFAL_INFOSYS is not set
Using grid catalog type: UNKNOWN
Using grid catalog : (null)
VO name: cms
Checksum type: None
Destination SE type: SRMv2
Destination SRM Request Token: put:2336080
Source URL: file:/nfs_scratch/fmeng/tmpWqtBzVLFVHETauAnalyzerMVA-ZetauEmbedded_Run2012B/MergeLayer0/user_code.tgz
File size: 117640606
Source URL for copy: file:/nfs_scratch/fmeng/tmpWqtBzVLFVHETauAnalyzerMVA-ZetauEmbedded_Run2012B/MergeLayer0/user_code.tgz
Destination URL: gsiftp://s17n05.hep.wisc.edu//hdfs/HighReplicaCondorUserFiles/nfs_scratch/fmeng/tmpWqtBzVLFVHETauAnalyzerMVA-ZetauEmbedded_Run2012B/MergeLayer0/user_code.tgz
# streams: 1
            0 bytes      0.00 KB/sec avg      0.00 KB/sec inst            0 bytes      0.00 KB/sec avg      0.00 KB/sec inst            0 bytes      0.00 KB/sec avg      0.00 KB/sec inst      1048576 bytes    382.66 KB/sec avg    382.66 KB/sec inst     84934656 bytes  22563.80 KB/sec avg  81920.00 KB/sec inst     84934656 bytes  22563.80 KB/sec avg  81920.00 KB/sec inst
Transfer took 5220 ms
Generating submit files in /nfs_scratch/fmeng/tmpWqtBzVLFVHETauAnalyzerMVA-ZetauEmbedded_Run2012B/MergeLayer0...
......
Submit DAG file /nfs_scratch/fmeng/tmpWqtBzVLFVHETauAnalyzerMVA-ZetauEmbedded_Run2012B/job.dag has been created but not submitted.
Jobs for MergeLayer0 are created in /nfs_scratch/fmeng/tmpWqtBzVLFVHETauAnalyzerMVA-ZetauEmbedded_Run2012B/MergeLayer0
Using HADD method to merge files
Increasing vsize limit from 3000 MB to 6000 MB
LCG_GFAL_INFOSYS is not set
Using grid catalog type: UNKNOWN
Using grid catalog : (null)
VO name: cms
Checksum type: None
Destination SE type: SRMv2
Destination SRM Request Token: put:2336374
Source URL: file:/nfs_scratch/fmeng/tmpWqtBzVLFVHETauAnalyzerMVA-ZetauEmbedded_Run2012B/FinalMerged/user_code.tgz
File size: 117640606
Source URL for copy: file:/nfs_scratch/fmeng/tmpWqtBzVLFVHETauAnalyzerMVA-ZetauEmbedded_Run2012B/FinalMerged/user_code.tgz
Destination URL: gsiftp://g18n01.hep.wisc.edu//hdfs/HighReplicaCondorUserFiles/nfs_scratch/fmeng/tmpWqtBzVLFVHETauAnalyzerMVA-ZetauEmbedded_Run2012B/FinalMerged/user_code.tgz
# streams: 1
            0 bytes      0.00 KB/sec avg      0.00 KB/sec inst            0 bytes      0.00 KB/sec avg      0.00 KB/sec inst            0 bytes      0.00 KB/sec avg      0.00 KB/sec inst      1048576 bytes    478.20 KB/sec avg    478.20 KB/sec inst     58720256 bytes  17691.43 KB/sec avg  51199.99 KB/sec inst    100663296 bytes  23177.56 KB/sec avg  40960.00 KB/sec inst    117640606 bytes  20732.05 KB/sec avg  12753.39 KB/sec inst
Transfer took 6860 ms
Generating submit files in /nfs_scratch/fmeng/tmpWqtBzVLFVHETauAnalyzerMVA-ZetauEmbedded_Run2012B/FinalMerged...
.
Submitting job(s).
1 job(s) submitted to cluster 2427277.

-----------------------------------------------------------------------
File for submitting this DAG to Condor           : /nfs_scratch/fmeng/tmpWqtBzVLFVHETauAnalyzerMVA-ZetauEmbedded_Run2012B/job.dag.wrapper.condor.sub
Log of DAGMan debugging messages                 : /nfs_scratch/fmeng/tmpWqtBzVLFVHETauAnalyzerMVA-ZetauEmbedded_Run2012B/job.dag.wrapper.dagman.out
Log of Condor library output                     : /nfs_scratch/fmeng/tmpWqtBzVLFVHETauAnalyzerMVA-ZetauEmbedded_Run2012B/job.dag.wrapper.lib.out
Log of Condor library error messages             : /nfs_scratch/fmeng/tmpWqtBzVLFVHETauAnalyzerMVA-ZetauEmbedded_Run2012B/job.dag.wrapper.lib.err
Log of the life of condor_dagman itself          : /nfs_scratch/fmeng/tmpWqtBzVLFVHETauAnalyzerMVA-ZetauEmbedded_Run2012B/job.dag.wrapper.dagman.log

-----------------------------------------------------------------------
You can monitor your workflow's progess by watching /nfs_scratch/fmeng/tmpWqtBzVLFVHETauAnalyzerMVA-ZetauEmbedded_Run2012B/job.dag.dagman.out
A summary of the status of all of the jobs in your workflow will be
written to the following file every 60 seconds:
  /nfs_scratch/fmeng/tmpWqtBzVLFVHETauAnalyzerMVA-ZetauEmbedded_Run2012B/job.dag.status

Your jobs should show up in ~6 minutes
at the NEW job monitoring web page :
    http://www.hep.wisc.edu/cms/comp/jobs/
Jobs for FinalMerged are created in /nfs_scratch/fmeng/tmpWqtBzVLFVHETauAnalyzerMVA-ZetauEmbedded_Run2012B/FinalMerged
INFO:__main__:Waiting for job to complete
INFO:__main__:/nfs_scratch/fmeng/tmpWqtBzVLFVHETauAnalyzerMVA-ZetauEmbedded_Run2012B/job.dag: UNKNOWN stats: [30mUNKNOWN[0m(64)
INFO:__main__:/nfs_scratch/fmeng/tmpWqtBzVLFVHETauAnalyzerMVA-ZetauEmbedded_Run2012B/job.dag: UNKNOWN stats: [30mUNKNOWN[0m(64)
INFO:__main__:/nfs_scratch/fmeng/tmpWqtBzVLFVHETauAnalyzerMVA-ZetauEmbedded_Run2012B/job.dag: UNKNOWN stats: [30mUNKNOWN[0m(64)
INFO:__main__:/nfs_scratch/fmeng/tmpWqtBzVLFVHETauAnalyzerMVA-ZetauEmbedded_Run2012B/job.dag: UNKNOWN stats: [30mUNKNOWN[0m(64)
INFO:__main__:/nfs_scratch/fmeng/tmpWqtBzVLFVHETauAnalyzerMVA-ZetauEmbedded_Run2012B/job.dag: UNKNOWN stats: [30mUNKNOWN[0m(64)
INFO:__main__:/nfs_scratch/fmeng/tmpWqtBzVLFVHETauAnalyzerMVA-ZetauEmbedded_Run2012B/job.dag: UNKNOWN stats: [30mUNKNOWN[0m(64)
INFO:__main__:/nfs_scratch/fmeng/tmpWqtBzVLFVHETauAnalyzerMVA-ZetauEmbedded_Run2012B/job.dag: UNKNOWN stats: [30mUNKNOWN[0m(64)
INFO:__main__:/nfs_scratch/fmeng/tmpWqtBzVLFVHETauAnalyzerMVA-ZetauEmbedded_Run2012B/job.dag: STATUS_SUBMITTED stats: [33mSTATUS_SUBMITTED[0m(15) [34mSTATUS_UNREADY[0m(7) [36mSTATUS_READY[0m(42)
INFO:__main__:/nfs_scratch/fmeng/tmpWqtBzVLFVHETauAnalyzerMVA-ZetauEmbedded_Run2012B/job.dag: STATUS_SUBMITTED stats: [33mSTATUS_SUBMITTED[0m(15) [34mSTATUS_UNREADY[0m(7) [36mSTATUS_READY[0m(42)
INFO:__main__:/nfs_scratch/fmeng/tmpWqtBzVLFVHETauAnalyzerMVA-ZetauEmbedded_Run2012B/job.dag: STATUS_SUBMITTED stats: [33mSTATUS_SUBMITTED[0m(15) [34mSTATUS_UNREADY[0m(7) [36mSTATUS_READY[0m(42)
INFO:__main__:/nfs_scratch/fmeng/tmpWqtBzVLFVHETauAnalyzerMVA-ZetauEmbedded_Run2012B/job.dag: STATUS_SUBMITTED stats: [33mSTATUS_SUBMITTED[0m(15) [34mSTATUS_UNREADY[0m(7) [36mSTATUS_READY[0m(42)
INFO:__main__:/nfs_scratch/fmeng/tmpWqtBzVLFVHETauAnalyzerMVA-ZetauEmbedded_Run2012B/job.dag: STATUS_SUBMITTED stats: [33mSTATUS_SUBMITTED[0m(15) [34mSTATUS_UNREADY[0m(7) [36mSTATUS_READY[0m(42)
INFO:__main__:/nfs_scratch/fmeng/tmpWqtBzVLFVHETauAnalyzerMVA-ZetauEmbedded_Run2012B/job.dag: STATUS_SUBMITTED stats: [33mSTATUS_SUBMITTED[0m(15) [34mSTATUS_UNREADY[0m(7) [36mSTATUS_READY[0m(42)
INFO:__main__:/nfs_scratch/fmeng/tmpWqtBzVLFVHETauAnalyzerMVA-ZetauEmbedded_Run2012B/job.dag: STATUS_SUBMITTED stats: [33mSTATUS_SUBMITTED[0m(15) [34mSTATUS_UNREADY[0m(7) [36mSTATUS_READY[0m(42)
INFO:__main__:/nfs_scratch/fmeng/tmpWqtBzVLFVHETauAnalyzerMVA-ZetauEmbedded_Run2012B/job.dag: STATUS_SUBMITTED stats: [33mSTATUS_SUBMITTED[0m(15) [34mSTATUS_UNREADY[0m(7) [36mSTATUS_READY[0m(42)
INFO:__main__:/nfs_scratch/fmeng/tmpWqtBzVLFVHETauAnalyzerMVA-ZetauEmbedded_Run2012B/job.dag: STATUS_SUBMITTED stats: [33mSTATUS_SUBMITTED[0m(15) [34mSTATUS_UNREADY[0m(7) [36mSTATUS_READY[0m(42)
INFO:__main__:/nfs_scratch/fmeng/tmpWqtBzVLFVHETauAnalyzerMVA-ZetauEmbedded_Run2012B/job.dag: STATUS_SUBMITTED stats: [33mSTATUS_SUBMITTED[0m(40) [32mSTATUS_DONE[0m(5) [34mSTATUS_UNREADY[0m(7) [36mSTATUS_READY[0m(12)
INFO:__main__:/nfs_scratch/fmeng/tmpWqtBzVLFVHETauAnalyzerMVA-ZetauEmbedded_Run2012B/job.dag: STATUS_SUBMITTED stats: [33mSTATUS_SUBMITTED[0m(40) [32mSTATUS_DONE[0m(5) [34mSTATUS_UNREADY[0m(7) [36mSTATUS_READY[0m(12)
INFO:__main__:/nfs_scratch/fmeng/tmpWqtBzVLFVHETauAnalyzerMVA-ZetauEmbedded_Run2012B/job.dag: STATUS_SUBMITTED stats: [33mSTATUS_SUBMITTED[0m(40) [32mSTATUS_DONE[0m(5) [34mSTATUS_UNREADY[0m(7) [36mSTATUS_READY[0m(12)
INFO:__main__:/nfs_scratch/fmeng/tmpWqtBzVLFVHETauAnalyzerMVA-ZetauEmbedded_Run2012B/job.dag: STATUS_SUBMITTED stats: [33mSTATUS_SUBMITTED[0m(40) [32mSTATUS_DONE[0m(5) [34mSTATUS_UNREADY[0m(7) [36mSTATUS_READY[0m(12)
INFO:__main__:/nfs_scratch/fmeng/tmpWqtBzVLFVHETauAnalyzerMVA-ZetauEmbedded_Run2012B/job.dag: STATUS_SUBMITTED stats: [33mSTATUS_SUBMITTED[0m(40) [32mSTATUS_DONE[0m(5) [34mSTATUS_UNREADY[0m(7) [36mSTATUS_READY[0m(12)
INFO:__main__:/nfs_scratch/fmeng/tmpWqtBzVLFVHETauAnalyzerMVA-ZetauEmbedded_Run2012B/job.dag: STATUS_SUBMITTED stats: [33mSTATUS_SUBMITTED[0m(40) [32mSTATUS_DONE[0m(5) [34mSTATUS_UNREADY[0m(7) [36mSTATUS_READY[0m(12)
INFO:__main__:/nfs_scratch/fmeng/tmpWqtBzVLFVHETauAnalyzerMVA-ZetauEmbedded_Run2012B/job.dag: STATUS_SUBMITTED stats: [33mSTATUS_SUBMITTED[0m(40) [32mSTATUS_DONE[0m(5) [34mSTATUS_UNREADY[0m(7) [36mSTATUS_READY[0m(12)
INFO:__main__:/nfs_scratch/fmeng/tmpWqtBzVLFVHETauAnalyzerMVA-ZetauEmbedded_Run2012B/job.dag: STATUS_SUBMITTED stats: [33mSTATUS_SUBMITTED[0m(44) [32mSTATUS_DONE[0m(13) [34mSTATUS_UNREADY[0m(7)
INFO:__main__:/nfs_scratch/fmeng/tmpWqtBzVLFVHETauAnalyzerMVA-ZetauEmbedded_Run2012B/job.dag: STATUS_SUBMITTED stats: [33mSTATUS_SUBMITTED[0m(44) [32mSTATUS_DONE[0m(13) [34mSTATUS_UNREADY[0m(7)
INFO:__main__:/nfs_scratch/fmeng/tmpWqtBzVLFVHETauAnalyzerMVA-ZetauEmbedded_Run2012B/job.dag: STATUS_SUBMITTED stats: [33mSTATUS_SUBMITTED[0m(44) [32mSTATUS_DONE[0m(13) [34mSTATUS_UNREADY[0m(7)
INFO:__main__:/nfs_scratch/fmeng/tmpWqtBzVLFVHETauAnalyzerMVA-ZetauEmbedded_Run2012B/job.dag: STATUS_SUBMITTED stats: [33mSTATUS_SUBMITTED[0m(44) [32mSTATUS_DONE[0m(13) [34mSTATUS_UNREADY[0m(7)
INFO:__main__:/nfs_scratch/fmeng/tmpWqtBzVLFVHETauAnalyzerMVA-ZetauEmbedded_Run2012B/job.dag: STATUS_SUBMITTED stats: [33mSTATUS_SUBMITTED[0m(44) [32mSTATUS_DONE[0m(13) [34mSTATUS_UNREADY[0m(7)
INFO:__main__:/nfs_scratch/fmeng/tmpWqtBzVLFVHETauAnalyzerMVA-ZetauEmbedded_Run2012B/job.dag: STATUS_SUBMITTED stats: [33mSTATUS_SUBMITTED[0m(38) [32mSTATUS_DONE[0m(19) [34mSTATUS_UNREADY[0m(7)
INFO:__main__:/nfs_scratch/fmeng/tmpWqtBzVLFVHETauAnalyzerMVA-ZetauEmbedded_Run2012B/job.dag: STATUS_SUBMITTED stats: [33mSTATUS_SUBMITTED[0m(38) [32mSTATUS_DONE[0m(19) [34mSTATUS_UNREADY[0m(7)
INFO:__main__:/nfs_scratch/fmeng/tmpWqtBzVLFVHETauAnalyzerMVA-ZetauEmbedded_Run2012B/job.dag: STATUS_SUBMITTED stats: [33mSTATUS_SUBMITTED[0m(38) [32mSTATUS_DONE[0m(19) [34mSTATUS_UNREADY[0m(7)
INFO:__main__:/nfs_scratch/fmeng/tmpWqtBzVLFVHETauAnalyzerMVA-ZetauEmbedded_Run2012B/job.dag: STATUS_SUBMITTED stats: [33mSTATUS_SUBMITTED[0m(38) [32mSTATUS_DONE[0m(19) [34mSTATUS_UNREADY[0m(7)
INFO:__main__:/nfs_scratch/fmeng/tmpWqtBzVLFVHETauAnalyzerMVA-ZetauEmbedded_Run2012B/job.dag: STATUS_SUBMITTED stats: [33mSTATUS_SUBMITTED[0m(38) [32mSTATUS_DONE[0m(19) [34mSTATUS_UNREADY[0m(7)
INFO:__main__:/nfs_scratch/fmeng/tmpWqtBzVLFVHETauAnalyzerMVA-ZetauEmbedded_Run2012B/job.dag: STATUS_SUBMITTED stats: [33mSTATUS_SUBMITTED[0m(31) [32mSTATUS_DONE[0m(26) [34mSTATUS_UNREADY[0m(7)
INFO:__main__:/nfs_scratch/fmeng/tmpWqtBzVLFVHETauAnalyzerMVA-ZetauEmbedded_Run2012B/job.dag: STATUS_SUBMITTED stats: [33mSTATUS_SUBMITTED[0m(31) [32mSTATUS_DONE[0m(26) [34mSTATUS_UNREADY[0m(7)
INFO:__main__:/nfs_scratch/fmeng/tmpWqtBzVLFVHETauAnalyzerMVA-ZetauEmbedded_Run2012B/job.dag: STATUS_SUBMITTED stats: [33mSTATUS_SUBMITTED[0m(31) [32mSTATUS_DONE[0m(26) [34mSTATUS_UNREADY[0m(7)
INFO:__main__:/nfs_scratch/fmeng/tmpWqtBzVLFVHETauAnalyzerMVA-ZetauEmbedded_Run2012B/job.dag: STATUS_SUBMITTED stats: [33mSTATUS_SUBMITTED[0m(31) [32mSTATUS_DONE[0m(26) [34mSTATUS_UNREADY[0m(7)
INFO:__main__:/nfs_scratch/fmeng/tmpWqtBzVLFVHETauAnalyzerMVA-ZetauEmbedded_Run2012B/job.dag: STATUS_SUBMITTED stats: [33mSTATUS_SUBMITTED[0m(31) [32mSTATUS_DONE[0m(26) [34mSTATUS_UNREADY[0m(7)
INFO:__main__:/nfs_scratch/fmeng/tmpWqtBzVLFVHETauAnalyzerMVA-ZetauEmbedded_Run2012B/job.dag: STATUS_SUBMITTED stats: [33mSTATUS_SUBMITTED[0m(29) [32mSTATUS_DONE[0m(28) [34mSTATUS_UNREADY[0m(7)
INFO:__main__:/nfs_scratch/fmeng/tmpWqtBzVLFVHETauAnalyzerMVA-ZetauEmbedded_Run2012B/job.dag: STATUS_SUBMITTED stats: [33mSTATUS_SUBMITTED[0m(29) [32mSTATUS_DONE[0m(28) [34mSTATUS_UNREADY[0m(7)
INFO:__main__:/nfs_scratch/fmeng/tmpWqtBzVLFVHETauAnalyzerMVA-ZetauEmbedded_Run2012B/job.dag: STATUS_SUBMITTED stats: [33mSTATUS_SUBMITTED[0m(29) [32mSTATUS_DONE[0m(28) [34mSTATUS_UNREADY[0m(7)
INFO:__main__:/nfs_scratch/fmeng/tmpWqtBzVLFVHETauAnalyzerMVA-ZetauEmbedded_Run2012B/job.dag: STATUS_SUBMITTED stats: [33mSTATUS_SUBMITTED[0m(29) [32mSTATUS_DONE[0m(28) [34mSTATUS_UNREADY[0m(7)
INFO:__main__:/nfs_scratch/fmeng/tmpWqtBzVLFVHETauAnalyzerMVA-ZetauEmbedded_Run2012B/job.dag: STATUS_SUBMITTED stats: [33mSTATUS_SUBMITTED[0m(29) [32mSTATUS_DONE[0m(28) [34mSTATUS_UNREADY[0m(7)
INFO:__main__:/nfs_scratch/fmeng/tmpWqtBzVLFVHETauAnalyzerMVA-ZetauEmbedded_Run2012B/job.dag: STATUS_SUBMITTED stats: [33mSTATUS_SUBMITTED[0m(29) [32mSTATUS_DONE[0m(28) [34mSTATUS_UNREADY[0m(7)
INFO:__main__:/nfs_scratch/fmeng/tmpWqtBzVLFVHETauAnalyzerMVA-ZetauEmbedded_Run2012B/job.dag: STATUS_SUBMITTED stats: [33mSTATUS_SUBMITTED[0m(29) [32mSTATUS_DONE[0m(28) [34mSTATUS_UNREADY[0m(7)
INFO:__main__:/nfs_scratch/fmeng/tmpWqtBzVLFVHETauAnalyzerMVA-ZetauEmbedded_Run2012B/job.dag: STATUS_SUBMITTED stats: [33mSTATUS_SUBMITTED[0m(25) [32mSTATUS_DONE[0m(32) [34mSTATUS_UNREADY[0m(7)
INFO:__main__:/nfs_scratch/fmeng/tmpWqtBzVLFVHETauAnalyzerMVA-ZetauEmbedded_Run2012B/job.dag: STATUS_SUBMITTED stats: [33mSTATUS_SUBMITTED[0m(25) [32mSTATUS_DONE[0m(32) [34mSTATUS_UNREADY[0m(7)
INFO:__main__:/nfs_scratch/fmeng/tmpWqtBzVLFVHETauAnalyzerMVA-ZetauEmbedded_Run2012B/job.dag: STATUS_SUBMITTED stats: [33mSTATUS_SUBMITTED[0m(25) [32mSTATUS_DONE[0m(32) [34mSTATUS_UNREADY[0m(7)
INFO:__main__:/nfs_scratch/fmeng/tmpWqtBzVLFVHETauAnalyzerMVA-ZetauEmbedded_Run2012B/job.dag: STATUS_SUBMITTED stats: [33mSTATUS_SUBMITTED[0m(25) [32mSTATUS_DONE[0m(32) [34mSTATUS_UNREADY[0m(7)
INFO:__main__:/nfs_scratch/fmeng/tmpWqtBzVLFVHETauAnalyzerMVA-ZetauEmbedded_Run2012B/job.dag: STATUS_SUBMITTED stats: [33mSTATUS_SUBMITTED[0m(25) [32mSTATUS_DONE[0m(32) [34mSTATUS_UNREADY[0m(7)
INFO:__main__:/nfs_scratch/fmeng/tmpWqtBzVLFVHETauAnalyzerMVA-ZetauEmbedded_Run2012B/job.dag: STATUS_SUBMITTED stats: [33mSTATUS_SUBMITTED[0m(25) [32mSTATUS_DONE[0m(32) [34mSTATUS_UNREADY[0m(7)
INFO:__main__:/nfs_scratch/fmeng/tmpWqtBzVLFVHETauAnalyzerMVA-ZetauEmbedded_Run2012B/job.dag: STATUS_SUBMITTED stats: [33mSTATUS_SUBMITTED[0m(23) [32mSTATUS_DONE[0m(34) [34mSTATUS_UNREADY[0m(7)
INFO:__main__:/nfs_scratch/fmeng/tmpWqtBzVLFVHETauAnalyzerMVA-ZetauEmbedded_Run2012B/job.dag: STATUS_SUBMITTED stats: [33mSTATUS_SUBMITTED[0m(23) [32mSTATUS_DONE[0m(34) [34mSTATUS_UNREADY[0m(7)
INFO:__main__:/nfs_scratch/fmeng/tmpWqtBzVLFVHETauAnalyzerMVA-ZetauEmbedded_Run2012B/job.dag: STATUS_SUBMITTED stats: [33mSTATUS_SUBMITTED[0m(23) [32mSTATUS_DONE[0m(34) [34mSTATUS_UNREADY[0m(7)
INFO:__main__:/nfs_scratch/fmeng/tmpWqtBzVLFVHETauAnalyzerMVA-ZetauEmbedded_Run2012B/job.dag: STATUS_SUBMITTED stats: [33mSTATUS_SUBMITTED[0m(23) [32mSTATUS_DONE[0m(34) [34mSTATUS_UNREADY[0m(7)
INFO:__main__:/nfs_scratch/fmeng/tmpWqtBzVLFVHETauAnalyzerMVA-ZetauEmbedded_Run2012B/job.dag: STATUS_SUBMITTED stats: [33mSTATUS_SUBMITTED[0m(23) [32mSTATUS_DONE[0m(34) [34mSTATUS_UNREADY[0m(7)
INFO:__main__:/nfs_scratch/fmeng/tmpWqtBzVLFVHETauAnalyzerMVA-ZetauEmbedded_Run2012B/job.dag: STATUS_SUBMITTED stats: [33mSTATUS_SUBMITTED[0m(23) [32mSTATUS_DONE[0m(34) [34mSTATUS_UNREADY[0m(7)
INFO:__main__:/nfs_scratch/fmeng/tmpWqtBzVLFVHETauAnalyzerMVA-ZetauEmbedded_Run2012B/job.dag: STATUS_SUBMITTED stats: [33mSTATUS_SUBMITTED[0m(16) [32mSTATUS_DONE[0m(41) [34mSTATUS_UNREADY[0m(7)
INFO:__main__:/nfs_scratch/fmeng/tmpWqtBzVLFVHETauAnalyzerMVA-ZetauEmbedded_Run2012B/job.dag: STATUS_SUBMITTED stats: [33mSTATUS_SUBMITTED[0m(16) [32mSTATUS_DONE[0m(41) [34mSTATUS_UNREADY[0m(7)
INFO:__main__:/nfs_scratch/fmeng/tmpWqtBzVLFVHETauAnalyzerMVA-ZetauEmbedded_Run2012B/job.dag: STATUS_SUBMITTED stats: [33mSTATUS_SUBMITTED[0m(16) [32mSTATUS_DONE[0m(41) [34mSTATUS_UNREADY[0m(7)
INFO:__main__:/nfs_scratch/fmeng/tmpWqtBzVLFVHETauAnalyzerMVA-ZetauEmbedded_Run2012B/job.dag: STATUS_SUBMITTED stats: [33mSTATUS_SUBMITTED[0m(16) [32mSTATUS_DONE[0m(41) [34mSTATUS_UNREADY[0m(7)
INFO:__main__:/nfs_scratch/fmeng/tmpWqtBzVLFVHETauAnalyzerMVA-ZetauEmbedded_Run2012B/job.dag: STATUS_SUBMITTED stats: [33mSTATUS_SUBMITTED[0m(16) [32mSTATUS_DONE[0m(41) [34mSTATUS_UNREADY[0m(7)
INFO:__main__:/nfs_scratch/fmeng/tmpWqtBzVLFVHETauAnalyzerMVA-ZetauEmbedded_Run2012B/job.dag: STATUS_SUBMITTED stats: [33mSTATUS_SUBMITTED[0m(16) [32mSTATUS_DONE[0m(41) [34mSTATUS_UNREADY[0m(7)
INFO:__main__:/nfs_scratch/fmeng/tmpWqtBzVLFVHETauAnalyzerMVA-ZetauEmbedded_Run2012B/job.dag: STATUS_SUBMITTED stats: [33mSTATUS_SUBMITTED[0m(13) [32mSTATUS_DONE[0m(44) [34mSTATUS_UNREADY[0m(7)
INFO:__main__:/nfs_scratch/fmeng/tmpWqtBzVLFVHETauAnalyzerMVA-ZetauEmbedded_Run2012B/job.dag: STATUS_SUBMITTED stats: [33mSTATUS_SUBMITTED[0m(13) [32mSTATUS_DONE[0m(44) [34mSTATUS_UNREADY[0m(7)
INFO:__main__:/nfs_scratch/fmeng/tmpWqtBzVLFVHETauAnalyzerMVA-ZetauEmbedded_Run2012B/job.dag: STATUS_SUBMITTED stats: [33mSTATUS_SUBMITTED[0m(13) [32mSTATUS_DONE[0m(44) [34mSTATUS_UNREADY[0m(7)
INFO:__main__:/nfs_scratch/fmeng/tmpWqtBzVLFVHETauAnalyzerMVA-ZetauEmbedded_Run2012B/job.dag: STATUS_SUBMITTED stats: [33mSTATUS_SUBMITTED[0m(13) [32mSTATUS_DONE[0m(44) [34mSTATUS_UNREADY[0m(7)
INFO:__main__:/nfs_scratch/fmeng/tmpWqtBzVLFVHETauAnalyzerMVA-ZetauEmbedded_Run2012B/job.dag: STATUS_SUBMITTED stats: [33mSTATUS_SUBMITTED[0m(13) [32mSTATUS_DONE[0m(44) [34mSTATUS_UNREADY[0m(7)
INFO:__main__:/nfs_scratch/fmeng/tmpWqtBzVLFVHETauAnalyzerMVA-ZetauEmbedded_Run2012B/job.dag: STATUS_SUBMITTED stats: [33mSTATUS_SUBMITTED[0m(13) [32mSTATUS_DONE[0m(44) [34mSTATUS_UNREADY[0m(7)
INFO:__main__:/nfs_scratch/fmeng/tmpWqtBzVLFVHETauAnalyzerMVA-ZetauEmbedded_Run2012B/job.dag: STATUS_SUBMITTED stats: [33mSTATUS_SUBMITTED[0m(7) [32mSTATUS_DONE[0m(51) [34mSTATUS_UNREADY[0m(6)
INFO:__main__:/nfs_scratch/fmeng/tmpWqtBzVLFVHETauAnalyzerMVA-ZetauEmbedded_Run2012B/job.dag: STATUS_SUBMITTED stats: [33mSTATUS_SUBMITTED[0m(7) [32mSTATUS_DONE[0m(51) [34mSTATUS_UNREADY[0m(6)
INFO:__main__:/nfs_scratch/fmeng/tmpWqtBzVLFVHETauAnalyzerMVA-ZetauEmbedded_Run2012B/job.dag: STATUS_SUBMITTED stats: [33mSTATUS_SUBMITTED[0m(7) [32mSTATUS_DONE[0m(51) [34mSTATUS_UNREADY[0m(6)
INFO:__main__:/nfs_scratch/fmeng/tmpWqtBzVLFVHETauAnalyzerMVA-ZetauEmbedded_Run2012B/job.dag: STATUS_SUBMITTED stats: [33mSTATUS_SUBMITTED[0m(7) [32mSTATUS_DONE[0m(51) [34mSTATUS_UNREADY[0m(6)
INFO:__main__:/nfs_scratch/fmeng/tmpWqtBzVLFVHETauAnalyzerMVA-ZetauEmbedded_Run2012B/job.dag: STATUS_SUBMITTED stats: [33mSTATUS_SUBMITTED[0m(7) [32mSTATUS_DONE[0m(51) [34mSTATUS_UNREADY[0m(6)
INFO:__main__:/nfs_scratch/fmeng/tmpWqtBzVLFVHETauAnalyzerMVA-ZetauEmbedded_Run2012B/job.dag: STATUS_SUBMITTED stats: [33mSTATUS_SUBMITTED[0m(7) [32mSTATUS_DONE[0m(51) [34mSTATUS_UNREADY[0m(6)
INFO:__main__:/nfs_scratch/fmeng/tmpWqtBzVLFVHETauAnalyzerMVA-ZetauEmbedded_Run2012B/job.dag: STATUS_SUBMITTED stats: [33mSTATUS_SUBMITTED[0m(7) [32mSTATUS_DONE[0m(51) [34mSTATUS_UNREADY[0m(6)
INFO:__main__:/nfs_scratch/fmeng/tmpWqtBzVLFVHETauAnalyzerMVA-ZetauEmbedded_Run2012B/job.dag: STATUS_SUBMITTED stats: [33mSTATUS_SUBMITTED[0m(7) [32mSTATUS_DONE[0m(51) [34mSTATUS_UNREADY[0m(6)
INFO:__main__:/nfs_scratch/fmeng/tmpWqtBzVLFVHETauAnalyzerMVA-ZetauEmbedded_Run2012B/job.dag: STATUS_SUBMITTED stats: [33mSTATUS_SUBMITTED[0m(4) [32mSTATUS_DONE[0m(57) [34mSTATUS_UNREADY[0m(1) [36mSTATUS_READY[0m(2)
INFO:__main__:/nfs_scratch/fmeng/tmpWqtBzVLFVHETauAnalyzerMVA-ZetauEmbedded_Run2012B/job.dag: STATUS_SUBMITTED stats: [33mSTATUS_SUBMITTED[0m(4) [32mSTATUS_DONE[0m(57) [34mSTATUS_UNREADY[0m(1) [36mSTATUS_READY[0m(2)
INFO:__main__:/nfs_scratch/fmeng/tmpWqtBzVLFVHETauAnalyzerMVA-ZetauEmbedded_Run2012B/job.dag: STATUS_SUBMITTED stats: [33mSTATUS_SUBMITTED[0m(4) [32mSTATUS_DONE[0m(57) [34mSTATUS_UNREADY[0m(1) [36mSTATUS_READY[0m(2)
INFO:__main__:/nfs_scratch/fmeng/tmpWqtBzVLFVHETauAnalyzerMVA-ZetauEmbedded_Run2012B/job.dag: STATUS_SUBMITTED stats: [33mSTATUS_SUBMITTED[0m(4) [32mSTATUS_DONE[0m(57) [34mSTATUS_UNREADY[0m(1) [36mSTATUS_READY[0m(2)
INFO:__main__:/nfs_scratch/fmeng/tmpWqtBzVLFVHETauAnalyzerMVA-ZetauEmbedded_Run2012B/job.dag: STATUS_SUBMITTED stats: [33mSTATUS_SUBMITTED[0m(4) [32mSTATUS_DONE[0m(57) [34mSTATUS_UNREADY[0m(1) [36mSTATUS_READY[0m(2)
INFO:__main__:/nfs_scratch/fmeng/tmpWqtBzVLFVHETauAnalyzerMVA-ZetauEmbedded_Run2012B/job.dag: STATUS_SUBMITTED stats: [33mSTATUS_SUBMITTED[0m(4) [32mSTATUS_DONE[0m(57) [34mSTATUS_UNREADY[0m(1) [36mSTATUS_READY[0m(2)
INFO:__main__:/nfs_scratch/fmeng/tmpWqtBzVLFVHETauAnalyzerMVA-ZetauEmbedded_Run2012B/job.dag: STATUS_SUBMITTED stats: [33mSTATUS_SUBMITTED[0m(6) [32mSTATUS_DONE[0m(57) [34mSTATUS_UNREADY[0m(1)
INFO:__main__:/nfs_scratch/fmeng/tmpWqtBzVLFVHETauAnalyzerMVA-ZetauEmbedded_Run2012B/job.dag: STATUS_SUBMITTED stats: [33mSTATUS_SUBMITTED[0m(6) [32mSTATUS_DONE[0m(57) [34mSTATUS_UNREADY[0m(1)
INFO:__main__:/nfs_scratch/fmeng/tmpWqtBzVLFVHETauAnalyzerMVA-ZetauEmbedded_Run2012B/job.dag: STATUS_SUBMITTED stats: [33mSTATUS_SUBMITTED[0m(6) [32mSTATUS_DONE[0m(57) [34mSTATUS_UNREADY[0m(1)
INFO:__main__:/nfs_scratch/fmeng/tmpWqtBzVLFVHETauAnalyzerMVA-ZetauEmbedded_Run2012B/job.dag: STATUS_SUBMITTED stats: [33mSTATUS_SUBMITTED[0m(6) [32mSTATUS_DONE[0m(57) [34mSTATUS_UNREADY[0m(1)
INFO:__main__:/nfs_scratch/fmeng/tmpWqtBzVLFVHETauAnalyzerMVA-ZetauEmbedded_Run2012B/job.dag: STATUS_SUBMITTED stats: [33mSTATUS_SUBMITTED[0m(6) [32mSTATUS_DONE[0m(57) [34mSTATUS_UNREADY[0m(1)
INFO:__main__:/nfs_scratch/fmeng/tmpWqtBzVLFVHETauAnalyzerMVA-ZetauEmbedded_Run2012B/job.dag: STATUS_SUBMITTED stats: [33mSTATUS_SUBMITTED[0m(6) [32mSTATUS_DONE[0m(57) [34mSTATUS_UNREADY[0m(1)
INFO:__main__:/nfs_scratch/fmeng/tmpWqtBzVLFVHETauAnalyzerMVA-ZetauEmbedded_Run2012B/job.dag: STATUS_SUBMITTED stats: [33mSTATUS_SUBMITTED[0m(6) [32mSTATUS_DONE[0m(57) [34mSTATUS_UNREADY[0m(1)
INFO:__main__:/nfs_scratch/fmeng/tmpWqtBzVLFVHETauAnalyzerMVA-ZetauEmbedded_Run2012B/job.dag: STATUS_SUBMITTED stats: [33mSTATUS_SUBMITTED[0m(6) [32mSTATUS_DONE[0m(57) [34mSTATUS_UNREADY[0m(1)
INFO:__main__:/nfs_scratch/fmeng/tmpWqtBzVLFVHETauAnalyzerMVA-ZetauEmbedded_Run2012B/job.dag: STATUS_SUBMITTED stats: [33mSTATUS_SUBMITTED[0m(6) [32mSTATUS_DONE[0m(57) [34mSTATUS_UNREADY[0m(1)
INFO:__main__:/nfs_scratch/fmeng/tmpWqtBzVLFVHETauAnalyzerMVA-ZetauEmbedded_Run2012B/job.dag: STATUS_SUBMITTED stats: [33mSTATUS_SUBMITTED[0m(6) [32mSTATUS_DONE[0m(57) [34mSTATUS_UNREADY[0m(1)
INFO:__main__:/nfs_scratch/fmeng/tmpWqtBzVLFVHETauAnalyzerMVA-ZetauEmbedded_Run2012B/job.dag: STATUS_SUBMITTED stats: [33mSTATUS_SUBMITTED[0m(6) [32mSTATUS_DONE[0m(57) [34mSTATUS_UNREADY[0m(1)
INFO:__main__:/nfs_scratch/fmeng/tmpWqtBzVLFVHETauAnalyzerMVA-ZetauEmbedded_Run2012B/job.dag: STATUS_SUBMITTED stats: [33mSTATUS_SUBMITTED[0m(6) [32mSTATUS_DONE[0m(57) [34mSTATUS_UNREADY[0m(1)
INFO:__main__:/nfs_scratch/fmeng/tmpWqtBzVLFVHETauAnalyzerMVA-ZetauEmbedded_Run2012B/job.dag: STATUS_SUBMITTED stats: [33mSTATUS_SUBMITTED[0m(6) [32mSTATUS_DONE[0m(57) [34mSTATUS_UNREADY[0m(1)
INFO:__main__:/nfs_scratch/fmeng/tmpWqtBzVLFVHETauAnalyzerMVA-ZetauEmbedded_Run2012B/job.dag: STATUS_SUBMITTED stats: [33mSTATUS_SUBMITTED[0m(6) [32mSTATUS_DONE[0m(57) [34mSTATUS_UNREADY[0m(1)
INFO:__main__:/nfs_scratch/fmeng/tmpWqtBzVLFVHETauAnalyzerMVA-ZetauEmbedded_Run2012B/job.dag: STATUS_SUBMITTED stats: [33mSTATUS_SUBMITTED[0m(6) [32mSTATUS_DONE[0m(57) [34mSTATUS_UNREADY[0m(1)
INFO:__main__:/nfs_scratch/fmeng/tmpWqtBzVLFVHETauAnalyzerMVA-ZetauEmbedded_Run2012B/job.dag: STATUS_SUBMITTED stats: [33mSTATUS_SUBMITTED[0m(6) [32mSTATUS_DONE[0m(57) [34mSTATUS_UNREADY[0m(1)
INFO:__main__:/nfs_scratch/fmeng/tmpWqtBzVLFVHETauAnalyzerMVA-ZetauEmbedded_Run2012B/job.dag: STATUS_SUBMITTED stats: [33mSTATUS_SUBMITTED[0m(6) [32mSTATUS_DONE[0m(57) [34mSTATUS_UNREADY[0m(1)
INFO:__main__:/nfs_scratch/fmeng/tmpWqtBzVLFVHETauAnalyzerMVA-ZetauEmbedded_Run2012B/job.dag: STATUS_SUBMITTED stats: [33mSTATUS_SUBMITTED[0m(6) [32mSTATUS_DONE[0m(57) [34mSTATUS_UNREADY[0m(1)
INFO:__main__:/nfs_scratch/fmeng/tmpWqtBzVLFVHETauAnalyzerMVA-ZetauEmbedded_Run2012B/job.dag: STATUS_SUBMITTED stats: [33mSTATUS_SUBMITTED[0m(6) [32mSTATUS_DONE[0m(57) [34mSTATUS_UNREADY[0m(1)
INFO:__main__:/nfs_scratch/fmeng/tmpWqtBzVLFVHETauAnalyzerMVA-ZetauEmbedded_Run2012B/job.dag: STATUS_SUBMITTED stats: [33mSTATUS_SUBMITTED[0m(6) [32mSTATUS_DONE[0m(57) [34mSTATUS_UNREADY[0m(1)
INFO:__main__:/nfs_scratch/fmeng/tmpWqtBzVLFVHETauAnalyzerMVA-ZetauEmbedded_Run2012B/job.dag: STATUS_SUBMITTED stats: [33mSTATUS_SUBMITTED[0m(6) [32mSTATUS_DONE[0m(57) [34mSTATUS_UNREADY[0m(1)
INFO:__main__:/nfs_scratch/fmeng/tmpWqtBzVLFVHETauAnalyzerMVA-ZetauEmbedded_Run2012B/job.dag: STATUS_SUBMITTED stats: [33mSTATUS_SUBMITTED[0m(6) [32mSTATUS_DONE[0m(57) [34mSTATUS_UNREADY[0m(1)
INFO:__main__:/nfs_scratch/fmeng/tmpWqtBzVLFVHETauAnalyzerMVA-ZetauEmbedded_Run2012B/job.dag: STATUS_SUBMITTED stats: [33mSTATUS_SUBMITTED[0m(6) [32mSTATUS_DONE[0m(57) [34mSTATUS_UNREADY[0m(1)
INFO:__main__:/nfs_scratch/fmeng/tmpWqtBzVLFVHETauAnalyzerMVA-ZetauEmbedded_Run2012B/job.dag: STATUS_SUBMITTED stats: [33mSTATUS_SUBMITTED[0m(6) [32mSTATUS_DONE[0m(57) [34mSTATUS_UNREADY[0m(1)
INFO:__main__:/nfs_scratch/fmeng/tmpWqtBzVLFVHETauAnalyzerMVA-ZetauEmbedded_Run2012B/job.dag: STATUS_SUBMITTED stats: [33mSTATUS_SUBMITTED[0m(6) [32mSTATUS_DONE[0m(57) [34mSTATUS_UNREADY[0m(1)
INFO:__main__:/nfs_scratch/fmeng/tmpWqtBzVLFVHETauAnalyzerMVA-ZetauEmbedded_Run2012B/job.dag: STATUS_SUBMITTED stats: [33mSTATUS_SUBMITTED[0m(6) [32mSTATUS_DONE[0m(57) [34mSTATUS_UNREADY[0m(1)
INFO:__main__:/nfs_scratch/fmeng/tmpWqtBzVLFVHETauAnalyzerMVA-ZetauEmbedded_Run2012B/job.dag: STATUS_SUBMITTED stats: [33mSTATUS_SUBMITTED[0m(6) [32mSTATUS_DONE[0m(57) [34mSTATUS_UNREADY[0m(1)
INFO:__main__:/nfs_scratch/fmeng/tmpWqtBzVLFVHETauAnalyzerMVA-ZetauEmbedded_Run2012B/job.dag: STATUS_SUBMITTED stats: [33mSTATUS_SUBMITTED[0m(6) [32mSTATUS_DONE[0m(57) [34mSTATUS_UNREADY[0m(1)
INFO:__main__:/nfs_scratch/fmeng/tmpWqtBzVLFVHETauAnalyzerMVA-ZetauEmbedded_Run2012B/job.dag: STATUS_SUBMITTED stats: [33mSTATUS_SUBMITTED[0m(6) [32mSTATUS_DONE[0m(57) [34mSTATUS_UNREADY[0m(1)
INFO:__main__:/nfs_scratch/fmeng/tmpWqtBzVLFVHETauAnalyzerMVA-ZetauEmbedded_Run2012B/job.dag: STATUS_SUBMITTED stats: [33mSTATUS_SUBMITTED[0m(6) [32mSTATUS_DONE[0m(57) [34mSTATUS_UNREADY[0m(1)
INFO:__main__:/nfs_scratch/fmeng/tmpWqtBzVLFVHETauAnalyzerMVA-ZetauEmbedded_Run2012B/job.dag: STATUS_SUBMITTED stats: [33mSTATUS_SUBMITTED[0m(6) [32mSTATUS_DONE[0m(57) [34mSTATUS_UNREADY[0m(1)
INFO:__main__:/nfs_scratch/fmeng/tmpWqtBzVLFVHETauAnalyzerMVA-ZetauEmbedded_Run2012B/job.dag: STATUS_SUBMITTED stats: [33mSTATUS_SUBMITTED[0m(6) [32mSTATUS_DONE[0m(57) [34mSTATUS_UNREADY[0m(1)
INFO:__main__:/nfs_scratch/fmeng/tmpWqtBzVLFVHETauAnalyzerMVA-ZetauEmbedded_Run2012B/job.dag: STATUS_SUBMITTED stats: [33mSTATUS_SUBMITTED[0m(6) [32mSTATUS_DONE[0m(57) [34mSTATUS_UNREADY[0m(1)
INFO:__main__:/nfs_scratch/fmeng/tmpWqtBzVLFVHETauAnalyzerMVA-ZetauEmbedded_Run2012B/job.dag: STATUS_SUBMITTED stats: [33mSTATUS_SUBMITTED[0m(6) [32mSTATUS_DONE[0m(57) [34mSTATUS_UNREADY[0m(1)
INFO:__main__:/nfs_scratch/fmeng/tmpWqtBzVLFVHETauAnalyzerMVA-ZetauEmbedded_Run2012B/job.dag: STATUS_SUBMITTED stats: [33mSTATUS_SUBMITTED[0m(6) [32mSTATUS_DONE[0m(57) [34mSTATUS_UNREADY[0m(1)
INFO:__main__:/nfs_scratch/fmeng/tmpWqtBzVLFVHETauAnalyzerMVA-ZetauEmbedded_Run2012B/job.dag: STATUS_SUBMITTED stats: [33mSTATUS_SUBMITTED[0m(6) [32mSTATUS_DONE[0m(57) [34mSTATUS_UNREADY[0m(1)
INFO:__main__:/nfs_scratch/fmeng/tmpWqtBzVLFVHETauAnalyzerMVA-ZetauEmbedded_Run2012B/job.dag: STATUS_SUBMITTED stats: [33mSTATUS_SUBMITTED[0m(6) [32mSTATUS_DONE[0m(57) [34mSTATUS_UNREADY[0m(1)
INFO:__main__:/nfs_scratch/fmeng/tmpWqtBzVLFVHETauAnalyzerMVA-ZetauEmbedded_Run2012B/job.dag: STATUS_SUBMITTED stats: [33mSTATUS_SUBMITTED[0m(6) [32mSTATUS_DONE[0m(57) [34mSTATUS_UNREADY[0m(1)
INFO:__main__:/nfs_scratch/fmeng/tmpWqtBzVLFVHETauAnalyzerMVA-ZetauEmbedded_Run2012B/job.dag: STATUS_SUBMITTED stats: [33mSTATUS_SUBMITTED[0m(6) [32mSTATUS_DONE[0m(57) [34mSTATUS_UNREADY[0m(1)
INFO:__main__:/nfs_scratch/fmeng/tmpWqtBzVLFVHETauAnalyzerMVA-ZetauEmbedded_Run2012B/job.dag: STATUS_SUBMITTED stats: [33mSTATUS_SUBMITTED[0m(6) [32mSTATUS_DONE[0m(57) [34mSTATUS_UNREADY[0m(1)
INFO:__main__:/nfs_scratch/fmeng/tmpWqtBzVLFVHETauAnalyzerMVA-ZetauEmbedded_Run2012B/job.dag: STATUS_SUBMITTED stats: [33mSTATUS_SUBMITTED[0m(6) [32mSTATUS_DONE[0m(57) [34mSTATUS_UNREADY[0m(1)
INFO:__main__:/nfs_scratch/fmeng/tmpWqtBzVLFVHETauAnalyzerMVA-ZetauEmbedded_Run2012B/job.dag: STATUS_SUBMITTED stats: [33mSTATUS_SUBMITTED[0m(6) [32mSTATUS_DONE[0m(57) [34mSTATUS_UNREADY[0m(1)
INFO:__main__:/nfs_scratch/fmeng/tmpWqtBzVLFVHETauAnalyzerMVA-ZetauEmbedded_Run2012B/job.dag: STATUS_SUBMITTED stats: [33mSTATUS_SUBMITTED[0m(6) [32mSTATUS_DONE[0m(57) [34mSTATUS_UNREADY[0m(1)
INFO:__main__:/nfs_scratch/fmeng/tmpWqtBzVLFVHETauAnalyzerMVA-ZetauEmbedded_Run2012B/job.dag: STATUS_SUBMITTED stats: [33mSTATUS_SUBMITTED[0m(6) [32mSTATUS_DONE[0m(57) [34mSTATUS_UNREADY[0m(1)
INFO:__main__:/nfs_scratch/fmeng/tmpWqtBzVLFVHETauAnalyzerMVA-ZetauEmbedded_Run2012B/job.dag: STATUS_SUBMITTED stats: [33mSTATUS_SUBMITTED[0m(6) [32mSTATUS_DONE[0m(57) [34mSTATUS_UNREADY[0m(1)
INFO:__main__:/nfs_scratch/fmeng/tmpWqtBzVLFVHETauAnalyzerMVA-ZetauEmbedded_Run2012B/job.dag: STATUS_SUBMITTED stats: [33mSTATUS_SUBMITTED[0m(6) [32mSTATUS_DONE[0m(57) [34mSTATUS_UNREADY[0m(1)
INFO:__main__:/nfs_scratch/fmeng/tmpWqtBzVLFVHETauAnalyzerMVA-ZetauEmbedded_Run2012B/job.dag: STATUS_SUBMITTED stats: [33mSTATUS_SUBMITTED[0m(6) [32mSTATUS_DONE[0m(57) [34mSTATUS_UNREADY[0m(1)
INFO:__main__:/nfs_scratch/fmeng/tmpWqtBzVLFVHETauAnalyzerMVA-ZetauEmbedded_Run2012B/job.dag: STATUS_SUBMITTED stats: [33mSTATUS_SUBMITTED[0m(6) [32mSTATUS_DONE[0m(57) [34mSTATUS_UNREADY[0m(1)
INFO:__main__:/nfs_scratch/fmeng/tmpWqtBzVLFVHETauAnalyzerMVA-ZetauEmbedded_Run2012B/job.dag: STATUS_SUBMITTED stats: [33mSTATUS_SUBMITTED[0m(6) [32mSTATUS_DONE[0m(57) [34mSTATUS_UNREADY[0m(1)
INFO:__main__:/nfs_scratch/fmeng/tmpWqtBzVLFVHETauAnalyzerMVA-ZetauEmbedded_Run2012B/job.dag: STATUS_SUBMITTED stats: [33mSTATUS_SUBMITTED[0m(6) [32mSTATUS_DONE[0m(57) [34mSTATUS_UNREADY[0m(1)
INFO:__main__:/nfs_scratch/fmeng/tmpWqtBzVLFVHETauAnalyzerMVA-ZetauEmbedded_Run2012B/job.dag: STATUS_SUBMITTED stats: [33mSTATUS_SUBMITTED[0m(6) [32mSTATUS_DONE[0m(57) [34mSTATUS_UNREADY[0m(1)
INFO:__main__:/nfs_scratch/fmeng/tmpWqtBzVLFVHETauAnalyzerMVA-ZetauEmbedded_Run2012B/job.dag: STATUS_SUBMITTED stats: [33mSTATUS_SUBMITTED[0m(6) [32mSTATUS_DONE[0m(57) [34mSTATUS_UNREADY[0m(1)
INFO:__main__:/nfs_scratch/fmeng/tmpWqtBzVLFVHETauAnalyzerMVA-ZetauEmbedded_Run2012B/job.dag: STATUS_SUBMITTED stats: [33mSTATUS_SUBMITTED[0m(6) [32mSTATUS_DONE[0m(57) [34mSTATUS_UNREADY[0m(1)
INFO:__main__:/nfs_scratch/fmeng/tmpWqtBzVLFVHETauAnalyzerMVA-ZetauEmbedded_Run2012B/job.dag: STATUS_SUBMITTED stats: [33mSTATUS_SUBMITTED[0m(6) [32mSTATUS_DONE[0m(57) [34mSTATUS_UNREADY[0m(1)
INFO:__main__:/nfs_scratch/fmeng/tmpWqtBzVLFVHETauAnalyzerMVA-ZetauEmbedded_Run2012B/job.dag: STATUS_SUBMITTED stats: [33mSTATUS_SUBMITTED[0m(6) [32mSTATUS_DONE[0m(57) [34mSTATUS_UNREADY[0m(1)
INFO:__main__:/nfs_scratch/fmeng/tmpWqtBzVLFVHETauAnalyzerMVA-ZetauEmbedded_Run2012B/job.dag: STATUS_SUBMITTED stats: [33mSTATUS_SUBMITTED[0m(6) [32mSTATUS_DONE[0m(57) [34mSTATUS_UNREADY[0m(1)
INFO:__main__:/nfs_scratch/fmeng/tmpWqtBzVLFVHETauAnalyzerMVA-ZetauEmbedded_Run2012B/job.dag: STATUS_SUBMITTED stats: [33mSTATUS_SUBMITTED[0m(6) [32mSTATUS_DONE[0m(57) [34mSTATUS_UNREADY[0m(1)
INFO:__main__:/nfs_scratch/fmeng/tmpWqtBzVLFVHETauAnalyzerMVA-ZetauEmbedded_Run2012B/job.dag: STATUS_SUBMITTED stats: [33mSTATUS_SUBMITTED[0m(6) [32mSTATUS_DONE[0m(57) [34mSTATUS_UNREADY[0m(1)
INFO:__main__:/nfs_scratch/fmeng/tmpWqtBzVLFVHETauAnalyzerMVA-ZetauEmbedded_Run2012B/job.dag: STATUS_SUBMITTED stats: [33mSTATUS_SUBMITTED[0m(6) [32mSTATUS_DONE[0m(57) [34mSTATUS_UNREADY[0m(1)
INFO:__main__:/nfs_scratch/fmeng/tmpWqtBzVLFVHETauAnalyzerMVA-ZetauEmbedded_Run2012B/job.dag: STATUS_SUBMITTED stats: [33mSTATUS_SUBMITTED[0m(6) [32mSTATUS_DONE[0m(57) [34mSTATUS_UNREADY[0m(1)
INFO:__main__:/nfs_scratch/fmeng/tmpWqtBzVLFVHETauAnalyzerMVA-ZetauEmbedded_Run2012B/job.dag: STATUS_SUBMITTED stats: [33mSTATUS_SUBMITTED[0m(6) [32mSTATUS_DONE[0m(57) [34mSTATUS_UNREADY[0m(1)
INFO:__main__:/nfs_scratch/fmeng/tmpWqtBzVLFVHETauAnalyzerMVA-ZetauEmbedded_Run2012B/job.dag: STATUS_SUBMITTED stats: [33mSTATUS_SUBMITTED[0m(6) [32mSTATUS_DONE[0m(57) [34mSTATUS_UNREADY[0m(1)
INFO:__main__:/nfs_scratch/fmeng/tmpWqtBzVLFVHETauAnalyzerMVA-ZetauEmbedded_Run2012B/job.dag: STATUS_SUBMITTED stats: [33mSTATUS_SUBMITTED[0m(6) [32mSTATUS_DONE[0m(57) [34mSTATUS_UNREADY[0m(1)
INFO:__main__:/nfs_scratch/fmeng/tmpWqtBzVLFVHETauAnalyzerMVA-ZetauEmbedded_Run2012B/job.dag: STATUS_SUBMITTED stats: [33mSTATUS_SUBMITTED[0m(6) [32mSTATUS_DONE[0m(57) [34mSTATUS_UNREADY[0m(1)
INFO:__main__:/nfs_scratch/fmeng/tmpWqtBzVLFVHETauAnalyzerMVA-ZetauEmbedded_Run2012B/job.dag: STATUS_SUBMITTED stats: [33mSTATUS_SUBMITTED[0m(6) [32mSTATUS_DONE[0m(57) [34mSTATUS_UNREADY[0m(1)
INFO:__main__:/nfs_scratch/fmeng/tmpWqtBzVLFVHETauAnalyzerMVA-ZetauEmbedded_Run2012B/job.dag: STATUS_SUBMITTED stats: [33mSTATUS_SUBMITTED[0m(6) [32mSTATUS_DONE[0m(57) [34mSTATUS_UNREADY[0m(1)
INFO:__main__:/nfs_scratch/fmeng/tmpWqtBzVLFVHETauAnalyzerMVA-ZetauEmbedded_Run2012B/job.dag: STATUS_SUBMITTED stats: [33mSTATUS_SUBMITTED[0m(6) [32mSTATUS_DONE[0m(57) [34mSTATUS_UNREADY[0m(1)
INFO:__main__:/nfs_scratch/fmeng/tmpWqtBzVLFVHETauAnalyzerMVA-ZetauEmbedded_Run2012B/job.dag: STATUS_SUBMITTED stats: [33mSTATUS_SUBMITTED[0m(6) [32mSTATUS_DONE[0m(57) [34mSTATUS_UNREADY[0m(1)
INFO:__main__:/nfs_scratch/fmeng/tmpWqtBzVLFVHETauAnalyzerMVA-ZetauEmbedded_Run2012B/job.dag: STATUS_SUBMITTED stats: [33mSTATUS_SUBMITTED[0m(6) [32mSTATUS_DONE[0m(57) [34mSTATUS_UNREADY[0m(1)
INFO:__main__:/nfs_scratch/fmeng/tmpWqtBzVLFVHETauAnalyzerMVA-ZetauEmbedded_Run2012B/job.dag: STATUS_SUBMITTED stats: [33mSTATUS_SUBMITTED[0m(6) [32mSTATUS_DONE[0m(57) [34mSTATUS_UNREADY[0m(1)
INFO:__main__:/nfs_scratch/fmeng/tmpWqtBzVLFVHETauAnalyzerMVA-ZetauEmbedded_Run2012B/job.dag: STATUS_SUBMITTED stats: [33mSTATUS_SUBMITTED[0m(6) [32mSTATUS_DONE[0m(57) [34mSTATUS_UNREADY[0m(1)
INFO:__main__:/nfs_scratch/fmeng/tmpWqtBzVLFVHETauAnalyzerMVA-ZetauEmbedded_Run2012B/job.dag: STATUS_SUBMITTED stats: [33mSTATUS_SUBMITTED[0m(6) [32mSTATUS_DONE[0m(57) [34mSTATUS_UNREADY[0m(1)
INFO:__main__:/nfs_scratch/fmeng/tmpWqtBzVLFVHETauAnalyzerMVA-ZetauEmbedded_Run2012B/job.dag: STATUS_SUBMITTED stats: [33mSTATUS_SUBMITTED[0m(6) [32mSTATUS_DONE[0m(57) [34mSTATUS_UNREADY[0m(1)
INFO:__main__:/nfs_scratch/fmeng/tmpWqtBzVLFVHETauAnalyzerMVA-ZetauEmbedded_Run2012B/job.dag: STATUS_SUBMITTED stats: [33mSTATUS_SUBMITTED[0m(6) [32mSTATUS_DONE[0m(57) [34mSTATUS_UNREADY[0m(1)
INFO:__main__:/nfs_scratch/fmeng/tmpWqtBzVLFVHETauAnalyzerMVA-ZetauEmbedded_Run2012B/job.dag: STATUS_SUBMITTED stats: [33mSTATUS_SUBMITTED[0m(6) [32mSTATUS_DONE[0m(57) [34mSTATUS_UNREADY[0m(1)
INFO:__main__:/nfs_scratch/fmeng/tmpWqtBzVLFVHETauAnalyzerMVA-ZetauEmbedded_Run2012B/job.dag: STATUS_SUBMITTED stats: [33mSTATUS_SUBMITTED[0m(6) [32mSTATUS_DONE[0m(57) [34mSTATUS_UNREADY[0m(1)
INFO:__main__:/nfs_scratch/fmeng/tmpWqtBzVLFVHETauAnalyzerMVA-ZetauEmbedded_Run2012B/job.dag: STATUS_SUBMITTED stats: [33mSTATUS_SUBMITTED[0m(6) [32mSTATUS_DONE[0m(57) [34mSTATUS_UNREADY[0m(1)
INFO:__main__:/nfs_scratch/fmeng/tmpWqtBzVLFVHETauAnalyzerMVA-ZetauEmbedded_Run2012B/job.dag: STATUS_SUBMITTED stats: [33mSTATUS_SUBMITTED[0m(6) [32mSTATUS_DONE[0m(57) [34mSTATUS_UNREADY[0m(1)
INFO:__main__:/nfs_scratch/fmeng/tmpWqtBzVLFVHETauAnalyzerMVA-ZetauEmbedded_Run2012B/job.dag: STATUS_SUBMITTED stats: [33mSTATUS_SUBMITTED[0m(6) [32mSTATUS_DONE[0m(57) [34mSTATUS_UNREADY[0m(1)
INFO:__main__:/nfs_scratch/fmeng/tmpWqtBzVLFVHETauAnalyzerMVA-ZetauEmbedded_Run2012B/job.dag: STATUS_SUBMITTED stats: [33mSTATUS_SUBMITTED[0m(6) [32mSTATUS_DONE[0m(57) [34mSTATUS_UNREADY[0m(1)
INFO:__main__:/nfs_scratch/fmeng/tmpWqtBzVLFVHETauAnalyzerMVA-ZetauEmbedded_Run2012B/job.dag: STATUS_SUBMITTED stats: [33mSTATUS_SUBMITTED[0m(6) [32mSTATUS_DONE[0m(57) [34mSTATUS_UNREADY[0m(1)
INFO:__main__:/nfs_scratch/fmeng/tmpWqtBzVLFVHETauAnalyzerMVA-ZetauEmbedded_Run2012B/job.dag: STATUS_SUBMITTED stats: [33mSTATUS_SUBMITTED[0m(6) [32mSTATUS_DONE[0m(57) [34mSTATUS_UNREADY[0m(1)
INFO:__main__:/nfs_scratch/fmeng/tmpWqtBzVLFVHETauAnalyzerMVA-ZetauEmbedded_Run2012B/job.dag: STATUS_SUBMITTED stats: [33mSTATUS_SUBMITTED[0m(6) [32mSTATUS_DONE[0m(57) [34mSTATUS_UNREADY[0m(1)
INFO:__main__:/nfs_scratch/fmeng/tmpWqtBzVLFVHETauAnalyzerMVA-ZetauEmbedded_Run2012B/job.dag: STATUS_SUBMITTED stats: [33mSTATUS_SUBMITTED[0m(6) [32mSTATUS_DONE[0m(57) [34mSTATUS_UNREADY[0m(1)
INFO:__main__:/nfs_scratch/fmeng/tmpWqtBzVLFVHETauAnalyzerMVA-ZetauEmbedded_Run2012B/job.dag: STATUS_SUBMITTED stats: [33mSTATUS_SUBMITTED[0m(6) [32mSTATUS_DONE[0m(57) [34mSTATUS_UNREADY[0m(1)
INFO:__main__:/nfs_scratch/fmeng/tmpWqtBzVLFVHETauAnalyzerMVA-ZetauEmbedded_Run2012B/job.dag: STATUS_SUBMITTED stats: [33mSTATUS_SUBMITTED[0m(6) [32mSTATUS_DONE[0m(57) [34mSTATUS_UNREADY[0m(1)
INFO:__main__:/nfs_scratch/fmeng/tmpWqtBzVLFVHETauAnalyzerMVA-ZetauEmbedded_Run2012B/job.dag: STATUS_SUBMITTED stats: [33mSTATUS_SUBMITTED[0m(6) [32mSTATUS_DONE[0m(57) [34mSTATUS_UNREADY[0m(1)
INFO:__main__:/nfs_scratch/fmeng/tmpWqtBzVLFVHETauAnalyzerMVA-ZetauEmbedded_Run2012B/job.dag: STATUS_SUBMITTED stats: [33mSTATUS_SUBMITTED[0m(6) [32mSTATUS_DONE[0m(57) [34mSTATUS_UNREADY[0m(1)
INFO:__main__:/nfs_scratch/fmeng/tmpWqtBzVLFVHETauAnalyzerMVA-ZetauEmbedded_Run2012B/job.dag: STATUS_SUBMITTED stats: [33mSTATUS_SUBMITTED[0m(6) [32mSTATUS_DONE[0m(57) [34mSTATUS_UNREADY[0m(1)
INFO:__main__:/nfs_scratch/fmeng/tmpWqtBzVLFVHETauAnalyzerMVA-ZetauEmbedded_Run2012B/job.dag: STATUS_SUBMITTED stats: [33mSTATUS_SUBMITTED[0m(6) [32mSTATUS_DONE[0m(57) [34mSTATUS_UNREADY[0m(1)
INFO:__main__:/nfs_scratch/fmeng/tmpWqtBzVLFVHETauAnalyzerMVA-ZetauEmbedded_Run2012B/job.dag: STATUS_SUBMITTED stats: [33mSTATUS_SUBMITTED[0m(6) [32mSTATUS_DONE[0m(57) [34mSTATUS_UNREADY[0m(1)
INFO:__main__:/nfs_scratch/fmeng/tmpWqtBzVLFVHETauAnalyzerMVA-ZetauEmbedded_Run2012B/job.dag: STATUS_SUBMITTED stats: [33mSTATUS_SUBMITTED[0m(6) [32mSTATUS_DONE[0m(57) [34mSTATUS_UNREADY[0m(1)
INFO:__main__:/nfs_scratch/fmeng/tmpWqtBzVLFVHETauAnalyzerMVA-ZetauEmbedded_Run2012B/job.dag: STATUS_SUBMITTED stats: [33mSTATUS_SUBMITTED[0m(6) [32mSTATUS_DONE[0m(57) [34mSTATUS_UNREADY[0m(1)
INFO:__main__:/nfs_scratch/fmeng/tmpWqtBzVLFVHETauAnalyzerMVA-ZetauEmbedded_Run2012B/job.dag: STATUS_SUBMITTED stats: [33mSTATUS_SUBMITTED[0m(6) [32mSTATUS_DONE[0m(57) [34mSTATUS_UNREADY[0m(1)
INFO:__main__:/nfs_scratch/fmeng/tmpWqtBzVLFVHETauAnalyzerMVA-ZetauEmbedded_Run2012B/job.dag: STATUS_SUBMITTED stats: [33mSTATUS_SUBMITTED[0m(6) [32mSTATUS_DONE[0m(57) [34mSTATUS_UNREADY[0m(1)
INFO:__main__:/nfs_scratch/fmeng/tmpWqtBzVLFVHETauAnalyzerMVA-ZetauEmbedded_Run2012B/job.dag: STATUS_SUBMITTED stats: [33mSTATUS_SUBMITTED[0m(6) [32mSTATUS_DONE[0m(57) [34mSTATUS_UNREADY[0m(1)
INFO:__main__:/nfs_scratch/fmeng/tmpWqtBzVLFVHETauAnalyzerMVA-ZetauEmbedded_Run2012B/job.dag: STATUS_SUBMITTED stats: [33mSTATUS_SUBMITTED[0m(6) [32mSTATUS_DONE[0m(57) [34mSTATUS_UNREADY[0m(1)
INFO:__main__:/nfs_scratch/fmeng/tmpWqtBzVLFVHETauAnalyzerMVA-ZetauEmbedded_Run2012B/job.dag: STATUS_SUBMITTED stats: [33mSTATUS_SUBMITTED[0m(5) [32mSTATUS_DONE[0m(58) [34mSTATUS_UNREADY[0m(1)
INFO:__main__:/nfs_scratch/fmeng/tmpWqtBzVLFVHETauAnalyzerMVA-ZetauEmbedded_Run2012B/job.dag: STATUS_SUBMITTED stats: [33mSTATUS_SUBMITTED[0m(5) [32mSTATUS_DONE[0m(58) [34mSTATUS_UNREADY[0m(1)
INFO:__main__:/nfs_scratch/fmeng/tmpWqtBzVLFVHETauAnalyzerMVA-ZetauEmbedded_Run2012B/job.dag: STATUS_SUBMITTED stats: [33mSTATUS_SUBMITTED[0m(5) [32mSTATUS_DONE[0m(58) [34mSTATUS_UNREADY[0m(1)
INFO:__main__:/nfs_scratch/fmeng/tmpWqtBzVLFVHETauAnalyzerMVA-ZetauEmbedded_Run2012B/job.dag: STATUS_SUBMITTED stats: [33mSTATUS_SUBMITTED[0m(5) [32mSTATUS_DONE[0m(58) [34mSTATUS_UNREADY[0m(1)
INFO:__main__:/nfs_scratch/fmeng/tmpWqtBzVLFVHETauAnalyzerMVA-ZetauEmbedded_Run2012B/job.dag: STATUS_SUBMITTED stats: [33mSTATUS_SUBMITTED[0m(5) [32mSTATUS_DONE[0m(58) [34mSTATUS_UNREADY[0m(1)
INFO:__main__:/nfs_scratch/fmeng/tmpWqtBzVLFVHETauAnalyzerMVA-ZetauEmbedded_Run2012B/job.dag: STATUS_SUBMITTED stats: [33mSTATUS_SUBMITTED[0m(5) [32mSTATUS_DONE[0m(58) [34mSTATUS_UNREADY[0m(1)
INFO:__main__:/nfs_scratch/fmeng/tmpWqtBzVLFVHETauAnalyzerMVA-ZetauEmbedded_Run2012B/job.dag: STATUS_SUBMITTED stats: [33mSTATUS_SUBMITTED[0m(5) [32mSTATUS_DONE[0m(58) [34mSTATUS_UNREADY[0m(1)
INFO:__main__:/nfs_scratch/fmeng/tmpWqtBzVLFVHETauAnalyzerMVA-ZetauEmbedded_Run2012B/job.dag: STATUS_SUBMITTED stats: [33mSTATUS_SUBMITTED[0m(5) [32mSTATUS_DONE[0m(58) [34mSTATUS_UNREADY[0m(1)
INFO:__main__:/nfs_scratch/fmeng/tmpWqtBzVLFVHETauAnalyzerMVA-ZetauEmbedded_Run2012B/job.dag: STATUS_SUBMITTED stats: [33mSTATUS_SUBMITTED[0m(5) [32mSTATUS_DONE[0m(58) [34mSTATUS_UNREADY[0m(1)
INFO:__main__:/nfs_scratch/fmeng/tmpWqtBzVLFVHETauAnalyzerMVA-ZetauEmbedded_Run2012B/job.dag: STATUS_SUBMITTED stats: [33mSTATUS_SUBMITTED[0m(5) [32mSTATUS_DONE[0m(58) [34mSTATUS_UNREADY[0m(1)
INFO:__main__:/nfs_scratch/fmeng/tmpWqtBzVLFVHETauAnalyzerMVA-ZetauEmbedded_Run2012B/job.dag: STATUS_SUBMITTED stats: [33mSTATUS_SUBMITTED[0m(5) [32mSTATUS_DONE[0m(58) [34mSTATUS_UNREADY[0m(1)
INFO:__main__:/nfs_scratch/fmeng/tmpWqtBzVLFVHETauAnalyzerMVA-ZetauEmbedded_Run2012B/job.dag: STATUS_SUBMITTED stats: [33mSTATUS_SUBMITTED[0m(5) [32mSTATUS_DONE[0m(58) [34mSTATUS_UNREADY[0m(1)
INFO:__main__:/nfs_scratch/fmeng/tmpWqtBzVLFVHETauAnalyzerMVA-ZetauEmbedded_Run2012B/job.dag: STATUS_SUBMITTED stats: [33mSTATUS_SUBMITTED[0m(5) [32mSTATUS_DONE[0m(58) [34mSTATUS_UNREADY[0m(1)
INFO:__main__:/nfs_scratch/fmeng/tmpWqtBzVLFVHETauAnalyzerMVA-ZetauEmbedded_Run2012B/job.dag: STATUS_SUBMITTED stats: [33mSTATUS_SUBMITTED[0m(5) [32mSTATUS_DONE[0m(58) [34mSTATUS_UNREADY[0m(1)
INFO:__main__:/nfs_scratch/fmeng/tmpWqtBzVLFVHETauAnalyzerMVA-ZetauEmbedded_Run2012B/job.dag: STATUS_SUBMITTED stats: [33mSTATUS_SUBMITTED[0m(5) [32mSTATUS_DONE[0m(58) [34mSTATUS_UNREADY[0m(1)
INFO:__main__:/nfs_scratch/fmeng/tmpWqtBzVLFVHETauAnalyzerMVA-ZetauEmbedded_Run2012B/job.dag: STATUS_SUBMITTED stats: [33mSTATUS_SUBMITTED[0m(5) [32mSTATUS_DONE[0m(58) [34mSTATUS_UNREADY[0m(1)
INFO:__main__:/nfs_scratch/fmeng/tmpWqtBzVLFVHETauAnalyzerMVA-ZetauEmbedded_Run2012B/job.dag: STATUS_SUBMITTED stats: [33mSTATUS_SUBMITTED[0m(5) [32mSTATUS_DONE[0m(58) [34mSTATUS_UNREADY[0m(1)
INFO:__main__:/nfs_scratch/fmeng/tmpWqtBzVLFVHETauAnalyzerMVA-ZetauEmbedded_Run2012B/job.dag: STATUS_SUBMITTED stats: [33mSTATUS_SUBMITTED[0m(5) [32mSTATUS_DONE[0m(58) [34mSTATUS_UNREADY[0m(1)
INFO:__main__:/nfs_scratch/fmeng/tmpWqtBzVLFVHETauAnalyzerMVA-ZetauEmbedded_Run2012B/job.dag: STATUS_SUBMITTED stats: [33mSTATUS_SUBMITTED[0m(5) [32mSTATUS_DONE[0m(58) [34mSTATUS_UNREADY[0m(1)
INFO:__main__:/nfs_scratch/fmeng/tmpWqtBzVLFVHETauAnalyzerMVA-ZetauEmbedded_Run2012B/job.dag: STATUS_SUBMITTED stats: [33mSTATUS_SUBMITTED[0m(5) [32mSTATUS_DONE[0m(58) [34mSTATUS_UNREADY[0m(1)
INFO:__main__:/nfs_scratch/fmeng/tmpWqtBzVLFVHETauAnalyzerMVA-ZetauEmbedded_Run2012B/job.dag: STATUS_SUBMITTED stats: [33mSTATUS_SUBMITTED[0m(5) [32mSTATUS_DONE[0m(58) [34mSTATUS_UNREADY[0m(1)
INFO:__main__:/nfs_scratch/fmeng/tmpWqtBzVLFVHETauAnalyzerMVA-ZetauEmbedded_Run2012B/job.dag: STATUS_SUBMITTED stats: [33mSTATUS_SUBMITTED[0m(5) [32mSTATUS_DONE[0m(58) [34mSTATUS_UNREADY[0m(1)
INFO:__main__:/nfs_scratch/fmeng/tmpWqtBzVLFVHETauAnalyzerMVA-ZetauEmbedded_Run2012B/job.dag: STATUS_SUBMITTED stats: [33mSTATUS_SUBMITTED[0m(5) [32mSTATUS_DONE[0m(58) [34mSTATUS_UNREADY[0m(1)
INFO:__main__:/nfs_scratch/fmeng/tmpWqtBzVLFVHETauAnalyzerMVA-ZetauEmbedded_Run2012B/job.dag: STATUS_SUBMITTED stats: [33mSTATUS_SUBMITTED[0m(5) [32mSTATUS_DONE[0m(58) [34mSTATUS_UNREADY[0m(1)
INFO:__main__:/nfs_scratch/fmeng/tmpWqtBzVLFVHETauAnalyzerMVA-ZetauEmbedded_Run2012B/job.dag: STATUS_SUBMITTED stats: [33mSTATUS_SUBMITTED[0m(5) [32mSTATUS_DONE[0m(58) [34mSTATUS_UNREADY[0m(1)
INFO:__main__:/nfs_scratch/fmeng/tmpWqtBzVLFVHETauAnalyzerMVA-ZetauEmbedded_Run2012B/job.dag: STATUS_SUBMITTED stats: [33mSTATUS_SUBMITTED[0m(5) [32mSTATUS_DONE[0m(58) [34mSTATUS_UNREADY[0m(1)
INFO:__main__:/nfs_scratch/fmeng/tmpWqtBzVLFVHETauAnalyzerMVA-ZetauEmbedded_Run2012B/job.dag: STATUS_SUBMITTED stats: [33mSTATUS_SUBMITTED[0m(5) [32mSTATUS_DONE[0m(58) [34mSTATUS_UNREADY[0m(1)
INFO:__main__:/nfs_scratch/fmeng/tmpWqtBzVLFVHETauAnalyzerMVA-ZetauEmbedded_Run2012B/job.dag: STATUS_SUBMITTED stats: [33mSTATUS_SUBMITTED[0m(5) [32mSTATUS_DONE[0m(58) [34mSTATUS_UNREADY[0m(1)
INFO:__main__:/nfs_scratch/fmeng/tmpWqtBzVLFVHETauAnalyzerMVA-ZetauEmbedded_Run2012B/job.dag: STATUS_SUBMITTED stats: [33mSTATUS_SUBMITTED[0m(5) [32mSTATUS_DONE[0m(58) [34mSTATUS_UNREADY[0m(1)
INFO:__main__:/nfs_scratch/fmeng/tmpWqtBzVLFVHETauAnalyzerMVA-ZetauEmbedded_Run2012B/job.dag: STATUS_SUBMITTED stats: [33mSTATUS_SUBMITTED[0m(5) [32mSTATUS_DONE[0m(58) [34mSTATUS_UNREADY[0m(1)
INFO:__main__:/nfs_scratch/fmeng/tmpWqtBzVLFVHETauAnalyzerMVA-ZetauEmbedded_Run2012B/job.dag: STATUS_SUBMITTED stats: [33mSTATUS_SUBMITTED[0m(5) [32mSTATUS_DONE[0m(58) [34mSTATUS_UNREADY[0m(1)
INFO:__main__:/nfs_scratch/fmeng/tmpWqtBzVLFVHETauAnalyzerMVA-ZetauEmbedded_Run2012B/job.dag: STATUS_SUBMITTED stats: [33mSTATUS_SUBMITTED[0m(5) [32mSTATUS_DONE[0m(58) [34mSTATUS_UNREADY[0m(1)
INFO:__main__:/nfs_scratch/fmeng/tmpWqtBzVLFVHETauAnalyzerMVA-ZetauEmbedded_Run2012B/job.dag: STATUS_SUBMITTED stats: [33mSTATUS_SUBMITTED[0m(4) [32mSTATUS_DONE[0m(59) [34mSTATUS_UNREADY[0m(1)
INFO:__main__:/nfs_scratch/fmeng/tmpWqtBzVLFVHETauAnalyzerMVA-ZetauEmbedded_Run2012B/job.dag: STATUS_SUBMITTED stats: [33mSTATUS_SUBMITTED[0m(4) [32mSTATUS_DONE[0m(59) [34mSTATUS_UNREADY[0m(1)
INFO:__main__:/nfs_scratch/fmeng/tmpWqtBzVLFVHETauAnalyzerMVA-ZetauEmbedded_Run2012B/job.dag: STATUS_SUBMITTED stats: [33mSTATUS_SUBMITTED[0m(4) [32mSTATUS_DONE[0m(59) [34mSTATUS_UNREADY[0m(1)
INFO:__main__:/nfs_scratch/fmeng/tmpWqtBzVLFVHETauAnalyzerMVA-ZetauEmbedded_Run2012B/job.dag: STATUS_SUBMITTED stats: [33mSTATUS_SUBMITTED[0m(4) [32mSTATUS_DONE[0m(59) [34mSTATUS_UNREADY[0m(1)
INFO:__main__:/nfs_scratch/fmeng/tmpWqtBzVLFVHETauAnalyzerMVA-ZetauEmbedded_Run2012B/job.dag: STATUS_SUBMITTED stats: [33mSTATUS_SUBMITTED[0m(4) [32mSTATUS_DONE[0m(59) [34mSTATUS_UNREADY[0m(1)
INFO:__main__:/nfs_scratch/fmeng/tmpWqtBzVLFVHETauAnalyzerMVA-ZetauEmbedded_Run2012B/job.dag: STATUS_SUBMITTED stats: [33mSTATUS_SUBMITTED[0m(4) [32mSTATUS_DONE[0m(59) [34mSTATUS_UNREADY[0m(1)
INFO:__main__:/nfs_scratch/fmeng/tmpWqtBzVLFVHETauAnalyzerMVA-ZetauEmbedded_Run2012B/job.dag: STATUS_SUBMITTED stats: [33mSTATUS_SUBMITTED[0m(3) [32mSTATUS_DONE[0m(60) [34mSTATUS_UNREADY[0m(1)
INFO:__main__:/nfs_scratch/fmeng/tmpWqtBzVLFVHETauAnalyzerMVA-ZetauEmbedded_Run2012B/job.dag: STATUS_SUBMITTED stats: [33mSTATUS_SUBMITTED[0m(3) [32mSTATUS_DONE[0m(60) [34mSTATUS_UNREADY[0m(1)
INFO:__main__:/nfs_scratch/fmeng/tmpWqtBzVLFVHETauAnalyzerMVA-ZetauEmbedded_Run2012B/job.dag: STATUS_SUBMITTED stats: [33mSTATUS_SUBMITTED[0m(3) [32mSTATUS_DONE[0m(60) [34mSTATUS_UNREADY[0m(1)
INFO:__main__:/nfs_scratch/fmeng/tmpWqtBzVLFVHETauAnalyzerMVA-ZetauEmbedded_Run2012B/job.dag: STATUS_SUBMITTED stats: [33mSTATUS_SUBMITTED[0m(3) [32mSTATUS_DONE[0m(60) [34mSTATUS_UNREADY[0m(1)
INFO:__main__:/nfs_scratch/fmeng/tmpWqtBzVLFVHETauAnalyzerMVA-ZetauEmbedded_Run2012B/job.dag: STATUS_SUBMITTED stats: [33mSTATUS_SUBMITTED[0m(3) [32mSTATUS_DONE[0m(60) [34mSTATUS_UNREADY[0m(1)
INFO:__main__:/nfs_scratch/fmeng/tmpWqtBzVLFVHETauAnalyzerMVA-ZetauEmbedded_Run2012B/job.dag: STATUS_SUBMITTED stats: [33mSTATUS_SUBMITTED[0m(3) [32mSTATUS_DONE[0m(60) [34mSTATUS_UNREADY[0m(1)
INFO:__main__:/nfs_scratch/fmeng/tmpWqtBzVLFVHETauAnalyzerMVA-ZetauEmbedded_Run2012B/job.dag: STATUS_SUBMITTED stats: [33mSTATUS_SUBMITTED[0m(3) [32mSTATUS_DONE[0m(60) [34mSTATUS_UNREADY[0m(1)
INFO:__main__:/nfs_scratch/fmeng/tmpWqtBzVLFVHETauAnalyzerMVA-ZetauEmbedded_Run2012B/job.dag: STATUS_SUBMITTED stats: [33mSTATUS_SUBMITTED[0m(3) [32mSTATUS_DONE[0m(60) [34mSTATUS_UNREADY[0m(1)
INFO:__main__:/nfs_scratch/fmeng/tmpWqtBzVLFVHETauAnalyzerMVA-ZetauEmbedded_Run2012B/job.dag: STATUS_SUBMITTED stats: [33mSTATUS_SUBMITTED[0m(3) [32mSTATUS_DONE[0m(60) [34mSTATUS_UNREADY[0m(1)
INFO:__main__:/nfs_scratch/fmeng/tmpWqtBzVLFVHETauAnalyzerMVA-ZetauEmbedded_Run2012B/job.dag: STATUS_SUBMITTED stats: [33mSTATUS_SUBMITTED[0m(3) [32mSTATUS_DONE[0m(60) [34mSTATUS_UNREADY[0m(1)
INFO:__main__:/nfs_scratch/fmeng/tmpWqtBzVLFVHETauAnalyzerMVA-ZetauEmbedded_Run2012B/job.dag: STATUS_SUBMITTED stats: [33mSTATUS_SUBMITTED[0m(3) [32mSTATUS_DONE[0m(60) [34mSTATUS_UNREADY[0m(1)
INFO:__main__:/nfs_scratch/fmeng/tmpWqtBzVLFVHETauAnalyzerMVA-ZetauEmbedded_Run2012B/job.dag: STATUS_SUBMITTED stats: [33mSTATUS_SUBMITTED[0m(3) [32mSTATUS_DONE[0m(60) [34mSTATUS_UNREADY[0m(1)
INFO:__main__:/nfs_scratch/fmeng/tmpWqtBzVLFVHETauAnalyzerMVA-ZetauEmbedded_Run2012B/job.dag: STATUS_SUBMITTED stats: [33mSTATUS_SUBMITTED[0m(3) [32mSTATUS_DONE[0m(60) [34mSTATUS_UNREADY[0m(1)
INFO:__main__:/nfs_scratch/fmeng/tmpWqtBzVLFVHETauAnalyzerMVA-ZetauEmbedded_Run2012B/job.dag: STATUS_SUBMITTED stats: [33mSTATUS_SUBMITTED[0m(3) [32mSTATUS_DONE[0m(60) [34mSTATUS_UNREADY[0m(1)
INFO:__main__:/nfs_scratch/fmeng/tmpWqtBzVLFVHETauAnalyzerMVA-ZetauEmbedded_Run2012B/job.dag: STATUS_SUBMITTED stats: [33mSTATUS_SUBMITTED[0m(3) [32mSTATUS_DONE[0m(60) [34mSTATUS_UNREADY[0m(1)
INFO:__main__:/nfs_scratch/fmeng/tmpWqtBzVLFVHETauAnalyzerMVA-ZetauEmbedded_Run2012B/job.dag: STATUS_SUBMITTED stats: [33mSTATUS_SUBMITTED[0m(3) [32mSTATUS_DONE[0m(60) [34mSTATUS_UNREADY[0m(1)
INFO:__main__:/nfs_scratch/fmeng/tmpWqtBzVLFVHETauAnalyzerMVA-ZetauEmbedded_Run2012B/job.dag: STATUS_SUBMITTED stats: [33mSTATUS_SUBMITTED[0m(3) [32mSTATUS_DONE[0m(60) [34mSTATUS_UNREADY[0m(1)
INFO:__main__:/nfs_scratch/fmeng/tmpWqtBzVLFVHETauAnalyzerMVA-ZetauEmbedded_Run2012B/job.dag: STATUS_SUBMITTED stats: [33mSTATUS_SUBMITTED[0m(2) [32mSTATUS_DONE[0m(61) [34mSTATUS_UNREADY[0m(1)
INFO:__main__:/nfs_scratch/fmeng/tmpWqtBzVLFVHETauAnalyzerMVA-ZetauEmbedded_Run2012B/job.dag: STATUS_SUBMITTED stats: [33mSTATUS_SUBMITTED[0m(2) [32mSTATUS_DONE[0m(61) [34mSTATUS_UNREADY[0m(1)
INFO:__main__:/nfs_scratch/fmeng/tmpWqtBzVLFVHETauAnalyzerMVA-ZetauEmbedded_Run2012B/job.dag: STATUS_SUBMITTED stats: [33mSTATUS_SUBMITTED[0m(2) [32mSTATUS_DONE[0m(61) [34mSTATUS_UNREADY[0m(1)
INFO:__main__:/nfs_scratch/fmeng/tmpWqtBzVLFVHETauAnalyzerMVA-ZetauEmbedded_Run2012B/job.dag: STATUS_SUBMITTED stats: [33mSTATUS_SUBMITTED[0m(2) [32mSTATUS_DONE[0m(61) [34mSTATUS_UNREADY[0m(1)
INFO:__main__:/nfs_scratch/fmeng/tmpWqtBzVLFVHETauAnalyzerMVA-ZetauEmbedded_Run2012B/job.dag: STATUS_SUBMITTED stats: [33mSTATUS_SUBMITTED[0m(2) [32mSTATUS_DONE[0m(61) [34mSTATUS_UNREADY[0m(1)
INFO:__main__:/nfs_scratch/fmeng/tmpWqtBzVLFVHETauAnalyzerMVA-ZetauEmbedded_Run2012B/job.dag: STATUS_SUBMITTED stats: [33mSTATUS_SUBMITTED[0m(2) [32mSTATUS_DONE[0m(61) [34mSTATUS_UNREADY[0m(1)
INFO:__main__:/nfs_scratch/fmeng/tmpWqtBzVLFVHETauAnalyzerMVA-ZetauEmbedded_Run2012B/job.dag: STATUS_SUBMITTED stats: [33mSTATUS_SUBMITTED[0m(2) [32mSTATUS_DONE[0m(61) [34mSTATUS_UNREADY[0m(1)
INFO:__main__:/nfs_scratch/fmeng/tmpWqtBzVLFVHETauAnalyzerMVA-ZetauEmbedded_Run2012B/job.dag: STATUS_SUBMITTED stats: [33mSTATUS_SUBMITTED[0m(2) [32mSTATUS_DONE[0m(61) [34mSTATUS_UNREADY[0m(1)
INFO:__main__:/nfs_scratch/fmeng/tmpWqtBzVLFVHETauAnalyzerMVA-ZetauEmbedded_Run2012B/job.dag: STATUS_SUBMITTED stats: [33mSTATUS_SUBMITTED[0m(2) [32mSTATUS_DONE[0m(61) [34mSTATUS_UNREADY[0m(1)
INFO:__main__:/nfs_scratch/fmeng/tmpWqtBzVLFVHETauAnalyzerMVA-ZetauEmbedded_Run2012B/job.dag: STATUS_SUBMITTED stats: [33mSTATUS_SUBMITTED[0m(2) [32mSTATUS_DONE[0m(61) [34mSTATUS_UNREADY[0m(1)
INFO:__main__:/nfs_scratch/fmeng/tmpWqtBzVLFVHETauAnalyzerMVA-ZetauEmbedded_Run2012B/job.dag: STATUS_SUBMITTED stats: [33mSTATUS_SUBMITTED[0m(2) [32mSTATUS_DONE[0m(61) [34mSTATUS_UNREADY[0m(1)
INFO:__main__:/nfs_scratch/fmeng/tmpWqtBzVLFVHETauAnalyzerMVA-ZetauEmbedded_Run2012B/job.dag: STATUS_SUBMITTED stats: [33mSTATUS_SUBMITTED[0m(2) [32mSTATUS_DONE[0m(61) [34mSTATUS_UNREADY[0m(1)
INFO:__main__:/nfs_scratch/fmeng/tmpWqtBzVLFVHETauAnalyzerMVA-ZetauEmbedded_Run2012B/job.dag: STATUS_SUBMITTED stats: [33mSTATUS_SUBMITTED[0m(2) [32mSTATUS_DONE[0m(61) [34mSTATUS_UNREADY[0m(1)
INFO:__main__:/nfs_scratch/fmeng/tmpWqtBzVLFVHETauAnalyzerMVA-ZetauEmbedded_Run2012B/job.dag: STATUS_SUBMITTED stats: [33mSTATUS_SUBMITTED[0m(2) [32mSTATUS_DONE[0m(61) [34mSTATUS_UNREADY[0m(1)
INFO:__main__:/nfs_scratch/fmeng/tmpWqtBzVLFVHETauAnalyzerMVA-ZetauEmbedded_Run2012B/job.dag: STATUS_SUBMITTED stats: [33mSTATUS_SUBMITTED[0m(2) [32mSTATUS_DONE[0m(61) [34mSTATUS_UNREADY[0m(1)
INFO:__main__:/nfs_scratch/fmeng/tmpWqtBzVLFVHETauAnalyzerMVA-ZetauEmbedded_Run2012B/job.dag: STATUS_SUBMITTED stats: [33mSTATUS_SUBMITTED[0m(2) [32mSTATUS_DONE[0m(61) [34mSTATUS_UNREADY[0m(1)
INFO:__main__:/nfs_scratch/fmeng/tmpWqtBzVLFVHETauAnalyzerMVA-ZetauEmbedded_Run2012B/job.dag: STATUS_SUBMITTED stats: [33mSTATUS_SUBMITTED[0m(2) [32mSTATUS_DONE[0m(61) [34mSTATUS_UNREADY[0m(1)
INFO:__main__:/nfs_scratch/fmeng/tmpWqtBzVLFVHETauAnalyzerMVA-ZetauEmbedded_Run2012B/job.dag: STATUS_SUBMITTED stats: [33mSTATUS_SUBMITTED[0m(2) [32mSTATUS_DONE[0m(61) [34mSTATUS_UNREADY[0m(1)
INFO:__main__:/nfs_scratch/fmeng/tmpWqtBzVLFVHETauAnalyzerMVA-ZetauEmbedded_Run2012B/job.dag: STATUS_SUBMITTED stats: [33mSTATUS_SUBMITTED[0m(1) [32mSTATUS_DONE[0m(62) [34mSTATUS_UNREADY[0m(1)
INFO:__main__:/nfs_scratch/fmeng/tmpWqtBzVLFVHETauAnalyzerMVA-ZetauEmbedded_Run2012B/job.dag: STATUS_SUBMITTED stats: [33mSTATUS_SUBMITTED[0m(1) [32mSTATUS_DONE[0m(62) [34mSTATUS_UNREADY[0m(1)
INFO:__main__:/nfs_scratch/fmeng/tmpWqtBzVLFVHETauAnalyzerMVA-ZetauEmbedded_Run2012B/job.dag: STATUS_SUBMITTED stats: [33mSTATUS_SUBMITTED[0m(1) [32mSTATUS_DONE[0m(62) [34mSTATUS_UNREADY[0m(1)
INFO:__main__:/nfs_scratch/fmeng/tmpWqtBzVLFVHETauAnalyzerMVA-ZetauEmbedded_Run2012B/job.dag: STATUS_SUBMITTED stats: [33mSTATUS_SUBMITTED[0m(1) [32mSTATUS_DONE[0m(62) [34mSTATUS_UNREADY[0m(1)
INFO:__main__:/nfs_scratch/fmeng/tmpWqtBzVLFVHETauAnalyzerMVA-ZetauEmbedded_Run2012B/job.dag: STATUS_SUBMITTED stats: [33mSTATUS_SUBMITTED[0m(1) [32mSTATUS_DONE[0m(62) [34mSTATUS_UNREADY[0m(1)
INFO:__main__:/nfs_scratch/fmeng/tmpWqtBzVLFVHETauAnalyzerMVA-ZetauEmbedded_Run2012B/job.dag: STATUS_SUBMITTED stats: [33mSTATUS_SUBMITTED[0m(1) [32mSTATUS_DONE[0m(62) [34mSTATUS_UNREADY[0m(1)
INFO:__main__:/nfs_scratch/fmeng/tmpWqtBzVLFVHETauAnalyzerMVA-ZetauEmbedded_Run2012B/job.dag: STATUS_SUBMITTED stats: [33mSTATUS_SUBMITTED[0m(1) [32mSTATUS_DONE[0m(62) [34mSTATUS_UNREADY[0m(1)
INFO:__main__:/nfs_scratch/fmeng/tmpWqtBzVLFVHETauAnalyzerMVA-ZetauEmbedded_Run2012B/job.dag: STATUS_SUBMITTED stats: [33mSTATUS_SUBMITTED[0m(1) [32mSTATUS_DONE[0m(62) [34mSTATUS_UNREADY[0m(1)
INFO:__main__:/nfs_scratch/fmeng/tmpWqtBzVLFVHETauAnalyzerMVA-ZetauEmbedded_Run2012B/job.dag: STATUS_SUBMITTED stats: [33mSTATUS_SUBMITTED[0m(1) [32mSTATUS_DONE[0m(62) [34mSTATUS_UNREADY[0m(1)
INFO:__main__:/nfs_scratch/fmeng/tmpWqtBzVLFVHETauAnalyzerMVA-ZetauEmbedded_Run2012B/job.dag: STATUS_SUBMITTED stats: [33mSTATUS_SUBMITTED[0m(1) [32mSTATUS_DONE[0m(62) [34mSTATUS_UNREADY[0m(1)
INFO:__main__:/nfs_scratch/fmeng/tmpWqtBzVLFVHETauAnalyzerMVA-ZetauEmbedded_Run2012B/job.dag: STATUS_SUBMITTED stats: [33mSTATUS_SUBMITTED[0m(1) [32mSTATUS_DONE[0m(62) [34mSTATUS_UNREADY[0m(1)
INFO:__main__:/nfs_scratch/fmeng/tmpWqtBzVLFVHETauAnalyzerMVA-ZetauEmbedded_Run2012B/job.dag: STATUS_SUBMITTED stats: [32mSTATUS_DONE[0m(63) [36mSTATUS_READY[0m(1)
INFO:__main__:/nfs_scratch/fmeng/tmpWqtBzVLFVHETauAnalyzerMVA-ZetauEmbedded_Run2012B/job.dag: STATUS_SUBMITTED stats: [32mSTATUS_DONE[0m(63) [36mSTATUS_READY[0m(1)
INFO:__main__:/nfs_scratch/fmeng/tmpWqtBzVLFVHETauAnalyzerMVA-ZetauEmbedded_Run2012B/job.dag: STATUS_SUBMITTED stats: [32mSTATUS_DONE[0m(63) [36mSTATUS_READY[0m(1)
INFO:__main__:/nfs_scratch/fmeng/tmpWqtBzVLFVHETauAnalyzerMVA-ZetauEmbedded_Run2012B/job.dag: STATUS_SUBMITTED stats: [32mSTATUS_DONE[0m(63) [36mSTATUS_READY[0m(1)
INFO:__main__:/nfs_scratch/fmeng/tmpWqtBzVLFVHETauAnalyzerMVA-ZetauEmbedded_Run2012B/job.dag: STATUS_SUBMITTED stats: [32mSTATUS_DONE[0m(63) [36mSTATUS_READY[0m(1)
INFO:__main__:/nfs_scratch/fmeng/tmpWqtBzVLFVHETauAnalyzerMVA-ZetauEmbedded_Run2012B/job.dag: STATUS_SUBMITTED stats: [33mSTATUS_SUBMITTED[0m(1) [32mSTATUS_DONE[0m(63)
INFO:__main__:/nfs_scratch/fmeng/tmpWqtBzVLFVHETauAnalyzerMVA-ZetauEmbedded_Run2012B/job.dag: STATUS_SUBMITTED stats: [33mSTATUS_SUBMITTED[0m(1) [32mSTATUS_DONE[0m(63)
INFO:__main__:/nfs_scratch/fmeng/tmpWqtBzVLFVHETauAnalyzerMVA-ZetauEmbedded_Run2012B/job.dag: STATUS_SUBMITTED stats: [33mSTATUS_SUBMITTED[0m(1) [32mSTATUS_DONE[0m(63)
INFO:__main__:/nfs_scratch/fmeng/tmpWqtBzVLFVHETauAnalyzerMVA-ZetauEmbedded_Run2012B/job.dag: STATUS_SUBMITTED stats: [33mSTATUS_SUBMITTED[0m(1) [32mSTATUS_DONE[0m(63)
INFO:__main__:/nfs_scratch/fmeng/tmpWqtBzVLFVHETauAnalyzerMVA-ZetauEmbedded_Run2012B/job.dag: STATUS_SUBMITTED stats: [33mSTATUS_SUBMITTED[0m(1) [32mSTATUS_DONE[0m(63)
INFO:__main__:/nfs_scratch/fmeng/tmpWqtBzVLFVHETauAnalyzerMVA-ZetauEmbedded_Run2012B/job.dag: STATUS_SUBMITTED stats: [33mSTATUS_SUBMITTED[0m(1) [32mSTATUS_DONE[0m(63)
INFO:__main__:/nfs_scratch/fmeng/tmpWqtBzVLFVHETauAnalyzerMVA-ZetauEmbedded_Run2012B/job.dag: STATUS_SUBMITTED stats: [33mSTATUS_SUBMITTED[0m(1) [32mSTATUS_DONE[0m(63)
INFO:__main__:/nfs_scratch/fmeng/tmpWqtBzVLFVHETauAnalyzerMVA-ZetauEmbedded_Run2012B/job.dag: STATUS_SUBMITTED stats: [33mSTATUS_SUBMITTED[0m(1) [32mSTATUS_DONE[0m(63)
INFO:__main__:/nfs_scratch/fmeng/tmpWqtBzVLFVHETauAnalyzerMVA-ZetauEmbedded_Run2012B/job.dag: STATUS_SUBMITTED stats: [33mSTATUS_SUBMITTED[0m(1) [32mSTATUS_DONE[0m(63)
INFO:__main__:/nfs_scratch/fmeng/tmpWqtBzVLFVHETauAnalyzerMVA-ZetauEmbedded_Run2012B/job.dag: STATUS_SUBMITTED stats: [33mSTATUS_SUBMITTED[0m(1) [32mSTATUS_DONE[0m(63)
INFO:__main__:/nfs_scratch/fmeng/tmpWqtBzVLFVHETauAnalyzerMVA-ZetauEmbedded_Run2012B/job.dag: STATUS_SUBMITTED stats: [33mSTATUS_SUBMITTED[0m(1) [32mSTATUS_DONE[0m(63)
INFO:__main__:/nfs_scratch/fmeng/tmpWqtBzVLFVHETauAnalyzerMVA-ZetauEmbedded_Run2012B/job.dag: STATUS_SUBMITTED stats: [33mSTATUS_SUBMITTED[0m(1) [32mSTATUS_DONE[0m(63)
INFO:__main__:/nfs_scratch/fmeng/tmpWqtBzVLFVHETauAnalyzerMVA-ZetauEmbedded_Run2012B/job.dag: STATUS_SUBMITTED stats: [33mSTATUS_SUBMITTED[0m(1) [32mSTATUS_DONE[0m(63)
INFO:__main__:/nfs_scratch/fmeng/tmpWqtBzVLFVHETauAnalyzerMVA-ZetauEmbedded_Run2012B/job.dag: STATUS_SUBMITTED stats: [33mSTATUS_SUBMITTED[0m(1) [32mSTATUS_DONE[0m(63)
INFO:__main__:/nfs_scratch/fmeng/tmpWqtBzVLFVHETauAnalyzerMVA-ZetauEmbedded_Run2012B/job.dag: STATUS_SUBMITTED stats: [33mSTATUS_SUBMITTED[0m(1) [32mSTATUS_DONE[0m(63)
INFO:__main__:/nfs_scratch/fmeng/tmpWqtBzVLFVHETauAnalyzerMVA-ZetauEmbedded_Run2012B/job.dag: STATUS_SUBMITTED stats: [33mSTATUS_SUBMITTED[0m(1) [32mSTATUS_DONE[0m(63)
INFO:__main__:/nfs_scratch/fmeng/tmpWqtBzVLFVHETauAnalyzerMVA-ZetauEmbedded_Run2012B/job.dag: STATUS_SUBMITTED stats: [33mSTATUS_SUBMITTED[0m(1) [32mSTATUS_DONE[0m(63)
INFO:__main__:/nfs_scratch/fmeng/tmpWqtBzVLFVHETauAnalyzerMVA-ZetauEmbedded_Run2012B/job.dag: STATUS_SUBMITTED stats: [33mSTATUS_SUBMITTED[0m(1) [32mSTATUS_DONE[0m(63)
INFO:__main__:/nfs_scratch/fmeng/tmpWqtBzVLFVHETauAnalyzerMVA-ZetauEmbedded_Run2012B/job.dag: STATUS_SUBMITTED stats: [33mSTATUS_SUBMITTED[0m(1) [32mSTATUS_DONE[0m(63)
INFO:__main__:/nfs_scratch/fmeng/tmpWqtBzVLFVHETauAnalyzerMVA-ZetauEmbedded_Run2012B/job.dag: STATUS_SUBMITTED stats: [33mSTATUS_SUBMITTED[0m(1) [32mSTATUS_DONE[0m(63)
INFO:__main__:/nfs_scratch/fmeng/tmpWqtBzVLFVHETauAnalyzerMVA-ZetauEmbedded_Run2012B/job.dag: STATUS_SUBMITTED stats: [33mSTATUS_SUBMITTED[0m(1) [32mSTATUS_DONE[0m(63)
INFO:__main__:/nfs_scratch/fmeng/tmpWqtBzVLFVHETauAnalyzerMVA-ZetauEmbedded_Run2012B/job.dag: STATUS_SUBMITTED stats: [33mSTATUS_SUBMITTED[0m(1) [32mSTATUS_DONE[0m(63)
INFO:__main__:/nfs_scratch/fmeng/tmpWqtBzVLFVHETauAnalyzerMVA-ZetauEmbedded_Run2012B/job.dag: STATUS_SUBMITTED stats: [33mSTATUS_SUBMITTED[0m(1) [32mSTATUS_DONE[0m(63)
INFO:__main__:/nfs_scratch/fmeng/tmpWqtBzVLFVHETauAnalyzerMVA-ZetauEmbedded_Run2012B/job.dag: STATUS_SUBMITTED stats: [33mSTATUS_SUBMITTED[0m(1) [32mSTATUS_DONE[0m(63)
INFO:__main__:/nfs_scratch/fmeng/tmpWqtBzVLFVHETauAnalyzerMVA-ZetauEmbedded_Run2012B/job.dag: STATUS_SUBMITTED stats: [33mSTATUS_SUBMITTED[0m(1) [32mSTATUS_DONE[0m(63)
INFO:__main__:/nfs_scratch/fmeng/tmpWqtBzVLFVHETauAnalyzerMVA-ZetauEmbedded_Run2012B/job.dag: STATUS_SUBMITTED stats: [33mSTATUS_SUBMITTED[0m(1) [32mSTATUS_DONE[0m(63)
INFO:__main__:/nfs_scratch/fmeng/tmpWqtBzVLFVHETauAnalyzerMVA-ZetauEmbedded_Run2012B/job.dag: STATUS_SUBMITTED stats: [33mSTATUS_SUBMITTED[0m(1) [32mSTATUS_DONE[0m(63)
INFO:__main__:/nfs_scratch/fmeng/tmpWqtBzVLFVHETauAnalyzerMVA-ZetauEmbedded_Run2012B/job.dag: STATUS_SUBMITTED stats: [33mSTATUS_SUBMITTED[0m(1) [32mSTATUS_DONE[0m(63)
INFO:__main__:/nfs_scratch/fmeng/tmpWqtBzVLFVHETauAnalyzerMVA-ZetauEmbedded_Run2012B/job.dag: STATUS_SUBMITTED stats: [33mSTATUS_SUBMITTED[0m(1) [32mSTATUS_DONE[0m(63)
INFO:__main__:/nfs_scratch/fmeng/tmpWqtBzVLFVHETauAnalyzerMVA-ZetauEmbedded_Run2012B/job.dag: STATUS_SUBMITTED stats: [33mSTATUS_SUBMITTED[0m(1) [32mSTATUS_DONE[0m(63)
INFO:__main__:/nfs_scratch/fmeng/tmpWqtBzVLFVHETauAnalyzerMVA-ZetauEmbedded_Run2012B/job.dag: STATUS_SUBMITTED stats: [33mSTATUS_SUBMITTED[0m(1) [32mSTATUS_DONE[0m(63)
INFO:__main__:/nfs_scratch/fmeng/tmpWqtBzVLFVHETauAnalyzerMVA-ZetauEmbedded_Run2012B/job.dag: STATUS_SUBMITTED stats: [33mSTATUS_SUBMITTED[0m(1) [32mSTATUS_DONE[0m(63)
INFO:__main__:/nfs_scratch/fmeng/tmpWqtBzVLFVHETauAnalyzerMVA-ZetauEmbedded_Run2012B/job.dag: STATUS_SUBMITTED stats: [33mSTATUS_SUBMITTED[0m(1) [32mSTATUS_DONE[0m(63)
INFO:__main__:/nfs_scratch/fmeng/tmpWqtBzVLFVHETauAnalyzerMVA-ZetauEmbedded_Run2012B/job.dag: STATUS_SUBMITTED stats: [33mSTATUS_SUBMITTED[0m(1) [32mSTATUS_DONE[0m(63)
INFO:__main__:/nfs_scratch/fmeng/tmpWqtBzVLFVHETauAnalyzerMVA-ZetauEmbedded_Run2012B/job.dag: STATUS_SUBMITTED stats: [33mSTATUS_SUBMITTED[0m(1) [32mSTATUS_DONE[0m(63)
INFO:__main__:/nfs_scratch/fmeng/tmpWqtBzVLFVHETauAnalyzerMVA-ZetauEmbedded_Run2012B/job.dag: STATUS_SUBMITTED stats: [33mSTATUS_SUBMITTED[0m(1) [32mSTATUS_DONE[0m(63)
INFO:__main__:/nfs_scratch/fmeng/tmpWqtBzVLFVHETauAnalyzerMVA-ZetauEmbedded_Run2012B/job.dag: STATUS_SUBMITTED stats: [33mSTATUS_SUBMITTED[0m(1) [32mSTATUS_DONE[0m(63)
INFO:__main__:/nfs_scratch/fmeng/tmpWqtBzVLFVHETauAnalyzerMVA-ZetauEmbedded_Run2012B/job.dag: STATUS_SUBMITTED stats: [33mSTATUS_SUBMITTED[0m(1) [32mSTATUS_DONE[0m(63)
INFO:__main__:/nfs_scratch/fmeng/tmpWqtBzVLFVHETauAnalyzerMVA-ZetauEmbedded_Run2012B/job.dag: STATUS_SUBMITTED stats: [33mSTATUS_SUBMITTED[0m(1) [32mSTATUS_DONE[0m(63)
INFO:__main__:/nfs_scratch/fmeng/tmpWqtBzVLFVHETauAnalyzerMVA-ZetauEmbedded_Run2012B/job.dag: STATUS_SUBMITTED stats: [33mSTATUS_SUBMITTED[0m(1) [32mSTATUS_DONE[0m(63)
INFO:__main__:/nfs_scratch/fmeng/tmpWqtBzVLFVHETauAnalyzerMVA-ZetauEmbedded_Run2012B/job.dag: STATUS_SUBMITTED stats: [33mSTATUS_SUBMITTED[0m(1) [32mSTATUS_DONE[0m(63)
INFO:__main__:/nfs_scratch/fmeng/tmpWqtBzVLFVHETauAnalyzerMVA-ZetauEmbedded_Run2012B/job.dag: STATUS_SUBMITTED stats: [33mSTATUS_SUBMITTED[0m(1) [32mSTATUS_DONE[0m(63)
INFO:__main__:/nfs_scratch/fmeng/tmpWqtBzVLFVHETauAnalyzerMVA-ZetauEmbedded_Run2012B/job.dag: STATUS_SUBMITTED stats: [33mSTATUS_SUBMITTED[0m(1) [32mSTATUS_DONE[0m(63)
INFO:__main__:/nfs_scratch/fmeng/tmpWqtBzVLFVHETauAnalyzerMVA-ZetauEmbedded_Run2012B/job.dag: STATUS_SUBMITTED stats: [33mSTATUS_SUBMITTED[0m(1) [32mSTATUS_DONE[0m(63)
INFO:__main__:/nfs_scratch/fmeng/tmpWqtBzVLFVHETauAnalyzerMVA-ZetauEmbedded_Run2012B/job.dag: STATUS_SUBMITTED stats: [33mSTATUS_SUBMITTED[0m(1) [32mSTATUS_DONE[0m(63)
INFO:__main__:/nfs_scratch/fmeng/tmpWqtBzVLFVHETauAnalyzerMVA-ZetauEmbedded_Run2012B/job.dag: STATUS_SUBMITTED stats: [33mSTATUS_SUBMITTED[0m(1) [32mSTATUS_DONE[0m(63)
INFO:__main__:/nfs_scratch/fmeng/tmpWqtBzVLFVHETauAnalyzerMVA-ZetauEmbedded_Run2012B/job.dag: STATUS_SUBMITTED stats: [33mSTATUS_SUBMITTED[0m(1) [32mSTATUS_DONE[0m(63)
INFO:__main__:/nfs_scratch/fmeng/tmpWqtBzVLFVHETauAnalyzerMVA-ZetauEmbedded_Run2012B/job.dag: STATUS_SUBMITTED stats: [33mSTATUS_SUBMITTED[0m(1) [32mSTATUS_DONE[0m(63)
INFO:__main__:/nfs_scratch/fmeng/tmpWqtBzVLFVHETauAnalyzerMVA-ZetauEmbedded_Run2012B/job.dag: STATUS_SUBMITTED stats: [33mSTATUS_SUBMITTED[0m(1) [32mSTATUS_DONE[0m(63)
INFO:__main__:/nfs_scratch/fmeng/tmpWqtBzVLFVHETauAnalyzerMVA-ZetauEmbedded_Run2012B/job.dag: STATUS_SUBMITTED stats: [33mSTATUS_SUBMITTED[0m(1) [32mSTATUS_DONE[0m(63)
INFO:__main__:/nfs_scratch/fmeng/tmpWqtBzVLFVHETauAnalyzerMVA-ZetauEmbedded_Run2012B/job.dag: STATUS_SUBMITTED stats: [33mSTATUS_SUBMITTED[0m(1) [32mSTATUS_DONE[0m(63)
INFO:__main__:/nfs_scratch/fmeng/tmpWqtBzVLFVHETauAnalyzerMVA-ZetauEmbedded_Run2012B/job.dag: STATUS_SUBMITTED stats: [33mSTATUS_SUBMITTED[0m(1) [32mSTATUS_DONE[0m(63)
INFO:__main__:/nfs_scratch/fmeng/tmpWqtBzVLFVHETauAnalyzerMVA-ZetauEmbedded_Run2012B/job.dag: STATUS_SUBMITTED stats: [33mSTATUS_SUBMITTED[0m(1) [32mSTATUS_DONE[0m(63)
INFO:__main__:/nfs_scratch/fmeng/tmpWqtBzVLFVHETauAnalyzerMVA-ZetauEmbedded_Run2012B/job.dag: STATUS_SUBMITTED stats: [33mSTATUS_SUBMITTED[0m(1) [32mSTATUS_DONE[0m(63)
INFO:__main__:/nfs_scratch/fmeng/tmpWqtBzVLFVHETauAnalyzerMVA-ZetauEmbedded_Run2012B/job.dag: STATUS_SUBMITTED stats: [33mSTATUS_SUBMITTED[0m(1) [32mSTATUS_DONE[0m(63)
INFO:__main__:/nfs_scratch/fmeng/tmpWqtBzVLFVHETauAnalyzerMVA-ZetauEmbedded_Run2012B/job.dag: STATUS_SUBMITTED stats: [33mSTATUS_SUBMITTED[0m(1) [32mSTATUS_DONE[0m(63)
INFO:__main__:/nfs_scratch/fmeng/tmpWqtBzVLFVHETauAnalyzerMVA-ZetauEmbedded_Run2012B/job.dag: STATUS_SUBMITTED stats: [33mSTATUS_SUBMITTED[0m(1) [32mSTATUS_DONE[0m(63)
INFO:__main__:/nfs_scratch/fmeng/tmpWqtBzVLFVHETauAnalyzerMVA-ZetauEmbedded_Run2012B/job.dag: STATUS_SUBMITTED stats: [33mSTATUS_SUBMITTED[0m(1) [32mSTATUS_DONE[0m(63)
INFO:__main__:/nfs_scratch/fmeng/tmpWqtBzVLFVHETauAnalyzerMVA-ZetauEmbedded_Run2012B/job.dag: STATUS_SUBMITTED stats: [33mSTATUS_SUBMITTED[0m(1) [32mSTATUS_DONE[0m(63)
INFO:__main__:/nfs_scratch/fmeng/tmpWqtBzVLFVHETauAnalyzerMVA-ZetauEmbedded_Run2012B/job.dag: STATUS_SUBMITTED stats: [33mSTATUS_SUBMITTED[0m(1) [32mSTATUS_DONE[0m(63)
INFO:__main__:/nfs_scratch/fmeng/tmpWqtBzVLFVHETauAnalyzerMVA-ZetauEmbedded_Run2012B/job.dag: STATUS_SUBMITTED stats: [33mSTATUS_SUBMITTED[0m(1) [32mSTATUS_DONE[0m(63)
INFO:__main__:/nfs_scratch/fmeng/tmpWqtBzVLFVHETauAnalyzerMVA-ZetauEmbedded_Run2012B/job.dag: STATUS_SUBMITTED stats: [33mSTATUS_SUBMITTED[0m(1) [32mSTATUS_DONE[0m(63)
INFO:__main__:/nfs_scratch/fmeng/tmpWqtBzVLFVHETauAnalyzerMVA-ZetauEmbedded_Run2012B/job.dag: STATUS_SUBMITTED stats: [33mSTATUS_SUBMITTED[0m(1) [32mSTATUS_DONE[0m(63)
INFO:__main__:/nfs_scratch/fmeng/tmpWqtBzVLFVHETauAnalyzerMVA-ZetauEmbedded_Run2012B/job.dag: STATUS_SUBMITTED stats: [33mSTATUS_SUBMITTED[0m(1) [32mSTATUS_DONE[0m(63)
INFO:__main__:/nfs_scratch/fmeng/tmpWqtBzVLFVHETauAnalyzerMVA-ZetauEmbedded_Run2012B/job.dag: STATUS_SUBMITTED stats: [33mSTATUS_SUBMITTED[0m(1) [32mSTATUS_DONE[0m(63)
INFO:__main__:/nfs_scratch/fmeng/tmpWqtBzVLFVHETauAnalyzerMVA-ZetauEmbedded_Run2012B/job.dag: STATUS_SUBMITTED stats: [33mSTATUS_SUBMITTED[0m(1) [32mSTATUS_DONE[0m(63)
INFO:__main__:/nfs_scratch/fmeng/tmpWqtBzVLFVHETauAnalyzerMVA-ZetauEmbedded_Run2012B/job.dag: STATUS_SUBMITTED stats: [33mSTATUS_SUBMITTED[0m(1) [32mSTATUS_DONE[0m(63)
INFO:__main__:/nfs_scratch/fmeng/tmpWqtBzVLFVHETauAnalyzerMVA-ZetauEmbedded_Run2012B/job.dag: STATUS_SUBMITTED stats: [33mSTATUS_SUBMITTED[0m(1) [32mSTATUS_DONE[0m(63)
INFO:__main__:/nfs_scratch/fmeng/tmpWqtBzVLFVHETauAnalyzerMVA-ZetauEmbedded_Run2012B/job.dag: STATUS_SUBMITTED stats: [33mSTATUS_SUBMITTED[0m(1) [32mSTATUS_DONE[0m(63)
INFO:__main__:/nfs_scratch/fmeng/tmpWqtBzVLFVHETauAnalyzerMVA-ZetauEmbedded_Run2012B/job.dag: STATUS_SUBMITTED stats: [33mSTATUS_SUBMITTED[0m(1) [32mSTATUS_DONE[0m(63)
INFO:__main__:/nfs_scratch/fmeng/tmpWqtBzVLFVHETauAnalyzerMVA-ZetauEmbedded_Run2012B/job.dag: STATUS_SUBMITTED stats: [33mSTATUS_SUBMITTED[0m(1) [32mSTATUS_DONE[0m(63)
INFO:__main__:/nfs_scratch/fmeng/tmpWqtBzVLFVHETauAnalyzerMVA-ZetauEmbedded_Run2012B/job.dag: STATUS_SUBMITTED stats: [33mSTATUS_SUBMITTED[0m(1) [32mSTATUS_DONE[0m(63)
INFO:__main__:/nfs_scratch/fmeng/tmpWqtBzVLFVHETauAnalyzerMVA-ZetauEmbedded_Run2012B/job.dag: STATUS_SUBMITTED stats: [33mSTATUS_SUBMITTED[0m(1) [32mSTATUS_DONE[0m(63)
INFO:__main__:/nfs_scratch/fmeng/tmpWqtBzVLFVHETauAnalyzerMVA-ZetauEmbedded_Run2012B/job.dag: STATUS_SUBMITTED stats: [33mSTATUS_SUBMITTED[0m(1) [32mSTATUS_DONE[0m(63)
INFO:__main__:/nfs_scratch/fmeng/tmpWqtBzVLFVHETauAnalyzerMVA-ZetauEmbedded_Run2012B/job.dag: STATUS_SUBMITTED stats: [33mSTATUS_SUBMITTED[0m(1) [32mSTATUS_DONE[0m(63)
INFO:__main__:/nfs_scratch/fmeng/tmpWqtBzVLFVHETauAnalyzerMVA-ZetauEmbedded_Run2012B/job.dag: STATUS_SUBMITTED stats: [33mSTATUS_SUBMITTED[0m(1) [32mSTATUS_DONE[0m(63)
INFO:__main__:/nfs_scratch/fmeng/tmpWqtBzVLFVHETauAnalyzerMVA-ZetauEmbedded_Run2012B/job.dag: STATUS_SUBMITTED stats: [33mSTATUS_SUBMITTED[0m(1) [32mSTATUS_DONE[0m(63)
INFO:__main__:/nfs_scratch/fmeng/tmpWqtBzVLFVHETauAnalyzerMVA-ZetauEmbedded_Run2012B/job.dag: STATUS_SUBMITTED stats: [33mSTATUS_SUBMITTED[0m(1) [32mSTATUS_DONE[0m(63)
INFO:__main__:/nfs_scratch/fmeng/tmpWqtBzVLFVHETauAnalyzerMVA-ZetauEmbedded_Run2012B/job.dag: STATUS_SUBMITTED stats: [33mSTATUS_SUBMITTED[0m(1) [32mSTATUS_DONE[0m(63)
INFO:__main__:/nfs_scratch/fmeng/tmpWqtBzVLFVHETauAnalyzerMVA-ZetauEmbedded_Run2012B/job.dag: STATUS_SUBMITTED stats: [33mSTATUS_SUBMITTED[0m(1) [32mSTATUS_DONE[0m(63)
INFO:__main__:/nfs_scratch/fmeng/tmpWqtBzVLFVHETauAnalyzerMVA-ZetauEmbedded_Run2012B/job.dag: STATUS_SUBMITTED stats: [33mSTATUS_SUBMITTED[0m(1) [32mSTATUS_DONE[0m(63)
INFO:__main__:/nfs_scratch/fmeng/tmpWqtBzVLFVHETauAnalyzerMVA-ZetauEmbedded_Run2012B/job.dag: STATUS_SUBMITTED stats: [33mSTATUS_SUBMITTED[0m(1) [32mSTATUS_DONE[0m(63)
INFO:__main__:/nfs_scratch/fmeng/tmpWqtBzVLFVHETauAnalyzerMVA-ZetauEmbedded_Run2012B/job.dag: STATUS_SUBMITTED stats: [33mSTATUS_SUBMITTED[0m(1) [32mSTATUS_DONE[0m(63)
INFO:__main__:/nfs_scratch/fmeng/tmpWqtBzVLFVHETauAnalyzerMVA-ZetauEmbedded_Run2012B/job.dag: STATUS_SUBMITTED stats: [33mSTATUS_SUBMITTED[0m(1) [32mSTATUS_DONE[0m(63)
INFO:__main__:/nfs_scratch/fmeng/tmpWqtBzVLFVHETauAnalyzerMVA-ZetauEmbedded_Run2012B/job.dag: STATUS_SUBMITTED stats: [33mSTATUS_SUBMITTED[0m(1) [32mSTATUS_DONE[0m(63)
INFO:__main__:/nfs_scratch/fmeng/tmpWqtBzVLFVHETauAnalyzerMVA-ZetauEmbedded_Run2012B/job.dag: STATUS_SUBMITTED stats: [33mSTATUS_SUBMITTED[0m(1) [32mSTATUS_DONE[0m(63)
INFO:__main__:/nfs_scratch/fmeng/tmpWqtBzVLFVHETauAnalyzerMVA-ZetauEmbedded_Run2012B/job.dag: STATUS_SUBMITTED stats: [33mSTATUS_SUBMITTED[0m(1) [32mSTATUS_DONE[0m(63)
INFO:__main__:/nfs_scratch/fmeng/tmpWqtBzVLFVHETauAnalyzerMVA-ZetauEmbedded_Run2012B/job.dag: STATUS_SUBMITTED stats: [33mSTATUS_SUBMITTED[0m(1) [32mSTATUS_DONE[0m(63)
INFO:__main__:/nfs_scratch/fmeng/tmpWqtBzVLFVHETauAnalyzerMVA-ZetauEmbedded_Run2012B/job.dag: STATUS_SUBMITTED stats: [33mSTATUS_SUBMITTED[0m(1) [32mSTATUS_DONE[0m(63)
INFO:__main__:/nfs_scratch/fmeng/tmpWqtBzVLFVHETauAnalyzerMVA-ZetauEmbedded_Run2012B/job.dag: STATUS_SUBMITTED stats: [33mSTATUS_SUBMITTED[0m(1) [32mSTATUS_DONE[0m(63)
INFO:__main__:/nfs_scratch/fmeng/tmpWqtBzVLFVHETauAnalyzerMVA-ZetauEmbedded_Run2012B/job.dag: STATUS_SUBMITTED stats: [33mSTATUS_SUBMITTED[0m(1) [32mSTATUS_DONE[0m(63)
INFO:__main__:/nfs_scratch/fmeng/tmpWqtBzVLFVHETauAnalyzerMVA-ZetauEmbedded_Run2012B/job.dag: STATUS_SUBMITTED stats: [33mSTATUS_SUBMITTED[0m(1) [32mSTATUS_DONE[0m(63)
INFO:__main__:/nfs_scratch/fmeng/tmpWqtBzVLFVHETauAnalyzerMVA-ZetauEmbedded_Run2012B/job.dag: STATUS_SUBMITTED stats: [33mSTATUS_SUBMITTED[0m(1) [32mSTATUS_DONE[0m(63)
INFO:__main__:/nfs_scratch/fmeng/tmpWqtBzVLFVHETauAnalyzerMVA-ZetauEmbedded_Run2012B/job.dag: STATUS_SUBMITTED stats: [33mSTATUS_SUBMITTED[0m(1) [32mSTATUS_DONE[0m(63)
INFO:__main__:/nfs_scratch/fmeng/tmpWqtBzVLFVHETauAnalyzerMVA-ZetauEmbedded_Run2012B/job.dag: STATUS_SUBMITTED stats: [33mSTATUS_SUBMITTED[0m(1) [32mSTATUS_DONE[0m(63)
INFO:__main__:/nfs_scratch/fmeng/tmpWqtBzVLFVHETauAnalyzerMVA-ZetauEmbedded_Run2012B/job.dag: STATUS_SUBMITTED stats: [33mSTATUS_SUBMITTED[0m(1) [32mSTATUS_DONE[0m(63)
INFO:__main__:/nfs_scratch/fmeng/tmpWqtBzVLFVHETauAnalyzerMVA-ZetauEmbedded_Run2012B/job.dag: STATUS_SUBMITTED stats: [33mSTATUS_SUBMITTED[0m(1) [32mSTATUS_DONE[0m(63)
INFO:__main__:/nfs_scratch/fmeng/tmpWqtBzVLFVHETauAnalyzerMVA-ZetauEmbedded_Run2012B/job.dag: STATUS_SUBMITTED stats: [33mSTATUS_SUBMITTED[0m(1) [32mSTATUS_DONE[0m(63)
INFO:__main__:/nfs_scratch/fmeng/tmpWqtBzVLFVHETauAnalyzerMVA-ZetauEmbedded_Run2012B/job.dag: STATUS_SUBMITTED stats: [33mSTATUS_SUBMITTED[0m(1) [32mSTATUS_DONE[0m(63)
INFO:__main__:/nfs_scratch/fmeng/tmpWqtBzVLFVHETauAnalyzerMVA-ZetauEmbedded_Run2012B/job.dag: STATUS_SUBMITTED stats: [33mSTATUS_SUBMITTED[0m(1) [32mSTATUS_DONE[0m(63)
INFO:__main__:/nfs_scratch/fmeng/tmpWqtBzVLFVHETauAnalyzerMVA-ZetauEmbedded_Run2012B/job.dag: STATUS_SUBMITTED stats: [33mSTATUS_SUBMITTED[0m(1) [32mSTATUS_DONE[0m(63)
INFO:__main__:/nfs_scratch/fmeng/tmpWqtBzVLFVHETauAnalyzerMVA-ZetauEmbedded_Run2012B/job.dag: STATUS_SUBMITTED stats: [33mSTATUS_SUBMITTED[0m(1) [32mSTATUS_DONE[0m(63)
INFO:__main__:/nfs_scratch/fmeng/tmpWqtBzVLFVHETauAnalyzerMVA-ZetauEmbedded_Run2012B/job.dag: STATUS_SUBMITTED stats: [33mSTATUS_SUBMITTED[0m(1) [32mSTATUS_DONE[0m(63)
INFO:__main__:/nfs_scratch/fmeng/tmpWqtBzVLFVHETauAnalyzerMVA-ZetauEmbedded_Run2012B/job.dag: STATUS_SUBMITTED stats: [33mSTATUS_SUBMITTED[0m(1) [32mSTATUS_DONE[0m(63)
INFO:__main__:/nfs_scratch/fmeng/tmpWqtBzVLFVHETauAnalyzerMVA-ZetauEmbedded_Run2012B/job.dag: STATUS_SUBMITTED stats: [33mSTATUS_SUBMITTED[0m(1) [32mSTATUS_DONE[0m(63)
INFO:__main__:/nfs_scratch/fmeng/tmpWqtBzVLFVHETauAnalyzerMVA-ZetauEmbedded_Run2012B/job.dag: STATUS_SUBMITTED stats: [33mSTATUS_SUBMITTED[0m(1) [32mSTATUS_DONE[0m(63)
INFO:__main__:/nfs_scratch/fmeng/tmpWqtBzVLFVHETauAnalyzerMVA-ZetauEmbedded_Run2012B/job.dag: STATUS_SUBMITTED stats: [33mSTATUS_SUBMITTED[0m(1) [32mSTATUS_DONE[0m(63)
INFO:__main__:/nfs_scratch/fmeng/tmpWqtBzVLFVHETauAnalyzerMVA-ZetauEmbedded_Run2012B/job.dag: STATUS_SUBMITTED stats: [33mSTATUS_SUBMITTED[0m(1) [32mSTATUS_DONE[0m(63)
INFO:__main__:/nfs_scratch/fmeng/tmpWqtBzVLFVHETauAnalyzerMVA-ZetauEmbedded_Run2012B/job.dag: STATUS_SUBMITTED stats: [33mSTATUS_SUBMITTED[0m(1) [32mSTATUS_DONE[0m(63)
INFO:__main__:/nfs_scratch/fmeng/tmpWqtBzVLFVHETauAnalyzerMVA-ZetauEmbedded_Run2012B/job.dag: STATUS_SUBMITTED stats: [33mSTATUS_SUBMITTED[0m(1) [32mSTATUS_DONE[0m(63)
INFO:__main__:/nfs_scratch/fmeng/tmpWqtBzVLFVHETauAnalyzerMVA-ZetauEmbedded_Run2012B/job.dag: STATUS_SUBMITTED stats: [33mSTATUS_SUBMITTED[0m(1) [32mSTATUS_DONE[0m(63)
INFO:__main__:/nfs_scratch/fmeng/tmpWqtBzVLFVHETauAnalyzerMVA-ZetauEmbedded_Run2012B/job.dag: STATUS_SUBMITTED stats: [33mSTATUS_SUBMITTED[0m(1) [32mSTATUS_DONE[0m(63)
INFO:__main__:/nfs_scratch/fmeng/tmpWqtBzVLFVHETauAnalyzerMVA-ZetauEmbedded_Run2012B/job.dag: STATUS_SUBMITTED stats: [33mSTATUS_SUBMITTED[0m(1) [32mSTATUS_DONE[0m(63)
INFO:__main__:/nfs_scratch/fmeng/tmpWqtBzVLFVHETauAnalyzerMVA-ZetauEmbedded_Run2012B/job.dag: STATUS_SUBMITTED stats: [33mSTATUS_SUBMITTED[0m(1) [32mSTATUS_DONE[0m(63)
INFO:__main__:/nfs_scratch/fmeng/tmpWqtBzVLFVHETauAnalyzerMVA-ZetauEmbedded_Run2012B/job.dag: STATUS_SUBMITTED stats: [33mSTATUS_SUBMITTED[0m(1) [32mSTATUS_DONE[0m(63)
INFO:__main__:/nfs_scratch/fmeng/tmpWqtBzVLFVHETauAnalyzerMVA-ZetauEmbedded_Run2012B/job.dag: STATUS_SUBMITTED stats: [33mSTATUS_SUBMITTED[0m(1) [32mSTATUS_DONE[0m(63)
INFO:__main__:/nfs_scratch/fmeng/tmpWqtBzVLFVHETauAnalyzerMVA-ZetauEmbedded_Run2012B/job.dag: STATUS_SUBMITTED stats: [33mSTATUS_SUBMITTED[0m(1) [32mSTATUS_DONE[0m(63)
INFO:__main__:/nfs_scratch/fmeng/tmpWqtBzVLFVHETauAnalyzerMVA-ZetauEmbedded_Run2012B/job.dag: STATUS_SUBMITTED stats: [33mSTATUS_SUBMITTED[0m(1) [32mSTATUS_DONE[0m(63)
INFO:__main__:/nfs_scratch/fmeng/tmpWqtBzVLFVHETauAnalyzerMVA-ZetauEmbedded_Run2012B/job.dag: STATUS_SUBMITTED stats: [33mSTATUS_SUBMITTED[0m(1) [32mSTATUS_DONE[0m(63)
INFO:__main__:/nfs_scratch/fmeng/tmpWqtBzVLFVHETauAnalyzerMVA-ZetauEmbedded_Run2012B/job.dag: STATUS_SUBMITTED stats: [33mSTATUS_SUBMITTED[0m(1) [32mSTATUS_DONE[0m(63)
INFO:__main__:/nfs_scratch/fmeng/tmpWqtBzVLFVHETauAnalyzerMVA-ZetauEmbedded_Run2012B/job.dag: STATUS_SUBMITTED stats: [33mSTATUS_SUBMITTED[0m(1) [32mSTATUS_DONE[0m(63)
INFO:__main__:/nfs_scratch/fmeng/tmpWqtBzVLFVHETauAnalyzerMVA-ZetauEmbedded_Run2012B/job.dag: STATUS_SUBMITTED stats: [33mSTATUS_SUBMITTED[0m(1) [32mSTATUS_DONE[0m(63)
INFO:__main__:/nfs_scratch/fmeng/tmpWqtBzVLFVHETauAnalyzerMVA-ZetauEmbedded_Run2012B/job.dag: STATUS_SUBMITTED stats: [33mSTATUS_SUBMITTED[0m(1) [32mSTATUS_DONE[0m(63)
INFO:__main__:/nfs_scratch/fmeng/tmpWqtBzVLFVHETauAnalyzerMVA-ZetauEmbedded_Run2012B/job.dag: STATUS_SUBMITTED stats: [33mSTATUS_SUBMITTED[0m(1) [32mSTATUS_DONE[0m(63)
INFO:__main__:/nfs_scratch/fmeng/tmpWqtBzVLFVHETauAnalyzerMVA-ZetauEmbedded_Run2012B/job.dag: STATUS_SUBMITTED stats: [33mSTATUS_SUBMITTED[0m(1) [32mSTATUS_DONE[0m(63)
INFO:__main__:/nfs_scratch/fmeng/tmpWqtBzVLFVHETauAnalyzerMVA-ZetauEmbedded_Run2012B/job.dag: STATUS_SUBMITTED stats: [33mSTATUS_SUBMITTED[0m(1) [32mSTATUS_DONE[0m(63)
INFO:__main__:/nfs_scratch/fmeng/tmpWqtBzVLFVHETauAnalyzerMVA-ZetauEmbedded_Run2012B/job.dag: STATUS_SUBMITTED stats: [33mSTATUS_SUBMITTED[0m(1) [32mSTATUS_DONE[0m(63)
INFO:__main__:/nfs_scratch/fmeng/tmpWqtBzVLFVHETauAnalyzerMVA-ZetauEmbedded_Run2012B/job.dag: STATUS_SUBMITTED stats: [33mSTATUS_SUBMITTED[0m(1) [32mSTATUS_DONE[0m(63)
INFO:__main__:/nfs_scratch/fmeng/tmpWqtBzVLFVHETauAnalyzerMVA-ZetauEmbedded_Run2012B/job.dag: STATUS_SUBMITTED stats: [33mSTATUS_SUBMITTED[0m(1) [32mSTATUS_DONE[0m(63)
INFO:__main__:/nfs_scratch/fmeng/tmpWqtBzVLFVHETauAnalyzerMVA-ZetauEmbedded_Run2012B/job.dag: STATUS_SUBMITTED stats: [33mSTATUS_SUBMITTED[0m(1) [32mSTATUS_DONE[0m(63)
INFO:__main__:/nfs_scratch/fmeng/tmpWqtBzVLFVHETauAnalyzerMVA-ZetauEmbedded_Run2012B/job.dag: STATUS_SUBMITTED stats: [33mSTATUS_SUBMITTED[0m(1) [32mSTATUS_DONE[0m(63)
INFO:__main__:/nfs_scratch/fmeng/tmpWqtBzVLFVHETauAnalyzerMVA-ZetauEmbedded_Run2012B/job.dag: STATUS_SUBMITTED stats: [33mSTATUS_SUBMITTED[0m(1) [32mSTATUS_DONE[0m(63)
INFO:__main__:/nfs_scratch/fmeng/tmpWqtBzVLFVHETauAnalyzerMVA-ZetauEmbedded_Run2012B/job.dag: STATUS_SUBMITTED stats: [33mSTATUS_SUBMITTED[0m(1) [32mSTATUS_DONE[0m(63)
INFO:__main__:/nfs_scratch/fmeng/tmpWqtBzVLFVHETauAnalyzerMVA-ZetauEmbedded_Run2012B/job.dag: STATUS_SUBMITTED stats: [33mSTATUS_SUBMITTED[0m(1) [32mSTATUS_DONE[0m(63)
INFO:__main__:/nfs_scratch/fmeng/tmpWqtBzVLFVHETauAnalyzerMVA-ZetauEmbedded_Run2012B/job.dag: STATUS_SUBMITTED stats: [33mSTATUS_SUBMITTED[0m(1) [32mSTATUS_DONE[0m(63)
INFO:__main__:/nfs_scratch/fmeng/tmpWqtBzVLFVHETauAnalyzerMVA-ZetauEmbedded_Run2012B/job.dag: STATUS_SUBMITTED stats: [33mSTATUS_SUBMITTED[0m(1) [32mSTATUS_DONE[0m(63)
INFO:__main__:/nfs_scratch/fmeng/tmpWqtBzVLFVHETauAnalyzerMVA-ZetauEmbedded_Run2012B/job.dag: STATUS_SUBMITTED stats: [33mSTATUS_SUBMITTED[0m(1) [32mSTATUS_DONE[0m(63)
INFO:__main__:/nfs_scratch/fmeng/tmpWqtBzVLFVHETauAnalyzerMVA-ZetauEmbedded_Run2012B/job.dag: STATUS_SUBMITTED stats: [33mSTATUS_SUBMITTED[0m(1) [32mSTATUS_DONE[0m(63)
INFO:__main__:/nfs_scratch/fmeng/tmpWqtBzVLFVHETauAnalyzerMVA-ZetauEmbedded_Run2012B/job.dag: STATUS_SUBMITTED stats: [33mSTATUS_SUBMITTED[0m(1) [32mSTATUS_DONE[0m(63)
INFO:__main__:/nfs_scratch/fmeng/tmpWqtBzVLFVHETauAnalyzerMVA-ZetauEmbedded_Run2012B/job.dag: STATUS_DONE stats: [32mSTATUS_DONE[0m(64)
INFO:__main__:Copying final output /hdfs/store/user/fmeng/MegaJob_tmpWqtBzVLFVHETauAnalyzerMVA-ZetauEmbedded_Run2012B//mergeFilesJob-mergeFilesJob-mega-batch-make_ntuples_cfg-patTuple_cfg-CE91E990-CCE7-E211-9BCB-0023AEFDEA90.root => results/newNtuple_5Nov/LFVHETauAnalyzerMVA/ZetauEmbedded_Run2012B.root
INFO:__main__:[32m/nfs_scratch/fmeng/tmpWqtBzVLFVHETauAnalyzerMVA-ZetauEmbedded_Run2012B/job.dag: job complete.[0m
