INFO:__main__:Processing inputs/newNtuple_5Nov/data_SingleElectron_Run2012D_22Jan2013_v1.txt using LFVHETauAnalyzerMVA1.py, the output file will be results/newNtuple_5Nov/LFVHETauAnalyzerMVA1/data_SingleElectron_Run2012D_22Jan2013_v1.root
INFO:__main__:Generating submit scripts in /nfs_scratch/fmeng/tmp4CCaV3LFVHETauAnalyzerMVA1-data_SingleElectron_Run2012D_22Jan2013_v1
INFO:FinalStateAnalysis.PlotTools.MegaPath:Checking inputs file inputs/newNtuple_5Nov/data_SingleElectron_Run2012D_22Jan2013_v1.txt exists...
INFO:__main__:Running over 7998 files in 800 jobs
Generating submit files in /nfs_scratch/fmeng/tmp4CCaV3LFVHETauAnalyzerMVA1-data_SingleElectron_Run2012D_22Jan2013_v1/analyze...
................................................................................................................................................................................................................................................................................................................................................................................................................................................................................................................................................................................................................................................................................................................................................................................................................................
Submit DAG file /nfs_scratch/fmeng/tmp4CCaV3LFVHETauAnalyzerMVA1-data_SingleElectron_Run2012D_22Jan2013_v1/job.dag has been created but not submitted.
Jobs for Analyze are created in /nfs_scratch/fmeng/tmp4CCaV3LFVHETauAnalyzerMVA1-data_SingleElectron_Run2012D_22Jan2013_v1/analyze
Using HADD method to merge files
Increasing vsize limit from 3000 MB to 6000 MB
LCG_GFAL_INFOSYS is not set
Using grid catalog type: UNKNOWN
Using grid catalog : (null)
VO name: cms
Checksum type: None
Destination SE type: SRMv2
Destination SRM Request Token: put:2650697
Source URL: file:/nfs_scratch/fmeng/tmp4CCaV3LFVHETauAnalyzerMVA1-data_SingleElectron_Run2012D_22Jan2013_v1/MergeLayer0/user_code.tgz
File size: 117640606
Source URL for copy: file:/nfs_scratch/fmeng/tmp4CCaV3LFVHETauAnalyzerMVA1-data_SingleElectron_Run2012D_22Jan2013_v1/MergeLayer0/user_code.tgz
Destination URL: gsiftp://g23n01.hep.wisc.edu//hdfs/HighReplicaCondorUserFiles/nfs_scratch/fmeng/tmp4CCaV3LFVHETauAnalyzerMVA1-data_SingleElectron_Run2012D_22Jan2013_v1/MergeLayer0/user_code.tgz
# streams: 1
            0 bytes      0.00 KB/sec avg      0.00 KB/sec inst            0 bytes      0.00 KB/sec avg      0.00 KB/sec inst            0 bytes      0.00 KB/sec avg      0.00 KB/sec inst      1048576 bytes    416.07 KB/sec avg    416.07 KB/sec inst     58720256 bytes  16102.80 KB/sec avg  51200.00 KB/sec inst    116391936 bytes  24920.20 KB/sec avg  56320.00 KB/sec inst
Transfer took 5020 ms
Generating submit files in /nfs_scratch/fmeng/tmp4CCaV3LFVHETauAnalyzerMVA1-data_SingleElectron_Run2012D_22Jan2013_v1/MergeLayer0...
................................................................................
Submit DAG file /nfs_scratch/fmeng/tmp4CCaV3LFVHETauAnalyzerMVA1-data_SingleElectron_Run2012D_22Jan2013_v1/job.dag has been created but not submitted.
Jobs for MergeLayer0 are created in /nfs_scratch/fmeng/tmp4CCaV3LFVHETauAnalyzerMVA1-data_SingleElectron_Run2012D_22Jan2013_v1/MergeLayer0
Using HADD method to merge files
Increasing vsize limit from 3000 MB to 6000 MB
LCG_GFAL_INFOSYS is not set
Using grid catalog type: UNKNOWN
Using grid catalog : (null)
VO name: cms
Checksum type: None
Destination SE type: SRMv2
Destination SRM Request Token: put:2650811
Source URL: file:/nfs_scratch/fmeng/tmp4CCaV3LFVHETauAnalyzerMVA1-data_SingleElectron_Run2012D_22Jan2013_v1/MergeLayer1/user_code.tgz
File size: 117640606
Source URL for copy: file:/nfs_scratch/fmeng/tmp4CCaV3LFVHETauAnalyzerMVA1-data_SingleElectron_Run2012D_22Jan2013_v1/MergeLayer1/user_code.tgz
Destination URL: gsiftp://g14n06.hep.wisc.edu//hdfs/HighReplicaCondorUserFiles/nfs_scratch/fmeng/tmp4CCaV3LFVHETauAnalyzerMVA1-data_SingleElectron_Run2012D_22Jan2013_v1/MergeLayer1/user_code.tgz
# streams: 1
            0 bytes      0.00 KB/sec avg      0.00 KB/sec inst            0 bytes      0.00 KB/sec avg      0.00 KB/sec inst      1048576 bytes    742.92 KB/sec avg    742.92 KB/sec inst     45088768 bytes  18513.71 KB/sec avg  43008.00 KB/sec inst     84934656 bytes  24551.67 KB/sec avg  38912.00 KB/sec inst    117440512 bytes  26194.37 KB/sec avg  31744.00 KB/sec inst
Transfer took 5020 ms
Generating submit files in /nfs_scratch/fmeng/tmp4CCaV3LFVHETauAnalyzerMVA1-data_SingleElectron_Run2012D_22Jan2013_v1/MergeLayer1...
........
Submit DAG file /nfs_scratch/fmeng/tmp4CCaV3LFVHETauAnalyzerMVA1-data_SingleElectron_Run2012D_22Jan2013_v1/job.dag has been created but not submitted.
Jobs for MergeLayer1 are created in /nfs_scratch/fmeng/tmp4CCaV3LFVHETauAnalyzerMVA1-data_SingleElectron_Run2012D_22Jan2013_v1/MergeLayer1
Using HADD method to merge files
Increasing vsize limit from 3000 MB to 6000 MB
LCG_GFAL_INFOSYS is not set
Using grid catalog type: UNKNOWN
Using grid catalog : (null)
VO name: cms
Checksum type: None
Destination SE type: SRMv2
Destination SRM Request Token: put:2650877
Source URL: file:/nfs_scratch/fmeng/tmp4CCaV3LFVHETauAnalyzerMVA1-data_SingleElectron_Run2012D_22Jan2013_v1/FinalMerged/user_code.tgz
File size: 117640606
Source URL for copy: file:/nfs_scratch/fmeng/tmp4CCaV3LFVHETauAnalyzerMVA1-data_SingleElectron_Run2012D_22Jan2013_v1/FinalMerged/user_code.tgz
Destination URL: gsiftp://g20n02.hep.wisc.edu//hdfs/HighReplicaCondorUserFiles/nfs_scratch/fmeng/tmp4CCaV3LFVHETauAnalyzerMVA1-data_SingleElectron_Run2012D_22Jan2013_v1/FinalMerged/user_code.tgz
# streams: 1
            0 bytes      0.00 KB/sec avg      0.00 KB/sec inst            0 bytes      0.00 KB/sec avg      0.00 KB/sec inst            0 bytes      0.00 KB/sec avg      0.00 KB/sec inst      1048576 bytes    464.87 KB/sec avg    464.87 KB/sec inst     91226112 bytes  27815.88 KB/sec avg  88064.00 KB/sec inst
Transfer took 4110 ms
Generating submit files in /nfs_scratch/fmeng/tmp4CCaV3LFVHETauAnalyzerMVA1-data_SingleElectron_Run2012D_22Jan2013_v1/FinalMerged...
.
Submitting job(s).
1 job(s) submitted to cluster 2621511.

-----------------------------------------------------------------------
File for submitting this DAG to Condor           : /nfs_scratch/fmeng/tmp4CCaV3LFVHETauAnalyzerMVA1-data_SingleElectron_Run2012D_22Jan2013_v1/job.dag.wrapper.condor.sub
Log of DAGMan debugging messages                 : /nfs_scratch/fmeng/tmp4CCaV3LFVHETauAnalyzerMVA1-data_SingleElectron_Run2012D_22Jan2013_v1/job.dag.wrapper.dagman.out
Log of Condor library output                     : /nfs_scratch/fmeng/tmp4CCaV3LFVHETauAnalyzerMVA1-data_SingleElectron_Run2012D_22Jan2013_v1/job.dag.wrapper.lib.out
Log of Condor library error messages             : /nfs_scratch/fmeng/tmp4CCaV3LFVHETauAnalyzerMVA1-data_SingleElectron_Run2012D_22Jan2013_v1/job.dag.wrapper.lib.err
Log of the life of condor_dagman itself          : /nfs_scratch/fmeng/tmp4CCaV3LFVHETauAnalyzerMVA1-data_SingleElectron_Run2012D_22Jan2013_v1/job.dag.wrapper.dagman.log

-----------------------------------------------------------------------
You can monitor your workflow's progess by watching /nfs_scratch/fmeng/tmp4CCaV3LFVHETauAnalyzerMVA1-data_SingleElectron_Run2012D_22Jan2013_v1/job.dag.dagman.out
A summary of the status of all of the jobs in your workflow will be
written to the following file every 60 seconds:
  /nfs_scratch/fmeng/tmp4CCaV3LFVHETauAnalyzerMVA1-data_SingleElectron_Run2012D_22Jan2013_v1/job.dag.status

Your jobs should show up in ~6 minutes
at the NEW job monitoring web page :
    http://www.hep.wisc.edu/cms/comp/jobs/
Jobs for FinalMerged are created in /nfs_scratch/fmeng/tmp4CCaV3LFVHETauAnalyzerMVA1-data_SingleElectron_Run2012D_22Jan2013_v1/FinalMerged
INFO:__main__:Waiting for job to complete
INFO:__main__:/nfs_scratch/fmeng/tmp4CCaV3LFVHETauAnalyzerMVA1-data_SingleElectron_Run2012D_22Jan2013_v1/job.dag: UNKNOWN stats: [30mUNKNOWN[0m(889)
INFO:__main__:/nfs_scratch/fmeng/tmp4CCaV3LFVHETauAnalyzerMVA1-data_SingleElectron_Run2012D_22Jan2013_v1/job.dag: UNKNOWN stats: [30mUNKNOWN[0m(889)
INFO:__main__:/nfs_scratch/fmeng/tmp4CCaV3LFVHETauAnalyzerMVA1-data_SingleElectron_Run2012D_22Jan2013_v1/job.dag: UNKNOWN stats: [30mUNKNOWN[0m(889)
INFO:__main__:/nfs_scratch/fmeng/tmp4CCaV3LFVHETauAnalyzerMVA1-data_SingleElectron_Run2012D_22Jan2013_v1/job.dag: UNKNOWN stats: [30mUNKNOWN[0m(889)
INFO:__main__:/nfs_scratch/fmeng/tmp4CCaV3LFVHETauAnalyzerMVA1-data_SingleElectron_Run2012D_22Jan2013_v1/job.dag: UNKNOWN stats: [30mUNKNOWN[0m(889)
INFO:__main__:/nfs_scratch/fmeng/tmp4CCaV3LFVHETauAnalyzerMVA1-data_SingleElectron_Run2012D_22Jan2013_v1/job.dag: UNKNOWN stats: [30mUNKNOWN[0m(889)
INFO:__main__:/nfs_scratch/fmeng/tmp4CCaV3LFVHETauAnalyzerMVA1-data_SingleElectron_Run2012D_22Jan2013_v1/job.dag: UNKNOWN stats: [30mUNKNOWN[0m(889)
INFO:__main__:/nfs_scratch/fmeng/tmp4CCaV3LFVHETauAnalyzerMVA1-data_SingleElectron_Run2012D_22Jan2013_v1/job.dag: UNKNOWN stats: [30mUNKNOWN[0m(889)
INFO:__main__:/nfs_scratch/fmeng/tmp4CCaV3LFVHETauAnalyzerMVA1-data_SingleElectron_Run2012D_22Jan2013_v1/job.dag: UNKNOWN stats: [30mUNKNOWN[0m(889)
INFO:__main__:/nfs_scratch/fmeng/tmp4CCaV3LFVHETauAnalyzerMVA1-data_SingleElectron_Run2012D_22Jan2013_v1/job.dag: UNKNOWN stats: [30mUNKNOWN[0m(889)
INFO:__main__:/nfs_scratch/fmeng/tmp4CCaV3LFVHETauAnalyzerMVA1-data_SingleElectron_Run2012D_22Jan2013_v1/job.dag: UNKNOWN stats: [30mUNKNOWN[0m(889)
INFO:__main__:/nfs_scratch/fmeng/tmp4CCaV3LFVHETauAnalyzerMVA1-data_SingleElectron_Run2012D_22Jan2013_v1/job.dag: UNKNOWN stats: [30mUNKNOWN[0m(889)
INFO:__main__:/nfs_scratch/fmeng/tmp4CCaV3LFVHETauAnalyzerMVA1-data_SingleElectron_Run2012D_22Jan2013_v1/job.dag: UNKNOWN stats: [30mUNKNOWN[0m(889)
INFO:__main__:/nfs_scratch/fmeng/tmp4CCaV3LFVHETauAnalyzerMVA1-data_SingleElectron_Run2012D_22Jan2013_v1/job.dag: UNKNOWN stats: [30mUNKNOWN[0m(889)
INFO:__main__:/nfs_scratch/fmeng/tmp4CCaV3LFVHETauAnalyzerMVA1-data_SingleElectron_Run2012D_22Jan2013_v1/job.dag: UNKNOWN stats: [30mUNKNOWN[0m(889)
INFO:__main__:/nfs_scratch/fmeng/tmp4CCaV3LFVHETauAnalyzerMVA1-data_SingleElectron_Run2012D_22Jan2013_v1/job.dag: UNKNOWN stats: [30mUNKNOWN[0m(889)
INFO:__main__:/nfs_scratch/fmeng/tmp4CCaV3LFVHETauAnalyzerMVA1-data_SingleElectron_Run2012D_22Jan2013_v1/job.dag: UNKNOWN stats: [30mUNKNOWN[0m(889)
INFO:__main__:/nfs_scratch/fmeng/tmp4CCaV3LFVHETauAnalyzerMVA1-data_SingleElectron_Run2012D_22Jan2013_v1/job.dag: STATUS_SUBMITTED stats: [33mSTATUS_SUBMITTED[0m(15) [34mSTATUS_UNREADY[0m(89) [36mSTATUS_READY[0m(785)
INFO:__main__:/nfs_scratch/fmeng/tmp4CCaV3LFVHETauAnalyzerMVA1-data_SingleElectron_Run2012D_22Jan2013_v1/job.dag: STATUS_SUBMITTED stats: [33mSTATUS_SUBMITTED[0m(15) [34mSTATUS_UNREADY[0m(89) [36mSTATUS_READY[0m(785)
INFO:__main__:/nfs_scratch/fmeng/tmp4CCaV3LFVHETauAnalyzerMVA1-data_SingleElectron_Run2012D_22Jan2013_v1/job.dag: STATUS_SUBMITTED stats: [33mSTATUS_SUBMITTED[0m(15) [34mSTATUS_UNREADY[0m(89) [36mSTATUS_READY[0m(785)
INFO:__main__:/nfs_scratch/fmeng/tmp4CCaV3LFVHETauAnalyzerMVA1-data_SingleElectron_Run2012D_22Jan2013_v1/job.dag: STATUS_SUBMITTED stats: [33mSTATUS_SUBMITTED[0m(15) [34mSTATUS_UNREADY[0m(89) [36mSTATUS_READY[0m(785)
INFO:__main__:/nfs_scratch/fmeng/tmp4CCaV3LFVHETauAnalyzerMVA1-data_SingleElectron_Run2012D_22Jan2013_v1/job.dag: STATUS_SUBMITTED stats: [33mSTATUS_SUBMITTED[0m(15) [34mSTATUS_UNREADY[0m(89) [36mSTATUS_READY[0m(785)
INFO:__main__:/nfs_scratch/fmeng/tmp4CCaV3LFVHETauAnalyzerMVA1-data_SingleElectron_Run2012D_22Jan2013_v1/job.dag: STATUS_SUBMITTED stats: [33mSTATUS_SUBMITTED[0m(15) [34mSTATUS_UNREADY[0m(89) [36mSTATUS_READY[0m(785)
INFO:__main__:/nfs_scratch/fmeng/tmp4CCaV3LFVHETauAnalyzerMVA1-data_SingleElectron_Run2012D_22Jan2013_v1/job.dag: STATUS_SUBMITTED stats: [33mSTATUS_SUBMITTED[0m(15) [34mSTATUS_UNREADY[0m(89) [36mSTATUS_READY[0m(785)
INFO:__main__:/nfs_scratch/fmeng/tmp4CCaV3LFVHETauAnalyzerMVA1-data_SingleElectron_Run2012D_22Jan2013_v1/job.dag: STATUS_SUBMITTED stats: [33mSTATUS_SUBMITTED[0m(15) [34mSTATUS_UNREADY[0m(89) [36mSTATUS_READY[0m(785)
INFO:__main__:/nfs_scratch/fmeng/tmp4CCaV3LFVHETauAnalyzerMVA1-data_SingleElectron_Run2012D_22Jan2013_v1/job.dag: STATUS_SUBMITTED stats: [33mSTATUS_SUBMITTED[0m(15) [34mSTATUS_UNREADY[0m(89) [36mSTATUS_READY[0m(785)
INFO:__main__:/nfs_scratch/fmeng/tmp4CCaV3LFVHETauAnalyzerMVA1-data_SingleElectron_Run2012D_22Jan2013_v1/job.dag: STATUS_SUBMITTED stats: [33mSTATUS_SUBMITTED[0m(15) [34mSTATUS_UNREADY[0m(89) [36mSTATUS_READY[0m(785)
INFO:__main__:/nfs_scratch/fmeng/tmp4CCaV3LFVHETauAnalyzerMVA1-data_SingleElectron_Run2012D_22Jan2013_v1/job.dag: STATUS_SUBMITTED stats: [33mSTATUS_SUBMITTED[0m(15) [34mSTATUS_UNREADY[0m(89) [36mSTATUS_READY[0m(785)
INFO:__main__:/nfs_scratch/fmeng/tmp4CCaV3LFVHETauAnalyzerMVA1-data_SingleElectron_Run2012D_22Jan2013_v1/job.dag: STATUS_SUBMITTED stats: [33mSTATUS_SUBMITTED[0m(15) [34mSTATUS_UNREADY[0m(89) [36mSTATUS_READY[0m(785)
INFO:__main__:/nfs_scratch/fmeng/tmp4CCaV3LFVHETauAnalyzerMVA1-data_SingleElectron_Run2012D_22Jan2013_v1/job.dag: STATUS_SUBMITTED stats: [33mSTATUS_SUBMITTED[0m(23) [32mSTATUS_DONE[0m(7) [34mSTATUS_UNREADY[0m(89) [36mSTATUS_READY[0m(770)
INFO:__main__:/nfs_scratch/fmeng/tmp4CCaV3LFVHETauAnalyzerMVA1-data_SingleElectron_Run2012D_22Jan2013_v1/job.dag: STATUS_SUBMITTED stats: [33mSTATUS_SUBMITTED[0m(23) [32mSTATUS_DONE[0m(7) [34mSTATUS_UNREADY[0m(89) [36mSTATUS_READY[0m(770)
INFO:__main__:/nfs_scratch/fmeng/tmp4CCaV3LFVHETauAnalyzerMVA1-data_SingleElectron_Run2012D_22Jan2013_v1/job.dag: STATUS_SUBMITTED stats: [33mSTATUS_SUBMITTED[0m(23) [32mSTATUS_DONE[0m(7) [34mSTATUS_UNREADY[0m(89) [36mSTATUS_READY[0m(770)
INFO:__main__:/nfs_scratch/fmeng/tmp4CCaV3LFVHETauAnalyzerMVA1-data_SingleElectron_Run2012D_22Jan2013_v1/job.dag: STATUS_SUBMITTED stats: [33mSTATUS_SUBMITTED[0m(23) [32mSTATUS_DONE[0m(7) [34mSTATUS_UNREADY[0m(89) [36mSTATUS_READY[0m(770)
INFO:__main__:/nfs_scratch/fmeng/tmp4CCaV3LFVHETauAnalyzerMVA1-data_SingleElectron_Run2012D_22Jan2013_v1/job.dag: STATUS_SUBMITTED stats: [33mSTATUS_SUBMITTED[0m(23) [32mSTATUS_DONE[0m(7) [34mSTATUS_UNREADY[0m(89) [36mSTATUS_READY[0m(770)
INFO:__main__:/nfs_scratch/fmeng/tmp4CCaV3LFVHETauAnalyzerMVA1-data_SingleElectron_Run2012D_22Jan2013_v1/job.dag: STATUS_SUBMITTED stats: [33mSTATUS_SUBMITTED[0m(23) [32mSTATUS_DONE[0m(7) [34mSTATUS_UNREADY[0m(89) [36mSTATUS_READY[0m(770)
INFO:__main__:/nfs_scratch/fmeng/tmp4CCaV3LFVHETauAnalyzerMVA1-data_SingleElectron_Run2012D_22Jan2013_v1/job.dag: STATUS_SUBMITTED stats: [33mSTATUS_SUBMITTED[0m(23) [32mSTATUS_DONE[0m(7) [34mSTATUS_UNREADY[0m(89) [36mSTATUS_READY[0m(770)
INFO:__main__:/nfs_scratch/fmeng/tmp4CCaV3LFVHETauAnalyzerMVA1-data_SingleElectron_Run2012D_22Jan2013_v1/job.dag: STATUS_SUBMITTED stats: [33mSTATUS_SUBMITTED[0m(23) [32mSTATUS_DONE[0m(7) [34mSTATUS_UNREADY[0m(89) [36mSTATUS_READY[0m(770)
INFO:__main__:/nfs_scratch/fmeng/tmp4CCaV3LFVHETauAnalyzerMVA1-data_SingleElectron_Run2012D_22Jan2013_v1/job.dag: STATUS_SUBMITTED stats: [33mSTATUS_SUBMITTED[0m(23) [32mSTATUS_DONE[0m(7) [34mSTATUS_UNREADY[0m(89) [36mSTATUS_READY[0m(770)
INFO:__main__:/nfs_scratch/fmeng/tmp4CCaV3LFVHETauAnalyzerMVA1-data_SingleElectron_Run2012D_22Jan2013_v1/job.dag: STATUS_SUBMITTED stats: [33mSTATUS_SUBMITTED[0m(23) [32mSTATUS_DONE[0m(7) [34mSTATUS_UNREADY[0m(89) [36mSTATUS_READY[0m(770)
INFO:__main__:/nfs_scratch/fmeng/tmp4CCaV3LFVHETauAnalyzerMVA1-data_SingleElectron_Run2012D_22Jan2013_v1/job.dag: STATUS_SUBMITTED stats: [33mSTATUS_SUBMITTED[0m(23) [32mSTATUS_DONE[0m(7) [34mSTATUS_UNREADY[0m(89) [36mSTATUS_READY[0m(770)
INFO:__main__:/nfs_scratch/fmeng/tmp4CCaV3LFVHETauAnalyzerMVA1-data_SingleElectron_Run2012D_22Jan2013_v1/job.dag: STATUS_SUBMITTED stats: [33mSTATUS_SUBMITTED[0m(23) [32mSTATUS_DONE[0m(7) [34mSTATUS_UNREADY[0m(89) [36mSTATUS_READY[0m(770)
INFO:__main__:/nfs_scratch/fmeng/tmp4CCaV3LFVHETauAnalyzerMVA1-data_SingleElectron_Run2012D_22Jan2013_v1/job.dag: STATUS_SUBMITTED stats: [33mSTATUS_SUBMITTED[0m(30) [32mSTATUS_DONE[0m(15) [34mSTATUS_UNREADY[0m(89) [36mSTATUS_READY[0m(755)
INFO:__main__:/nfs_scratch/fmeng/tmp4CCaV3LFVHETauAnalyzerMVA1-data_SingleElectron_Run2012D_22Jan2013_v1/job.dag: STATUS_SUBMITTED stats: [33mSTATUS_SUBMITTED[0m(30) [32mSTATUS_DONE[0m(15) [34mSTATUS_UNREADY[0m(89) [36mSTATUS_READY[0m(755)
INFO:__main__:/nfs_scratch/fmeng/tmp4CCaV3LFVHETauAnalyzerMVA1-data_SingleElectron_Run2012D_22Jan2013_v1/job.dag: STATUS_SUBMITTED stats: [33mSTATUS_SUBMITTED[0m(30) [32mSTATUS_DONE[0m(15) [34mSTATUS_UNREADY[0m(89) [36mSTATUS_READY[0m(755)
INFO:__main__:/nfs_scratch/fmeng/tmp4CCaV3LFVHETauAnalyzerMVA1-data_SingleElectron_Run2012D_22Jan2013_v1/job.dag: STATUS_SUBMITTED stats: [33mSTATUS_SUBMITTED[0m(30) [32mSTATUS_DONE[0m(15) [34mSTATUS_UNREADY[0m(89) [36mSTATUS_READY[0m(755)
INFO:__main__:/nfs_scratch/fmeng/tmp4CCaV3LFVHETauAnalyzerMVA1-data_SingleElectron_Run2012D_22Jan2013_v1/job.dag: STATUS_SUBMITTED stats: [33mSTATUS_SUBMITTED[0m(30) [32mSTATUS_DONE[0m(15) [34mSTATUS_UNREADY[0m(89) [36mSTATUS_READY[0m(755)
INFO:__main__:/nfs_scratch/fmeng/tmp4CCaV3LFVHETauAnalyzerMVA1-data_SingleElectron_Run2012D_22Jan2013_v1/job.dag: STATUS_SUBMITTED stats: [33mSTATUS_SUBMITTED[0m(30) [32mSTATUS_DONE[0m(15) [34mSTATUS_UNREADY[0m(89) [36mSTATUS_READY[0m(755)
INFO:__main__:/nfs_scratch/fmeng/tmp4CCaV3LFVHETauAnalyzerMVA1-data_SingleElectron_Run2012D_22Jan2013_v1/job.dag: STATUS_SUBMITTED stats: [33mSTATUS_SUBMITTED[0m(30) [32mSTATUS_DONE[0m(15) [34mSTATUS_UNREADY[0m(89) [36mSTATUS_READY[0m(755)
INFO:__main__:/nfs_scratch/fmeng/tmp4CCaV3LFVHETauAnalyzerMVA1-data_SingleElectron_Run2012D_22Jan2013_v1/job.dag: STATUS_SUBMITTED stats: [33mSTATUS_SUBMITTED[0m(30) [32mSTATUS_DONE[0m(15) [34mSTATUS_UNREADY[0m(89) [36mSTATUS_READY[0m(755)
INFO:__main__:/nfs_scratch/fmeng/tmp4CCaV3LFVHETauAnalyzerMVA1-data_SingleElectron_Run2012D_22Jan2013_v1/job.dag: STATUS_SUBMITTED stats: [33mSTATUS_SUBMITTED[0m(30) [32mSTATUS_DONE[0m(15) [34mSTATUS_UNREADY[0m(89) [36mSTATUS_READY[0m(755)
INFO:__main__:/nfs_scratch/fmeng/tmp4CCaV3LFVHETauAnalyzerMVA1-data_SingleElectron_Run2012D_22Jan2013_v1/job.dag: STATUS_SUBMITTED stats: [33mSTATUS_SUBMITTED[0m(30) [32mSTATUS_DONE[0m(15) [34mSTATUS_UNREADY[0m(89) [36mSTATUS_READY[0m(755)
INFO:__main__:/nfs_scratch/fmeng/tmp4CCaV3LFVHETauAnalyzerMVA1-data_SingleElectron_Run2012D_22Jan2013_v1/job.dag: STATUS_SUBMITTED stats: [33mSTATUS_SUBMITTED[0m(34) [32mSTATUS_DONE[0m(26) [34mSTATUS_UNREADY[0m(89) [36mSTATUS_READY[0m(740)
INFO:__main__:/nfs_scratch/fmeng/tmp4CCaV3LFVHETauAnalyzerMVA1-data_SingleElectron_Run2012D_22Jan2013_v1/job.dag: STATUS_SUBMITTED stats: [33mSTATUS_SUBMITTED[0m(34) [32mSTATUS_DONE[0m(26) [34mSTATUS_UNREADY[0m(89) [36mSTATUS_READY[0m(740)
INFO:__main__:/nfs_scratch/fmeng/tmp4CCaV3LFVHETauAnalyzerMVA1-data_SingleElectron_Run2012D_22Jan2013_v1/job.dag: STATUS_SUBMITTED stats: [33mSTATUS_SUBMITTED[0m(34) [32mSTATUS_DONE[0m(26) [34mSTATUS_UNREADY[0m(89) [36mSTATUS_READY[0m(740)
INFO:__main__:/nfs_scratch/fmeng/tmp4CCaV3LFVHETauAnalyzerMVA1-data_SingleElectron_Run2012D_22Jan2013_v1/job.dag: STATUS_SUBMITTED stats: [33mSTATUS_SUBMITTED[0m(34) [32mSTATUS_DONE[0m(26) [34mSTATUS_UNREADY[0m(89) [36mSTATUS_READY[0m(740)
INFO:__main__:/nfs_scratch/fmeng/tmp4CCaV3LFVHETauAnalyzerMVA1-data_SingleElectron_Run2012D_22Jan2013_v1/job.dag: STATUS_SUBMITTED stats: [33mSTATUS_SUBMITTED[0m(34) [32mSTATUS_DONE[0m(26) [34mSTATUS_UNREADY[0m(89) [36mSTATUS_READY[0m(740)
INFO:__main__:/nfs_scratch/fmeng/tmp4CCaV3LFVHETauAnalyzerMVA1-data_SingleElectron_Run2012D_22Jan2013_v1/job.dag: STATUS_SUBMITTED stats: [33mSTATUS_SUBMITTED[0m(34) [32mSTATUS_DONE[0m(26) [34mSTATUS_UNREADY[0m(89) [36mSTATUS_READY[0m(740)
INFO:__main__:/nfs_scratch/fmeng/tmp4CCaV3LFVHETauAnalyzerMVA1-data_SingleElectron_Run2012D_22Jan2013_v1/job.dag: STATUS_SUBMITTED stats: [33mSTATUS_SUBMITTED[0m(34) [32mSTATUS_DONE[0m(26) [34mSTATUS_UNREADY[0m(89) [36mSTATUS_READY[0m(740)
INFO:__main__:/nfs_scratch/fmeng/tmp4CCaV3LFVHETauAnalyzerMVA1-data_SingleElectron_Run2012D_22Jan2013_v1/job.dag: STATUS_SUBMITTED stats: [33mSTATUS_SUBMITTED[0m(34) [32mSTATUS_DONE[0m(26) [34mSTATUS_UNREADY[0m(89) [36mSTATUS_READY[0m(740)
INFO:__main__:/nfs_scratch/fmeng/tmp4CCaV3LFVHETauAnalyzerMVA1-data_SingleElectron_Run2012D_22Jan2013_v1/job.dag: STATUS_SUBMITTED stats: [33mSTATUS_SUBMITTED[0m(34) [32mSTATUS_DONE[0m(26) [34mSTATUS_UNREADY[0m(89) [36mSTATUS_READY[0m(740)
INFO:__main__:/nfs_scratch/fmeng/tmp4CCaV3LFVHETauAnalyzerMVA1-data_SingleElectron_Run2012D_22Jan2013_v1/job.dag: STATUS_SUBMITTED stats: [33mSTATUS_SUBMITTED[0m(34) [32mSTATUS_DONE[0m(26) [34mSTATUS_UNREADY[0m(89) [36mSTATUS_READY[0m(740)
INFO:__main__:/nfs_scratch/fmeng/tmp4CCaV3LFVHETauAnalyzerMVA1-data_SingleElectron_Run2012D_22Jan2013_v1/job.dag: STATUS_SUBMITTED stats: [33mSTATUS_SUBMITTED[0m(38) [32mSTATUS_DONE[0m(37) [34mSTATUS_UNREADY[0m(89) [36mSTATUS_READY[0m(725)
INFO:__main__:/nfs_scratch/fmeng/tmp4CCaV3LFVHETauAnalyzerMVA1-data_SingleElectron_Run2012D_22Jan2013_v1/job.dag: STATUS_SUBMITTED stats: [33mSTATUS_SUBMITTED[0m(38) [32mSTATUS_DONE[0m(37) [34mSTATUS_UNREADY[0m(89) [36mSTATUS_READY[0m(725)
INFO:__main__:/nfs_scratch/fmeng/tmp4CCaV3LFVHETauAnalyzerMVA1-data_SingleElectron_Run2012D_22Jan2013_v1/job.dag: STATUS_SUBMITTED stats: [33mSTATUS_SUBMITTED[0m(38) [32mSTATUS_DONE[0m(37) [34mSTATUS_UNREADY[0m(89) [36mSTATUS_READY[0m(725)
INFO:__main__:/nfs_scratch/fmeng/tmp4CCaV3LFVHETauAnalyzerMVA1-data_SingleElectron_Run2012D_22Jan2013_v1/job.dag: STATUS_SUBMITTED stats: [33mSTATUS_SUBMITTED[0m(38) [32mSTATUS_DONE[0m(37) [34mSTATUS_UNREADY[0m(89) [36mSTATUS_READY[0m(725)
INFO:__main__:/nfs_scratch/fmeng/tmp4CCaV3LFVHETauAnalyzerMVA1-data_SingleElectron_Run2012D_22Jan2013_v1/job.dag: STATUS_SUBMITTED stats: [33mSTATUS_SUBMITTED[0m(38) [32mSTATUS_DONE[0m(37) [34mSTATUS_UNREADY[0m(89) [36mSTATUS_READY[0m(725)
INFO:__main__:/nfs_scratch/fmeng/tmp4CCaV3LFVHETauAnalyzerMVA1-data_SingleElectron_Run2012D_22Jan2013_v1/job.dag: STATUS_SUBMITTED stats: [33mSTATUS_SUBMITTED[0m(38) [32mSTATUS_DONE[0m(37) [34mSTATUS_UNREADY[0m(89) [36mSTATUS_READY[0m(725)
INFO:__main__:/nfs_scratch/fmeng/tmp4CCaV3LFVHETauAnalyzerMVA1-data_SingleElectron_Run2012D_22Jan2013_v1/job.dag: STATUS_SUBMITTED stats: [33mSTATUS_SUBMITTED[0m(38) [32mSTATUS_DONE[0m(37) [34mSTATUS_UNREADY[0m(89) [36mSTATUS_READY[0m(725)
INFO:__main__:/nfs_scratch/fmeng/tmp4CCaV3LFVHETauAnalyzerMVA1-data_SingleElectron_Run2012D_22Jan2013_v1/job.dag: STATUS_SUBMITTED stats: [33mSTATUS_SUBMITTED[0m(38) [32mSTATUS_DONE[0m(37) [34mSTATUS_UNREADY[0m(89) [36mSTATUS_READY[0m(725)
INFO:__main__:/nfs_scratch/fmeng/tmp4CCaV3LFVHETauAnalyzerMVA1-data_SingleElectron_Run2012D_22Jan2013_v1/job.dag: STATUS_SUBMITTED stats: [33mSTATUS_SUBMITTED[0m(38) [32mSTATUS_DONE[0m(37) [34mSTATUS_UNREADY[0m(89) [36mSTATUS_READY[0m(725)
INFO:__main__:/nfs_scratch/fmeng/tmp4CCaV3LFVHETauAnalyzerMVA1-data_SingleElectron_Run2012D_22Jan2013_v1/job.dag: STATUS_SUBMITTED stats: [33mSTATUS_SUBMITTED[0m(44) [32mSTATUS_DONE[0m(46) [34mSTATUS_UNREADY[0m(89) [36mSTATUS_READY[0m(710)
INFO:__main__:/nfs_scratch/fmeng/tmp4CCaV3LFVHETauAnalyzerMVA1-data_SingleElectron_Run2012D_22Jan2013_v1/job.dag: STATUS_SUBMITTED stats: [33mSTATUS_SUBMITTED[0m(44) [32mSTATUS_DONE[0m(46) [34mSTATUS_UNREADY[0m(89) [36mSTATUS_READY[0m(710)
INFO:__main__:/nfs_scratch/fmeng/tmp4CCaV3LFVHETauAnalyzerMVA1-data_SingleElectron_Run2012D_22Jan2013_v1/job.dag: STATUS_SUBMITTED stats: [33mSTATUS_SUBMITTED[0m(44) [32mSTATUS_DONE[0m(46) [34mSTATUS_UNREADY[0m(89) [36mSTATUS_READY[0m(710)
INFO:__main__:/nfs_scratch/fmeng/tmp4CCaV3LFVHETauAnalyzerMVA1-data_SingleElectron_Run2012D_22Jan2013_v1/job.dag: STATUS_SUBMITTED stats: [33mSTATUS_SUBMITTED[0m(44) [32mSTATUS_DONE[0m(46) [34mSTATUS_UNREADY[0m(89) [36mSTATUS_READY[0m(710)
INFO:__main__:/nfs_scratch/fmeng/tmp4CCaV3LFVHETauAnalyzerMVA1-data_SingleElectron_Run2012D_22Jan2013_v1/job.dag: STATUS_SUBMITTED stats: [33mSTATUS_SUBMITTED[0m(44) [32mSTATUS_DONE[0m(46) [34mSTATUS_UNREADY[0m(89) [36mSTATUS_READY[0m(710)
INFO:__main__:/nfs_scratch/fmeng/tmp4CCaV3LFVHETauAnalyzerMVA1-data_SingleElectron_Run2012D_22Jan2013_v1/job.dag: STATUS_SUBMITTED stats: [33mSTATUS_SUBMITTED[0m(44) [32mSTATUS_DONE[0m(46) [34mSTATUS_UNREADY[0m(89) [36mSTATUS_READY[0m(710)
INFO:__main__:/nfs_scratch/fmeng/tmp4CCaV3LFVHETauAnalyzerMVA1-data_SingleElectron_Run2012D_22Jan2013_v1/job.dag: STATUS_SUBMITTED stats: [33mSTATUS_SUBMITTED[0m(44) [32mSTATUS_DONE[0m(46) [34mSTATUS_UNREADY[0m(89) [36mSTATUS_READY[0m(710)
INFO:__main__:/nfs_scratch/fmeng/tmp4CCaV3LFVHETauAnalyzerMVA1-data_SingleElectron_Run2012D_22Jan2013_v1/job.dag: STATUS_SUBMITTED stats: [33mSTATUS_SUBMITTED[0m(51) [32mSTATUS_DONE[0m(54) [34mSTATUS_UNREADY[0m(89) [36mSTATUS_READY[0m(695)
INFO:__main__:/nfs_scratch/fmeng/tmp4CCaV3LFVHETauAnalyzerMVA1-data_SingleElectron_Run2012D_22Jan2013_v1/job.dag: STATUS_SUBMITTED stats: [33mSTATUS_SUBMITTED[0m(51) [32mSTATUS_DONE[0m(54) [34mSTATUS_UNREADY[0m(89) [36mSTATUS_READY[0m(695)
INFO:__main__:/nfs_scratch/fmeng/tmp4CCaV3LFVHETauAnalyzerMVA1-data_SingleElectron_Run2012D_22Jan2013_v1/job.dag: STATUS_SUBMITTED stats: [33mSTATUS_SUBMITTED[0m(51) [32mSTATUS_DONE[0m(54) [34mSTATUS_UNREADY[0m(89) [36mSTATUS_READY[0m(695)
INFO:__main__:/nfs_scratch/fmeng/tmp4CCaV3LFVHETauAnalyzerMVA1-data_SingleElectron_Run2012D_22Jan2013_v1/job.dag: STATUS_SUBMITTED stats: [33mSTATUS_SUBMITTED[0m(51) [32mSTATUS_DONE[0m(54) [34mSTATUS_UNREADY[0m(89) [36mSTATUS_READY[0m(695)
INFO:__main__:/nfs_scratch/fmeng/tmp4CCaV3LFVHETauAnalyzerMVA1-data_SingleElectron_Run2012D_22Jan2013_v1/job.dag: STATUS_SUBMITTED stats: [33mSTATUS_SUBMITTED[0m(51) [32mSTATUS_DONE[0m(54) [34mSTATUS_UNREADY[0m(89) [36mSTATUS_READY[0m(695)
INFO:__main__:/nfs_scratch/fmeng/tmp4CCaV3LFVHETauAnalyzerMVA1-data_SingleElectron_Run2012D_22Jan2013_v1/job.dag: STATUS_SUBMITTED stats: [33mSTATUS_SUBMITTED[0m(51) [32mSTATUS_DONE[0m(54) [34mSTATUS_UNREADY[0m(89) [36mSTATUS_READY[0m(695)
INFO:__main__:/nfs_scratch/fmeng/tmp4CCaV3LFVHETauAnalyzerMVA1-data_SingleElectron_Run2012D_22Jan2013_v1/job.dag: STATUS_SUBMITTED stats: [33mSTATUS_SUBMITTED[0m(51) [32mSTATUS_DONE[0m(54) [34mSTATUS_UNREADY[0m(89) [36mSTATUS_READY[0m(695)
INFO:__main__:/nfs_scratch/fmeng/tmp4CCaV3LFVHETauAnalyzerMVA1-data_SingleElectron_Run2012D_22Jan2013_v1/job.dag: STATUS_SUBMITTED stats: [33mSTATUS_SUBMITTED[0m(51) [32mSTATUS_DONE[0m(54) [34mSTATUS_UNREADY[0m(89) [36mSTATUS_READY[0m(695)
INFO:__main__:/nfs_scratch/fmeng/tmp4CCaV3LFVHETauAnalyzerMVA1-data_SingleElectron_Run2012D_22Jan2013_v1/job.dag: STATUS_SUBMITTED stats: [33mSTATUS_SUBMITTED[0m(51) [32mSTATUS_DONE[0m(54) [34mSTATUS_UNREADY[0m(89) [36mSTATUS_READY[0m(695)
INFO:__main__:/nfs_scratch/fmeng/tmp4CCaV3LFVHETauAnalyzerMVA1-data_SingleElectron_Run2012D_22Jan2013_v1/job.dag: STATUS_SUBMITTED stats: [33mSTATUS_SUBMITTED[0m(54) [32mSTATUS_DONE[0m(66) [34mSTATUS_UNREADY[0m(89) [36mSTATUS_READY[0m(680)
INFO:__main__:/nfs_scratch/fmeng/tmp4CCaV3LFVHETauAnalyzerMVA1-data_SingleElectron_Run2012D_22Jan2013_v1/job.dag: STATUS_SUBMITTED stats: [33mSTATUS_SUBMITTED[0m(54) [32mSTATUS_DONE[0m(66) [34mSTATUS_UNREADY[0m(89) [36mSTATUS_READY[0m(680)
INFO:__main__:/nfs_scratch/fmeng/tmp4CCaV3LFVHETauAnalyzerMVA1-data_SingleElectron_Run2012D_22Jan2013_v1/job.dag: STATUS_SUBMITTED stats: [33mSTATUS_SUBMITTED[0m(54) [32mSTATUS_DONE[0m(66) [34mSTATUS_UNREADY[0m(89) [36mSTATUS_READY[0m(680)
INFO:__main__:/nfs_scratch/fmeng/tmp4CCaV3LFVHETauAnalyzerMVA1-data_SingleElectron_Run2012D_22Jan2013_v1/job.dag: STATUS_SUBMITTED stats: [33mSTATUS_SUBMITTED[0m(54) [32mSTATUS_DONE[0m(66) [34mSTATUS_UNREADY[0m(89) [36mSTATUS_READY[0m(680)
INFO:__main__:/nfs_scratch/fmeng/tmp4CCaV3LFVHETauAnalyzerMVA1-data_SingleElectron_Run2012D_22Jan2013_v1/job.dag: STATUS_SUBMITTED stats: [33mSTATUS_SUBMITTED[0m(54) [32mSTATUS_DONE[0m(66) [34mSTATUS_UNREADY[0m(89) [36mSTATUS_READY[0m(680)
INFO:__main__:/nfs_scratch/fmeng/tmp4CCaV3LFVHETauAnalyzerMVA1-data_SingleElectron_Run2012D_22Jan2013_v1/job.dag: STATUS_SUBMITTED stats: [33mSTATUS_SUBMITTED[0m(54) [32mSTATUS_DONE[0m(66) [34mSTATUS_UNREADY[0m(89) [36mSTATUS_READY[0m(680)
INFO:__main__:/nfs_scratch/fmeng/tmp4CCaV3LFVHETauAnalyzerMVA1-data_SingleElectron_Run2012D_22Jan2013_v1/job.dag: STATUS_SUBMITTED stats: [33mSTATUS_SUBMITTED[0m(54) [32mSTATUS_DONE[0m(66) [34mSTATUS_UNREADY[0m(89) [36mSTATUS_READY[0m(680)
INFO:__main__:/nfs_scratch/fmeng/tmp4CCaV3LFVHETauAnalyzerMVA1-data_SingleElectron_Run2012D_22Jan2013_v1/job.dag: STATUS_SUBMITTED stats: [33mSTATUS_SUBMITTED[0m(54) [32mSTATUS_DONE[0m(66) [34mSTATUS_UNREADY[0m(89) [36mSTATUS_READY[0m(680)
INFO:__main__:/nfs_scratch/fmeng/tmp4CCaV3LFVHETauAnalyzerMVA1-data_SingleElectron_Run2012D_22Jan2013_v1/job.dag: STATUS_SUBMITTED stats: [33mSTATUS_SUBMITTED[0m(63) [32mSTATUS_DONE[0m(72) [34mSTATUS_UNREADY[0m(89) [36mSTATUS_READY[0m(665)
INFO:__main__:/nfs_scratch/fmeng/tmp4CCaV3LFVHETauAnalyzerMVA1-data_SingleElectron_Run2012D_22Jan2013_v1/job.dag: STATUS_SUBMITTED stats: [33mSTATUS_SUBMITTED[0m(63) [32mSTATUS_DONE[0m(72) [34mSTATUS_UNREADY[0m(89) [36mSTATUS_READY[0m(665)
INFO:__main__:/nfs_scratch/fmeng/tmp4CCaV3LFVHETauAnalyzerMVA1-data_SingleElectron_Run2012D_22Jan2013_v1/job.dag: STATUS_SUBMITTED stats: [33mSTATUS_SUBMITTED[0m(63) [32mSTATUS_DONE[0m(72) [34mSTATUS_UNREADY[0m(89) [36mSTATUS_READY[0m(665)
INFO:__main__:/nfs_scratch/fmeng/tmp4CCaV3LFVHETauAnalyzerMVA1-data_SingleElectron_Run2012D_22Jan2013_v1/job.dag: STATUS_SUBMITTED stats: [33mSTATUS_SUBMITTED[0m(63) [32mSTATUS_DONE[0m(72) [34mSTATUS_UNREADY[0m(89) [36mSTATUS_READY[0m(665)
INFO:__main__:/nfs_scratch/fmeng/tmp4CCaV3LFVHETauAnalyzerMVA1-data_SingleElectron_Run2012D_22Jan2013_v1/job.dag: STATUS_SUBMITTED stats: [33mSTATUS_SUBMITTED[0m(63) [32mSTATUS_DONE[0m(72) [34mSTATUS_UNREADY[0m(89) [36mSTATUS_READY[0m(665)
INFO:__main__:/nfs_scratch/fmeng/tmp4CCaV3LFVHETauAnalyzerMVA1-data_SingleElectron_Run2012D_22Jan2013_v1/job.dag: STATUS_SUBMITTED stats: [33mSTATUS_SUBMITTED[0m(63) [32mSTATUS_DONE[0m(72) [34mSTATUS_UNREADY[0m(89) [36mSTATUS_READY[0m(665)
INFO:__main__:/nfs_scratch/fmeng/tmp4CCaV3LFVHETauAnalyzerMVA1-data_SingleElectron_Run2012D_22Jan2013_v1/job.dag: STATUS_SUBMITTED stats: [33mSTATUS_SUBMITTED[0m(69) [32mSTATUS_DONE[0m(81) [34mSTATUS_UNREADY[0m(89) [36mSTATUS_READY[0m(650)
INFO:__main__:/nfs_scratch/fmeng/tmp4CCaV3LFVHETauAnalyzerMVA1-data_SingleElectron_Run2012D_22Jan2013_v1/job.dag: STATUS_SUBMITTED stats: [33mSTATUS_SUBMITTED[0m(69) [32mSTATUS_DONE[0m(81) [34mSTATUS_UNREADY[0m(89) [36mSTATUS_READY[0m(650)
INFO:__main__:/nfs_scratch/fmeng/tmp4CCaV3LFVHETauAnalyzerMVA1-data_SingleElectron_Run2012D_22Jan2013_v1/job.dag: STATUS_SUBMITTED stats: [33mSTATUS_SUBMITTED[0m(69) [32mSTATUS_DONE[0m(81) [34mSTATUS_UNREADY[0m(89) [36mSTATUS_READY[0m(650)
INFO:__main__:/nfs_scratch/fmeng/tmp4CCaV3LFVHETauAnalyzerMVA1-data_SingleElectron_Run2012D_22Jan2013_v1/job.dag: STATUS_SUBMITTED stats: [33mSTATUS_SUBMITTED[0m(69) [32mSTATUS_DONE[0m(81) [34mSTATUS_UNREADY[0m(89) [36mSTATUS_READY[0m(650)
INFO:__main__:/nfs_scratch/fmeng/tmp4CCaV3LFVHETauAnalyzerMVA1-data_SingleElectron_Run2012D_22Jan2013_v1/job.dag: STATUS_SUBMITTED stats: [33mSTATUS_SUBMITTED[0m(69) [32mSTATUS_DONE[0m(81) [34mSTATUS_UNREADY[0m(89) [36mSTATUS_READY[0m(650)
INFO:__main__:/nfs_scratch/fmeng/tmp4CCaV3LFVHETauAnalyzerMVA1-data_SingleElectron_Run2012D_22Jan2013_v1/job.dag: STATUS_SUBMITTED stats: [33mSTATUS_SUBMITTED[0m(69) [32mSTATUS_DONE[0m(81) [34mSTATUS_UNREADY[0m(89) [36mSTATUS_READY[0m(650)
INFO:__main__:/nfs_scratch/fmeng/tmp4CCaV3LFVHETauAnalyzerMVA1-data_SingleElectron_Run2012D_22Jan2013_v1/job.dag: STATUS_SUBMITTED stats: [33mSTATUS_SUBMITTED[0m(69) [32mSTATUS_DONE[0m(81) [34mSTATUS_UNREADY[0m(89) [36mSTATUS_READY[0m(650)
INFO:__main__:/nfs_scratch/fmeng/tmp4CCaV3LFVHETauAnalyzerMVA1-data_SingleElectron_Run2012D_22Jan2013_v1/job.dag: STATUS_SUBMITTED stats: [33mSTATUS_SUBMITTED[0m(74) [32mSTATUS_DONE[0m(91) [34mSTATUS_UNREADY[0m(89) [36mSTATUS_READY[0m(635)
INFO:__main__:/nfs_scratch/fmeng/tmp4CCaV3LFVHETauAnalyzerMVA1-data_SingleElectron_Run2012D_22Jan2013_v1/job.dag: STATUS_SUBMITTED stats: [33mSTATUS_SUBMITTED[0m(74) [32mSTATUS_DONE[0m(91) [34mSTATUS_UNREADY[0m(89) [36mSTATUS_READY[0m(635)
INFO:__main__:/nfs_scratch/fmeng/tmp4CCaV3LFVHETauAnalyzerMVA1-data_SingleElectron_Run2012D_22Jan2013_v1/job.dag: STATUS_SUBMITTED stats: [33mSTATUS_SUBMITTED[0m(74) [32mSTATUS_DONE[0m(91) [34mSTATUS_UNREADY[0m(89) [36mSTATUS_READY[0m(635)
INFO:__main__:/nfs_scratch/fmeng/tmp4CCaV3LFVHETauAnalyzerMVA1-data_SingleElectron_Run2012D_22Jan2013_v1/job.dag: STATUS_SUBMITTED stats: [33mSTATUS_SUBMITTED[0m(74) [32mSTATUS_DONE[0m(91) [34mSTATUS_UNREADY[0m(89) [36mSTATUS_READY[0m(635)
INFO:__main__:/nfs_scratch/fmeng/tmp4CCaV3LFVHETauAnalyzerMVA1-data_SingleElectron_Run2012D_22Jan2013_v1/job.dag: STATUS_SUBMITTED stats: [33mSTATUS_SUBMITTED[0m(74) [32mSTATUS_DONE[0m(91) [34mSTATUS_UNREADY[0m(89) [36mSTATUS_READY[0m(635)
INFO:__main__:/nfs_scratch/fmeng/tmp4CCaV3LFVHETauAnalyzerMVA1-data_SingleElectron_Run2012D_22Jan2013_v1/job.dag: STATUS_SUBMITTED stats: [33mSTATUS_SUBMITTED[0m(74) [32mSTATUS_DONE[0m(91) [34mSTATUS_UNREADY[0m(89) [36mSTATUS_READY[0m(635)
INFO:__main__:/nfs_scratch/fmeng/tmp4CCaV3LFVHETauAnalyzerMVA1-data_SingleElectron_Run2012D_22Jan2013_v1/job.dag: STATUS_SUBMITTED stats: [33mSTATUS_SUBMITTED[0m(74) [32mSTATUS_DONE[0m(91) [34mSTATUS_UNREADY[0m(89) [36mSTATUS_READY[0m(635)
INFO:__main__:/nfs_scratch/fmeng/tmp4CCaV3LFVHETauAnalyzerMVA1-data_SingleElectron_Run2012D_22Jan2013_v1/job.dag: STATUS_SUBMITTED stats: [33mSTATUS_SUBMITTED[0m(76) [32mSTATUS_DONE[0m(104) [34mSTATUS_UNREADY[0m(89) [36mSTATUS_READY[0m(620)
INFO:__main__:/nfs_scratch/fmeng/tmp4CCaV3LFVHETauAnalyzerMVA1-data_SingleElectron_Run2012D_22Jan2013_v1/job.dag: STATUS_SUBMITTED stats: [33mSTATUS_SUBMITTED[0m(76) [32mSTATUS_DONE[0m(104) [34mSTATUS_UNREADY[0m(89) [36mSTATUS_READY[0m(620)
INFO:__main__:/nfs_scratch/fmeng/tmp4CCaV3LFVHETauAnalyzerMVA1-data_SingleElectron_Run2012D_22Jan2013_v1/job.dag: STATUS_SUBMITTED stats: [33mSTATUS_SUBMITTED[0m(76) [32mSTATUS_DONE[0m(104) [34mSTATUS_UNREADY[0m(89) [36mSTATUS_READY[0m(620)
INFO:__main__:/nfs_scratch/fmeng/tmp4CCaV3LFVHETauAnalyzerMVA1-data_SingleElectron_Run2012D_22Jan2013_v1/job.dag: STATUS_SUBMITTED stats: [33mSTATUS_SUBMITTED[0m(76) [32mSTATUS_DONE[0m(104) [34mSTATUS_UNREADY[0m(89) [36mSTATUS_READY[0m(620)
INFO:__main__:/nfs_scratch/fmeng/tmp4CCaV3LFVHETauAnalyzerMVA1-data_SingleElectron_Run2012D_22Jan2013_v1/job.dag: STATUS_SUBMITTED stats: [33mSTATUS_SUBMITTED[0m(76) [32mSTATUS_DONE[0m(104) [34mSTATUS_UNREADY[0m(89) [36mSTATUS_READY[0m(620)
INFO:__main__:/nfs_scratch/fmeng/tmp4CCaV3LFVHETauAnalyzerMVA1-data_SingleElectron_Run2012D_22Jan2013_v1/job.dag: STATUS_SUBMITTED stats: [33mSTATUS_SUBMITTED[0m(76) [32mSTATUS_DONE[0m(104) [34mSTATUS_UNREADY[0m(89) [36mSTATUS_READY[0m(620)
INFO:__main__:/nfs_scratch/fmeng/tmp4CCaV3LFVHETauAnalyzerMVA1-data_SingleElectron_Run2012D_22Jan2013_v1/job.dag: STATUS_SUBMITTED stats: [33mSTATUS_SUBMITTED[0m(76) [32mSTATUS_DONE[0m(104) [34mSTATUS_UNREADY[0m(89) [36mSTATUS_READY[0m(620)
INFO:__main__:/nfs_scratch/fmeng/tmp4CCaV3LFVHETauAnalyzerMVA1-data_SingleElectron_Run2012D_22Jan2013_v1/job.dag: STATUS_SUBMITTED stats: [33mSTATUS_SUBMITTED[0m(83) [32mSTATUS_DONE[0m(112) [34mSTATUS_UNREADY[0m(89) [36mSTATUS_READY[0m(605)
INFO:__main__:/nfs_scratch/fmeng/tmp4CCaV3LFVHETauAnalyzerMVA1-data_SingleElectron_Run2012D_22Jan2013_v1/job.dag: STATUS_SUBMITTED stats: [33mSTATUS_SUBMITTED[0m(83) [32mSTATUS_DONE[0m(112) [34mSTATUS_UNREADY[0m(89) [36mSTATUS_READY[0m(605)
INFO:__main__:/nfs_scratch/fmeng/tmp4CCaV3LFVHETauAnalyzerMVA1-data_SingleElectron_Run2012D_22Jan2013_v1/job.dag: STATUS_SUBMITTED stats: [33mSTATUS_SUBMITTED[0m(83) [32mSTATUS_DONE[0m(112) [34mSTATUS_UNREADY[0m(89) [36mSTATUS_READY[0m(605)
INFO:__main__:/nfs_scratch/fmeng/tmp4CCaV3LFVHETauAnalyzerMVA1-data_SingleElectron_Run2012D_22Jan2013_v1/job.dag: STATUS_SUBMITTED stats: [33mSTATUS_SUBMITTED[0m(83) [32mSTATUS_DONE[0m(112) [34mSTATUS_UNREADY[0m(89) [36mSTATUS_READY[0m(605)
INFO:__main__:/nfs_scratch/fmeng/tmp4CCaV3LFVHETauAnalyzerMVA1-data_SingleElectron_Run2012D_22Jan2013_v1/job.dag: STATUS_SUBMITTED stats: [33mSTATUS_SUBMITTED[0m(83) [32mSTATUS_DONE[0m(112) [34mSTATUS_UNREADY[0m(89) [36mSTATUS_READY[0m(605)
INFO:__main__:/nfs_scratch/fmeng/tmp4CCaV3LFVHETauAnalyzerMVA1-data_SingleElectron_Run2012D_22Jan2013_v1/job.dag: STATUS_SUBMITTED stats: [33mSTATUS_SUBMITTED[0m(83) [32mSTATUS_DONE[0m(112) [34mSTATUS_UNREADY[0m(89) [36mSTATUS_READY[0m(605)
INFO:__main__:/nfs_scratch/fmeng/tmp4CCaV3LFVHETauAnalyzerMVA1-data_SingleElectron_Run2012D_22Jan2013_v1/job.dag: STATUS_SUBMITTED stats: [33mSTATUS_SUBMITTED[0m(83) [32mSTATUS_DONE[0m(112) [34mSTATUS_UNREADY[0m(89) [36mSTATUS_READY[0m(605)
INFO:__main__:/nfs_scratch/fmeng/tmp4CCaV3LFVHETauAnalyzerMVA1-data_SingleElectron_Run2012D_22Jan2013_v1/job.dag: STATUS_SUBMITTED stats: [33mSTATUS_SUBMITTED[0m(83) [32mSTATUS_DONE[0m(112) [34mSTATUS_UNREADY[0m(89) [36mSTATUS_READY[0m(605)
INFO:__main__:/nfs_scratch/fmeng/tmp4CCaV3LFVHETauAnalyzerMVA1-data_SingleElectron_Run2012D_22Jan2013_v1/job.dag: STATUS_SUBMITTED stats: [33mSTATUS_SUBMITTED[0m(83) [32mSTATUS_DONE[0m(112) [34mSTATUS_UNREADY[0m(89) [36mSTATUS_READY[0m(605)
INFO:__main__:/nfs_scratch/fmeng/tmp4CCaV3LFVHETauAnalyzerMVA1-data_SingleElectron_Run2012D_22Jan2013_v1/job.dag: STATUS_SUBMITTED stats: [33mSTATUS_SUBMITTED[0m(98) [32mSTATUS_DONE[0m(127) [34mSTATUS_UNREADY[0m(89) [36mSTATUS_READY[0m(575)
INFO:__main__:/nfs_scratch/fmeng/tmp4CCaV3LFVHETauAnalyzerMVA1-data_SingleElectron_Run2012D_22Jan2013_v1/job.dag: STATUS_SUBMITTED stats: [33mSTATUS_SUBMITTED[0m(98) [32mSTATUS_DONE[0m(127) [34mSTATUS_UNREADY[0m(89) [36mSTATUS_READY[0m(575)
INFO:__main__:/nfs_scratch/fmeng/tmp4CCaV3LFVHETauAnalyzerMVA1-data_SingleElectron_Run2012D_22Jan2013_v1/job.dag: STATUS_SUBMITTED stats: [33mSTATUS_SUBMITTED[0m(98) [32mSTATUS_DONE[0m(127) [34mSTATUS_UNREADY[0m(89) [36mSTATUS_READY[0m(575)
INFO:__main__:/nfs_scratch/fmeng/tmp4CCaV3LFVHETauAnalyzerMVA1-data_SingleElectron_Run2012D_22Jan2013_v1/job.dag: STATUS_SUBMITTED stats: [33mSTATUS_SUBMITTED[0m(98) [32mSTATUS_DONE[0m(127) [34mSTATUS_UNREADY[0m(89) [36mSTATUS_READY[0m(575)
INFO:__main__:/nfs_scratch/fmeng/tmp4CCaV3LFVHETauAnalyzerMVA1-data_SingleElectron_Run2012D_22Jan2013_v1/job.dag: STATUS_SUBMITTED stats: [33mSTATUS_SUBMITTED[0m(98) [32mSTATUS_DONE[0m(127) [34mSTATUS_UNREADY[0m(89) [36mSTATUS_READY[0m(575)
INFO:__main__:/nfs_scratch/fmeng/tmp4CCaV3LFVHETauAnalyzerMVA1-data_SingleElectron_Run2012D_22Jan2013_v1/job.dag: STATUS_SUBMITTED stats: [33mSTATUS_SUBMITTED[0m(98) [32mSTATUS_DONE[0m(127) [34mSTATUS_UNREADY[0m(89) [36mSTATUS_READY[0m(575)
INFO:__main__:/nfs_scratch/fmeng/tmp4CCaV3LFVHETauAnalyzerMVA1-data_SingleElectron_Run2012D_22Jan2013_v1/job.dag: STATUS_SUBMITTED stats: [33mSTATUS_SUBMITTED[0m(98) [32mSTATUS_DONE[0m(127) [34mSTATUS_UNREADY[0m(89) [36mSTATUS_READY[0m(575)
INFO:__main__:/nfs_scratch/fmeng/tmp4CCaV3LFVHETauAnalyzerMVA1-data_SingleElectron_Run2012D_22Jan2013_v1/job.dag: STATUS_SUBMITTED stats: [33mSTATUS_SUBMITTED[0m(98) [32mSTATUS_DONE[0m(127) [34mSTATUS_UNREADY[0m(89) [36mSTATUS_READY[0m(575)
INFO:__main__:/nfs_scratch/fmeng/tmp4CCaV3LFVHETauAnalyzerMVA1-data_SingleElectron_Run2012D_22Jan2013_v1/job.dag: STATUS_SUBMITTED stats: [33mSTATUS_SUBMITTED[0m(98) [32mSTATUS_DONE[0m(127) [34mSTATUS_UNREADY[0m(89) [36mSTATUS_READY[0m(575)
INFO:__main__:/nfs_scratch/fmeng/tmp4CCaV3LFVHETauAnalyzerMVA1-data_SingleElectron_Run2012D_22Jan2013_v1/job.dag: STATUS_SUBMITTED stats: [33mSTATUS_SUBMITTED[0m(98) [32mSTATUS_DONE[0m(127) [34mSTATUS_UNREADY[0m(89) [36mSTATUS_READY[0m(575)
INFO:__main__:/nfs_scratch/fmeng/tmp4CCaV3LFVHETauAnalyzerMVA1-data_SingleElectron_Run2012D_22Jan2013_v1/job.dag: STATUS_SUBMITTED stats: [33mSTATUS_SUBMITTED[0m(114) [32mSTATUS_DONE[0m(141) [34mSTATUS_UNREADY[0m(89) [36mSTATUS_READY[0m(545)
INFO:__main__:/nfs_scratch/fmeng/tmp4CCaV3LFVHETauAnalyzerMVA1-data_SingleElectron_Run2012D_22Jan2013_v1/job.dag: STATUS_SUBMITTED stats: [33mSTATUS_SUBMITTED[0m(114) [32mSTATUS_DONE[0m(141) [34mSTATUS_UNREADY[0m(89) [36mSTATUS_READY[0m(545)
INFO:__main__:/nfs_scratch/fmeng/tmp4CCaV3LFVHETauAnalyzerMVA1-data_SingleElectron_Run2012D_22Jan2013_v1/job.dag: STATUS_SUBMITTED stats: [33mSTATUS_SUBMITTED[0m(114) [32mSTATUS_DONE[0m(141) [34mSTATUS_UNREADY[0m(89) [36mSTATUS_READY[0m(545)
INFO:__main__:/nfs_scratch/fmeng/tmp4CCaV3LFVHETauAnalyzerMVA1-data_SingleElectron_Run2012D_22Jan2013_v1/job.dag: STATUS_SUBMITTED stats: [33mSTATUS_SUBMITTED[0m(114) [32mSTATUS_DONE[0m(141) [34mSTATUS_UNREADY[0m(89) [36mSTATUS_READY[0m(545)
INFO:__main__:/nfs_scratch/fmeng/tmp4CCaV3LFVHETauAnalyzerMVA1-data_SingleElectron_Run2012D_22Jan2013_v1/job.dag: STATUS_SUBMITTED stats: [33mSTATUS_SUBMITTED[0m(114) [32mSTATUS_DONE[0m(141) [34mSTATUS_UNREADY[0m(89) [36mSTATUS_READY[0m(545)
INFO:__main__:/nfs_scratch/fmeng/tmp4CCaV3LFVHETauAnalyzerMVA1-data_SingleElectron_Run2012D_22Jan2013_v1/job.dag: STATUS_SUBMITTED stats: [33mSTATUS_SUBMITTED[0m(114) [32mSTATUS_DONE[0m(141) [34mSTATUS_UNREADY[0m(89) [36mSTATUS_READY[0m(545)
INFO:__main__:/nfs_scratch/fmeng/tmp4CCaV3LFVHETauAnalyzerMVA1-data_SingleElectron_Run2012D_22Jan2013_v1/job.dag: STATUS_SUBMITTED stats: [33mSTATUS_SUBMITTED[0m(114) [32mSTATUS_DONE[0m(141) [34mSTATUS_UNREADY[0m(89) [36mSTATUS_READY[0m(545)
INFO:__main__:/nfs_scratch/fmeng/tmp4CCaV3LFVHETauAnalyzerMVA1-data_SingleElectron_Run2012D_22Jan2013_v1/job.dag: STATUS_SUBMITTED stats: [33mSTATUS_SUBMITTED[0m(114) [32mSTATUS_DONE[0m(141) [34mSTATUS_UNREADY[0m(89) [36mSTATUS_READY[0m(545)
INFO:__main__:/nfs_scratch/fmeng/tmp4CCaV3LFVHETauAnalyzerMVA1-data_SingleElectron_Run2012D_22Jan2013_v1/job.dag: STATUS_SUBMITTED stats: [33mSTATUS_SUBMITTED[0m(131) [32mSTATUS_DONE[0m(154) [34mSTATUS_UNREADY[0m(89) [36mSTATUS_READY[0m(515)
INFO:__main__:/nfs_scratch/fmeng/tmp4CCaV3LFVHETauAnalyzerMVA1-data_SingleElectron_Run2012D_22Jan2013_v1/job.dag: STATUS_SUBMITTED stats: [33mSTATUS_SUBMITTED[0m(131) [32mSTATUS_DONE[0m(154) [34mSTATUS_UNREADY[0m(89) [36mSTATUS_READY[0m(515)
INFO:__main__:/nfs_scratch/fmeng/tmp4CCaV3LFVHETauAnalyzerMVA1-data_SingleElectron_Run2012D_22Jan2013_v1/job.dag: STATUS_SUBMITTED stats: [33mSTATUS_SUBMITTED[0m(131) [32mSTATUS_DONE[0m(154) [34mSTATUS_UNREADY[0m(89) [36mSTATUS_READY[0m(515)
INFO:__main__:/nfs_scratch/fmeng/tmp4CCaV3LFVHETauAnalyzerMVA1-data_SingleElectron_Run2012D_22Jan2013_v1/job.dag: STATUS_SUBMITTED stats: [33mSTATUS_SUBMITTED[0m(131) [32mSTATUS_DONE[0m(154) [34mSTATUS_UNREADY[0m(89) [36mSTATUS_READY[0m(515)
INFO:__main__:/nfs_scratch/fmeng/tmp4CCaV3LFVHETauAnalyzerMVA1-data_SingleElectron_Run2012D_22Jan2013_v1/job.dag: STATUS_SUBMITTED stats: [33mSTATUS_SUBMITTED[0m(131) [32mSTATUS_DONE[0m(154) [34mSTATUS_UNREADY[0m(89) [36mSTATUS_READY[0m(515)
INFO:__main__:/nfs_scratch/fmeng/tmp4CCaV3LFVHETauAnalyzerMVA1-data_SingleElectron_Run2012D_22Jan2013_v1/job.dag: STATUS_SUBMITTED stats: [33mSTATUS_SUBMITTED[0m(131) [32mSTATUS_DONE[0m(154) [34mSTATUS_UNREADY[0m(89) [36mSTATUS_READY[0m(515)
INFO:__main__:/nfs_scratch/fmeng/tmp4CCaV3LFVHETauAnalyzerMVA1-data_SingleElectron_Run2012D_22Jan2013_v1/job.dag: STATUS_SUBMITTED stats: [33mSTATUS_SUBMITTED[0m(147) [32mSTATUS_DONE[0m(168) [34mSTATUS_UNREADY[0m(89) [36mSTATUS_READY[0m(485)
INFO:__main__:/nfs_scratch/fmeng/tmp4CCaV3LFVHETauAnalyzerMVA1-data_SingleElectron_Run2012D_22Jan2013_v1/job.dag: STATUS_SUBMITTED stats: [33mSTATUS_SUBMITTED[0m(147) [32mSTATUS_DONE[0m(168) [34mSTATUS_UNREADY[0m(89) [36mSTATUS_READY[0m(485)
INFO:__main__:/nfs_scratch/fmeng/tmp4CCaV3LFVHETauAnalyzerMVA1-data_SingleElectron_Run2012D_22Jan2013_v1/job.dag: STATUS_SUBMITTED stats: [33mSTATUS_SUBMITTED[0m(147) [32mSTATUS_DONE[0m(168) [34mSTATUS_UNREADY[0m(89) [36mSTATUS_READY[0m(485)
INFO:__main__:/nfs_scratch/fmeng/tmp4CCaV3LFVHETauAnalyzerMVA1-data_SingleElectron_Run2012D_22Jan2013_v1/job.dag: STATUS_SUBMITTED stats: [33mSTATUS_SUBMITTED[0m(147) [32mSTATUS_DONE[0m(168) [34mSTATUS_UNREADY[0m(89) [36mSTATUS_READY[0m(485)
INFO:__main__:/nfs_scratch/fmeng/tmp4CCaV3LFVHETauAnalyzerMVA1-data_SingleElectron_Run2012D_22Jan2013_v1/job.dag: STATUS_SUBMITTED stats: [33mSTATUS_SUBMITTED[0m(147) [32mSTATUS_DONE[0m(168) [34mSTATUS_UNREADY[0m(89) [36mSTATUS_READY[0m(485)
INFO:__main__:/nfs_scratch/fmeng/tmp4CCaV3LFVHETauAnalyzerMVA1-data_SingleElectron_Run2012D_22Jan2013_v1/job.dag: STATUS_SUBMITTED stats: [33mSTATUS_SUBMITTED[0m(147) [32mSTATUS_DONE[0m(168) [34mSTATUS_UNREADY[0m(89) [36mSTATUS_READY[0m(485)
INFO:__main__:/nfs_scratch/fmeng/tmp4CCaV3LFVHETauAnalyzerMVA1-data_SingleElectron_Run2012D_22Jan2013_v1/job.dag: STATUS_SUBMITTED stats: [33mSTATUS_SUBMITTED[0m(147) [32mSTATUS_DONE[0m(168) [34mSTATUS_UNREADY[0m(89) [36mSTATUS_READY[0m(485)
INFO:__main__:/nfs_scratch/fmeng/tmp4CCaV3LFVHETauAnalyzerMVA1-data_SingleElectron_Run2012D_22Jan2013_v1/job.dag: STATUS_SUBMITTED stats: [33mSTATUS_SUBMITTED[0m(166) [32mSTATUS_DONE[0m(179) [34mSTATUS_UNREADY[0m(89) [36mSTATUS_READY[0m(455)
INFO:__main__:/nfs_scratch/fmeng/tmp4CCaV3LFVHETauAnalyzerMVA1-data_SingleElectron_Run2012D_22Jan2013_v1/job.dag: STATUS_SUBMITTED stats: [33mSTATUS_SUBMITTED[0m(166) [32mSTATUS_DONE[0m(179) [34mSTATUS_UNREADY[0m(89) [36mSTATUS_READY[0m(455)
INFO:__main__:/nfs_scratch/fmeng/tmp4CCaV3LFVHETauAnalyzerMVA1-data_SingleElectron_Run2012D_22Jan2013_v1/job.dag: STATUS_SUBMITTED stats: [33mSTATUS_SUBMITTED[0m(166) [32mSTATUS_DONE[0m(179) [34mSTATUS_UNREADY[0m(89) [36mSTATUS_READY[0m(455)
INFO:__main__:/nfs_scratch/fmeng/tmp4CCaV3LFVHETauAnalyzerMVA1-data_SingleElectron_Run2012D_22Jan2013_v1/job.dag: STATUS_SUBMITTED stats: [33mSTATUS_SUBMITTED[0m(166) [32mSTATUS_DONE[0m(179) [34mSTATUS_UNREADY[0m(89) [36mSTATUS_READY[0m(455)
INFO:__main__:/nfs_scratch/fmeng/tmp4CCaV3LFVHETauAnalyzerMVA1-data_SingleElectron_Run2012D_22Jan2013_v1/job.dag: STATUS_SUBMITTED stats: [33mSTATUS_SUBMITTED[0m(166) [32mSTATUS_DONE[0m(179) [34mSTATUS_UNREADY[0m(89) [36mSTATUS_READY[0m(455)
INFO:__main__:/nfs_scratch/fmeng/tmp4CCaV3LFVHETauAnalyzerMVA1-data_SingleElectron_Run2012D_22Jan2013_v1/job.dag: STATUS_SUBMITTED stats: [33mSTATUS_SUBMITTED[0m(166) [32mSTATUS_DONE[0m(179) [34mSTATUS_UNREADY[0m(89) [36mSTATUS_READY[0m(455)
INFO:__main__:/nfs_scratch/fmeng/tmp4CCaV3LFVHETauAnalyzerMVA1-data_SingleElectron_Run2012D_22Jan2013_v1/job.dag: STATUS_SUBMITTED stats: [33mSTATUS_SUBMITTED[0m(166) [32mSTATUS_DONE[0m(179) [34mSTATUS_UNREADY[0m(89) [36mSTATUS_READY[0m(455)
INFO:__main__:/nfs_scratch/fmeng/tmp4CCaV3LFVHETauAnalyzerMVA1-data_SingleElectron_Run2012D_22Jan2013_v1/job.dag: STATUS_SUBMITTED stats: [33mSTATUS_SUBMITTED[0m(174) [32mSTATUS_DONE[0m(201) [34mSTATUS_UNREADY[0m(89) [36mSTATUS_READY[0m(425)
INFO:__main__:/nfs_scratch/fmeng/tmp4CCaV3LFVHETauAnalyzerMVA1-data_SingleElectron_Run2012D_22Jan2013_v1/job.dag: STATUS_SUBMITTED stats: [33mSTATUS_SUBMITTED[0m(174) [32mSTATUS_DONE[0m(201) [34mSTATUS_UNREADY[0m(89) [36mSTATUS_READY[0m(425)
INFO:__main__:/nfs_scratch/fmeng/tmp4CCaV3LFVHETauAnalyzerMVA1-data_SingleElectron_Run2012D_22Jan2013_v1/job.dag: STATUS_SUBMITTED stats: [33mSTATUS_SUBMITTED[0m(174) [32mSTATUS_DONE[0m(201) [34mSTATUS_UNREADY[0m(89) [36mSTATUS_READY[0m(425)
INFO:__main__:/nfs_scratch/fmeng/tmp4CCaV3LFVHETauAnalyzerMVA1-data_SingleElectron_Run2012D_22Jan2013_v1/job.dag: STATUS_SUBMITTED stats: [33mSTATUS_SUBMITTED[0m(174) [32mSTATUS_DONE[0m(201) [34mSTATUS_UNREADY[0m(89) [36mSTATUS_READY[0m(425)
INFO:__main__:/nfs_scratch/fmeng/tmp4CCaV3LFVHETauAnalyzerMVA1-data_SingleElectron_Run2012D_22Jan2013_v1/job.dag: STATUS_SUBMITTED stats: [33mSTATUS_SUBMITTED[0m(174) [32mSTATUS_DONE[0m(201) [34mSTATUS_UNREADY[0m(89) [36mSTATUS_READY[0m(425)
INFO:__main__:/nfs_scratch/fmeng/tmp4CCaV3LFVHETauAnalyzerMVA1-data_SingleElectron_Run2012D_22Jan2013_v1/job.dag: STATUS_SUBMITTED stats: [33mSTATUS_SUBMITTED[0m(174) [32mSTATUS_DONE[0m(201) [34mSTATUS_UNREADY[0m(89) [36mSTATUS_READY[0m(425)
INFO:__main__:/nfs_scratch/fmeng/tmp4CCaV3LFVHETauAnalyzerMVA1-data_SingleElectron_Run2012D_22Jan2013_v1/job.dag: STATUS_SUBMITTED stats: [33mSTATUS_SUBMITTED[0m(181) [32mSTATUS_DONE[0m(224) [34mSTATUS_UNREADY[0m(89) [36mSTATUS_READY[0m(395)
INFO:__main__:/nfs_scratch/fmeng/tmp4CCaV3LFVHETauAnalyzerMVA1-data_SingleElectron_Run2012D_22Jan2013_v1/job.dag: STATUS_SUBMITTED stats: [33mSTATUS_SUBMITTED[0m(181) [32mSTATUS_DONE[0m(224) [34mSTATUS_UNREADY[0m(89) [36mSTATUS_READY[0m(395)
INFO:__main__:/nfs_scratch/fmeng/tmp4CCaV3LFVHETauAnalyzerMVA1-data_SingleElectron_Run2012D_22Jan2013_v1/job.dag: STATUS_SUBMITTED stats: [33mSTATUS_SUBMITTED[0m(181) [32mSTATUS_DONE[0m(224) [34mSTATUS_UNREADY[0m(89) [36mSTATUS_READY[0m(395)
INFO:__main__:/nfs_scratch/fmeng/tmp4CCaV3LFVHETauAnalyzerMVA1-data_SingleElectron_Run2012D_22Jan2013_v1/job.dag: STATUS_SUBMITTED stats: [33mSTATUS_SUBMITTED[0m(181) [32mSTATUS_DONE[0m(224) [34mSTATUS_UNREADY[0m(89) [36mSTATUS_READY[0m(395)
INFO:__main__:/nfs_scratch/fmeng/tmp4CCaV3LFVHETauAnalyzerMVA1-data_SingleElectron_Run2012D_22Jan2013_v1/job.dag: STATUS_SUBMITTED stats: [33mSTATUS_SUBMITTED[0m(181) [32mSTATUS_DONE[0m(224) [34mSTATUS_UNREADY[0m(89) [36mSTATUS_READY[0m(395)
INFO:__main__:/nfs_scratch/fmeng/tmp4CCaV3LFVHETauAnalyzerMVA1-data_SingleElectron_Run2012D_22Jan2013_v1/job.dag: STATUS_SUBMITTED stats: [33mSTATUS_SUBMITTED[0m(181) [32mSTATUS_DONE[0m(224) [34mSTATUS_UNREADY[0m(89) [36mSTATUS_READY[0m(395)
INFO:__main__:/nfs_scratch/fmeng/tmp4CCaV3LFVHETauAnalyzerMVA1-data_SingleElectron_Run2012D_22Jan2013_v1/job.dag: STATUS_SUBMITTED stats: [33mSTATUS_SUBMITTED[0m(181) [32mSTATUS_DONE[0m(224) [34mSTATUS_UNREADY[0m(89) [36mSTATUS_READY[0m(395)
INFO:__main__:/nfs_scratch/fmeng/tmp4CCaV3LFVHETauAnalyzerMVA1-data_SingleElectron_Run2012D_22Jan2013_v1/job.dag: STATUS_SUBMITTED stats: [33mSTATUS_SUBMITTED[0m(178) [32mSTATUS_DONE[0m(257) [34mSTATUS_UNREADY[0m(89) [36mSTATUS_READY[0m(365)
INFO:__main__:/nfs_scratch/fmeng/tmp4CCaV3LFVHETauAnalyzerMVA1-data_SingleElectron_Run2012D_22Jan2013_v1/job.dag: STATUS_SUBMITTED stats: [33mSTATUS_SUBMITTED[0m(178) [32mSTATUS_DONE[0m(257) [34mSTATUS_UNREADY[0m(89) [36mSTATUS_READY[0m(365)
INFO:__main__:/nfs_scratch/fmeng/tmp4CCaV3LFVHETauAnalyzerMVA1-data_SingleElectron_Run2012D_22Jan2013_v1/job.dag: STATUS_SUBMITTED stats: [33mSTATUS_SUBMITTED[0m(178) [32mSTATUS_DONE[0m(257) [34mSTATUS_UNREADY[0m(89) [36mSTATUS_READY[0m(365)
INFO:__main__:/nfs_scratch/fmeng/tmp4CCaV3LFVHETauAnalyzerMVA1-data_SingleElectron_Run2012D_22Jan2013_v1/job.dag: STATUS_SUBMITTED stats: [33mSTATUS_SUBMITTED[0m(178) [32mSTATUS_DONE[0m(257) [34mSTATUS_UNREADY[0m(89) [36mSTATUS_READY[0m(365)
INFO:__main__:/nfs_scratch/fmeng/tmp4CCaV3LFVHETauAnalyzerMVA1-data_SingleElectron_Run2012D_22Jan2013_v1/job.dag: STATUS_SUBMITTED stats: [33mSTATUS_SUBMITTED[0m(178) [32mSTATUS_DONE[0m(257) [34mSTATUS_UNREADY[0m(89) [36mSTATUS_READY[0m(365)
INFO:__main__:/nfs_scratch/fmeng/tmp4CCaV3LFVHETauAnalyzerMVA1-data_SingleElectron_Run2012D_22Jan2013_v1/job.dag: STATUS_SUBMITTED stats: [33mSTATUS_SUBMITTED[0m(178) [32mSTATUS_DONE[0m(257) [34mSTATUS_UNREADY[0m(89) [36mSTATUS_READY[0m(365)
INFO:__main__:/nfs_scratch/fmeng/tmp4CCaV3LFVHETauAnalyzerMVA1-data_SingleElectron_Run2012D_22Jan2013_v1/job.dag: STATUS_SUBMITTED stats: [33mSTATUS_SUBMITTED[0m(178) [32mSTATUS_DONE[0m(257) [34mSTATUS_UNREADY[0m(89) [36mSTATUS_READY[0m(365)
INFO:__main__:/nfs_scratch/fmeng/tmp4CCaV3LFVHETauAnalyzerMVA1-data_SingleElectron_Run2012D_22Jan2013_v1/job.dag: STATUS_SUBMITTED stats: [33mSTATUS_SUBMITTED[0m(178) [32mSTATUS_DONE[0m(257) [34mSTATUS_UNREADY[0m(89) [36mSTATUS_READY[0m(365)
INFO:__main__:/nfs_scratch/fmeng/tmp4CCaV3LFVHETauAnalyzerMVA1-data_SingleElectron_Run2012D_22Jan2013_v1/job.dag: STATUS_SUBMITTED stats: [33mSTATUS_SUBMITTED[0m(180) [32mSTATUS_DONE[0m(285) [34mSTATUS_UNREADY[0m(89) [36mSTATUS_READY[0m(335)
INFO:__main__:/nfs_scratch/fmeng/tmp4CCaV3LFVHETauAnalyzerMVA1-data_SingleElectron_Run2012D_22Jan2013_v1/job.dag: STATUS_SUBMITTED stats: [33mSTATUS_SUBMITTED[0m(180) [32mSTATUS_DONE[0m(285) [34mSTATUS_UNREADY[0m(89) [36mSTATUS_READY[0m(335)
INFO:__main__:/nfs_scratch/fmeng/tmp4CCaV3LFVHETauAnalyzerMVA1-data_SingleElectron_Run2012D_22Jan2013_v1/job.dag: STATUS_SUBMITTED stats: [33mSTATUS_SUBMITTED[0m(180) [32mSTATUS_DONE[0m(285) [34mSTATUS_UNREADY[0m(89) [36mSTATUS_READY[0m(335)
INFO:__main__:/nfs_scratch/fmeng/tmp4CCaV3LFVHETauAnalyzerMVA1-data_SingleElectron_Run2012D_22Jan2013_v1/job.dag: STATUS_SUBMITTED stats: [33mSTATUS_SUBMITTED[0m(180) [32mSTATUS_DONE[0m(285) [34mSTATUS_UNREADY[0m(89) [36mSTATUS_READY[0m(335)
INFO:__main__:/nfs_scratch/fmeng/tmp4CCaV3LFVHETauAnalyzerMVA1-data_SingleElectron_Run2012D_22Jan2013_v1/job.dag: STATUS_SUBMITTED stats: [33mSTATUS_SUBMITTED[0m(180) [32mSTATUS_DONE[0m(285) [34mSTATUS_UNREADY[0m(89) [36mSTATUS_READY[0m(335)
INFO:__main__:/nfs_scratch/fmeng/tmp4CCaV3LFVHETauAnalyzerMVA1-data_SingleElectron_Run2012D_22Jan2013_v1/job.dag: STATUS_SUBMITTED stats: [33mSTATUS_SUBMITTED[0m(180) [32mSTATUS_DONE[0m(285) [34mSTATUS_UNREADY[0m(89) [36mSTATUS_READY[0m(335)
INFO:__main__:/nfs_scratch/fmeng/tmp4CCaV3LFVHETauAnalyzerMVA1-data_SingleElectron_Run2012D_22Jan2013_v1/job.dag: STATUS_SUBMITTED stats: [33mSTATUS_SUBMITTED[0m(180) [32mSTATUS_DONE[0m(285) [34mSTATUS_UNREADY[0m(89) [36mSTATUS_READY[0m(335)
INFO:__main__:/nfs_scratch/fmeng/tmp4CCaV3LFVHETauAnalyzerMVA1-data_SingleElectron_Run2012D_22Jan2013_v1/job.dag: STATUS_SUBMITTED stats: [33mSTATUS_SUBMITTED[0m(180) [32mSTATUS_DONE[0m(285) [34mSTATUS_UNREADY[0m(89) [36mSTATUS_READY[0m(335)
INFO:__main__:/nfs_scratch/fmeng/tmp4CCaV3LFVHETauAnalyzerMVA1-data_SingleElectron_Run2012D_22Jan2013_v1/job.dag: STATUS_SUBMITTED stats: [33mSTATUS_SUBMITTED[0m(180) [32mSTATUS_DONE[0m(285) [34mSTATUS_UNREADY[0m(89) [36mSTATUS_READY[0m(335)
INFO:__main__:/nfs_scratch/fmeng/tmp4CCaV3LFVHETauAnalyzerMVA1-data_SingleElectron_Run2012D_22Jan2013_v1/job.dag: STATUS_SUBMITTED stats: [33mSTATUS_SUBMITTED[0m(143) [32mSTATUS_DONE[0m(367) [34mSTATUS_UNREADY[0m(89) [36mSTATUS_READY[0m(290)
INFO:__main__:/nfs_scratch/fmeng/tmp4CCaV3LFVHETauAnalyzerMVA1-data_SingleElectron_Run2012D_22Jan2013_v1/job.dag: STATUS_SUBMITTED stats: [33mSTATUS_SUBMITTED[0m(143) [32mSTATUS_DONE[0m(367) [34mSTATUS_UNREADY[0m(89) [36mSTATUS_READY[0m(290)
INFO:__main__:/nfs_scratch/fmeng/tmp4CCaV3LFVHETauAnalyzerMVA1-data_SingleElectron_Run2012D_22Jan2013_v1/job.dag: STATUS_SUBMITTED stats: [33mSTATUS_SUBMITTED[0m(143) [32mSTATUS_DONE[0m(367) [34mSTATUS_UNREADY[0m(89) [36mSTATUS_READY[0m(290)
INFO:__main__:/nfs_scratch/fmeng/tmp4CCaV3LFVHETauAnalyzerMVA1-data_SingleElectron_Run2012D_22Jan2013_v1/job.dag: STATUS_SUBMITTED stats: [33mSTATUS_SUBMITTED[0m(143) [32mSTATUS_DONE[0m(367) [34mSTATUS_UNREADY[0m(89) [36mSTATUS_READY[0m(290)
INFO:__main__:/nfs_scratch/fmeng/tmp4CCaV3LFVHETauAnalyzerMVA1-data_SingleElectron_Run2012D_22Jan2013_v1/job.dag: STATUS_SUBMITTED stats: [33mSTATUS_SUBMITTED[0m(143) [32mSTATUS_DONE[0m(367) [34mSTATUS_UNREADY[0m(89) [36mSTATUS_READY[0m(290)
INFO:__main__:/nfs_scratch/fmeng/tmp4CCaV3LFVHETauAnalyzerMVA1-data_SingleElectron_Run2012D_22Jan2013_v1/job.dag: STATUS_SUBMITTED stats: [33mSTATUS_SUBMITTED[0m(143) [32mSTATUS_DONE[0m(367) [34mSTATUS_UNREADY[0m(89) [36mSTATUS_READY[0m(290)
INFO:__main__:/nfs_scratch/fmeng/tmp4CCaV3LFVHETauAnalyzerMVA1-data_SingleElectron_Run2012D_22Jan2013_v1/job.dag: STATUS_SUBMITTED stats: [33mSTATUS_SUBMITTED[0m(143) [32mSTATUS_DONE[0m(367) [34mSTATUS_UNREADY[0m(89) [36mSTATUS_READY[0m(290)
INFO:__main__:/nfs_scratch/fmeng/tmp4CCaV3LFVHETauAnalyzerMVA1-data_SingleElectron_Run2012D_22Jan2013_v1/job.dag: STATUS_SUBMITTED stats: [33mSTATUS_SUBMITTED[0m(143) [32mSTATUS_DONE[0m(367) [34mSTATUS_UNREADY[0m(89) [36mSTATUS_READY[0m(290)
INFO:__main__:/nfs_scratch/fmeng/tmp4CCaV3LFVHETauAnalyzerMVA1-data_SingleElectron_Run2012D_22Jan2013_v1/job.dag: STATUS_SUBMITTED stats: [33mSTATUS_SUBMITTED[0m(103) [32mSTATUS_DONE[0m(452) [34mSTATUS_UNREADY[0m(89) [36mSTATUS_READY[0m(245)
INFO:__main__:/nfs_scratch/fmeng/tmp4CCaV3LFVHETauAnalyzerMVA1-data_SingleElectron_Run2012D_22Jan2013_v1/job.dag: STATUS_SUBMITTED stats: [33mSTATUS_SUBMITTED[0m(103) [32mSTATUS_DONE[0m(452) [34mSTATUS_UNREADY[0m(89) [36mSTATUS_READY[0m(245)
INFO:__main__:/nfs_scratch/fmeng/tmp4CCaV3LFVHETauAnalyzerMVA1-data_SingleElectron_Run2012D_22Jan2013_v1/job.dag: STATUS_SUBMITTED stats: [33mSTATUS_SUBMITTED[0m(103) [32mSTATUS_DONE[0m(452) [34mSTATUS_UNREADY[0m(89) [36mSTATUS_READY[0m(245)
INFO:__main__:/nfs_scratch/fmeng/tmp4CCaV3LFVHETauAnalyzerMVA1-data_SingleElectron_Run2012D_22Jan2013_v1/job.dag: STATUS_SUBMITTED stats: [33mSTATUS_SUBMITTED[0m(103) [32mSTATUS_DONE[0m(452) [34mSTATUS_UNREADY[0m(89) [36mSTATUS_READY[0m(245)
INFO:__main__:/nfs_scratch/fmeng/tmp4CCaV3LFVHETauAnalyzerMVA1-data_SingleElectron_Run2012D_22Jan2013_v1/job.dag: STATUS_SUBMITTED stats: [33mSTATUS_SUBMITTED[0m(103) [32mSTATUS_DONE[0m(452) [34mSTATUS_UNREADY[0m(89) [36mSTATUS_READY[0m(245)
INFO:__main__:/nfs_scratch/fmeng/tmp4CCaV3LFVHETauAnalyzerMVA1-data_SingleElectron_Run2012D_22Jan2013_v1/job.dag: STATUS_SUBMITTED stats: [33mSTATUS_SUBMITTED[0m(103) [32mSTATUS_DONE[0m(452) [34mSTATUS_UNREADY[0m(89) [36mSTATUS_READY[0m(245)
INFO:__main__:/nfs_scratch/fmeng/tmp4CCaV3LFVHETauAnalyzerMVA1-data_SingleElectron_Run2012D_22Jan2013_v1/job.dag: STATUS_SUBMITTED stats: [33mSTATUS_SUBMITTED[0m(103) [32mSTATUS_DONE[0m(452) [34mSTATUS_UNREADY[0m(89) [36mSTATUS_READY[0m(245)
INFO:__main__:/nfs_scratch/fmeng/tmp4CCaV3LFVHETauAnalyzerMVA1-data_SingleElectron_Run2012D_22Jan2013_v1/job.dag: STATUS_SUBMITTED stats: [33mSTATUS_SUBMITTED[0m(103) [32mSTATUS_DONE[0m(452) [34mSTATUS_UNREADY[0m(89) [36mSTATUS_READY[0m(245)
INFO:__main__:/nfs_scratch/fmeng/tmp4CCaV3LFVHETauAnalyzerMVA1-data_SingleElectron_Run2012D_22Jan2013_v1/job.dag: STATUS_SUBMITTED stats: [33mSTATUS_SUBMITTED[0m(21) [32mSTATUS_DONE[0m(579) [34mSTATUS_UNREADY[0m(86) [36mSTATUS_READY[0m(203)
INFO:__main__:/nfs_scratch/fmeng/tmp4CCaV3LFVHETauAnalyzerMVA1-data_SingleElectron_Run2012D_22Jan2013_v1/job.dag: STATUS_SUBMITTED stats: [33mSTATUS_SUBMITTED[0m(21) [32mSTATUS_DONE[0m(579) [34mSTATUS_UNREADY[0m(86) [36mSTATUS_READY[0m(203)
INFO:__main__:/nfs_scratch/fmeng/tmp4CCaV3LFVHETauAnalyzerMVA1-data_SingleElectron_Run2012D_22Jan2013_v1/job.dag: STATUS_SUBMITTED stats: [33mSTATUS_SUBMITTED[0m(21) [32mSTATUS_DONE[0m(579) [34mSTATUS_UNREADY[0m(86) [36mSTATUS_READY[0m(203)
INFO:__main__:/nfs_scratch/fmeng/tmp4CCaV3LFVHETauAnalyzerMVA1-data_SingleElectron_Run2012D_22Jan2013_v1/job.dag: STATUS_SUBMITTED stats: [33mSTATUS_SUBMITTED[0m(21) [32mSTATUS_DONE[0m(579) [34mSTATUS_UNREADY[0m(86) [36mSTATUS_READY[0m(203)
INFO:__main__:/nfs_scratch/fmeng/tmp4CCaV3LFVHETauAnalyzerMVA1-data_SingleElectron_Run2012D_22Jan2013_v1/job.dag: STATUS_SUBMITTED stats: [33mSTATUS_SUBMITTED[0m(21) [32mSTATUS_DONE[0m(579) [34mSTATUS_UNREADY[0m(86) [36mSTATUS_READY[0m(203)
INFO:__main__:/nfs_scratch/fmeng/tmp4CCaV3LFVHETauAnalyzerMVA1-data_SingleElectron_Run2012D_22Jan2013_v1/job.dag: STATUS_SUBMITTED stats: [33mSTATUS_SUBMITTED[0m(21) [32mSTATUS_DONE[0m(579) [34mSTATUS_UNREADY[0m(86) [36mSTATUS_READY[0m(203)
INFO:__main__:/nfs_scratch/fmeng/tmp4CCaV3LFVHETauAnalyzerMVA1-data_SingleElectron_Run2012D_22Jan2013_v1/job.dag: STATUS_SUBMITTED stats: [33mSTATUS_SUBMITTED[0m(26) [32mSTATUS_DONE[0m(634) [34mSTATUS_UNREADY[0m(83) [36mSTATUS_READY[0m(146)
INFO:__main__:/nfs_scratch/fmeng/tmp4CCaV3LFVHETauAnalyzerMVA1-data_SingleElectron_Run2012D_22Jan2013_v1/job.dag: STATUS_SUBMITTED stats: [33mSTATUS_SUBMITTED[0m(26) [32mSTATUS_DONE[0m(634) [34mSTATUS_UNREADY[0m(83) [36mSTATUS_READY[0m(146)
INFO:__main__:/nfs_scratch/fmeng/tmp4CCaV3LFVHETauAnalyzerMVA1-data_SingleElectron_Run2012D_22Jan2013_v1/job.dag: STATUS_SUBMITTED stats: [33mSTATUS_SUBMITTED[0m(26) [32mSTATUS_DONE[0m(634) [34mSTATUS_UNREADY[0m(83) [36mSTATUS_READY[0m(146)
INFO:__main__:/nfs_scratch/fmeng/tmp4CCaV3LFVHETauAnalyzerMVA1-data_SingleElectron_Run2012D_22Jan2013_v1/job.dag: STATUS_SUBMITTED stats: [33mSTATUS_SUBMITTED[0m(26) [32mSTATUS_DONE[0m(634) [34mSTATUS_UNREADY[0m(83) [36mSTATUS_READY[0m(146)
INFO:__main__:/nfs_scratch/fmeng/tmp4CCaV3LFVHETauAnalyzerMVA1-data_SingleElectron_Run2012D_22Jan2013_v1/job.dag: STATUS_SUBMITTED stats: [33mSTATUS_SUBMITTED[0m(26) [32mSTATUS_DONE[0m(634) [34mSTATUS_UNREADY[0m(83) [36mSTATUS_READY[0m(146)
INFO:__main__:/nfs_scratch/fmeng/tmp4CCaV3LFVHETauAnalyzerMVA1-data_SingleElectron_Run2012D_22Jan2013_v1/job.dag: STATUS_SUBMITTED stats: [33mSTATUS_SUBMITTED[0m(26) [32mSTATUS_DONE[0m(634) [34mSTATUS_UNREADY[0m(83) [36mSTATUS_READY[0m(146)
INFO:__main__:/nfs_scratch/fmeng/tmp4CCaV3LFVHETauAnalyzerMVA1-data_SingleElectron_Run2012D_22Jan2013_v1/job.dag: STATUS_SUBMITTED stats: [33mSTATUS_SUBMITTED[0m(32) [32mSTATUS_DONE[0m(688) [34mSTATUS_UNREADY[0m(77) [36mSTATUS_READY[0m(92)
INFO:__main__:/nfs_scratch/fmeng/tmp4CCaV3LFVHETauAnalyzerMVA1-data_SingleElectron_Run2012D_22Jan2013_v1/job.dag: STATUS_SUBMITTED stats: [33mSTATUS_SUBMITTED[0m(32) [32mSTATUS_DONE[0m(688) [34mSTATUS_UNREADY[0m(77) [36mSTATUS_READY[0m(92)
INFO:__main__:/nfs_scratch/fmeng/tmp4CCaV3LFVHETauAnalyzerMVA1-data_SingleElectron_Run2012D_22Jan2013_v1/job.dag: STATUS_SUBMITTED stats: [33mSTATUS_SUBMITTED[0m(32) [32mSTATUS_DONE[0m(688) [34mSTATUS_UNREADY[0m(77) [36mSTATUS_READY[0m(92)
INFO:__main__:/nfs_scratch/fmeng/tmp4CCaV3LFVHETauAnalyzerMVA1-data_SingleElectron_Run2012D_22Jan2013_v1/job.dag: STATUS_SUBMITTED stats: [33mSTATUS_SUBMITTED[0m(32) [32mSTATUS_DONE[0m(688) [34mSTATUS_UNREADY[0m(77) [36mSTATUS_READY[0m(92)
INFO:__main__:/nfs_scratch/fmeng/tmp4CCaV3LFVHETauAnalyzerMVA1-data_SingleElectron_Run2012D_22Jan2013_v1/job.dag: STATUS_SUBMITTED stats: [33mSTATUS_SUBMITTED[0m(32) [32mSTATUS_DONE[0m(688) [34mSTATUS_UNREADY[0m(77) [36mSTATUS_READY[0m(92)
INFO:__main__:/nfs_scratch/fmeng/tmp4CCaV3LFVHETauAnalyzerMVA1-data_SingleElectron_Run2012D_22Jan2013_v1/job.dag: STATUS_SUBMITTED stats: [33mSTATUS_SUBMITTED[0m(32) [32mSTATUS_DONE[0m(688) [34mSTATUS_UNREADY[0m(77) [36mSTATUS_READY[0m(92)
INFO:__main__:/nfs_scratch/fmeng/tmp4CCaV3LFVHETauAnalyzerMVA1-data_SingleElectron_Run2012D_22Jan2013_v1/job.dag: STATUS_SUBMITTED stats: [33mSTATUS_SUBMITTED[0m(32) [32mSTATUS_DONE[0m(688) [34mSTATUS_UNREADY[0m(77) [36mSTATUS_READY[0m(92)
INFO:__main__:/nfs_scratch/fmeng/tmp4CCaV3LFVHETauAnalyzerMVA1-data_SingleElectron_Run2012D_22Jan2013_v1/job.dag: STATUS_SUBMITTED stats: [33mSTATUS_SUBMITTED[0m(30) [32mSTATUS_DONE[0m(765) [34mSTATUS_UNREADY[0m(40) [36mSTATUS_READY[0m(54)
INFO:__main__:/nfs_scratch/fmeng/tmp4CCaV3LFVHETauAnalyzerMVA1-data_SingleElectron_Run2012D_22Jan2013_v1/job.dag: STATUS_SUBMITTED stats: [33mSTATUS_SUBMITTED[0m(30) [32mSTATUS_DONE[0m(765) [34mSTATUS_UNREADY[0m(40) [36mSTATUS_READY[0m(54)
INFO:__main__:/nfs_scratch/fmeng/tmp4CCaV3LFVHETauAnalyzerMVA1-data_SingleElectron_Run2012D_22Jan2013_v1/job.dag: STATUS_SUBMITTED stats: [33mSTATUS_SUBMITTED[0m(30) [32mSTATUS_DONE[0m(765) [34mSTATUS_UNREADY[0m(40) [36mSTATUS_READY[0m(54)
INFO:__main__:/nfs_scratch/fmeng/tmp4CCaV3LFVHETauAnalyzerMVA1-data_SingleElectron_Run2012D_22Jan2013_v1/job.dag: STATUS_SUBMITTED stats: [33mSTATUS_SUBMITTED[0m(30) [32mSTATUS_DONE[0m(765) [34mSTATUS_UNREADY[0m(40) [36mSTATUS_READY[0m(54)
INFO:__main__:/nfs_scratch/fmeng/tmp4CCaV3LFVHETauAnalyzerMVA1-data_SingleElectron_Run2012D_22Jan2013_v1/job.dag: STATUS_SUBMITTED stats: [33mSTATUS_SUBMITTED[0m(30) [32mSTATUS_DONE[0m(765) [34mSTATUS_UNREADY[0m(40) [36mSTATUS_READY[0m(54)
INFO:__main__:/nfs_scratch/fmeng/tmp4CCaV3LFVHETauAnalyzerMVA1-data_SingleElectron_Run2012D_22Jan2013_v1/job.dag: STATUS_SUBMITTED stats: [33mSTATUS_SUBMITTED[0m(30) [32mSTATUS_DONE[0m(765) [34mSTATUS_UNREADY[0m(40) [36mSTATUS_READY[0m(54)
INFO:__main__:/nfs_scratch/fmeng/tmp4CCaV3LFVHETauAnalyzerMVA1-data_SingleElectron_Run2012D_22Jan2013_v1/job.dag: STATUS_SUBMITTED stats: [33mSTATUS_SUBMITTED[0m(62) [32mSTATUS_DONE[0m(818) [34mSTATUS_UNREADY[0m(9)
INFO:__main__:/nfs_scratch/fmeng/tmp4CCaV3LFVHETauAnalyzerMVA1-data_SingleElectron_Run2012D_22Jan2013_v1/job.dag: STATUS_SUBMITTED stats: [33mSTATUS_SUBMITTED[0m(62) [32mSTATUS_DONE[0m(818) [34mSTATUS_UNREADY[0m(9)
INFO:__main__:/nfs_scratch/fmeng/tmp4CCaV3LFVHETauAnalyzerMVA1-data_SingleElectron_Run2012D_22Jan2013_v1/job.dag: STATUS_SUBMITTED stats: [33mSTATUS_SUBMITTED[0m(62) [32mSTATUS_DONE[0m(818) [34mSTATUS_UNREADY[0m(9)
INFO:__main__:/nfs_scratch/fmeng/tmp4CCaV3LFVHETauAnalyzerMVA1-data_SingleElectron_Run2012D_22Jan2013_v1/job.dag: STATUS_SUBMITTED stats: [33mSTATUS_SUBMITTED[0m(62) [32mSTATUS_DONE[0m(818) [34mSTATUS_UNREADY[0m(9)
INFO:__main__:/nfs_scratch/fmeng/tmp4CCaV3LFVHETauAnalyzerMVA1-data_SingleElectron_Run2012D_22Jan2013_v1/job.dag: STATUS_SUBMITTED stats: [33mSTATUS_SUBMITTED[0m(62) [32mSTATUS_DONE[0m(818) [34mSTATUS_UNREADY[0m(9)
INFO:__main__:/nfs_scratch/fmeng/tmp4CCaV3LFVHETauAnalyzerMVA1-data_SingleElectron_Run2012D_22Jan2013_v1/job.dag: STATUS_SUBMITTED stats: [33mSTATUS_SUBMITTED[0m(62) [32mSTATUS_DONE[0m(818) [34mSTATUS_UNREADY[0m(9)
INFO:__main__:/nfs_scratch/fmeng/tmp4CCaV3LFVHETauAnalyzerMVA1-data_SingleElectron_Run2012D_22Jan2013_v1/job.dag: STATUS_SUBMITTED stats: [33mSTATUS_SUBMITTED[0m(9) [32mSTATUS_DONE[0m(872) [34mSTATUS_UNREADY[0m(6) [36mSTATUS_READY[0m(2)
INFO:__main__:/nfs_scratch/fmeng/tmp4CCaV3LFVHETauAnalyzerMVA1-data_SingleElectron_Run2012D_22Jan2013_v1/job.dag: STATUS_SUBMITTED stats: [33mSTATUS_SUBMITTED[0m(9) [32mSTATUS_DONE[0m(872) [34mSTATUS_UNREADY[0m(6) [36mSTATUS_READY[0m(2)
INFO:__main__:/nfs_scratch/fmeng/tmp4CCaV3LFVHETauAnalyzerMVA1-data_SingleElectron_Run2012D_22Jan2013_v1/job.dag: STATUS_SUBMITTED stats: [33mSTATUS_SUBMITTED[0m(9) [32mSTATUS_DONE[0m(872) [34mSTATUS_UNREADY[0m(6) [36mSTATUS_READY[0m(2)
INFO:__main__:/nfs_scratch/fmeng/tmp4CCaV3LFVHETauAnalyzerMVA1-data_SingleElectron_Run2012D_22Jan2013_v1/job.dag: STATUS_SUBMITTED stats: [33mSTATUS_SUBMITTED[0m(9) [32mSTATUS_DONE[0m(872) [34mSTATUS_UNREADY[0m(6) [36mSTATUS_READY[0m(2)
INFO:__main__:/nfs_scratch/fmeng/tmp4CCaV3LFVHETauAnalyzerMVA1-data_SingleElectron_Run2012D_22Jan2013_v1/job.dag: STATUS_SUBMITTED stats: [33mSTATUS_SUBMITTED[0m(9) [32mSTATUS_DONE[0m(872) [34mSTATUS_UNREADY[0m(6) [36mSTATUS_READY[0m(2)
INFO:__main__:/nfs_scratch/fmeng/tmp4CCaV3LFVHETauAnalyzerMVA1-data_SingleElectron_Run2012D_22Jan2013_v1/job.dag: STATUS_SUBMITTED stats: [33mSTATUS_SUBMITTED[0m(9) [32mSTATUS_DONE[0m(872) [34mSTATUS_UNREADY[0m(6) [36mSTATUS_READY[0m(2)
INFO:__main__:/nfs_scratch/fmeng/tmp4CCaV3LFVHETauAnalyzerMVA1-data_SingleElectron_Run2012D_22Jan2013_v1/job.dag: STATUS_SUBMITTED stats: [33mSTATUS_SUBMITTED[0m(9) [32mSTATUS_DONE[0m(872) [34mSTATUS_UNREADY[0m(6) [36mSTATUS_READY[0m(2)
INFO:__main__:/nfs_scratch/fmeng/tmp4CCaV3LFVHETauAnalyzerMVA1-data_SingleElectron_Run2012D_22Jan2013_v1/job.dag: STATUS_SUBMITTED stats: [33mSTATUS_SUBMITTED[0m(1) [32mSTATUS_DONE[0m(888)
INFO:__main__:/nfs_scratch/fmeng/tmp4CCaV3LFVHETauAnalyzerMVA1-data_SingleElectron_Run2012D_22Jan2013_v1/job.dag: STATUS_DONE stats: [32mSTATUS_DONE[0m(889)
INFO:__main__:Copying final output /hdfs/store/user/fmeng/MegaJob_tmp4CCaV3LFVHETauAnalyzerMVA1-data_SingleElectron_Run2012D_22Jan2013_v1//mergeFilesJob-mergeFilesJob-mergeFilesJob-mega-batch-make_ntuples_cfg-patTuple_cfg-F2E989DB-5593-E211-961F-003048678F8A.root => results/newNtuple_5Nov/LFVHETauAnalyzerMVA1/data_SingleElectron_Run2012D_22Jan2013_v1.root
INFO:__main__:[32m/nfs_scratch/fmeng/tmp4CCaV3LFVHETauAnalyzerMVA1-data_SingleElectron_Run2012D_22Jan2013_v1/job.dag: job complete.[0m
