INFO:__main__:Processing inputs/newNtuple_5Nov/GluGluToHToTauTau_M-125_8TeV-powheg-pythia6.txt using LFVHETauAnalyzerMVA.py, the output file will be results/newNtuple_5Nov/LFVHETauAnalyzerMVA/GluGluToHToTauTau_M-125_8TeV-powheg-pythia6.root
INFO:__main__:Generating submit scripts in /nfs_scratch/fmeng/tmp4JHmPELFVHETauAnalyzerMVA-GluGluToHToTauTau_M-125_8TeV-powheg-pythia6
INFO:FinalStateAnalysis.PlotTools.MegaPath:Checking inputs file inputs/newNtuple_5Nov/GluGluToHToTauTau_M-125_8TeV-powheg-pythia6.txt exists...
INFO:__main__:Running over 96 files in 10 jobs
Generating submit files in /nfs_scratch/fmeng/tmp4JHmPELFVHETauAnalyzerMVA-GluGluToHToTauTau_M-125_8TeV-powheg-pythia6/analyze...
..........
Submit DAG file /nfs_scratch/fmeng/tmp4JHmPELFVHETauAnalyzerMVA-GluGluToHToTauTau_M-125_8TeV-powheg-pythia6/job.dag has been created but not submitted.
Jobs for Analyze are created in /nfs_scratch/fmeng/tmp4JHmPELFVHETauAnalyzerMVA-GluGluToHToTauTau_M-125_8TeV-powheg-pythia6/analyze
Using HADD method to merge files
Increasing vsize limit from 3000 MB to 6000 MB
LCG_GFAL_INFOSYS is not set
Using grid catalog type: UNKNOWN
Using grid catalog : (null)
VO name: cms
Checksum type: None
Destination SE type: SRMv2
Destination SRM Request Token: put:2334612
Source URL: file:/nfs_scratch/fmeng/tmp4JHmPELFVHETauAnalyzerMVA-GluGluToHToTauTau_M-125_8TeV-powheg-pythia6/FinalMerged/user_code.tgz
File size: 117640606
Source URL for copy: file:/nfs_scratch/fmeng/tmp4JHmPELFVHETauAnalyzerMVA-GluGluToHToTauTau_M-125_8TeV-powheg-pythia6/FinalMerged/user_code.tgz
Destination URL: gsiftp://g12n19.hep.wisc.edu//hdfs/HighReplicaCondorUserFiles/nfs_scratch/fmeng/tmp4JHmPELFVHETauAnalyzerMVA-GluGluToHToTauTau_M-125_8TeV-powheg-pythia6/FinalMerged/user_code.tgz
# streams: 1
            0 bytes      0.00 KB/sec avg      0.00 KB/sec inst            0 bytes      0.00 KB/sec avg      0.00 KB/sec inst      1048576 bytes    547.15 KB/sec avg    547.15 KB/sec inst     63963136 bytes  21752.92 KB/sec avg  61440.00 KB/sec inst    113246208 bytes  28565.50 KB/sec avg  48128.00 KB/sec inst    113246208 bytes  28565.50 KB/sec avg  48128.00 KB/sec inst    113246208 bytes  28565.50 KB/sec avg  48128.00 KB/sec inst    113246208 bytes  28565.50 KB/sec avg  48128.00 KB/sec inst    113246208 bytes  28565.50 KB/sec avg  48128.00 KB/sec inst    117640606 bytes  13889.03 KB/sec avg    975.32 KB/sec inst
Transfer took 11740 ms
Generating submit files in /nfs_scratch/fmeng/tmp4JHmPELFVHETauAnalyzerMVA-GluGluToHToTauTau_M-125_8TeV-powheg-pythia6/FinalMerged...
.
Submitting job(s).
1 job(s) submitted to cluster 2427153.

-----------------------------------------------------------------------
File for submitting this DAG to Condor           : /nfs_scratch/fmeng/tmp4JHmPELFVHETauAnalyzerMVA-GluGluToHToTauTau_M-125_8TeV-powheg-pythia6/job.dag.wrapper.condor.sub
Log of DAGMan debugging messages                 : /nfs_scratch/fmeng/tmp4JHmPELFVHETauAnalyzerMVA-GluGluToHToTauTau_M-125_8TeV-powheg-pythia6/job.dag.wrapper.dagman.out
Log of Condor library output                     : /nfs_scratch/fmeng/tmp4JHmPELFVHETauAnalyzerMVA-GluGluToHToTauTau_M-125_8TeV-powheg-pythia6/job.dag.wrapper.lib.out
Log of Condor library error messages             : /nfs_scratch/fmeng/tmp4JHmPELFVHETauAnalyzerMVA-GluGluToHToTauTau_M-125_8TeV-powheg-pythia6/job.dag.wrapper.lib.err
Log of the life of condor_dagman itself          : /nfs_scratch/fmeng/tmp4JHmPELFVHETauAnalyzerMVA-GluGluToHToTauTau_M-125_8TeV-powheg-pythia6/job.dag.wrapper.dagman.log

-----------------------------------------------------------------------
You can monitor your workflow's progess by watching /nfs_scratch/fmeng/tmp4JHmPELFVHETauAnalyzerMVA-GluGluToHToTauTau_M-125_8TeV-powheg-pythia6/job.dag.dagman.out
A summary of the status of all of the jobs in your workflow will be
written to the following file every 60 seconds:
  /nfs_scratch/fmeng/tmp4JHmPELFVHETauAnalyzerMVA-GluGluToHToTauTau_M-125_8TeV-powheg-pythia6/job.dag.status

Your jobs should show up in ~6 minutes
at the NEW job monitoring web page :
    http://www.hep.wisc.edu/cms/comp/jobs/
Jobs for FinalMerged are created in /nfs_scratch/fmeng/tmp4JHmPELFVHETauAnalyzerMVA-GluGluToHToTauTau_M-125_8TeV-powheg-pythia6/FinalMerged
INFO:__main__:Waiting for job to complete
INFO:__main__:/nfs_scratch/fmeng/tmp4JHmPELFVHETauAnalyzerMVA-GluGluToHToTauTau_M-125_8TeV-powheg-pythia6/job.dag: UNKNOWN stats: [30mUNKNOWN[0m(11)
INFO:__main__:/nfs_scratch/fmeng/tmp4JHmPELFVHETauAnalyzerMVA-GluGluToHToTauTau_M-125_8TeV-powheg-pythia6/job.dag: UNKNOWN stats: [30mUNKNOWN[0m(11)
INFO:__main__:/nfs_scratch/fmeng/tmp4JHmPELFVHETauAnalyzerMVA-GluGluToHToTauTau_M-125_8TeV-powheg-pythia6/job.dag: UNKNOWN stats: [30mUNKNOWN[0m(11)
INFO:__main__:/nfs_scratch/fmeng/tmp4JHmPELFVHETauAnalyzerMVA-GluGluToHToTauTau_M-125_8TeV-powheg-pythia6/job.dag: UNKNOWN stats: [30mUNKNOWN[0m(11)
INFO:__main__:/nfs_scratch/fmeng/tmp4JHmPELFVHETauAnalyzerMVA-GluGluToHToTauTau_M-125_8TeV-powheg-pythia6/job.dag: UNKNOWN stats: [30mUNKNOWN[0m(11)
INFO:__main__:/nfs_scratch/fmeng/tmp4JHmPELFVHETauAnalyzerMVA-GluGluToHToTauTau_M-125_8TeV-powheg-pythia6/job.dag: UNKNOWN stats: [30mUNKNOWN[0m(11)
INFO:__main__:/nfs_scratch/fmeng/tmp4JHmPELFVHETauAnalyzerMVA-GluGluToHToTauTau_M-125_8TeV-powheg-pythia6/job.dag: UNKNOWN stats: [30mUNKNOWN[0m(11)
INFO:__main__:/nfs_scratch/fmeng/tmp4JHmPELFVHETauAnalyzerMVA-GluGluToHToTauTau_M-125_8TeV-powheg-pythia6/job.dag: UNKNOWN stats: [30mUNKNOWN[0m(11)
INFO:__main__:/nfs_scratch/fmeng/tmp4JHmPELFVHETauAnalyzerMVA-GluGluToHToTauTau_M-125_8TeV-powheg-pythia6/job.dag: UNKNOWN stats: [30mUNKNOWN[0m(11)
INFO:__main__:/nfs_scratch/fmeng/tmp4JHmPELFVHETauAnalyzerMVA-GluGluToHToTauTau_M-125_8TeV-powheg-pythia6/job.dag: UNKNOWN stats: [30mUNKNOWN[0m(11)
INFO:__main__:/nfs_scratch/fmeng/tmp4JHmPELFVHETauAnalyzerMVA-GluGluToHToTauTau_M-125_8TeV-powheg-pythia6/job.dag: UNKNOWN stats: [30mUNKNOWN[0m(11)
INFO:__main__:/nfs_scratch/fmeng/tmp4JHmPELFVHETauAnalyzerMVA-GluGluToHToTauTau_M-125_8TeV-powheg-pythia6/job.dag: UNKNOWN stats: [30mUNKNOWN[0m(11)
INFO:__main__:/nfs_scratch/fmeng/tmp4JHmPELFVHETauAnalyzerMVA-GluGluToHToTauTau_M-125_8TeV-powheg-pythia6/job.dag: UNKNOWN stats: [30mUNKNOWN[0m(11)
INFO:__main__:/nfs_scratch/fmeng/tmp4JHmPELFVHETauAnalyzerMVA-GluGluToHToTauTau_M-125_8TeV-powheg-pythia6/job.dag: UNKNOWN stats: [30mUNKNOWN[0m(11)
INFO:__main__:/nfs_scratch/fmeng/tmp4JHmPELFVHETauAnalyzerMVA-GluGluToHToTauTau_M-125_8TeV-powheg-pythia6/job.dag: UNKNOWN stats: [30mUNKNOWN[0m(11)
INFO:__main__:/nfs_scratch/fmeng/tmp4JHmPELFVHETauAnalyzerMVA-GluGluToHToTauTau_M-125_8TeV-powheg-pythia6/job.dag: STATUS_SUBMITTED stats: [33mSTATUS_SUBMITTED[0m(10) [34mSTATUS_UNREADY[0m(1)
INFO:__main__:/nfs_scratch/fmeng/tmp4JHmPELFVHETauAnalyzerMVA-GluGluToHToTauTau_M-125_8TeV-powheg-pythia6/job.dag: STATUS_SUBMITTED stats: [33mSTATUS_SUBMITTED[0m(10) [34mSTATUS_UNREADY[0m(1)
INFO:__main__:/nfs_scratch/fmeng/tmp4JHmPELFVHETauAnalyzerMVA-GluGluToHToTauTau_M-125_8TeV-powheg-pythia6/job.dag: STATUS_SUBMITTED stats: [33mSTATUS_SUBMITTED[0m(10) [34mSTATUS_UNREADY[0m(1)
INFO:__main__:/nfs_scratch/fmeng/tmp4JHmPELFVHETauAnalyzerMVA-GluGluToHToTauTau_M-125_8TeV-powheg-pythia6/job.dag: STATUS_SUBMITTED stats: [33mSTATUS_SUBMITTED[0m(10) [34mSTATUS_UNREADY[0m(1)
INFO:__main__:/nfs_scratch/fmeng/tmp4JHmPELFVHETauAnalyzerMVA-GluGluToHToTauTau_M-125_8TeV-powheg-pythia6/job.dag: STATUS_SUBMITTED stats: [33mSTATUS_SUBMITTED[0m(10) [34mSTATUS_UNREADY[0m(1)
INFO:__main__:/nfs_scratch/fmeng/tmp4JHmPELFVHETauAnalyzerMVA-GluGluToHToTauTau_M-125_8TeV-powheg-pythia6/job.dag: STATUS_SUBMITTED stats: [33mSTATUS_SUBMITTED[0m(10) [34mSTATUS_UNREADY[0m(1)
INFO:__main__:/nfs_scratch/fmeng/tmp4JHmPELFVHETauAnalyzerMVA-GluGluToHToTauTau_M-125_8TeV-powheg-pythia6/job.dag: STATUS_SUBMITTED stats: [33mSTATUS_SUBMITTED[0m(10) [34mSTATUS_UNREADY[0m(1)
INFO:__main__:/nfs_scratch/fmeng/tmp4JHmPELFVHETauAnalyzerMVA-GluGluToHToTauTau_M-125_8TeV-powheg-pythia6/job.dag: STATUS_SUBMITTED stats: [33mSTATUS_SUBMITTED[0m(9) [32mSTATUS_DONE[0m(1) [34mSTATUS_UNREADY[0m(1)
INFO:__main__:/nfs_scratch/fmeng/tmp4JHmPELFVHETauAnalyzerMVA-GluGluToHToTauTau_M-125_8TeV-powheg-pythia6/job.dag: STATUS_SUBMITTED stats: [33mSTATUS_SUBMITTED[0m(9) [32mSTATUS_DONE[0m(1) [34mSTATUS_UNREADY[0m(1)
INFO:__main__:/nfs_scratch/fmeng/tmp4JHmPELFVHETauAnalyzerMVA-GluGluToHToTauTau_M-125_8TeV-powheg-pythia6/job.dag: STATUS_SUBMITTED stats: [33mSTATUS_SUBMITTED[0m(8) [32mSTATUS_DONE[0m(2) [34mSTATUS_UNREADY[0m(1)
INFO:__main__:/nfs_scratch/fmeng/tmp4JHmPELFVHETauAnalyzerMVA-GluGluToHToTauTau_M-125_8TeV-powheg-pythia6/job.dag: STATUS_SUBMITTED stats: [33mSTATUS_SUBMITTED[0m(8) [32mSTATUS_DONE[0m(2) [34mSTATUS_UNREADY[0m(1)
INFO:__main__:/nfs_scratch/fmeng/tmp4JHmPELFVHETauAnalyzerMVA-GluGluToHToTauTau_M-125_8TeV-powheg-pythia6/job.dag: STATUS_SUBMITTED stats: [33mSTATUS_SUBMITTED[0m(8) [32mSTATUS_DONE[0m(2) [34mSTATUS_UNREADY[0m(1)
INFO:__main__:/nfs_scratch/fmeng/tmp4JHmPELFVHETauAnalyzerMVA-GluGluToHToTauTau_M-125_8TeV-powheg-pythia6/job.dag: STATUS_SUBMITTED stats: [33mSTATUS_SUBMITTED[0m(7) [32mSTATUS_DONE[0m(3) [34mSTATUS_UNREADY[0m(1)
INFO:__main__:/nfs_scratch/fmeng/tmp4JHmPELFVHETauAnalyzerMVA-GluGluToHToTauTau_M-125_8TeV-powheg-pythia6/job.dag: STATUS_SUBMITTED stats: [33mSTATUS_SUBMITTED[0m(7) [32mSTATUS_DONE[0m(3) [34mSTATUS_UNREADY[0m(1)
INFO:__main__:/nfs_scratch/fmeng/tmp4JHmPELFVHETauAnalyzerMVA-GluGluToHToTauTau_M-125_8TeV-powheg-pythia6/job.dag: STATUS_SUBMITTED stats: [33mSTATUS_SUBMITTED[0m(7) [32mSTATUS_DONE[0m(3) [34mSTATUS_UNREADY[0m(1)
INFO:__main__:/nfs_scratch/fmeng/tmp4JHmPELFVHETauAnalyzerMVA-GluGluToHToTauTau_M-125_8TeV-powheg-pythia6/job.dag: STATUS_SUBMITTED stats: [33mSTATUS_SUBMITTED[0m(7) [32mSTATUS_DONE[0m(3) [34mSTATUS_UNREADY[0m(1)
INFO:__main__:/nfs_scratch/fmeng/tmp4JHmPELFVHETauAnalyzerMVA-GluGluToHToTauTau_M-125_8TeV-powheg-pythia6/job.dag: STATUS_SUBMITTED stats: [33mSTATUS_SUBMITTED[0m(6) [32mSTATUS_DONE[0m(4) [34mSTATUS_UNREADY[0m(1)
INFO:__main__:/nfs_scratch/fmeng/tmp4JHmPELFVHETauAnalyzerMVA-GluGluToHToTauTau_M-125_8TeV-powheg-pythia6/job.dag: STATUS_SUBMITTED stats: [33mSTATUS_SUBMITTED[0m(6) [32mSTATUS_DONE[0m(4) [34mSTATUS_UNREADY[0m(1)
INFO:__main__:/nfs_scratch/fmeng/tmp4JHmPELFVHETauAnalyzerMVA-GluGluToHToTauTau_M-125_8TeV-powheg-pythia6/job.dag: STATUS_SUBMITTED stats: [33mSTATUS_SUBMITTED[0m(6) [32mSTATUS_DONE[0m(4) [34mSTATUS_UNREADY[0m(1)
INFO:__main__:/nfs_scratch/fmeng/tmp4JHmPELFVHETauAnalyzerMVA-GluGluToHToTauTau_M-125_8TeV-powheg-pythia6/job.dag: STATUS_SUBMITTED stats: [33mSTATUS_SUBMITTED[0m(6) [32mSTATUS_DONE[0m(4) [34mSTATUS_UNREADY[0m(1)
INFO:__main__:/nfs_scratch/fmeng/tmp4JHmPELFVHETauAnalyzerMVA-GluGluToHToTauTau_M-125_8TeV-powheg-pythia6/job.dag: STATUS_SUBMITTED stats: [33mSTATUS_SUBMITTED[0m(6) [32mSTATUS_DONE[0m(4) [34mSTATUS_UNREADY[0m(1)
INFO:__main__:/nfs_scratch/fmeng/tmp4JHmPELFVHETauAnalyzerMVA-GluGluToHToTauTau_M-125_8TeV-powheg-pythia6/job.dag: STATUS_SUBMITTED stats: [33mSTATUS_SUBMITTED[0m(5) [32mSTATUS_DONE[0m(5) [34mSTATUS_UNREADY[0m(1)
INFO:__main__:/nfs_scratch/fmeng/tmp4JHmPELFVHETauAnalyzerMVA-GluGluToHToTauTau_M-125_8TeV-powheg-pythia6/job.dag: STATUS_SUBMITTED stats: [33mSTATUS_SUBMITTED[0m(5) [32mSTATUS_DONE[0m(5) [34mSTATUS_UNREADY[0m(1)
INFO:__main__:/nfs_scratch/fmeng/tmp4JHmPELFVHETauAnalyzerMVA-GluGluToHToTauTau_M-125_8TeV-powheg-pythia6/job.dag: STATUS_SUBMITTED stats: [33mSTATUS_SUBMITTED[0m(1) [32mSTATUS_DONE[0m(9) [34mSTATUS_UNREADY[0m(1)
INFO:__main__:/nfs_scratch/fmeng/tmp4JHmPELFVHETauAnalyzerMVA-GluGluToHToTauTau_M-125_8TeV-powheg-pythia6/job.dag: STATUS_SUBMITTED stats: [33mSTATUS_SUBMITTED[0m(1) [32mSTATUS_DONE[0m(9) [34mSTATUS_UNREADY[0m(1)
INFO:__main__:/nfs_scratch/fmeng/tmp4JHmPELFVHETauAnalyzerMVA-GluGluToHToTauTau_M-125_8TeV-powheg-pythia6/job.dag: STATUS_SUBMITTED stats: [33mSTATUS_SUBMITTED[0m(1) [32mSTATUS_DONE[0m(9) [34mSTATUS_UNREADY[0m(1)
INFO:__main__:/nfs_scratch/fmeng/tmp4JHmPELFVHETauAnalyzerMVA-GluGluToHToTauTau_M-125_8TeV-powheg-pythia6/job.dag: STATUS_SUBMITTED stats: [33mSTATUS_SUBMITTED[0m(1) [32mSTATUS_DONE[0m(9) [34mSTATUS_UNREADY[0m(1)
INFO:__main__:/nfs_scratch/fmeng/tmp4JHmPELFVHETauAnalyzerMVA-GluGluToHToTauTau_M-125_8TeV-powheg-pythia6/job.dag: STATUS_SUBMITTED stats: [32mSTATUS_DONE[0m(10) [36mSTATUS_READY[0m(1)
INFO:__main__:/nfs_scratch/fmeng/tmp4JHmPELFVHETauAnalyzerMVA-GluGluToHToTauTau_M-125_8TeV-powheg-pythia6/job.dag: STATUS_SUBMITTED stats: [32mSTATUS_DONE[0m(10) [36mSTATUS_READY[0m(1)
INFO:__main__:/nfs_scratch/fmeng/tmp4JHmPELFVHETauAnalyzerMVA-GluGluToHToTauTau_M-125_8TeV-powheg-pythia6/job.dag: STATUS_SUBMITTED stats: [32mSTATUS_DONE[0m(10) [36mSTATUS_READY[0m(1)
INFO:__main__:/nfs_scratch/fmeng/tmp4JHmPELFVHETauAnalyzerMVA-GluGluToHToTauTau_M-125_8TeV-powheg-pythia6/job.dag: STATUS_SUBMITTED stats: [33mSTATUS_SUBMITTED[0m(1) [32mSTATUS_DONE[0m(10)
INFO:__main__:/nfs_scratch/fmeng/tmp4JHmPELFVHETauAnalyzerMVA-GluGluToHToTauTau_M-125_8TeV-powheg-pythia6/job.dag: STATUS_SUBMITTED stats: [33mSTATUS_SUBMITTED[0m(1) [32mSTATUS_DONE[0m(10)
INFO:__main__:/nfs_scratch/fmeng/tmp4JHmPELFVHETauAnalyzerMVA-GluGluToHToTauTau_M-125_8TeV-powheg-pythia6/job.dag: STATUS_SUBMITTED stats: [33mSTATUS_SUBMITTED[0m(1) [32mSTATUS_DONE[0m(10)
INFO:__main__:/nfs_scratch/fmeng/tmp4JHmPELFVHETauAnalyzerMVA-GluGluToHToTauTau_M-125_8TeV-powheg-pythia6/job.dag: STATUS_SUBMITTED stats: [33mSTATUS_SUBMITTED[0m(1) [32mSTATUS_DONE[0m(10)
INFO:__main__:/nfs_scratch/fmeng/tmp4JHmPELFVHETauAnalyzerMVA-GluGluToHToTauTau_M-125_8TeV-powheg-pythia6/job.dag: STATUS_SUBMITTED stats: [33mSTATUS_SUBMITTED[0m(1) [32mSTATUS_DONE[0m(10)
INFO:__main__:/nfs_scratch/fmeng/tmp4JHmPELFVHETauAnalyzerMVA-GluGluToHToTauTau_M-125_8TeV-powheg-pythia6/job.dag: STATUS_SUBMITTED stats: [33mSTATUS_SUBMITTED[0m(1) [32mSTATUS_DONE[0m(10)
INFO:__main__:/nfs_scratch/fmeng/tmp4JHmPELFVHETauAnalyzerMVA-GluGluToHToTauTau_M-125_8TeV-powheg-pythia6/job.dag: STATUS_SUBMITTED stats: [33mSTATUS_SUBMITTED[0m(1) [32mSTATUS_DONE[0m(10)
INFO:__main__:/nfs_scratch/fmeng/tmp4JHmPELFVHETauAnalyzerMVA-GluGluToHToTauTau_M-125_8TeV-powheg-pythia6/job.dag: STATUS_SUBMITTED stats: [33mSTATUS_SUBMITTED[0m(1) [32mSTATUS_DONE[0m(10)
INFO:__main__:/nfs_scratch/fmeng/tmp4JHmPELFVHETauAnalyzerMVA-GluGluToHToTauTau_M-125_8TeV-powheg-pythia6/job.dag: STATUS_SUBMITTED stats: [33mSTATUS_SUBMITTED[0m(1) [32mSTATUS_DONE[0m(10)
INFO:__main__:/nfs_scratch/fmeng/tmp4JHmPELFVHETauAnalyzerMVA-GluGluToHToTauTau_M-125_8TeV-powheg-pythia6/job.dag: STATUS_SUBMITTED stats: [33mSTATUS_SUBMITTED[0m(1) [32mSTATUS_DONE[0m(10)
INFO:__main__:/nfs_scratch/fmeng/tmp4JHmPELFVHETauAnalyzerMVA-GluGluToHToTauTau_M-125_8TeV-powheg-pythia6/job.dag: STATUS_SUBMITTED stats: [33mSTATUS_SUBMITTED[0m(1) [32mSTATUS_DONE[0m(10)
INFO:__main__:/nfs_scratch/fmeng/tmp4JHmPELFVHETauAnalyzerMVA-GluGluToHToTauTau_M-125_8TeV-powheg-pythia6/job.dag: STATUS_SUBMITTED stats: [33mSTATUS_SUBMITTED[0m(1) [32mSTATUS_DONE[0m(10)
INFO:__main__:/nfs_scratch/fmeng/tmp4JHmPELFVHETauAnalyzerMVA-GluGluToHToTauTau_M-125_8TeV-powheg-pythia6/job.dag: STATUS_SUBMITTED stats: [33mSTATUS_SUBMITTED[0m(1) [32mSTATUS_DONE[0m(10)
INFO:__main__:/nfs_scratch/fmeng/tmp4JHmPELFVHETauAnalyzerMVA-GluGluToHToTauTau_M-125_8TeV-powheg-pythia6/job.dag: STATUS_SUBMITTED stats: [33mSTATUS_SUBMITTED[0m(1) [32mSTATUS_DONE[0m(10)
INFO:__main__:/nfs_scratch/fmeng/tmp4JHmPELFVHETauAnalyzerMVA-GluGluToHToTauTau_M-125_8TeV-powheg-pythia6/job.dag: STATUS_SUBMITTED stats: [33mSTATUS_SUBMITTED[0m(1) [32mSTATUS_DONE[0m(10)
INFO:__main__:/nfs_scratch/fmeng/tmp4JHmPELFVHETauAnalyzerMVA-GluGluToHToTauTau_M-125_8TeV-powheg-pythia6/job.dag: STATUS_SUBMITTED stats: [33mSTATUS_SUBMITTED[0m(1) [32mSTATUS_DONE[0m(10)
INFO:__main__:/nfs_scratch/fmeng/tmp4JHmPELFVHETauAnalyzerMVA-GluGluToHToTauTau_M-125_8TeV-powheg-pythia6/job.dag: STATUS_SUBMITTED stats: [33mSTATUS_SUBMITTED[0m(1) [32mSTATUS_DONE[0m(10)
INFO:__main__:/nfs_scratch/fmeng/tmp4JHmPELFVHETauAnalyzerMVA-GluGluToHToTauTau_M-125_8TeV-powheg-pythia6/job.dag: STATUS_SUBMITTED stats: [33mSTATUS_SUBMITTED[0m(1) [32mSTATUS_DONE[0m(10)
INFO:__main__:/nfs_scratch/fmeng/tmp4JHmPELFVHETauAnalyzerMVA-GluGluToHToTauTau_M-125_8TeV-powheg-pythia6/job.dag: STATUS_SUBMITTED stats: [33mSTATUS_SUBMITTED[0m(1) [32mSTATUS_DONE[0m(10)
INFO:__main__:/nfs_scratch/fmeng/tmp4JHmPELFVHETauAnalyzerMVA-GluGluToHToTauTau_M-125_8TeV-powheg-pythia6/job.dag: STATUS_SUBMITTED stats: [33mSTATUS_SUBMITTED[0m(1) [32mSTATUS_DONE[0m(10)
INFO:__main__:/nfs_scratch/fmeng/tmp4JHmPELFVHETauAnalyzerMVA-GluGluToHToTauTau_M-125_8TeV-powheg-pythia6/job.dag: STATUS_SUBMITTED stats: [33mSTATUS_SUBMITTED[0m(1) [32mSTATUS_DONE[0m(10)
INFO:__main__:/nfs_scratch/fmeng/tmp4JHmPELFVHETauAnalyzerMVA-GluGluToHToTauTau_M-125_8TeV-powheg-pythia6/job.dag: STATUS_SUBMITTED stats: [33mSTATUS_SUBMITTED[0m(1) [32mSTATUS_DONE[0m(10)
INFO:__main__:/nfs_scratch/fmeng/tmp4JHmPELFVHETauAnalyzerMVA-GluGluToHToTauTau_M-125_8TeV-powheg-pythia6/job.dag: STATUS_SUBMITTED stats: [33mSTATUS_SUBMITTED[0m(1) [32mSTATUS_DONE[0m(10)
INFO:__main__:/nfs_scratch/fmeng/tmp4JHmPELFVHETauAnalyzerMVA-GluGluToHToTauTau_M-125_8TeV-powheg-pythia6/job.dag: STATUS_SUBMITTED stats: [33mSTATUS_SUBMITTED[0m(1) [32mSTATUS_DONE[0m(10)
INFO:__main__:/nfs_scratch/fmeng/tmp4JHmPELFVHETauAnalyzerMVA-GluGluToHToTauTau_M-125_8TeV-powheg-pythia6/job.dag: STATUS_SUBMITTED stats: [33mSTATUS_SUBMITTED[0m(1) [32mSTATUS_DONE[0m(10)
INFO:__main__:/nfs_scratch/fmeng/tmp4JHmPELFVHETauAnalyzerMVA-GluGluToHToTauTau_M-125_8TeV-powheg-pythia6/job.dag: STATUS_SUBMITTED stats: [33mSTATUS_SUBMITTED[0m(1) [32mSTATUS_DONE[0m(10)
INFO:__main__:/nfs_scratch/fmeng/tmp4JHmPELFVHETauAnalyzerMVA-GluGluToHToTauTau_M-125_8TeV-powheg-pythia6/job.dag: STATUS_SUBMITTED stats: [33mSTATUS_SUBMITTED[0m(1) [32mSTATUS_DONE[0m(10)
INFO:__main__:/nfs_scratch/fmeng/tmp4JHmPELFVHETauAnalyzerMVA-GluGluToHToTauTau_M-125_8TeV-powheg-pythia6/job.dag: STATUS_SUBMITTED stats: [33mSTATUS_SUBMITTED[0m(1) [32mSTATUS_DONE[0m(10)
INFO:__main__:/nfs_scratch/fmeng/tmp4JHmPELFVHETauAnalyzerMVA-GluGluToHToTauTau_M-125_8TeV-powheg-pythia6/job.dag: STATUS_SUBMITTED stats: [33mSTATUS_SUBMITTED[0m(1) [32mSTATUS_DONE[0m(10)
INFO:__main__:/nfs_scratch/fmeng/tmp4JHmPELFVHETauAnalyzerMVA-GluGluToHToTauTau_M-125_8TeV-powheg-pythia6/job.dag: STATUS_SUBMITTED stats: [33mSTATUS_SUBMITTED[0m(1) [32mSTATUS_DONE[0m(10)
INFO:__main__:/nfs_scratch/fmeng/tmp4JHmPELFVHETauAnalyzerMVA-GluGluToHToTauTau_M-125_8TeV-powheg-pythia6/job.dag: STATUS_SUBMITTED stats: [33mSTATUS_SUBMITTED[0m(1) [32mSTATUS_DONE[0m(10)
INFO:__main__:/nfs_scratch/fmeng/tmp4JHmPELFVHETauAnalyzerMVA-GluGluToHToTauTau_M-125_8TeV-powheg-pythia6/job.dag: STATUS_SUBMITTED stats: [33mSTATUS_SUBMITTED[0m(1) [32mSTATUS_DONE[0m(10)
INFO:__main__:/nfs_scratch/fmeng/tmp4JHmPELFVHETauAnalyzerMVA-GluGluToHToTauTau_M-125_8TeV-powheg-pythia6/job.dag: STATUS_SUBMITTED stats: [33mSTATUS_SUBMITTED[0m(1) [32mSTATUS_DONE[0m(10)
INFO:__main__:/nfs_scratch/fmeng/tmp4JHmPELFVHETauAnalyzerMVA-GluGluToHToTauTau_M-125_8TeV-powheg-pythia6/job.dag: STATUS_SUBMITTED stats: [33mSTATUS_SUBMITTED[0m(1) [32mSTATUS_DONE[0m(10)
INFO:__main__:/nfs_scratch/fmeng/tmp4JHmPELFVHETauAnalyzerMVA-GluGluToHToTauTau_M-125_8TeV-powheg-pythia6/job.dag: STATUS_SUBMITTED stats: [33mSTATUS_SUBMITTED[0m(1) [32mSTATUS_DONE[0m(10)
INFO:__main__:/nfs_scratch/fmeng/tmp4JHmPELFVHETauAnalyzerMVA-GluGluToHToTauTau_M-125_8TeV-powheg-pythia6/job.dag: STATUS_SUBMITTED stats: [33mSTATUS_SUBMITTED[0m(1) [32mSTATUS_DONE[0m(10)
INFO:__main__:/nfs_scratch/fmeng/tmp4JHmPELFVHETauAnalyzerMVA-GluGluToHToTauTau_M-125_8TeV-powheg-pythia6/job.dag: STATUS_SUBMITTED stats: [33mSTATUS_SUBMITTED[0m(1) [32mSTATUS_DONE[0m(10)
INFO:__main__:/nfs_scratch/fmeng/tmp4JHmPELFVHETauAnalyzerMVA-GluGluToHToTauTau_M-125_8TeV-powheg-pythia6/job.dag: STATUS_SUBMITTED stats: [33mSTATUS_SUBMITTED[0m(1) [32mSTATUS_DONE[0m(10)
INFO:__main__:/nfs_scratch/fmeng/tmp4JHmPELFVHETauAnalyzerMVA-GluGluToHToTauTau_M-125_8TeV-powheg-pythia6/job.dag: STATUS_SUBMITTED stats: [33mSTATUS_SUBMITTED[0m(1) [32mSTATUS_DONE[0m(10)
INFO:__main__:/nfs_scratch/fmeng/tmp4JHmPELFVHETauAnalyzerMVA-GluGluToHToTauTau_M-125_8TeV-powheg-pythia6/job.dag: STATUS_SUBMITTED stats: [33mSTATUS_SUBMITTED[0m(1) [32mSTATUS_DONE[0m(10)
INFO:__main__:/nfs_scratch/fmeng/tmp4JHmPELFVHETauAnalyzerMVA-GluGluToHToTauTau_M-125_8TeV-powheg-pythia6/job.dag: STATUS_DONE stats: [32mSTATUS_DONE[0m(11)
INFO:__main__:Copying final output /hdfs/store/user/fmeng/MegaJob_tmp4JHmPELFVHETauAnalyzerMVA-GluGluToHToTauTau_M-125_8TeV-powheg-pythia6//mergeFilesJob-mega-batch-make_ntuples_cfg-patTuple_cfg-621A6224-4EE9-E111-93A1-003048FFD728.root => results/newNtuple_5Nov/LFVHETauAnalyzerMVA/GluGluToHToTauTau_M-125_8TeV-powheg-pythia6.root
INFO:__main__:[32m/nfs_scratch/fmeng/tmp4JHmPELFVHETauAnalyzerMVA-GluGluToHToTauTau_M-125_8TeV-powheg-pythia6/job.dag: job complete.[0m
