INFO:__main__:Processing inputs/newNtuple_5Nov/VBF_HToTauTau_M-125_8TeV-powheg-pythia6.txt using LFVHETauAnalyzerMVA.py, the output file will be results/newNtuple_5Nov/LFVHETauAnalyzerMVA/VBF_HToTauTau_M-125_8TeV-powheg-pythia6.root
INFO:__main__:Generating submit scripts in /nfs_scratch/fmeng/tmpjEY__XLFVHETauAnalyzerMVA-VBF_HToTauTau_M-125_8TeV-powheg-pythia6
INFO:FinalStateAnalysis.PlotTools.MegaPath:Checking inputs file inputs/newNtuple_5Nov/VBF_HToTauTau_M-125_8TeV-powheg-pythia6.txt exists...
INFO:__main__:Running over 102 files in 11 jobs
Generating submit files in /nfs_scratch/fmeng/tmpjEY__XLFVHETauAnalyzerMVA-VBF_HToTauTau_M-125_8TeV-powheg-pythia6/analyze...
...........
Submit DAG file /nfs_scratch/fmeng/tmpjEY__XLFVHETauAnalyzerMVA-VBF_HToTauTau_M-125_8TeV-powheg-pythia6/job.dag has been created but not submitted.
Jobs for Analyze are created in /nfs_scratch/fmeng/tmpjEY__XLFVHETauAnalyzerMVA-VBF_HToTauTau_M-125_8TeV-powheg-pythia6/analyze
Using HADD method to merge files
Increasing vsize limit from 3000 MB to 6000 MB
LCG_GFAL_INFOSYS is not set
Using grid catalog type: UNKNOWN
Using grid catalog : (null)
VO name: cms
Checksum type: None
Destination SE type: SRMv2
Destination SRM Request Token: put:2334619
Source URL: file:/nfs_scratch/fmeng/tmpjEY__XLFVHETauAnalyzerMVA-VBF_HToTauTau_M-125_8TeV-powheg-pythia6/MergeLayer0/user_code.tgz
File size: 117640606
Source URL for copy: file:/nfs_scratch/fmeng/tmpjEY__XLFVHETauAnalyzerMVA-VBF_HToTauTau_M-125_8TeV-powheg-pythia6/MergeLayer0/user_code.tgz
Destination URL: gsiftp://g12n26.hep.wisc.edu//hdfs/HighReplicaCondorUserFiles/nfs_scratch/fmeng/tmpjEY__XLFVHETauAnalyzerMVA-VBF_HToTauTau_M-125_8TeV-powheg-pythia6/MergeLayer0/user_code.tgz
# streams: 1
            0 bytes      0.00 KB/sec avg      0.00 KB/sec inst            0 bytes      0.00 KB/sec avg      0.00 KB/sec inst      1048576 bytes    537.66 KB/sec avg    537.66 KB/sec inst      1048576 bytes    537.66 KB/sec avg    537.66 KB/sec inst     46137344 bytes  14995.85 KB/sec avg  40029.09 KB/sec inst    105906176 bytes  25826.53 KB/sec avg  58368.00 KB/sec inst    105906176 bytes  25826.53 KB/sec avg  58368.00 KB/sec inst    105906176 bytes  25826.53 KB/sec avg  58368.00 KB/sec inst    105906176 bytes  25826.53 KB/sec avg  58368.00 KB/sec inst    117640606 bytes  13198.07 KB/sec avg   2438.17 KB/sec inst
Transfer took 12360 ms
Generating submit files in /nfs_scratch/fmeng/tmpjEY__XLFVHETauAnalyzerMVA-VBF_HToTauTau_M-125_8TeV-powheg-pythia6/MergeLayer0...
..
Submit DAG file /nfs_scratch/fmeng/tmpjEY__XLFVHETauAnalyzerMVA-VBF_HToTauTau_M-125_8TeV-powheg-pythia6/job.dag has been created but not submitted.
Jobs for MergeLayer0 are created in /nfs_scratch/fmeng/tmpjEY__XLFVHETauAnalyzerMVA-VBF_HToTauTau_M-125_8TeV-powheg-pythia6/MergeLayer0
Using HADD method to merge files
Increasing vsize limit from 3000 MB to 6000 MB
LCG_GFAL_INFOSYS is not set
Using grid catalog type: UNKNOWN
Using grid catalog : (null)
VO name: cms
Checksum type: None
Destination SE type: SRMv2
Destination SRM Request Token: put:2334657
Source URL: file:/nfs_scratch/fmeng/tmpjEY__XLFVHETauAnalyzerMVA-VBF_HToTauTau_M-125_8TeV-powheg-pythia6/FinalMerged/user_code.tgz
File size: 117640606
Source URL for copy: file:/nfs_scratch/fmeng/tmpjEY__XLFVHETauAnalyzerMVA-VBF_HToTauTau_M-125_8TeV-powheg-pythia6/FinalMerged/user_code.tgz
Destination URL: gsiftp://g18n03.hep.wisc.edu//hdfs/HighReplicaCondorUserFiles/nfs_scratch/fmeng/tmpjEY__XLFVHETauAnalyzerMVA-VBF_HToTauTau_M-125_8TeV-powheg-pythia6/FinalMerged/user_code.tgz
# streams: 1
            0 bytes      0.00 KB/sec avg      0.00 KB/sec inst            0 bytes      0.00 KB/sec avg      0.00 KB/sec inst            0 bytes      0.00 KB/sec avg      0.00 KB/sec inst            0 bytes      0.00 KB/sec avg      0.00 KB/sec inst            0 bytes      0.00 KB/sec avg      0.00 KB/sec inst      1048576 bytes    236.67 KB/sec avg    236.67 KB/sec inst     25165824 bytes   4613.74 KB/sec avg  23552.00 KB/sec inst     89128960 bytes  13757.58 KB/sec avg  62464.00 KB/sec inst     89128960 bytes  13757.58 KB/sec avg  62464.00 KB/sec inst    117640606 bytes  13797.00 KB/sec avg  13921.70 KB/sec inst
Transfer took 11650 ms
Generating submit files in /nfs_scratch/fmeng/tmpjEY__XLFVHETauAnalyzerMVA-VBF_HToTauTau_M-125_8TeV-powheg-pythia6/FinalMerged...
.
Submitting job(s).
1 job(s) submitted to cluster 2427180.

-----------------------------------------------------------------------
File for submitting this DAG to Condor           : /nfs_scratch/fmeng/tmpjEY__XLFVHETauAnalyzerMVA-VBF_HToTauTau_M-125_8TeV-powheg-pythia6/job.dag.wrapper.condor.sub
Log of DAGMan debugging messages                 : /nfs_scratch/fmeng/tmpjEY__XLFVHETauAnalyzerMVA-VBF_HToTauTau_M-125_8TeV-powheg-pythia6/job.dag.wrapper.dagman.out
Log of Condor library output                     : /nfs_scratch/fmeng/tmpjEY__XLFVHETauAnalyzerMVA-VBF_HToTauTau_M-125_8TeV-powheg-pythia6/job.dag.wrapper.lib.out
Log of Condor library error messages             : /nfs_scratch/fmeng/tmpjEY__XLFVHETauAnalyzerMVA-VBF_HToTauTau_M-125_8TeV-powheg-pythia6/job.dag.wrapper.lib.err
Log of the life of condor_dagman itself          : /nfs_scratch/fmeng/tmpjEY__XLFVHETauAnalyzerMVA-VBF_HToTauTau_M-125_8TeV-powheg-pythia6/job.dag.wrapper.dagman.log

-----------------------------------------------------------------------
You can monitor your workflow's progess by watching /nfs_scratch/fmeng/tmpjEY__XLFVHETauAnalyzerMVA-VBF_HToTauTau_M-125_8TeV-powheg-pythia6/job.dag.dagman.out
A summary of the status of all of the jobs in your workflow will be
written to the following file every 60 seconds:
  /nfs_scratch/fmeng/tmpjEY__XLFVHETauAnalyzerMVA-VBF_HToTauTau_M-125_8TeV-powheg-pythia6/job.dag.status

Your jobs should show up in ~6 minutes
at the NEW job monitoring web page :
    http://www.hep.wisc.edu/cms/comp/jobs/
Jobs for FinalMerged are created in /nfs_scratch/fmeng/tmpjEY__XLFVHETauAnalyzerMVA-VBF_HToTauTau_M-125_8TeV-powheg-pythia6/FinalMerged
INFO:__main__:Waiting for job to complete
INFO:__main__:/nfs_scratch/fmeng/tmpjEY__XLFVHETauAnalyzerMVA-VBF_HToTauTau_M-125_8TeV-powheg-pythia6/job.dag: UNKNOWN stats: [30mUNKNOWN[0m(14)
INFO:__main__:/nfs_scratch/fmeng/tmpjEY__XLFVHETauAnalyzerMVA-VBF_HToTauTau_M-125_8TeV-powheg-pythia6/job.dag: UNKNOWN stats: [30mUNKNOWN[0m(14)
INFO:__main__:/nfs_scratch/fmeng/tmpjEY__XLFVHETauAnalyzerMVA-VBF_HToTauTau_M-125_8TeV-powheg-pythia6/job.dag: UNKNOWN stats: [30mUNKNOWN[0m(14)
INFO:__main__:/nfs_scratch/fmeng/tmpjEY__XLFVHETauAnalyzerMVA-VBF_HToTauTau_M-125_8TeV-powheg-pythia6/job.dag: UNKNOWN stats: [30mUNKNOWN[0m(14)
INFO:__main__:/nfs_scratch/fmeng/tmpjEY__XLFVHETauAnalyzerMVA-VBF_HToTauTau_M-125_8TeV-powheg-pythia6/job.dag: UNKNOWN stats: [30mUNKNOWN[0m(14)
INFO:__main__:/nfs_scratch/fmeng/tmpjEY__XLFVHETauAnalyzerMVA-VBF_HToTauTau_M-125_8TeV-powheg-pythia6/job.dag: UNKNOWN stats: [30mUNKNOWN[0m(14)
INFO:__main__:/nfs_scratch/fmeng/tmpjEY__XLFVHETauAnalyzerMVA-VBF_HToTauTau_M-125_8TeV-powheg-pythia6/job.dag: UNKNOWN stats: [30mUNKNOWN[0m(14)
INFO:__main__:/nfs_scratch/fmeng/tmpjEY__XLFVHETauAnalyzerMVA-VBF_HToTauTau_M-125_8TeV-powheg-pythia6/job.dag: UNKNOWN stats: [30mUNKNOWN[0m(14)
INFO:__main__:/nfs_scratch/fmeng/tmpjEY__XLFVHETauAnalyzerMVA-VBF_HToTauTau_M-125_8TeV-powheg-pythia6/job.dag: UNKNOWN stats: [30mUNKNOWN[0m(14)
INFO:__main__:/nfs_scratch/fmeng/tmpjEY__XLFVHETauAnalyzerMVA-VBF_HToTauTau_M-125_8TeV-powheg-pythia6/job.dag: UNKNOWN stats: [30mUNKNOWN[0m(14)
INFO:__main__:/nfs_scratch/fmeng/tmpjEY__XLFVHETauAnalyzerMVA-VBF_HToTauTau_M-125_8TeV-powheg-pythia6/job.dag: UNKNOWN stats: [30mUNKNOWN[0m(14)
INFO:__main__:/nfs_scratch/fmeng/tmpjEY__XLFVHETauAnalyzerMVA-VBF_HToTauTau_M-125_8TeV-powheg-pythia6/job.dag: STATUS_SUBMITTED stats: [33mSTATUS_SUBMITTED[0m(11) [34mSTATUS_UNREADY[0m(3)
INFO:__main__:/nfs_scratch/fmeng/tmpjEY__XLFVHETauAnalyzerMVA-VBF_HToTauTau_M-125_8TeV-powheg-pythia6/job.dag: STATUS_SUBMITTED stats: [33mSTATUS_SUBMITTED[0m(11) [34mSTATUS_UNREADY[0m(3)
INFO:__main__:/nfs_scratch/fmeng/tmpjEY__XLFVHETauAnalyzerMVA-VBF_HToTauTau_M-125_8TeV-powheg-pythia6/job.dag: STATUS_SUBMITTED stats: [33mSTATUS_SUBMITTED[0m(11) [34mSTATUS_UNREADY[0m(3)
INFO:__main__:/nfs_scratch/fmeng/tmpjEY__XLFVHETauAnalyzerMVA-VBF_HToTauTau_M-125_8TeV-powheg-pythia6/job.dag: STATUS_SUBMITTED stats: [33mSTATUS_SUBMITTED[0m(11) [34mSTATUS_UNREADY[0m(3)
INFO:__main__:/nfs_scratch/fmeng/tmpjEY__XLFVHETauAnalyzerMVA-VBF_HToTauTau_M-125_8TeV-powheg-pythia6/job.dag: STATUS_SUBMITTED stats: [33mSTATUS_SUBMITTED[0m(11) [34mSTATUS_UNREADY[0m(3)
INFO:__main__:/nfs_scratch/fmeng/tmpjEY__XLFVHETauAnalyzerMVA-VBF_HToTauTau_M-125_8TeV-powheg-pythia6/job.dag: STATUS_SUBMITTED stats: [33mSTATUS_SUBMITTED[0m(11) [34mSTATUS_UNREADY[0m(3)
INFO:__main__:/nfs_scratch/fmeng/tmpjEY__XLFVHETauAnalyzerMVA-VBF_HToTauTau_M-125_8TeV-powheg-pythia6/job.dag: STATUS_SUBMITTED stats: [33mSTATUS_SUBMITTED[0m(11) [34mSTATUS_UNREADY[0m(3)
INFO:__main__:/nfs_scratch/fmeng/tmpjEY__XLFVHETauAnalyzerMVA-VBF_HToTauTau_M-125_8TeV-powheg-pythia6/job.dag: STATUS_SUBMITTED stats: [33mSTATUS_SUBMITTED[0m(10) [32mSTATUS_DONE[0m(1) [34mSTATUS_UNREADY[0m(3)
INFO:__main__:/nfs_scratch/fmeng/tmpjEY__XLFVHETauAnalyzerMVA-VBF_HToTauTau_M-125_8TeV-powheg-pythia6/job.dag: STATUS_SUBMITTED stats: [33mSTATUS_SUBMITTED[0m(10) [32mSTATUS_DONE[0m(1) [34mSTATUS_UNREADY[0m(3)
INFO:__main__:/nfs_scratch/fmeng/tmpjEY__XLFVHETauAnalyzerMVA-VBF_HToTauTau_M-125_8TeV-powheg-pythia6/job.dag: STATUS_SUBMITTED stats: [33mSTATUS_SUBMITTED[0m(10) [32mSTATUS_DONE[0m(1) [34mSTATUS_UNREADY[0m(3)
INFO:__main__:/nfs_scratch/fmeng/tmpjEY__XLFVHETauAnalyzerMVA-VBF_HToTauTau_M-125_8TeV-powheg-pythia6/job.dag: STATUS_SUBMITTED stats: [33mSTATUS_SUBMITTED[0m(6) [32mSTATUS_DONE[0m(5) [34mSTATUS_UNREADY[0m(3)
INFO:__main__:/nfs_scratch/fmeng/tmpjEY__XLFVHETauAnalyzerMVA-VBF_HToTauTau_M-125_8TeV-powheg-pythia6/job.dag: STATUS_SUBMITTED stats: [33mSTATUS_SUBMITTED[0m(6) [32mSTATUS_DONE[0m(5) [34mSTATUS_UNREADY[0m(3)
INFO:__main__:/nfs_scratch/fmeng/tmpjEY__XLFVHETauAnalyzerMVA-VBF_HToTauTau_M-125_8TeV-powheg-pythia6/job.dag: STATUS_SUBMITTED stats: [33mSTATUS_SUBMITTED[0m(5) [32mSTATUS_DONE[0m(7) [34mSTATUS_UNREADY[0m(2)
INFO:__main__:/nfs_scratch/fmeng/tmpjEY__XLFVHETauAnalyzerMVA-VBF_HToTauTau_M-125_8TeV-powheg-pythia6/job.dag: STATUS_SUBMITTED stats: [33mSTATUS_SUBMITTED[0m(5) [32mSTATUS_DONE[0m(7) [34mSTATUS_UNREADY[0m(2)
INFO:__main__:/nfs_scratch/fmeng/tmpjEY__XLFVHETauAnalyzerMVA-VBF_HToTauTau_M-125_8TeV-powheg-pythia6/job.dag: STATUS_SUBMITTED stats: [33mSTATUS_SUBMITTED[0m(5) [32mSTATUS_DONE[0m(7) [34mSTATUS_UNREADY[0m(2)
INFO:__main__:/nfs_scratch/fmeng/tmpjEY__XLFVHETauAnalyzerMVA-VBF_HToTauTau_M-125_8TeV-powheg-pythia6/job.dag: STATUS_SUBMITTED stats: [33mSTATUS_SUBMITTED[0m(5) [32mSTATUS_DONE[0m(7) [34mSTATUS_UNREADY[0m(2)
INFO:__main__:/nfs_scratch/fmeng/tmpjEY__XLFVHETauAnalyzerMVA-VBF_HToTauTau_M-125_8TeV-powheg-pythia6/job.dag: STATUS_SUBMITTED stats: [33mSTATUS_SUBMITTED[0m(3) [32mSTATUS_DONE[0m(9) [34mSTATUS_UNREADY[0m(2)
INFO:__main__:/nfs_scratch/fmeng/tmpjEY__XLFVHETauAnalyzerMVA-VBF_HToTauTau_M-125_8TeV-powheg-pythia6/job.dag: STATUS_SUBMITTED stats: [33mSTATUS_SUBMITTED[0m(3) [32mSTATUS_DONE[0m(9) [34mSTATUS_UNREADY[0m(2)
INFO:__main__:/nfs_scratch/fmeng/tmpjEY__XLFVHETauAnalyzerMVA-VBF_HToTauTau_M-125_8TeV-powheg-pythia6/job.dag: STATUS_SUBMITTED stats: [33mSTATUS_SUBMITTED[0m(2) [32mSTATUS_DONE[0m(10) [34mSTATUS_UNREADY[0m(2)
INFO:__main__:/nfs_scratch/fmeng/tmpjEY__XLFVHETauAnalyzerMVA-VBF_HToTauTau_M-125_8TeV-powheg-pythia6/job.dag: STATUS_SUBMITTED stats: [33mSTATUS_SUBMITTED[0m(2) [32mSTATUS_DONE[0m(10) [34mSTATUS_UNREADY[0m(2)
INFO:__main__:/nfs_scratch/fmeng/tmpjEY__XLFVHETauAnalyzerMVA-VBF_HToTauTau_M-125_8TeV-powheg-pythia6/job.dag: STATUS_SUBMITTED stats: [33mSTATUS_SUBMITTED[0m(2) [32mSTATUS_DONE[0m(10) [34mSTATUS_UNREADY[0m(2)
INFO:__main__:/nfs_scratch/fmeng/tmpjEY__XLFVHETauAnalyzerMVA-VBF_HToTauTau_M-125_8TeV-powheg-pythia6/job.dag: STATUS_SUBMITTED stats: [33mSTATUS_SUBMITTED[0m(2) [32mSTATUS_DONE[0m(10) [34mSTATUS_UNREADY[0m(2)
INFO:__main__:/nfs_scratch/fmeng/tmpjEY__XLFVHETauAnalyzerMVA-VBF_HToTauTau_M-125_8TeV-powheg-pythia6/job.dag: STATUS_SUBMITTED stats: [33mSTATUS_SUBMITTED[0m(1) [32mSTATUS_DONE[0m(11) [34mSTATUS_UNREADY[0m(2)
INFO:__main__:/nfs_scratch/fmeng/tmpjEY__XLFVHETauAnalyzerMVA-VBF_HToTauTau_M-125_8TeV-powheg-pythia6/job.dag: STATUS_SUBMITTED stats: [33mSTATUS_SUBMITTED[0m(1) [32mSTATUS_DONE[0m(11) [34mSTATUS_UNREADY[0m(2)
INFO:__main__:/nfs_scratch/fmeng/tmpjEY__XLFVHETauAnalyzerMVA-VBF_HToTauTau_M-125_8TeV-powheg-pythia6/job.dag: STATUS_SUBMITTED stats: [33mSTATUS_SUBMITTED[0m(1) [32mSTATUS_DONE[0m(11) [34mSTATUS_UNREADY[0m(2)
INFO:__main__:/nfs_scratch/fmeng/tmpjEY__XLFVHETauAnalyzerMVA-VBF_HToTauTau_M-125_8TeV-powheg-pythia6/job.dag: STATUS_SUBMITTED stats: [33mSTATUS_SUBMITTED[0m(1) [32mSTATUS_DONE[0m(12) [34mSTATUS_UNREADY[0m(1)
INFO:__main__:/nfs_scratch/fmeng/tmpjEY__XLFVHETauAnalyzerMVA-VBF_HToTauTau_M-125_8TeV-powheg-pythia6/job.dag: STATUS_SUBMITTED stats: [33mSTATUS_SUBMITTED[0m(1) [32mSTATUS_DONE[0m(12) [34mSTATUS_UNREADY[0m(1)
INFO:__main__:/nfs_scratch/fmeng/tmpjEY__XLFVHETauAnalyzerMVA-VBF_HToTauTau_M-125_8TeV-powheg-pythia6/job.dag: STATUS_SUBMITTED stats: [33mSTATUS_SUBMITTED[0m(1) [32mSTATUS_DONE[0m(12) [34mSTATUS_UNREADY[0m(1)
INFO:__main__:/nfs_scratch/fmeng/tmpjEY__XLFVHETauAnalyzerMVA-VBF_HToTauTau_M-125_8TeV-powheg-pythia6/job.dag: STATUS_SUBMITTED stats: [33mSTATUS_SUBMITTED[0m(1) [32mSTATUS_DONE[0m(12) [34mSTATUS_UNREADY[0m(1)
INFO:__main__:/nfs_scratch/fmeng/tmpjEY__XLFVHETauAnalyzerMVA-VBF_HToTauTau_M-125_8TeV-powheg-pythia6/job.dag: STATUS_SUBMITTED stats: [33mSTATUS_SUBMITTED[0m(1) [32mSTATUS_DONE[0m(12) [34mSTATUS_UNREADY[0m(1)
INFO:__main__:/nfs_scratch/fmeng/tmpjEY__XLFVHETauAnalyzerMVA-VBF_HToTauTau_M-125_8TeV-powheg-pythia6/job.dag: STATUS_SUBMITTED stats: [33mSTATUS_SUBMITTED[0m(1) [32mSTATUS_DONE[0m(12) [34mSTATUS_UNREADY[0m(1)
INFO:__main__:/nfs_scratch/fmeng/tmpjEY__XLFVHETauAnalyzerMVA-VBF_HToTauTau_M-125_8TeV-powheg-pythia6/job.dag: STATUS_SUBMITTED stats: [33mSTATUS_SUBMITTED[0m(1) [32mSTATUS_DONE[0m(12) [34mSTATUS_UNREADY[0m(1)
INFO:__main__:/nfs_scratch/fmeng/tmpjEY__XLFVHETauAnalyzerMVA-VBF_HToTauTau_M-125_8TeV-powheg-pythia6/job.dag: STATUS_SUBMITTED stats: [33mSTATUS_SUBMITTED[0m(1) [32mSTATUS_DONE[0m(12) [34mSTATUS_UNREADY[0m(1)
INFO:__main__:/nfs_scratch/fmeng/tmpjEY__XLFVHETauAnalyzerMVA-VBF_HToTauTau_M-125_8TeV-powheg-pythia6/job.dag: STATUS_SUBMITTED stats: [33mSTATUS_SUBMITTED[0m(1) [32mSTATUS_DONE[0m(12) [34mSTATUS_UNREADY[0m(1)
INFO:__main__:/nfs_scratch/fmeng/tmpjEY__XLFVHETauAnalyzerMVA-VBF_HToTauTau_M-125_8TeV-powheg-pythia6/job.dag: STATUS_SUBMITTED stats: [33mSTATUS_SUBMITTED[0m(1) [32mSTATUS_DONE[0m(12) [34mSTATUS_UNREADY[0m(1)
INFO:__main__:/nfs_scratch/fmeng/tmpjEY__XLFVHETauAnalyzerMVA-VBF_HToTauTau_M-125_8TeV-powheg-pythia6/job.dag: STATUS_SUBMITTED stats: [33mSTATUS_SUBMITTED[0m(1) [32mSTATUS_DONE[0m(12) [34mSTATUS_UNREADY[0m(1)
INFO:__main__:/nfs_scratch/fmeng/tmpjEY__XLFVHETauAnalyzerMVA-VBF_HToTauTau_M-125_8TeV-powheg-pythia6/job.dag: STATUS_SUBMITTED stats: [33mSTATUS_SUBMITTED[0m(1) [32mSTATUS_DONE[0m(12) [34mSTATUS_UNREADY[0m(1)
INFO:__main__:/nfs_scratch/fmeng/tmpjEY__XLFVHETauAnalyzerMVA-VBF_HToTauTau_M-125_8TeV-powheg-pythia6/job.dag: STATUS_SUBMITTED stats: [33mSTATUS_SUBMITTED[0m(1) [32mSTATUS_DONE[0m(12) [34mSTATUS_UNREADY[0m(1)
INFO:__main__:/nfs_scratch/fmeng/tmpjEY__XLFVHETauAnalyzerMVA-VBF_HToTauTau_M-125_8TeV-powheg-pythia6/job.dag: STATUS_SUBMITTED stats: [33mSTATUS_SUBMITTED[0m(1) [32mSTATUS_DONE[0m(12) [34mSTATUS_UNREADY[0m(1)
INFO:__main__:/nfs_scratch/fmeng/tmpjEY__XLFVHETauAnalyzerMVA-VBF_HToTauTau_M-125_8TeV-powheg-pythia6/job.dag: STATUS_SUBMITTED stats: [33mSTATUS_SUBMITTED[0m(1) [32mSTATUS_DONE[0m(12) [34mSTATUS_UNREADY[0m(1)
INFO:__main__:/nfs_scratch/fmeng/tmpjEY__XLFVHETauAnalyzerMVA-VBF_HToTauTau_M-125_8TeV-powheg-pythia6/job.dag: STATUS_SUBMITTED stats: [33mSTATUS_SUBMITTED[0m(1) [32mSTATUS_DONE[0m(12) [34mSTATUS_UNREADY[0m(1)
INFO:__main__:/nfs_scratch/fmeng/tmpjEY__XLFVHETauAnalyzerMVA-VBF_HToTauTau_M-125_8TeV-powheg-pythia6/job.dag: STATUS_SUBMITTED stats: [33mSTATUS_SUBMITTED[0m(1) [32mSTATUS_DONE[0m(12) [34mSTATUS_UNREADY[0m(1)
INFO:__main__:/nfs_scratch/fmeng/tmpjEY__XLFVHETauAnalyzerMVA-VBF_HToTauTau_M-125_8TeV-powheg-pythia6/job.dag: STATUS_SUBMITTED stats: [33mSTATUS_SUBMITTED[0m(1) [32mSTATUS_DONE[0m(12) [34mSTATUS_UNREADY[0m(1)
INFO:__main__:/nfs_scratch/fmeng/tmpjEY__XLFVHETauAnalyzerMVA-VBF_HToTauTau_M-125_8TeV-powheg-pythia6/job.dag: STATUS_SUBMITTED stats: [33mSTATUS_SUBMITTED[0m(1) [32mSTATUS_DONE[0m(12) [34mSTATUS_UNREADY[0m(1)
INFO:__main__:/nfs_scratch/fmeng/tmpjEY__XLFVHETauAnalyzerMVA-VBF_HToTauTau_M-125_8TeV-powheg-pythia6/job.dag: STATUS_SUBMITTED stats: [33mSTATUS_SUBMITTED[0m(1) [32mSTATUS_DONE[0m(12) [34mSTATUS_UNREADY[0m(1)
INFO:__main__:/nfs_scratch/fmeng/tmpjEY__XLFVHETauAnalyzerMVA-VBF_HToTauTau_M-125_8TeV-powheg-pythia6/job.dag: STATUS_SUBMITTED stats: [33mSTATUS_SUBMITTED[0m(1) [32mSTATUS_DONE[0m(12) [34mSTATUS_UNREADY[0m(1)
INFO:__main__:/nfs_scratch/fmeng/tmpjEY__XLFVHETauAnalyzerMVA-VBF_HToTauTau_M-125_8TeV-powheg-pythia6/job.dag: STATUS_SUBMITTED stats: [33mSTATUS_SUBMITTED[0m(1) [32mSTATUS_DONE[0m(12) [34mSTATUS_UNREADY[0m(1)
INFO:__main__:/nfs_scratch/fmeng/tmpjEY__XLFVHETauAnalyzerMVA-VBF_HToTauTau_M-125_8TeV-powheg-pythia6/job.dag: STATUS_SUBMITTED stats: [33mSTATUS_SUBMITTED[0m(1) [32mSTATUS_DONE[0m(12) [34mSTATUS_UNREADY[0m(1)
INFO:__main__:/nfs_scratch/fmeng/tmpjEY__XLFVHETauAnalyzerMVA-VBF_HToTauTau_M-125_8TeV-powheg-pythia6/job.dag: STATUS_SUBMITTED stats: [33mSTATUS_SUBMITTED[0m(1) [32mSTATUS_DONE[0m(12) [34mSTATUS_UNREADY[0m(1)
INFO:__main__:/nfs_scratch/fmeng/tmpjEY__XLFVHETauAnalyzerMVA-VBF_HToTauTau_M-125_8TeV-powheg-pythia6/job.dag: STATUS_SUBMITTED stats: [33mSTATUS_SUBMITTED[0m(1) [32mSTATUS_DONE[0m(12) [34mSTATUS_UNREADY[0m(1)
INFO:__main__:/nfs_scratch/fmeng/tmpjEY__XLFVHETauAnalyzerMVA-VBF_HToTauTau_M-125_8TeV-powheg-pythia6/job.dag: STATUS_SUBMITTED stats: [33mSTATUS_SUBMITTED[0m(1) [32mSTATUS_DONE[0m(12) [34mSTATUS_UNREADY[0m(1)
INFO:__main__:/nfs_scratch/fmeng/tmpjEY__XLFVHETauAnalyzerMVA-VBF_HToTauTau_M-125_8TeV-powheg-pythia6/job.dag: STATUS_SUBMITTED stats: [33mSTATUS_SUBMITTED[0m(1) [32mSTATUS_DONE[0m(12) [34mSTATUS_UNREADY[0m(1)
INFO:__main__:/nfs_scratch/fmeng/tmpjEY__XLFVHETauAnalyzerMVA-VBF_HToTauTau_M-125_8TeV-powheg-pythia6/job.dag: STATUS_SUBMITTED stats: [33mSTATUS_SUBMITTED[0m(1) [32mSTATUS_DONE[0m(12) [34mSTATUS_UNREADY[0m(1)
INFO:__main__:/nfs_scratch/fmeng/tmpjEY__XLFVHETauAnalyzerMVA-VBF_HToTauTau_M-125_8TeV-powheg-pythia6/job.dag: STATUS_SUBMITTED stats: [33mSTATUS_SUBMITTED[0m(1) [32mSTATUS_DONE[0m(12) [34mSTATUS_UNREADY[0m(1)
INFO:__main__:/nfs_scratch/fmeng/tmpjEY__XLFVHETauAnalyzerMVA-VBF_HToTauTau_M-125_8TeV-powheg-pythia6/job.dag: STATUS_SUBMITTED stats: [33mSTATUS_SUBMITTED[0m(1) [32mSTATUS_DONE[0m(12) [34mSTATUS_UNREADY[0m(1)
INFO:__main__:/nfs_scratch/fmeng/tmpjEY__XLFVHETauAnalyzerMVA-VBF_HToTauTau_M-125_8TeV-powheg-pythia6/job.dag: STATUS_SUBMITTED stats: [33mSTATUS_SUBMITTED[0m(1) [32mSTATUS_DONE[0m(12) [34mSTATUS_UNREADY[0m(1)
INFO:__main__:/nfs_scratch/fmeng/tmpjEY__XLFVHETauAnalyzerMVA-VBF_HToTauTau_M-125_8TeV-powheg-pythia6/job.dag: STATUS_SUBMITTED stats: [33mSTATUS_SUBMITTED[0m(1) [32mSTATUS_DONE[0m(12) [34mSTATUS_UNREADY[0m(1)
INFO:__main__:/nfs_scratch/fmeng/tmpjEY__XLFVHETauAnalyzerMVA-VBF_HToTauTau_M-125_8TeV-powheg-pythia6/job.dag: STATUS_SUBMITTED stats: [33mSTATUS_SUBMITTED[0m(1) [32mSTATUS_DONE[0m(12) [34mSTATUS_UNREADY[0m(1)
INFO:__main__:/nfs_scratch/fmeng/tmpjEY__XLFVHETauAnalyzerMVA-VBF_HToTauTau_M-125_8TeV-powheg-pythia6/job.dag: STATUS_SUBMITTED stats: [33mSTATUS_SUBMITTED[0m(1) [32mSTATUS_DONE[0m(12) [34mSTATUS_UNREADY[0m(1)
INFO:__main__:/nfs_scratch/fmeng/tmpjEY__XLFVHETauAnalyzerMVA-VBF_HToTauTau_M-125_8TeV-powheg-pythia6/job.dag: STATUS_SUBMITTED stats: [33mSTATUS_SUBMITTED[0m(1) [32mSTATUS_DONE[0m(12) [34mSTATUS_UNREADY[0m(1)
INFO:__main__:/nfs_scratch/fmeng/tmpjEY__XLFVHETauAnalyzerMVA-VBF_HToTauTau_M-125_8TeV-powheg-pythia6/job.dag: STATUS_SUBMITTED stats: [33mSTATUS_SUBMITTED[0m(1) [32mSTATUS_DONE[0m(12) [34mSTATUS_UNREADY[0m(1)
INFO:__main__:/nfs_scratch/fmeng/tmpjEY__XLFVHETauAnalyzerMVA-VBF_HToTauTau_M-125_8TeV-powheg-pythia6/job.dag: STATUS_SUBMITTED stats: [33mSTATUS_SUBMITTED[0m(1) [32mSTATUS_DONE[0m(12) [34mSTATUS_UNREADY[0m(1)
INFO:__main__:/nfs_scratch/fmeng/tmpjEY__XLFVHETauAnalyzerMVA-VBF_HToTauTau_M-125_8TeV-powheg-pythia6/job.dag: STATUS_SUBMITTED stats: [33mSTATUS_SUBMITTED[0m(1) [32mSTATUS_DONE[0m(12) [34mSTATUS_UNREADY[0m(1)
INFO:__main__:/nfs_scratch/fmeng/tmpjEY__XLFVHETauAnalyzerMVA-VBF_HToTauTau_M-125_8TeV-powheg-pythia6/job.dag: STATUS_SUBMITTED stats: [33mSTATUS_SUBMITTED[0m(1) [32mSTATUS_DONE[0m(12) [34mSTATUS_UNREADY[0m(1)
INFO:__main__:/nfs_scratch/fmeng/tmpjEY__XLFVHETauAnalyzerMVA-VBF_HToTauTau_M-125_8TeV-powheg-pythia6/job.dag: STATUS_SUBMITTED stats: [33mSTATUS_SUBMITTED[0m(1) [32mSTATUS_DONE[0m(12) [34mSTATUS_UNREADY[0m(1)
INFO:__main__:/nfs_scratch/fmeng/tmpjEY__XLFVHETauAnalyzerMVA-VBF_HToTauTau_M-125_8TeV-powheg-pythia6/job.dag: STATUS_SUBMITTED stats: [33mSTATUS_SUBMITTED[0m(1) [32mSTATUS_DONE[0m(12) [34mSTATUS_UNREADY[0m(1)
INFO:__main__:/nfs_scratch/fmeng/tmpjEY__XLFVHETauAnalyzerMVA-VBF_HToTauTau_M-125_8TeV-powheg-pythia6/job.dag: STATUS_SUBMITTED stats: [33mSTATUS_SUBMITTED[0m(1) [32mSTATUS_DONE[0m(12) [34mSTATUS_UNREADY[0m(1)
INFO:__main__:/nfs_scratch/fmeng/tmpjEY__XLFVHETauAnalyzerMVA-VBF_HToTauTau_M-125_8TeV-powheg-pythia6/job.dag: STATUS_SUBMITTED stats: [33mSTATUS_SUBMITTED[0m(1) [32mSTATUS_DONE[0m(12) [34mSTATUS_UNREADY[0m(1)
INFO:__main__:/nfs_scratch/fmeng/tmpjEY__XLFVHETauAnalyzerMVA-VBF_HToTauTau_M-125_8TeV-powheg-pythia6/job.dag: STATUS_SUBMITTED stats: [33mSTATUS_SUBMITTED[0m(1) [32mSTATUS_DONE[0m(12) [34mSTATUS_UNREADY[0m(1)
INFO:__main__:/nfs_scratch/fmeng/tmpjEY__XLFVHETauAnalyzerMVA-VBF_HToTauTau_M-125_8TeV-powheg-pythia6/job.dag: STATUS_SUBMITTED stats: [33mSTATUS_SUBMITTED[0m(1) [32mSTATUS_DONE[0m(12) [34mSTATUS_UNREADY[0m(1)
INFO:__main__:/nfs_scratch/fmeng/tmpjEY__XLFVHETauAnalyzerMVA-VBF_HToTauTau_M-125_8TeV-powheg-pythia6/job.dag: STATUS_SUBMITTED stats: [33mSTATUS_SUBMITTED[0m(1) [32mSTATUS_DONE[0m(12) [34mSTATUS_UNREADY[0m(1)
INFO:__main__:/nfs_scratch/fmeng/tmpjEY__XLFVHETauAnalyzerMVA-VBF_HToTauTau_M-125_8TeV-powheg-pythia6/job.dag: STATUS_SUBMITTED stats: [33mSTATUS_SUBMITTED[0m(1) [32mSTATUS_DONE[0m(12) [34mSTATUS_UNREADY[0m(1)
INFO:__main__:/nfs_scratch/fmeng/tmpjEY__XLFVHETauAnalyzerMVA-VBF_HToTauTau_M-125_8TeV-powheg-pythia6/job.dag: STATUS_SUBMITTED stats: [33mSTATUS_SUBMITTED[0m(1) [32mSTATUS_DONE[0m(12) [34mSTATUS_UNREADY[0m(1)
INFO:__main__:/nfs_scratch/fmeng/tmpjEY__XLFVHETauAnalyzerMVA-VBF_HToTauTau_M-125_8TeV-powheg-pythia6/job.dag: STATUS_SUBMITTED stats: [33mSTATUS_SUBMITTED[0m(1) [32mSTATUS_DONE[0m(12) [34mSTATUS_UNREADY[0m(1)
INFO:__main__:/nfs_scratch/fmeng/tmpjEY__XLFVHETauAnalyzerMVA-VBF_HToTauTau_M-125_8TeV-powheg-pythia6/job.dag: STATUS_SUBMITTED stats: [33mSTATUS_SUBMITTED[0m(1) [32mSTATUS_DONE[0m(12) [34mSTATUS_UNREADY[0m(1)
INFO:__main__:/nfs_scratch/fmeng/tmpjEY__XLFVHETauAnalyzerMVA-VBF_HToTauTau_M-125_8TeV-powheg-pythia6/job.dag: STATUS_SUBMITTED stats: [33mSTATUS_SUBMITTED[0m(1) [32mSTATUS_DONE[0m(12) [34mSTATUS_UNREADY[0m(1)
INFO:__main__:/nfs_scratch/fmeng/tmpjEY__XLFVHETauAnalyzerMVA-VBF_HToTauTau_M-125_8TeV-powheg-pythia6/job.dag: STATUS_SUBMITTED stats: [33mSTATUS_SUBMITTED[0m(1) [32mSTATUS_DONE[0m(12) [34mSTATUS_UNREADY[0m(1)
INFO:__main__:/nfs_scratch/fmeng/tmpjEY__XLFVHETauAnalyzerMVA-VBF_HToTauTau_M-125_8TeV-powheg-pythia6/job.dag: STATUS_SUBMITTED stats: [33mSTATUS_SUBMITTED[0m(1) [32mSTATUS_DONE[0m(12) [34mSTATUS_UNREADY[0m(1)
INFO:__main__:/nfs_scratch/fmeng/tmpjEY__XLFVHETauAnalyzerMVA-VBF_HToTauTau_M-125_8TeV-powheg-pythia6/job.dag: STATUS_SUBMITTED stats: [33mSTATUS_SUBMITTED[0m(1) [32mSTATUS_DONE[0m(12) [34mSTATUS_UNREADY[0m(1)
INFO:__main__:/nfs_scratch/fmeng/tmpjEY__XLFVHETauAnalyzerMVA-VBF_HToTauTau_M-125_8TeV-powheg-pythia6/job.dag: STATUS_SUBMITTED stats: [33mSTATUS_SUBMITTED[0m(1) [32mSTATUS_DONE[0m(12) [34mSTATUS_UNREADY[0m(1)
INFO:__main__:/nfs_scratch/fmeng/tmpjEY__XLFVHETauAnalyzerMVA-VBF_HToTauTau_M-125_8TeV-powheg-pythia6/job.dag: STATUS_SUBMITTED stats: [33mSTATUS_SUBMITTED[0m(1) [32mSTATUS_DONE[0m(12) [34mSTATUS_UNREADY[0m(1)
INFO:__main__:/nfs_scratch/fmeng/tmpjEY__XLFVHETauAnalyzerMVA-VBF_HToTauTau_M-125_8TeV-powheg-pythia6/job.dag: STATUS_SUBMITTED stats: [33mSTATUS_SUBMITTED[0m(1) [32mSTATUS_DONE[0m(12) [34mSTATUS_UNREADY[0m(1)
INFO:__main__:/nfs_scratch/fmeng/tmpjEY__XLFVHETauAnalyzerMVA-VBF_HToTauTau_M-125_8TeV-powheg-pythia6/job.dag: STATUS_SUBMITTED stats: [33mSTATUS_SUBMITTED[0m(1) [32mSTATUS_DONE[0m(12) [34mSTATUS_UNREADY[0m(1)
INFO:__main__:/nfs_scratch/fmeng/tmpjEY__XLFVHETauAnalyzerMVA-VBF_HToTauTau_M-125_8TeV-powheg-pythia6/job.dag: STATUS_SUBMITTED stats: [33mSTATUS_SUBMITTED[0m(1) [32mSTATUS_DONE[0m(12) [34mSTATUS_UNREADY[0m(1)
INFO:__main__:/nfs_scratch/fmeng/tmpjEY__XLFVHETauAnalyzerMVA-VBF_HToTauTau_M-125_8TeV-powheg-pythia6/job.dag: STATUS_SUBMITTED stats: [33mSTATUS_SUBMITTED[0m(1) [32mSTATUS_DONE[0m(12) [34mSTATUS_UNREADY[0m(1)
INFO:__main__:/nfs_scratch/fmeng/tmpjEY__XLFVHETauAnalyzerMVA-VBF_HToTauTau_M-125_8TeV-powheg-pythia6/job.dag: STATUS_SUBMITTED stats: [33mSTATUS_SUBMITTED[0m(1) [32mSTATUS_DONE[0m(12) [34mSTATUS_UNREADY[0m(1)
INFO:__main__:/nfs_scratch/fmeng/tmpjEY__XLFVHETauAnalyzerMVA-VBF_HToTauTau_M-125_8TeV-powheg-pythia6/job.dag: STATUS_SUBMITTED stats: [33mSTATUS_SUBMITTED[0m(1) [32mSTATUS_DONE[0m(12) [34mSTATUS_UNREADY[0m(1)
INFO:__main__:/nfs_scratch/fmeng/tmpjEY__XLFVHETauAnalyzerMVA-VBF_HToTauTau_M-125_8TeV-powheg-pythia6/job.dag: STATUS_SUBMITTED stats: [33mSTATUS_SUBMITTED[0m(1) [32mSTATUS_DONE[0m(12) [34mSTATUS_UNREADY[0m(1)
INFO:__main__:/nfs_scratch/fmeng/tmpjEY__XLFVHETauAnalyzerMVA-VBF_HToTauTau_M-125_8TeV-powheg-pythia6/job.dag: STATUS_SUBMITTED stats: [33mSTATUS_SUBMITTED[0m(1) [32mSTATUS_DONE[0m(12) [34mSTATUS_UNREADY[0m(1)
INFO:__main__:/nfs_scratch/fmeng/tmpjEY__XLFVHETauAnalyzerMVA-VBF_HToTauTau_M-125_8TeV-powheg-pythia6/job.dag: STATUS_SUBMITTED stats: [33mSTATUS_SUBMITTED[0m(1) [32mSTATUS_DONE[0m(12) [34mSTATUS_UNREADY[0m(1)
INFO:__main__:/nfs_scratch/fmeng/tmpjEY__XLFVHETauAnalyzerMVA-VBF_HToTauTau_M-125_8TeV-powheg-pythia6/job.dag: STATUS_SUBMITTED stats: [33mSTATUS_SUBMITTED[0m(1) [32mSTATUS_DONE[0m(12) [34mSTATUS_UNREADY[0m(1)
INFO:__main__:/nfs_scratch/fmeng/tmpjEY__XLFVHETauAnalyzerMVA-VBF_HToTauTau_M-125_8TeV-powheg-pythia6/job.dag: STATUS_SUBMITTED stats: [33mSTATUS_SUBMITTED[0m(1) [32mSTATUS_DONE[0m(12) [34mSTATUS_UNREADY[0m(1)
INFO:__main__:/nfs_scratch/fmeng/tmpjEY__XLFVHETauAnalyzerMVA-VBF_HToTauTau_M-125_8TeV-powheg-pythia6/job.dag: STATUS_SUBMITTED stats: [33mSTATUS_SUBMITTED[0m(1) [32mSTATUS_DONE[0m(12) [34mSTATUS_UNREADY[0m(1)
INFO:__main__:/nfs_scratch/fmeng/tmpjEY__XLFVHETauAnalyzerMVA-VBF_HToTauTau_M-125_8TeV-powheg-pythia6/job.dag: STATUS_SUBMITTED stats: [33mSTATUS_SUBMITTED[0m(1) [32mSTATUS_DONE[0m(12) [34mSTATUS_UNREADY[0m(1)
INFO:__main__:/nfs_scratch/fmeng/tmpjEY__XLFVHETauAnalyzerMVA-VBF_HToTauTau_M-125_8TeV-powheg-pythia6/job.dag: STATUS_SUBMITTED stats: [33mSTATUS_SUBMITTED[0m(1) [32mSTATUS_DONE[0m(12) [34mSTATUS_UNREADY[0m(1)
INFO:__main__:/nfs_scratch/fmeng/tmpjEY__XLFVHETauAnalyzerMVA-VBF_HToTauTau_M-125_8TeV-powheg-pythia6/job.dag: STATUS_SUBMITTED stats: [33mSTATUS_SUBMITTED[0m(1) [32mSTATUS_DONE[0m(12) [34mSTATUS_UNREADY[0m(1)
INFO:__main__:/nfs_scratch/fmeng/tmpjEY__XLFVHETauAnalyzerMVA-VBF_HToTauTau_M-125_8TeV-powheg-pythia6/job.dag: STATUS_SUBMITTED stats: [33mSTATUS_SUBMITTED[0m(1) [32mSTATUS_DONE[0m(12) [34mSTATUS_UNREADY[0m(1)
INFO:__main__:/nfs_scratch/fmeng/tmpjEY__XLFVHETauAnalyzerMVA-VBF_HToTauTau_M-125_8TeV-powheg-pythia6/job.dag: STATUS_SUBMITTED stats: [33mSTATUS_SUBMITTED[0m(1) [32mSTATUS_DONE[0m(12) [34mSTATUS_UNREADY[0m(1)
INFO:__main__:/nfs_scratch/fmeng/tmpjEY__XLFVHETauAnalyzerMVA-VBF_HToTauTau_M-125_8TeV-powheg-pythia6/job.dag: STATUS_SUBMITTED stats: [33mSTATUS_SUBMITTED[0m(1) [32mSTATUS_DONE[0m(12) [34mSTATUS_UNREADY[0m(1)
INFO:__main__:/nfs_scratch/fmeng/tmpjEY__XLFVHETauAnalyzerMVA-VBF_HToTauTau_M-125_8TeV-powheg-pythia6/job.dag: STATUS_SUBMITTED stats: [32mSTATUS_DONE[0m(13) [36mSTATUS_READY[0m(1)
INFO:__main__:/nfs_scratch/fmeng/tmpjEY__XLFVHETauAnalyzerMVA-VBF_HToTauTau_M-125_8TeV-powheg-pythia6/job.dag: STATUS_SUBMITTED stats: [32mSTATUS_DONE[0m(13) [36mSTATUS_READY[0m(1)
INFO:__main__:/nfs_scratch/fmeng/tmpjEY__XLFVHETauAnalyzerMVA-VBF_HToTauTau_M-125_8TeV-powheg-pythia6/job.dag: STATUS_SUBMITTED stats: [32mSTATUS_DONE[0m(13) [36mSTATUS_READY[0m(1)
INFO:__main__:/nfs_scratch/fmeng/tmpjEY__XLFVHETauAnalyzerMVA-VBF_HToTauTau_M-125_8TeV-powheg-pythia6/job.dag: STATUS_SUBMITTED stats: [33mSTATUS_SUBMITTED[0m(1) [32mSTATUS_DONE[0m(13)
INFO:__main__:/nfs_scratch/fmeng/tmpjEY__XLFVHETauAnalyzerMVA-VBF_HToTauTau_M-125_8TeV-powheg-pythia6/job.dag: STATUS_SUBMITTED stats: [33mSTATUS_SUBMITTED[0m(1) [32mSTATUS_DONE[0m(13)
INFO:__main__:/nfs_scratch/fmeng/tmpjEY__XLFVHETauAnalyzerMVA-VBF_HToTauTau_M-125_8TeV-powheg-pythia6/job.dag: STATUS_SUBMITTED stats: [33mSTATUS_SUBMITTED[0m(1) [32mSTATUS_DONE[0m(13)
INFO:__main__:/nfs_scratch/fmeng/tmpjEY__XLFVHETauAnalyzerMVA-VBF_HToTauTau_M-125_8TeV-powheg-pythia6/job.dag: STATUS_SUBMITTED stats: [33mSTATUS_SUBMITTED[0m(1) [32mSTATUS_DONE[0m(13)
INFO:__main__:/nfs_scratch/fmeng/tmpjEY__XLFVHETauAnalyzerMVA-VBF_HToTauTau_M-125_8TeV-powheg-pythia6/job.dag: STATUS_SUBMITTED stats: [33mSTATUS_SUBMITTED[0m(1) [32mSTATUS_DONE[0m(13)
INFO:__main__:/nfs_scratch/fmeng/tmpjEY__XLFVHETauAnalyzerMVA-VBF_HToTauTau_M-125_8TeV-powheg-pythia6/job.dag: STATUS_SUBMITTED stats: [33mSTATUS_SUBMITTED[0m(1) [32mSTATUS_DONE[0m(13)
INFO:__main__:/nfs_scratch/fmeng/tmpjEY__XLFVHETauAnalyzerMVA-VBF_HToTauTau_M-125_8TeV-powheg-pythia6/job.dag: STATUS_SUBMITTED stats: [33mSTATUS_SUBMITTED[0m(1) [32mSTATUS_DONE[0m(13)
INFO:__main__:/nfs_scratch/fmeng/tmpjEY__XLFVHETauAnalyzerMVA-VBF_HToTauTau_M-125_8TeV-powheg-pythia6/job.dag: STATUS_SUBMITTED stats: [33mSTATUS_SUBMITTED[0m(1) [32mSTATUS_DONE[0m(13)
INFO:__main__:/nfs_scratch/fmeng/tmpjEY__XLFVHETauAnalyzerMVA-VBF_HToTauTau_M-125_8TeV-powheg-pythia6/job.dag: STATUS_SUBMITTED stats: [33mSTATUS_SUBMITTED[0m(1) [32mSTATUS_DONE[0m(13)
INFO:__main__:/nfs_scratch/fmeng/tmpjEY__XLFVHETauAnalyzerMVA-VBF_HToTauTau_M-125_8TeV-powheg-pythia6/job.dag: STATUS_SUBMITTED stats: [33mSTATUS_SUBMITTED[0m(1) [32mSTATUS_DONE[0m(13)
INFO:__main__:/nfs_scratch/fmeng/tmpjEY__XLFVHETauAnalyzerMVA-VBF_HToTauTau_M-125_8TeV-powheg-pythia6/job.dag: STATUS_SUBMITTED stats: [33mSTATUS_SUBMITTED[0m(1) [32mSTATUS_DONE[0m(13)
INFO:__main__:/nfs_scratch/fmeng/tmpjEY__XLFVHETauAnalyzerMVA-VBF_HToTauTau_M-125_8TeV-powheg-pythia6/job.dag: STATUS_SUBMITTED stats: [33mSTATUS_SUBMITTED[0m(1) [32mSTATUS_DONE[0m(13)
INFO:__main__:/nfs_scratch/fmeng/tmpjEY__XLFVHETauAnalyzerMVA-VBF_HToTauTau_M-125_8TeV-powheg-pythia6/job.dag: STATUS_SUBMITTED stats: [33mSTATUS_SUBMITTED[0m(1) [32mSTATUS_DONE[0m(13)
INFO:__main__:/nfs_scratch/fmeng/tmpjEY__XLFVHETauAnalyzerMVA-VBF_HToTauTau_M-125_8TeV-powheg-pythia6/job.dag: STATUS_SUBMITTED stats: [33mSTATUS_SUBMITTED[0m(1) [32mSTATUS_DONE[0m(13)
INFO:__main__:/nfs_scratch/fmeng/tmpjEY__XLFVHETauAnalyzerMVA-VBF_HToTauTau_M-125_8TeV-powheg-pythia6/job.dag: STATUS_SUBMITTED stats: [33mSTATUS_SUBMITTED[0m(1) [32mSTATUS_DONE[0m(13)
INFO:__main__:/nfs_scratch/fmeng/tmpjEY__XLFVHETauAnalyzerMVA-VBF_HToTauTau_M-125_8TeV-powheg-pythia6/job.dag: STATUS_SUBMITTED stats: [33mSTATUS_SUBMITTED[0m(1) [32mSTATUS_DONE[0m(13)
INFO:__main__:/nfs_scratch/fmeng/tmpjEY__XLFVHETauAnalyzerMVA-VBF_HToTauTau_M-125_8TeV-powheg-pythia6/job.dag: STATUS_SUBMITTED stats: [33mSTATUS_SUBMITTED[0m(1) [32mSTATUS_DONE[0m(13)
INFO:__main__:/nfs_scratch/fmeng/tmpjEY__XLFVHETauAnalyzerMVA-VBF_HToTauTau_M-125_8TeV-powheg-pythia6/job.dag: STATUS_SUBMITTED stats: [33mSTATUS_SUBMITTED[0m(1) [32mSTATUS_DONE[0m(13)
INFO:__main__:/nfs_scratch/fmeng/tmpjEY__XLFVHETauAnalyzerMVA-VBF_HToTauTau_M-125_8TeV-powheg-pythia6/job.dag: STATUS_SUBMITTED stats: [33mSTATUS_SUBMITTED[0m(1) [32mSTATUS_DONE[0m(13)
INFO:__main__:/nfs_scratch/fmeng/tmpjEY__XLFVHETauAnalyzerMVA-VBF_HToTauTau_M-125_8TeV-powheg-pythia6/job.dag: STATUS_SUBMITTED stats: [33mSTATUS_SUBMITTED[0m(1) [32mSTATUS_DONE[0m(13)
INFO:__main__:/nfs_scratch/fmeng/tmpjEY__XLFVHETauAnalyzerMVA-VBF_HToTauTau_M-125_8TeV-powheg-pythia6/job.dag: STATUS_SUBMITTED stats: [33mSTATUS_SUBMITTED[0m(1) [32mSTATUS_DONE[0m(13)
INFO:__main__:/nfs_scratch/fmeng/tmpjEY__XLFVHETauAnalyzerMVA-VBF_HToTauTau_M-125_8TeV-powheg-pythia6/job.dag: STATUS_SUBMITTED stats: [33mSTATUS_SUBMITTED[0m(1) [32mSTATUS_DONE[0m(13)
INFO:__main__:/nfs_scratch/fmeng/tmpjEY__XLFVHETauAnalyzerMVA-VBF_HToTauTau_M-125_8TeV-powheg-pythia6/job.dag: STATUS_SUBMITTED stats: [33mSTATUS_SUBMITTED[0m(1) [32mSTATUS_DONE[0m(13)
INFO:__main__:/nfs_scratch/fmeng/tmpjEY__XLFVHETauAnalyzerMVA-VBF_HToTauTau_M-125_8TeV-powheg-pythia6/job.dag: STATUS_SUBMITTED stats: [33mSTATUS_SUBMITTED[0m(1) [32mSTATUS_DONE[0m(13)
INFO:__main__:/nfs_scratch/fmeng/tmpjEY__XLFVHETauAnalyzerMVA-VBF_HToTauTau_M-125_8TeV-powheg-pythia6/job.dag: STATUS_SUBMITTED stats: [33mSTATUS_SUBMITTED[0m(1) [32mSTATUS_DONE[0m(13)
INFO:__main__:/nfs_scratch/fmeng/tmpjEY__XLFVHETauAnalyzerMVA-VBF_HToTauTau_M-125_8TeV-powheg-pythia6/job.dag: STATUS_SUBMITTED stats: [33mSTATUS_SUBMITTED[0m(1) [32mSTATUS_DONE[0m(13)
INFO:__main__:/nfs_scratch/fmeng/tmpjEY__XLFVHETauAnalyzerMVA-VBF_HToTauTau_M-125_8TeV-powheg-pythia6/job.dag: STATUS_SUBMITTED stats: [33mSTATUS_SUBMITTED[0m(1) [32mSTATUS_DONE[0m(13)
INFO:__main__:/nfs_scratch/fmeng/tmpjEY__XLFVHETauAnalyzerMVA-VBF_HToTauTau_M-125_8TeV-powheg-pythia6/job.dag: STATUS_SUBMITTED stats: [33mSTATUS_SUBMITTED[0m(1) [32mSTATUS_DONE[0m(13)
INFO:__main__:/nfs_scratch/fmeng/tmpjEY__XLFVHETauAnalyzerMVA-VBF_HToTauTau_M-125_8TeV-powheg-pythia6/job.dag: STATUS_SUBMITTED stats: [33mSTATUS_SUBMITTED[0m(1) [32mSTATUS_DONE[0m(13)
INFO:__main__:/nfs_scratch/fmeng/tmpjEY__XLFVHETauAnalyzerMVA-VBF_HToTauTau_M-125_8TeV-powheg-pythia6/job.dag: STATUS_SUBMITTED stats: [33mSTATUS_SUBMITTED[0m(1) [32mSTATUS_DONE[0m(13)
INFO:__main__:/nfs_scratch/fmeng/tmpjEY__XLFVHETauAnalyzerMVA-VBF_HToTauTau_M-125_8TeV-powheg-pythia6/job.dag: STATUS_SUBMITTED stats: [33mSTATUS_SUBMITTED[0m(1) [32mSTATUS_DONE[0m(13)
INFO:__main__:/nfs_scratch/fmeng/tmpjEY__XLFVHETauAnalyzerMVA-VBF_HToTauTau_M-125_8TeV-powheg-pythia6/job.dag: STATUS_SUBMITTED stats: [33mSTATUS_SUBMITTED[0m(1) [32mSTATUS_DONE[0m(13)
INFO:__main__:/nfs_scratch/fmeng/tmpjEY__XLFVHETauAnalyzerMVA-VBF_HToTauTau_M-125_8TeV-powheg-pythia6/job.dag: STATUS_SUBMITTED stats: [33mSTATUS_SUBMITTED[0m(1) [32mSTATUS_DONE[0m(13)
INFO:__main__:/nfs_scratch/fmeng/tmpjEY__XLFVHETauAnalyzerMVA-VBF_HToTauTau_M-125_8TeV-powheg-pythia6/job.dag: STATUS_SUBMITTED stats: [33mSTATUS_SUBMITTED[0m(1) [32mSTATUS_DONE[0m(13)
INFO:__main__:/nfs_scratch/fmeng/tmpjEY__XLFVHETauAnalyzerMVA-VBF_HToTauTau_M-125_8TeV-powheg-pythia6/job.dag: STATUS_SUBMITTED stats: [33mSTATUS_SUBMITTED[0m(1) [32mSTATUS_DONE[0m(13)
INFO:__main__:/nfs_scratch/fmeng/tmpjEY__XLFVHETauAnalyzerMVA-VBF_HToTauTau_M-125_8TeV-powheg-pythia6/job.dag: STATUS_SUBMITTED stats: [33mSTATUS_SUBMITTED[0m(1) [32mSTATUS_DONE[0m(13)
INFO:__main__:/nfs_scratch/fmeng/tmpjEY__XLFVHETauAnalyzerMVA-VBF_HToTauTau_M-125_8TeV-powheg-pythia6/job.dag: STATUS_DONE stats: [32mSTATUS_DONE[0m(14)
INFO:__main__:Copying final output /hdfs/store/user/fmeng/MegaJob_tmpjEY__XLFVHETauAnalyzerMVA-VBF_HToTauTau_M-125_8TeV-powheg-pythia6//mergeFilesJob-mergeFilesJob-mega-batch-make_ntuples_cfg-patTuple_cfg-CA263FA7-98ED-E111-9495-1CC1DE1CDDBC.root => results/newNtuple_5Nov/LFVHETauAnalyzerMVA/VBF_HToTauTau_M-125_8TeV-powheg-pythia6.root
INFO:__main__:[32m/nfs_scratch/fmeng/tmpjEY__XLFVHETauAnalyzerMVA-VBF_HToTauTau_M-125_8TeV-powheg-pythia6/job.dag: job complete.[0m
