INFO:__main__:Processing inputs/newNtuple_5Nov/Tbar_tW-channel-DR_TuneZ2star_8TeV-powheg-tauola.txt using LFVHETauAnalyzerMVA1.py, the output file will be results/newNtuple_5Nov/LFVHETauAnalyzerMVA1/Tbar_tW-channel-DR_TuneZ2star_8TeV-powheg-tauola.root
INFO:__main__:Generating submit scripts in /nfs_scratch/fmeng/tmpQ1ZTBkLFVHETauAnalyzerMVA1-Tbar_tW-channel-DR_TuneZ2star_8TeV-powheg-tauola
INFO:FinalStateAnalysis.PlotTools.MegaPath:Checking inputs file inputs/newNtuple_5Nov/Tbar_tW-channel-DR_TuneZ2star_8TeV-powheg-tauola.txt exists...
INFO:__main__:Running over 57 files in 6 jobs
Generating submit files in /nfs_scratch/fmeng/tmpQ1ZTBkLFVHETauAnalyzerMVA1-Tbar_tW-channel-DR_TuneZ2star_8TeV-powheg-tauola/analyze...
......
Submit DAG file /nfs_scratch/fmeng/tmpQ1ZTBkLFVHETauAnalyzerMVA1-Tbar_tW-channel-DR_TuneZ2star_8TeV-powheg-tauola/job.dag has been created but not submitted.
Jobs for Analyze are created in /nfs_scratch/fmeng/tmpQ1ZTBkLFVHETauAnalyzerMVA1-Tbar_tW-channel-DR_TuneZ2star_8TeV-powheg-tauola/analyze
Using HADD method to merge files
Increasing vsize limit from 3000 MB to 6000 MB
LCG_GFAL_INFOSYS is not set
Using grid catalog type: UNKNOWN
Using grid catalog : (null)
VO name: cms
Checksum type: None
Destination SE type: SRMv2
Destination SRM Request Token: put:2650402
Source URL: file:/nfs_scratch/fmeng/tmpQ1ZTBkLFVHETauAnalyzerMVA1-Tbar_tW-channel-DR_TuneZ2star_8TeV-powheg-tauola/FinalMerged/user_code.tgz
File size: 117640606
Source URL for copy: file:/nfs_scratch/fmeng/tmpQ1ZTBkLFVHETauAnalyzerMVA1-Tbar_tW-channel-DR_TuneZ2star_8TeV-powheg-tauola/FinalMerged/user_code.tgz
Destination URL: gsiftp://g14n04.hep.wisc.edu//hdfs/HighReplicaCondorUserFiles/nfs_scratch/fmeng/tmpQ1ZTBkLFVHETauAnalyzerMVA1-Tbar_tW-channel-DR_TuneZ2star_8TeV-powheg-tauola/FinalMerged/user_code.tgz
# streams: 1
            0 bytes      0.00 KB/sec avg      0.00 KB/sec inst            0 bytes      0.00 KB/sec avg      0.00 KB/sec inst      1048576 bytes    707.73 KB/sec avg    707.73 KB/sec inst     25165824 bytes   9649.44 KB/sec avg  21410.91 KB/sec inst     49283072 bytes  13569.09 KB/sec avg  23552.00 KB/sec inst     73400320 bytes  15764.64 KB/sec avg  23552.00 KB/sec inst     97517568 bytes  17168.56 KB/sec avg  23552.00 KB/sec inst     97517568 bytes  17168.56 KB/sec avg  23552.00 KB/sec inst     97517568 bytes  17168.56 KB/sec avg  23552.00 KB/sec inst     97517568 bytes  17168.56 KB/sec avg  23552.00 KB/sec inst     97517568 bytes  17168.56 KB/sec avg  23552.00 KB/sec inst     97517568 bytes  17168.56 KB/sec avg  23552.00 KB/sec inst     97517568 bytes  17168.56 KB/sec avg  23552.00 KB/sec inst     97517568 bytes  17168.56 KB/sec avg  23552.00 KB/sec inst    117640606 bytes   8672.49 KB/sec avg   2552.13 KB/sec inst
Transfer took 14190 ms
Generating submit files in /nfs_scratch/fmeng/tmpQ1ZTBkLFVHETauAnalyzerMVA1-Tbar_tW-channel-DR_TuneZ2star_8TeV-powheg-tauola/FinalMerged...
.
Submitting job(s).
1 job(s) submitted to cluster 2620617.

-----------------------------------------------------------------------
File for submitting this DAG to Condor           : /nfs_scratch/fmeng/tmpQ1ZTBkLFVHETauAnalyzerMVA1-Tbar_tW-channel-DR_TuneZ2star_8TeV-powheg-tauola/job.dag.wrapper.condor.sub
Log of DAGMan debugging messages                 : /nfs_scratch/fmeng/tmpQ1ZTBkLFVHETauAnalyzerMVA1-Tbar_tW-channel-DR_TuneZ2star_8TeV-powheg-tauola/job.dag.wrapper.dagman.out
Log of Condor library output                     : /nfs_scratch/fmeng/tmpQ1ZTBkLFVHETauAnalyzerMVA1-Tbar_tW-channel-DR_TuneZ2star_8TeV-powheg-tauola/job.dag.wrapper.lib.out
Log of Condor library error messages             : /nfs_scratch/fmeng/tmpQ1ZTBkLFVHETauAnalyzerMVA1-Tbar_tW-channel-DR_TuneZ2star_8TeV-powheg-tauola/job.dag.wrapper.lib.err
Log of the life of condor_dagman itself          : /nfs_scratch/fmeng/tmpQ1ZTBkLFVHETauAnalyzerMVA1-Tbar_tW-channel-DR_TuneZ2star_8TeV-powheg-tauola/job.dag.wrapper.dagman.log

-----------------------------------------------------------------------
You can monitor your workflow's progess by watching /nfs_scratch/fmeng/tmpQ1ZTBkLFVHETauAnalyzerMVA1-Tbar_tW-channel-DR_TuneZ2star_8TeV-powheg-tauola/job.dag.dagman.out
A summary of the status of all of the jobs in your workflow will be
written to the following file every 60 seconds:
  /nfs_scratch/fmeng/tmpQ1ZTBkLFVHETauAnalyzerMVA1-Tbar_tW-channel-DR_TuneZ2star_8TeV-powheg-tauola/job.dag.status

Your jobs should show up in ~6 minutes
at the NEW job monitoring web page :
    http://www.hep.wisc.edu/cms/comp/jobs/
Jobs for FinalMerged are created in /nfs_scratch/fmeng/tmpQ1ZTBkLFVHETauAnalyzerMVA1-Tbar_tW-channel-DR_TuneZ2star_8TeV-powheg-tauola/FinalMerged
INFO:__main__:Waiting for job to complete
INFO:__main__:/nfs_scratch/fmeng/tmpQ1ZTBkLFVHETauAnalyzerMVA1-Tbar_tW-channel-DR_TuneZ2star_8TeV-powheg-tauola/job.dag: UNKNOWN stats: [30mUNKNOWN[0m(7)
INFO:__main__:/nfs_scratch/fmeng/tmpQ1ZTBkLFVHETauAnalyzerMVA1-Tbar_tW-channel-DR_TuneZ2star_8TeV-powheg-tauola/job.dag: UNKNOWN stats: [30mUNKNOWN[0m(7)
INFO:__main__:/nfs_scratch/fmeng/tmpQ1ZTBkLFVHETauAnalyzerMVA1-Tbar_tW-channel-DR_TuneZ2star_8TeV-powheg-tauola/job.dag: UNKNOWN stats: [30mUNKNOWN[0m(7)
INFO:__main__:/nfs_scratch/fmeng/tmpQ1ZTBkLFVHETauAnalyzerMVA1-Tbar_tW-channel-DR_TuneZ2star_8TeV-powheg-tauola/job.dag: STATUS_SUBMITTED stats: [33mSTATUS_SUBMITTED[0m(6) [34mSTATUS_UNREADY[0m(1)
INFO:__main__:/nfs_scratch/fmeng/tmpQ1ZTBkLFVHETauAnalyzerMVA1-Tbar_tW-channel-DR_TuneZ2star_8TeV-powheg-tauola/job.dag: STATUS_SUBMITTED stats: [33mSTATUS_SUBMITTED[0m(6) [34mSTATUS_UNREADY[0m(1)
INFO:__main__:/nfs_scratch/fmeng/tmpQ1ZTBkLFVHETauAnalyzerMVA1-Tbar_tW-channel-DR_TuneZ2star_8TeV-powheg-tauola/job.dag: STATUS_SUBMITTED stats: [33mSTATUS_SUBMITTED[0m(6) [34mSTATUS_UNREADY[0m(1)
INFO:__main__:/nfs_scratch/fmeng/tmpQ1ZTBkLFVHETauAnalyzerMVA1-Tbar_tW-channel-DR_TuneZ2star_8TeV-powheg-tauola/job.dag: STATUS_SUBMITTED stats: [33mSTATUS_SUBMITTED[0m(6) [34mSTATUS_UNREADY[0m(1)
INFO:__main__:/nfs_scratch/fmeng/tmpQ1ZTBkLFVHETauAnalyzerMVA1-Tbar_tW-channel-DR_TuneZ2star_8TeV-powheg-tauola/job.dag: STATUS_SUBMITTED stats: [33mSTATUS_SUBMITTED[0m(6) [34mSTATUS_UNREADY[0m(1)
INFO:__main__:/nfs_scratch/fmeng/tmpQ1ZTBkLFVHETauAnalyzerMVA1-Tbar_tW-channel-DR_TuneZ2star_8TeV-powheg-tauola/job.dag: STATUS_SUBMITTED stats: [33mSTATUS_SUBMITTED[0m(6) [34mSTATUS_UNREADY[0m(1)
INFO:__main__:/nfs_scratch/fmeng/tmpQ1ZTBkLFVHETauAnalyzerMVA1-Tbar_tW-channel-DR_TuneZ2star_8TeV-powheg-tauola/job.dag: STATUS_SUBMITTED stats: [33mSTATUS_SUBMITTED[0m(6) [34mSTATUS_UNREADY[0m(1)
INFO:__main__:/nfs_scratch/fmeng/tmpQ1ZTBkLFVHETauAnalyzerMVA1-Tbar_tW-channel-DR_TuneZ2star_8TeV-powheg-tauola/job.dag: STATUS_SUBMITTED stats: [33mSTATUS_SUBMITTED[0m(6) [34mSTATUS_UNREADY[0m(1)
INFO:__main__:/nfs_scratch/fmeng/tmpQ1ZTBkLFVHETauAnalyzerMVA1-Tbar_tW-channel-DR_TuneZ2star_8TeV-powheg-tauola/job.dag: STATUS_SUBMITTED stats: [33mSTATUS_SUBMITTED[0m(1) [32mSTATUS_DONE[0m(5) [34mSTATUS_UNREADY[0m(1)
INFO:__main__:/nfs_scratch/fmeng/tmpQ1ZTBkLFVHETauAnalyzerMVA1-Tbar_tW-channel-DR_TuneZ2star_8TeV-powheg-tauola/job.dag: STATUS_SUBMITTED stats: [33mSTATUS_SUBMITTED[0m(1) [32mSTATUS_DONE[0m(5) [34mSTATUS_UNREADY[0m(1)
INFO:__main__:/nfs_scratch/fmeng/tmpQ1ZTBkLFVHETauAnalyzerMVA1-Tbar_tW-channel-DR_TuneZ2star_8TeV-powheg-tauola/job.dag: STATUS_SUBMITTED stats: [33mSTATUS_SUBMITTED[0m(1) [32mSTATUS_DONE[0m(5) [34mSTATUS_UNREADY[0m(1)
INFO:__main__:/nfs_scratch/fmeng/tmpQ1ZTBkLFVHETauAnalyzerMVA1-Tbar_tW-channel-DR_TuneZ2star_8TeV-powheg-tauola/job.dag: STATUS_SUBMITTED stats: [33mSTATUS_SUBMITTED[0m(1) [32mSTATUS_DONE[0m(5) [34mSTATUS_UNREADY[0m(1)
INFO:__main__:/nfs_scratch/fmeng/tmpQ1ZTBkLFVHETauAnalyzerMVA1-Tbar_tW-channel-DR_TuneZ2star_8TeV-powheg-tauola/job.dag: STATUS_SUBMITTED stats: [33mSTATUS_SUBMITTED[0m(1) [32mSTATUS_DONE[0m(5) [34mSTATUS_UNREADY[0m(1)
INFO:__main__:/nfs_scratch/fmeng/tmpQ1ZTBkLFVHETauAnalyzerMVA1-Tbar_tW-channel-DR_TuneZ2star_8TeV-powheg-tauola/job.dag: STATUS_SUBMITTED stats: [33mSTATUS_SUBMITTED[0m(1) [32mSTATUS_DONE[0m(6)
INFO:__main__:/nfs_scratch/fmeng/tmpQ1ZTBkLFVHETauAnalyzerMVA1-Tbar_tW-channel-DR_TuneZ2star_8TeV-powheg-tauola/job.dag: STATUS_SUBMITTED stats: [33mSTATUS_SUBMITTED[0m(1) [32mSTATUS_DONE[0m(6)
INFO:__main__:/nfs_scratch/fmeng/tmpQ1ZTBkLFVHETauAnalyzerMVA1-Tbar_tW-channel-DR_TuneZ2star_8TeV-powheg-tauola/job.dag: STATUS_SUBMITTED stats: [33mSTATUS_SUBMITTED[0m(1) [32mSTATUS_DONE[0m(6)
INFO:__main__:/nfs_scratch/fmeng/tmpQ1ZTBkLFVHETauAnalyzerMVA1-Tbar_tW-channel-DR_TuneZ2star_8TeV-powheg-tauola/job.dag: STATUS_SUBMITTED stats: [33mSTATUS_SUBMITTED[0m(1) [32mSTATUS_DONE[0m(6)
INFO:__main__:/nfs_scratch/fmeng/tmpQ1ZTBkLFVHETauAnalyzerMVA1-Tbar_tW-channel-DR_TuneZ2star_8TeV-powheg-tauola/job.dag: STATUS_SUBMITTED stats: [33mSTATUS_SUBMITTED[0m(1) [32mSTATUS_DONE[0m(6)
INFO:__main__:/nfs_scratch/fmeng/tmpQ1ZTBkLFVHETauAnalyzerMVA1-Tbar_tW-channel-DR_TuneZ2star_8TeV-powheg-tauola/job.dag: STATUS_DONE stats: [32mSTATUS_DONE[0m(7)
INFO:__main__:Copying final output /hdfs/store/user/fmeng/MegaJob_tmpQ1ZTBkLFVHETauAnalyzerMVA1-Tbar_tW-channel-DR_TuneZ2star_8TeV-powheg-tauola//mergeFilesJob-mega-batch-make_ntuples_cfg-patTuple_cfg-BEE2FBD7-49EA-E111-94CA-001A92971B48.root => results/newNtuple_5Nov/LFVHETauAnalyzerMVA1/Tbar_tW-channel-DR_TuneZ2star_8TeV-powheg-tauola.root
INFO:__main__:[32m/nfs_scratch/fmeng/tmpQ1ZTBkLFVHETauAnalyzerMVA1-Tbar_tW-channel-DR_TuneZ2star_8TeV-powheg-tauola/job.dag: job complete.[0m
