INFO:__main__:Processing inputs/newNtuple_5Nov/ZZJets.txt using LFVHETauAnalyzerMVA.py, the output file will be results/newNtuple_5Nov/LFVHETauAnalyzerMVA/ZZJets.root
INFO:__main__:Generating submit scripts in /nfs_scratch/fmeng/tmpcghV8TLFVHETauAnalyzerMVA-ZZJets
INFO:FinalStateAnalysis.PlotTools.MegaPath:Checking inputs file inputs/newNtuple_5Nov/ZZJets.txt exists...
INFO:__main__:Running over 860 files in 86 jobs
Generating submit files in /nfs_scratch/fmeng/tmpcghV8TLFVHETauAnalyzerMVA-ZZJets/analyze...
......................................................................................
Submit DAG file /nfs_scratch/fmeng/tmpcghV8TLFVHETauAnalyzerMVA-ZZJets/job.dag has been created but not submitted.
Jobs for Analyze are created in /nfs_scratch/fmeng/tmpcghV8TLFVHETauAnalyzerMVA-ZZJets/analyze
Using HADD method to merge files
Increasing vsize limit from 3000 MB to 6000 MB
LCG_GFAL_INFOSYS is not set
Using grid catalog type: UNKNOWN
Using grid catalog : (null)
VO name: cms
Checksum type: None
Destination SE type: SRMv2
Destination SRM Request Token: put:2336386
Source URL: file:/nfs_scratch/fmeng/tmpcghV8TLFVHETauAnalyzerMVA-ZZJets/MergeLayer0/user_code.tgz
File size: 117640606
Source URL for copy: file:/nfs_scratch/fmeng/tmpcghV8TLFVHETauAnalyzerMVA-ZZJets/MergeLayer0/user_code.tgz
Destination URL: gsiftp://g18n18.hep.wisc.edu//hdfs/HighReplicaCondorUserFiles/nfs_scratch/fmeng/tmpcghV8TLFVHETauAnalyzerMVA-ZZJets/MergeLayer0/user_code.tgz
# streams: 1
            0 bytes      0.00 KB/sec avg      0.00 KB/sec inst            0 bytes      0.00 KB/sec avg      0.00 KB/sec inst            0 bytes      0.00 KB/sec avg      0.00 KB/sec inst            0 bytes      0.00 KB/sec avg      0.00 KB/sec inst            0 bytes      0.00 KB/sec avg      0.00 KB/sec inst      1048576 bytes    226.03 KB/sec avg    226.03 KB/sec inst     28311552 bytes   4999.25 KB/sec avg  26624.00 KB/sec inst     62914560 bytes   8865.25 KB/sec avg  24137.14 KB/sec inst     62914560 bytes   8865.25 KB/sec avg  24137.14 KB/sec inst     62914560 bytes   8865.25 KB/sec avg  24137.14 KB/sec inst    117640606 bytes  11686.51 KB/sec avg  18428.76 KB/sec inst
Transfer took 10060 ms
Generating submit files in /nfs_scratch/fmeng/tmpcghV8TLFVHETauAnalyzerMVA-ZZJets/MergeLayer0...
.........
Submit DAG file /nfs_scratch/fmeng/tmpcghV8TLFVHETauAnalyzerMVA-ZZJets/job.dag has been created but not submitted.
Jobs for MergeLayer0 are created in /nfs_scratch/fmeng/tmpcghV8TLFVHETauAnalyzerMVA-ZZJets/MergeLayer0
Using HADD method to merge files
Increasing vsize limit from 3000 MB to 6000 MB
LCG_GFAL_INFOSYS is not set
Using grid catalog type: UNKNOWN
Using grid catalog : (null)
VO name: cms
Checksum type: None
Destination SE type: SRMv2
Destination SRM Request Token: put:2336645
Source URL: file:/nfs_scratch/fmeng/tmpcghV8TLFVHETauAnalyzerMVA-ZZJets/FinalMerged/user_code.tgz
File size: 117640606
Source URL for copy: file:/nfs_scratch/fmeng/tmpcghV8TLFVHETauAnalyzerMVA-ZZJets/FinalMerged/user_code.tgz
Destination URL: gsiftp://g19n12.hep.wisc.edu//hdfs/HighReplicaCondorUserFiles/nfs_scratch/fmeng/tmpcghV8TLFVHETauAnalyzerMVA-ZZJets/FinalMerged/user_code.tgz
# streams: 1
            0 bytes      0.00 KB/sec avg      0.00 KB/sec inst            0 bytes      0.00 KB/sec avg      0.00 KB/sec inst            0 bytes      0.00 KB/sec avg      0.00 KB/sec inst      1048576 bytes    445.96 KB/sec avg    445.96 KB/sec inst     16777216 bytes   4970.63 KB/sec avg  15360.00 KB/sec inst     41943040 bytes   9534.10 KB/sec avg  24576.00 KB/sec inst     67108864 bytes  12144.93 KB/sec avg  22341.81 KB/sec inst    100663296 bytes  15369.22 KB/sec avg  32768.00 KB/sec inst    100663296 bytes  15369.22 KB/sec avg  32768.00 KB/sec inst
Transfer took 8190 ms
Generating submit files in /nfs_scratch/fmeng/tmpcghV8TLFVHETauAnalyzerMVA-ZZJets/FinalMerged...
.
Submitting job(s).
1 job(s) submitted to cluster 2427320.

-----------------------------------------------------------------------
File for submitting this DAG to Condor           : /nfs_scratch/fmeng/tmpcghV8TLFVHETauAnalyzerMVA-ZZJets/job.dag.wrapper.condor.sub
Log of DAGMan debugging messages                 : /nfs_scratch/fmeng/tmpcghV8TLFVHETauAnalyzerMVA-ZZJets/job.dag.wrapper.dagman.out
Log of Condor library output                     : /nfs_scratch/fmeng/tmpcghV8TLFVHETauAnalyzerMVA-ZZJets/job.dag.wrapper.lib.out
Log of Condor library error messages             : /nfs_scratch/fmeng/tmpcghV8TLFVHETauAnalyzerMVA-ZZJets/job.dag.wrapper.lib.err
Log of the life of condor_dagman itself          : /nfs_scratch/fmeng/tmpcghV8TLFVHETauAnalyzerMVA-ZZJets/job.dag.wrapper.dagman.log

-----------------------------------------------------------------------
You can monitor your workflow's progess by watching /nfs_scratch/fmeng/tmpcghV8TLFVHETauAnalyzerMVA-ZZJets/job.dag.dagman.out
A summary of the status of all of the jobs in your workflow will be
written to the following file every 60 seconds:
  /nfs_scratch/fmeng/tmpcghV8TLFVHETauAnalyzerMVA-ZZJets/job.dag.status

Your jobs should show up in ~6 minutes
at the NEW job monitoring web page :
    http://www.hep.wisc.edu/cms/comp/jobs/
Jobs for FinalMerged are created in /nfs_scratch/fmeng/tmpcghV8TLFVHETauAnalyzerMVA-ZZJets/FinalMerged
INFO:__main__:Waiting for job to complete
INFO:__main__:/nfs_scratch/fmeng/tmpcghV8TLFVHETauAnalyzerMVA-ZZJets/job.dag: UNKNOWN stats: [30mUNKNOWN[0m(96)
INFO:__main__:/nfs_scratch/fmeng/tmpcghV8TLFVHETauAnalyzerMVA-ZZJets/job.dag: UNKNOWN stats: [30mUNKNOWN[0m(96)
INFO:__main__:/nfs_scratch/fmeng/tmpcghV8TLFVHETauAnalyzerMVA-ZZJets/job.dag: UNKNOWN stats: [30mUNKNOWN[0m(96)
INFO:__main__:/nfs_scratch/fmeng/tmpcghV8TLFVHETauAnalyzerMVA-ZZJets/job.dag: UNKNOWN stats: [30mUNKNOWN[0m(96)
INFO:__main__:/nfs_scratch/fmeng/tmpcghV8TLFVHETauAnalyzerMVA-ZZJets/job.dag: UNKNOWN stats: [30mUNKNOWN[0m(96)
INFO:__main__:/nfs_scratch/fmeng/tmpcghV8TLFVHETauAnalyzerMVA-ZZJets/job.dag: UNKNOWN stats: [30mUNKNOWN[0m(96)
INFO:__main__:/nfs_scratch/fmeng/tmpcghV8TLFVHETauAnalyzerMVA-ZZJets/job.dag: UNKNOWN stats: [30mUNKNOWN[0m(96)
INFO:__main__:/nfs_scratch/fmeng/tmpcghV8TLFVHETauAnalyzerMVA-ZZJets/job.dag: UNKNOWN stats: [30mUNKNOWN[0m(96)
INFO:__main__:/nfs_scratch/fmeng/tmpcghV8TLFVHETauAnalyzerMVA-ZZJets/job.dag: UNKNOWN stats: [30mUNKNOWN[0m(96)
INFO:__main__:/nfs_scratch/fmeng/tmpcghV8TLFVHETauAnalyzerMVA-ZZJets/job.dag: UNKNOWN stats: [30mUNKNOWN[0m(96)
INFO:__main__:/nfs_scratch/fmeng/tmpcghV8TLFVHETauAnalyzerMVA-ZZJets/job.dag: STATUS_SUBMITTED stats: [33mSTATUS_SUBMITTED[0m(15) [34mSTATUS_UNREADY[0m(10) [36mSTATUS_READY[0m(71)
INFO:__main__:/nfs_scratch/fmeng/tmpcghV8TLFVHETauAnalyzerMVA-ZZJets/job.dag: STATUS_SUBMITTED stats: [33mSTATUS_SUBMITTED[0m(15) [34mSTATUS_UNREADY[0m(10) [36mSTATUS_READY[0m(71)
INFO:__main__:/nfs_scratch/fmeng/tmpcghV8TLFVHETauAnalyzerMVA-ZZJets/job.dag: STATUS_SUBMITTED stats: [33mSTATUS_SUBMITTED[0m(15) [34mSTATUS_UNREADY[0m(10) [36mSTATUS_READY[0m(71)
INFO:__main__:/nfs_scratch/fmeng/tmpcghV8TLFVHETauAnalyzerMVA-ZZJets/job.dag: STATUS_SUBMITTED stats: [33mSTATUS_SUBMITTED[0m(15) [34mSTATUS_UNREADY[0m(10) [36mSTATUS_READY[0m(71)
INFO:__main__:/nfs_scratch/fmeng/tmpcghV8TLFVHETauAnalyzerMVA-ZZJets/job.dag: STATUS_SUBMITTED stats: [33mSTATUS_SUBMITTED[0m(15) [34mSTATUS_UNREADY[0m(10) [36mSTATUS_READY[0m(71)
INFO:__main__:/nfs_scratch/fmeng/tmpcghV8TLFVHETauAnalyzerMVA-ZZJets/job.dag: STATUS_SUBMITTED stats: [33mSTATUS_SUBMITTED[0m(15) [34mSTATUS_UNREADY[0m(10) [36mSTATUS_READY[0m(71)
INFO:__main__:/nfs_scratch/fmeng/tmpcghV8TLFVHETauAnalyzerMVA-ZZJets/job.dag: STATUS_SUBMITTED stats: [33mSTATUS_SUBMITTED[0m(15) [34mSTATUS_UNREADY[0m(10) [36mSTATUS_READY[0m(71)
INFO:__main__:/nfs_scratch/fmeng/tmpcghV8TLFVHETauAnalyzerMVA-ZZJets/job.dag: STATUS_SUBMITTED stats: [33mSTATUS_SUBMITTED[0m(15) [34mSTATUS_UNREADY[0m(10) [36mSTATUS_READY[0m(71)
INFO:__main__:/nfs_scratch/fmeng/tmpcghV8TLFVHETauAnalyzerMVA-ZZJets/job.dag: STATUS_SUBMITTED stats: [33mSTATUS_SUBMITTED[0m(15) [34mSTATUS_UNREADY[0m(10) [36mSTATUS_READY[0m(71)
INFO:__main__:/nfs_scratch/fmeng/tmpcghV8TLFVHETauAnalyzerMVA-ZZJets/job.dag: STATUS_SUBMITTED stats: [33mSTATUS_SUBMITTED[0m(15) [34mSTATUS_UNREADY[0m(10) [36mSTATUS_READY[0m(71)
INFO:__main__:/nfs_scratch/fmeng/tmpcghV8TLFVHETauAnalyzerMVA-ZZJets/job.dag: STATUS_SUBMITTED stats: [33mSTATUS_SUBMITTED[0m(30) [34mSTATUS_UNREADY[0m(10) [36mSTATUS_READY[0m(56)
INFO:__main__:/nfs_scratch/fmeng/tmpcghV8TLFVHETauAnalyzerMVA-ZZJets/job.dag: STATUS_SUBMITTED stats: [33mSTATUS_SUBMITTED[0m(30) [34mSTATUS_UNREADY[0m(10) [36mSTATUS_READY[0m(56)
INFO:__main__:/nfs_scratch/fmeng/tmpcghV8TLFVHETauAnalyzerMVA-ZZJets/job.dag: STATUS_SUBMITTED stats: [33mSTATUS_SUBMITTED[0m(30) [34mSTATUS_UNREADY[0m(10) [36mSTATUS_READY[0m(56)
INFO:__main__:/nfs_scratch/fmeng/tmpcghV8TLFVHETauAnalyzerMVA-ZZJets/job.dag: STATUS_SUBMITTED stats: [33mSTATUS_SUBMITTED[0m(30) [34mSTATUS_UNREADY[0m(10) [36mSTATUS_READY[0m(56)
INFO:__main__:/nfs_scratch/fmeng/tmpcghV8TLFVHETauAnalyzerMVA-ZZJets/job.dag: STATUS_SUBMITTED stats: [33mSTATUS_SUBMITTED[0m(30) [34mSTATUS_UNREADY[0m(10) [36mSTATUS_READY[0m(56)
INFO:__main__:/nfs_scratch/fmeng/tmpcghV8TLFVHETauAnalyzerMVA-ZZJets/job.dag: STATUS_SUBMITTED stats: [33mSTATUS_SUBMITTED[0m(30) [34mSTATUS_UNREADY[0m(10) [36mSTATUS_READY[0m(56)
INFO:__main__:/nfs_scratch/fmeng/tmpcghV8TLFVHETauAnalyzerMVA-ZZJets/job.dag: STATUS_SUBMITTED stats: [33mSTATUS_SUBMITTED[0m(30) [34mSTATUS_UNREADY[0m(10) [36mSTATUS_READY[0m(56)
INFO:__main__:/nfs_scratch/fmeng/tmpcghV8TLFVHETauAnalyzerMVA-ZZJets/job.dag: STATUS_SUBMITTED stats: [33mSTATUS_SUBMITTED[0m(30) [34mSTATUS_UNREADY[0m(10) [36mSTATUS_READY[0m(56)
INFO:__main__:/nfs_scratch/fmeng/tmpcghV8TLFVHETauAnalyzerMVA-ZZJets/job.dag: STATUS_SUBMITTED stats: [33mSTATUS_SUBMITTED[0m(30) [34mSTATUS_UNREADY[0m(10) [36mSTATUS_READY[0m(56)
INFO:__main__:/nfs_scratch/fmeng/tmpcghV8TLFVHETauAnalyzerMVA-ZZJets/job.dag: STATUS_SUBMITTED stats: [33mSTATUS_SUBMITTED[0m(45) [34mSTATUS_UNREADY[0m(10) [36mSTATUS_READY[0m(41)
INFO:__main__:/nfs_scratch/fmeng/tmpcghV8TLFVHETauAnalyzerMVA-ZZJets/job.dag: STATUS_SUBMITTED stats: [33mSTATUS_SUBMITTED[0m(45) [34mSTATUS_UNREADY[0m(10) [36mSTATUS_READY[0m(41)
INFO:__main__:/nfs_scratch/fmeng/tmpcghV8TLFVHETauAnalyzerMVA-ZZJets/job.dag: STATUS_SUBMITTED stats: [33mSTATUS_SUBMITTED[0m(45) [34mSTATUS_UNREADY[0m(10) [36mSTATUS_READY[0m(41)
INFO:__main__:/nfs_scratch/fmeng/tmpcghV8TLFVHETauAnalyzerMVA-ZZJets/job.dag: STATUS_SUBMITTED stats: [33mSTATUS_SUBMITTED[0m(45) [34mSTATUS_UNREADY[0m(10) [36mSTATUS_READY[0m(41)
INFO:__main__:/nfs_scratch/fmeng/tmpcghV8TLFVHETauAnalyzerMVA-ZZJets/job.dag: STATUS_SUBMITTED stats: [33mSTATUS_SUBMITTED[0m(45) [34mSTATUS_UNREADY[0m(10) [36mSTATUS_READY[0m(41)
INFO:__main__:/nfs_scratch/fmeng/tmpcghV8TLFVHETauAnalyzerMVA-ZZJets/job.dag: STATUS_SUBMITTED stats: [33mSTATUS_SUBMITTED[0m(45) [34mSTATUS_UNREADY[0m(10) [36mSTATUS_READY[0m(41)
INFO:__main__:/nfs_scratch/fmeng/tmpcghV8TLFVHETauAnalyzerMVA-ZZJets/job.dag: STATUS_SUBMITTED stats: [33mSTATUS_SUBMITTED[0m(45) [34mSTATUS_UNREADY[0m(10) [36mSTATUS_READY[0m(41)
INFO:__main__:/nfs_scratch/fmeng/tmpcghV8TLFVHETauAnalyzerMVA-ZZJets/job.dag: STATUS_SUBMITTED stats: [33mSTATUS_SUBMITTED[0m(45) [34mSTATUS_UNREADY[0m(10) [36mSTATUS_READY[0m(41)
INFO:__main__:/nfs_scratch/fmeng/tmpcghV8TLFVHETauAnalyzerMVA-ZZJets/job.dag: STATUS_SUBMITTED stats: [33mSTATUS_SUBMITTED[0m(45) [34mSTATUS_UNREADY[0m(10) [36mSTATUS_READY[0m(41)
INFO:__main__:/nfs_scratch/fmeng/tmpcghV8TLFVHETauAnalyzerMVA-ZZJets/job.dag: STATUS_SUBMITTED stats: [33mSTATUS_SUBMITTED[0m(45) [34mSTATUS_UNREADY[0m(10) [36mSTATUS_READY[0m(41)
INFO:__main__:/nfs_scratch/fmeng/tmpcghV8TLFVHETauAnalyzerMVA-ZZJets/job.dag: STATUS_SUBMITTED stats: [33mSTATUS_SUBMITTED[0m(45) [34mSTATUS_UNREADY[0m(10) [36mSTATUS_READY[0m(41)
INFO:__main__:/nfs_scratch/fmeng/tmpcghV8TLFVHETauAnalyzerMVA-ZZJets/job.dag: STATUS_SUBMITTED stats: [33mSTATUS_SUBMITTED[0m(45) [34mSTATUS_UNREADY[0m(10) [36mSTATUS_READY[0m(41)
INFO:__main__:/nfs_scratch/fmeng/tmpcghV8TLFVHETauAnalyzerMVA-ZZJets/job.dag: STATUS_SUBMITTED stats: [33mSTATUS_SUBMITTED[0m(45) [34mSTATUS_UNREADY[0m(10) [36mSTATUS_READY[0m(41)
INFO:__main__:/nfs_scratch/fmeng/tmpcghV8TLFVHETauAnalyzerMVA-ZZJets/job.dag: STATUS_SUBMITTED stats: [33mSTATUS_SUBMITTED[0m(60) [34mSTATUS_UNREADY[0m(10) [36mSTATUS_READY[0m(26)
INFO:__main__:/nfs_scratch/fmeng/tmpcghV8TLFVHETauAnalyzerMVA-ZZJets/job.dag: STATUS_SUBMITTED stats: [33mSTATUS_SUBMITTED[0m(60) [34mSTATUS_UNREADY[0m(10) [36mSTATUS_READY[0m(26)
INFO:__main__:/nfs_scratch/fmeng/tmpcghV8TLFVHETauAnalyzerMVA-ZZJets/job.dag: STATUS_SUBMITTED stats: [33mSTATUS_SUBMITTED[0m(60) [34mSTATUS_UNREADY[0m(10) [36mSTATUS_READY[0m(26)
INFO:__main__:/nfs_scratch/fmeng/tmpcghV8TLFVHETauAnalyzerMVA-ZZJets/job.dag: STATUS_SUBMITTED stats: [33mSTATUS_SUBMITTED[0m(60) [34mSTATUS_UNREADY[0m(10) [36mSTATUS_READY[0m(26)
INFO:__main__:/nfs_scratch/fmeng/tmpcghV8TLFVHETauAnalyzerMVA-ZZJets/job.dag: STATUS_SUBMITTED stats: [33mSTATUS_SUBMITTED[0m(60) [34mSTATUS_UNREADY[0m(10) [36mSTATUS_READY[0m(26)
INFO:__main__:/nfs_scratch/fmeng/tmpcghV8TLFVHETauAnalyzerMVA-ZZJets/job.dag: STATUS_SUBMITTED stats: [33mSTATUS_SUBMITTED[0m(60) [34mSTATUS_UNREADY[0m(10) [36mSTATUS_READY[0m(26)
INFO:__main__:/nfs_scratch/fmeng/tmpcghV8TLFVHETauAnalyzerMVA-ZZJets/job.dag: STATUS_SUBMITTED stats: [33mSTATUS_SUBMITTED[0m(60) [34mSTATUS_UNREADY[0m(10) [36mSTATUS_READY[0m(26)
INFO:__main__:/nfs_scratch/fmeng/tmpcghV8TLFVHETauAnalyzerMVA-ZZJets/job.dag: STATUS_SUBMITTED stats: [33mSTATUS_SUBMITTED[0m(60) [34mSTATUS_UNREADY[0m(10) [36mSTATUS_READY[0m(26)
INFO:__main__:/nfs_scratch/fmeng/tmpcghV8TLFVHETauAnalyzerMVA-ZZJets/job.dag: STATUS_SUBMITTED stats: [33mSTATUS_SUBMITTED[0m(60) [34mSTATUS_UNREADY[0m(10) [36mSTATUS_READY[0m(26)
INFO:__main__:/nfs_scratch/fmeng/tmpcghV8TLFVHETauAnalyzerMVA-ZZJets/job.dag: STATUS_SUBMITTED stats: [33mSTATUS_SUBMITTED[0m(60) [34mSTATUS_UNREADY[0m(10) [36mSTATUS_READY[0m(26)
INFO:__main__:/nfs_scratch/fmeng/tmpcghV8TLFVHETauAnalyzerMVA-ZZJets/job.dag: STATUS_SUBMITTED stats: [33mSTATUS_SUBMITTED[0m(60) [34mSTATUS_UNREADY[0m(10) [36mSTATUS_READY[0m(26)
INFO:__main__:/nfs_scratch/fmeng/tmpcghV8TLFVHETauAnalyzerMVA-ZZJets/job.dag: STATUS_SUBMITTED stats: [33mSTATUS_SUBMITTED[0m(60) [34mSTATUS_UNREADY[0m(10) [36mSTATUS_READY[0m(26)
INFO:__main__:/nfs_scratch/fmeng/tmpcghV8TLFVHETauAnalyzerMVA-ZZJets/job.dag: STATUS_SUBMITTED stats: [33mSTATUS_SUBMITTED[0m(60) [34mSTATUS_UNREADY[0m(10) [36mSTATUS_READY[0m(26)
INFO:__main__:/nfs_scratch/fmeng/tmpcghV8TLFVHETauAnalyzerMVA-ZZJets/job.dag: STATUS_SUBMITTED stats: [33mSTATUS_SUBMITTED[0m(60) [34mSTATUS_UNREADY[0m(10) [36mSTATUS_READY[0m(26)
INFO:__main__:/nfs_scratch/fmeng/tmpcghV8TLFVHETauAnalyzerMVA-ZZJets/job.dag: STATUS_SUBMITTED stats: [33mSTATUS_SUBMITTED[0m(75) [34mSTATUS_UNREADY[0m(10) [36mSTATUS_READY[0m(11)
INFO:__main__:/nfs_scratch/fmeng/tmpcghV8TLFVHETauAnalyzerMVA-ZZJets/job.dag: STATUS_SUBMITTED stats: [33mSTATUS_SUBMITTED[0m(75) [34mSTATUS_UNREADY[0m(10) [36mSTATUS_READY[0m(11)
INFO:__main__:/nfs_scratch/fmeng/tmpcghV8TLFVHETauAnalyzerMVA-ZZJets/job.dag: STATUS_SUBMITTED stats: [33mSTATUS_SUBMITTED[0m(75) [34mSTATUS_UNREADY[0m(10) [36mSTATUS_READY[0m(11)
INFO:__main__:/nfs_scratch/fmeng/tmpcghV8TLFVHETauAnalyzerMVA-ZZJets/job.dag: STATUS_SUBMITTED stats: [33mSTATUS_SUBMITTED[0m(75) [34mSTATUS_UNREADY[0m(10) [36mSTATUS_READY[0m(11)
INFO:__main__:/nfs_scratch/fmeng/tmpcghV8TLFVHETauAnalyzerMVA-ZZJets/job.dag: STATUS_SUBMITTED stats: [33mSTATUS_SUBMITTED[0m(75) [34mSTATUS_UNREADY[0m(10) [36mSTATUS_READY[0m(11)
INFO:__main__:/nfs_scratch/fmeng/tmpcghV8TLFVHETauAnalyzerMVA-ZZJets/job.dag: STATUS_SUBMITTED stats: [33mSTATUS_SUBMITTED[0m(75) [34mSTATUS_UNREADY[0m(10) [36mSTATUS_READY[0m(11)
INFO:__main__:/nfs_scratch/fmeng/tmpcghV8TLFVHETauAnalyzerMVA-ZZJets/job.dag: STATUS_SUBMITTED stats: [33mSTATUS_SUBMITTED[0m(75) [34mSTATUS_UNREADY[0m(10) [36mSTATUS_READY[0m(11)
INFO:__main__:/nfs_scratch/fmeng/tmpcghV8TLFVHETauAnalyzerMVA-ZZJets/job.dag: STATUS_SUBMITTED stats: [33mSTATUS_SUBMITTED[0m(75) [34mSTATUS_UNREADY[0m(10) [36mSTATUS_READY[0m(11)
INFO:__main__:/nfs_scratch/fmeng/tmpcghV8TLFVHETauAnalyzerMVA-ZZJets/job.dag: STATUS_SUBMITTED stats: [33mSTATUS_SUBMITTED[0m(75) [34mSTATUS_UNREADY[0m(10) [36mSTATUS_READY[0m(11)
INFO:__main__:/nfs_scratch/fmeng/tmpcghV8TLFVHETauAnalyzerMVA-ZZJets/job.dag: STATUS_SUBMITTED stats: [33mSTATUS_SUBMITTED[0m(75) [34mSTATUS_UNREADY[0m(10) [36mSTATUS_READY[0m(11)
INFO:__main__:/nfs_scratch/fmeng/tmpcghV8TLFVHETauAnalyzerMVA-ZZJets/job.dag: STATUS_SUBMITTED stats: [33mSTATUS_SUBMITTED[0m(75) [34mSTATUS_UNREADY[0m(10) [36mSTATUS_READY[0m(11)
INFO:__main__:/nfs_scratch/fmeng/tmpcghV8TLFVHETauAnalyzerMVA-ZZJets/job.dag: STATUS_SUBMITTED stats: [33mSTATUS_SUBMITTED[0m(75) [34mSTATUS_UNREADY[0m(10) [36mSTATUS_READY[0m(11)
INFO:__main__:/nfs_scratch/fmeng/tmpcghV8TLFVHETauAnalyzerMVA-ZZJets/job.dag: STATUS_SUBMITTED stats: [33mSTATUS_SUBMITTED[0m(75) [34mSTATUS_UNREADY[0m(10) [36mSTATUS_READY[0m(11)
INFO:__main__:/nfs_scratch/fmeng/tmpcghV8TLFVHETauAnalyzerMVA-ZZJets/job.dag: STATUS_SUBMITTED stats: [33mSTATUS_SUBMITTED[0m(75) [34mSTATUS_UNREADY[0m(10) [36mSTATUS_READY[0m(11)
INFO:__main__:/nfs_scratch/fmeng/tmpcghV8TLFVHETauAnalyzerMVA-ZZJets/job.dag: STATUS_SUBMITTED stats: [33mSTATUS_SUBMITTED[0m(75) [34mSTATUS_UNREADY[0m(10) [36mSTATUS_READY[0m(11)
INFO:__main__:/nfs_scratch/fmeng/tmpcghV8TLFVHETauAnalyzerMVA-ZZJets/job.dag: STATUS_SUBMITTED stats: [33mSTATUS_SUBMITTED[0m(81) [32mSTATUS_DONE[0m(5) [34mSTATUS_UNREADY[0m(10)
INFO:__main__:/nfs_scratch/fmeng/tmpcghV8TLFVHETauAnalyzerMVA-ZZJets/job.dag: STATUS_SUBMITTED stats: [33mSTATUS_SUBMITTED[0m(81) [32mSTATUS_DONE[0m(5) [34mSTATUS_UNREADY[0m(10)
INFO:__main__:/nfs_scratch/fmeng/tmpcghV8TLFVHETauAnalyzerMVA-ZZJets/job.dag: STATUS_SUBMITTED stats: [33mSTATUS_SUBMITTED[0m(81) [32mSTATUS_DONE[0m(5) [34mSTATUS_UNREADY[0m(10)
INFO:__main__:/nfs_scratch/fmeng/tmpcghV8TLFVHETauAnalyzerMVA-ZZJets/job.dag: STATUS_SUBMITTED stats: [33mSTATUS_SUBMITTED[0m(81) [32mSTATUS_DONE[0m(5) [34mSTATUS_UNREADY[0m(10)
INFO:__main__:/nfs_scratch/fmeng/tmpcghV8TLFVHETauAnalyzerMVA-ZZJets/job.dag: STATUS_SUBMITTED stats: [33mSTATUS_SUBMITTED[0m(81) [32mSTATUS_DONE[0m(5) [34mSTATUS_UNREADY[0m(10)
INFO:__main__:/nfs_scratch/fmeng/tmpcghV8TLFVHETauAnalyzerMVA-ZZJets/job.dag: STATUS_SUBMITTED stats: [33mSTATUS_SUBMITTED[0m(77) [32mSTATUS_DONE[0m(9) [34mSTATUS_UNREADY[0m(10)
INFO:__main__:/nfs_scratch/fmeng/tmpcghV8TLFVHETauAnalyzerMVA-ZZJets/job.dag: STATUS_SUBMITTED stats: [33mSTATUS_SUBMITTED[0m(77) [32mSTATUS_DONE[0m(9) [34mSTATUS_UNREADY[0m(10)
INFO:__main__:/nfs_scratch/fmeng/tmpcghV8TLFVHETauAnalyzerMVA-ZZJets/job.dag: STATUS_SUBMITTED stats: [33mSTATUS_SUBMITTED[0m(77) [32mSTATUS_DONE[0m(9) [34mSTATUS_UNREADY[0m(10)
INFO:__main__:/nfs_scratch/fmeng/tmpcghV8TLFVHETauAnalyzerMVA-ZZJets/job.dag: STATUS_SUBMITTED stats: [33mSTATUS_SUBMITTED[0m(77) [32mSTATUS_DONE[0m(9) [34mSTATUS_UNREADY[0m(10)
INFO:__main__:/nfs_scratch/fmeng/tmpcghV8TLFVHETauAnalyzerMVA-ZZJets/job.dag: STATUS_SUBMITTED stats: [33mSTATUS_SUBMITTED[0m(77) [32mSTATUS_DONE[0m(9) [34mSTATUS_UNREADY[0m(10)
INFO:__main__:/nfs_scratch/fmeng/tmpcghV8TLFVHETauAnalyzerMVA-ZZJets/job.dag: STATUS_SUBMITTED stats: [33mSTATUS_SUBMITTED[0m(77) [32mSTATUS_DONE[0m(9) [34mSTATUS_UNREADY[0m(10)
INFO:__main__:/nfs_scratch/fmeng/tmpcghV8TLFVHETauAnalyzerMVA-ZZJets/job.dag: STATUS_SUBMITTED stats: [33mSTATUS_SUBMITTED[0m(74) [32mSTATUS_DONE[0m(12) [34mSTATUS_UNREADY[0m(10)
INFO:__main__:/nfs_scratch/fmeng/tmpcghV8TLFVHETauAnalyzerMVA-ZZJets/job.dag: STATUS_SUBMITTED stats: [33mSTATUS_SUBMITTED[0m(74) [32mSTATUS_DONE[0m(12) [34mSTATUS_UNREADY[0m(10)
INFO:__main__:/nfs_scratch/fmeng/tmpcghV8TLFVHETauAnalyzerMVA-ZZJets/job.dag: STATUS_SUBMITTED stats: [33mSTATUS_SUBMITTED[0m(74) [32mSTATUS_DONE[0m(12) [34mSTATUS_UNREADY[0m(10)
INFO:__main__:/nfs_scratch/fmeng/tmpcghV8TLFVHETauAnalyzerMVA-ZZJets/job.dag: STATUS_SUBMITTED stats: [33mSTATUS_SUBMITTED[0m(74) [32mSTATUS_DONE[0m(12) [34mSTATUS_UNREADY[0m(10)
INFO:__main__:/nfs_scratch/fmeng/tmpcghV8TLFVHETauAnalyzerMVA-ZZJets/job.dag: STATUS_SUBMITTED stats: [33mSTATUS_SUBMITTED[0m(74) [32mSTATUS_DONE[0m(12) [34mSTATUS_UNREADY[0m(10)
INFO:__main__:/nfs_scratch/fmeng/tmpcghV8TLFVHETauAnalyzerMVA-ZZJets/job.dag: STATUS_SUBMITTED stats: [33mSTATUS_SUBMITTED[0m(74) [32mSTATUS_DONE[0m(12) [34mSTATUS_UNREADY[0m(10)
INFO:__main__:/nfs_scratch/fmeng/tmpcghV8TLFVHETauAnalyzerMVA-ZZJets/job.dag: STATUS_SUBMITTED stats: [33mSTATUS_SUBMITTED[0m(74) [32mSTATUS_DONE[0m(12) [34mSTATUS_UNREADY[0m(10)
INFO:__main__:/nfs_scratch/fmeng/tmpcghV8TLFVHETauAnalyzerMVA-ZZJets/job.dag: STATUS_SUBMITTED stats: [33mSTATUS_SUBMITTED[0m(71) [32mSTATUS_DONE[0m(15) [34mSTATUS_UNREADY[0m(10)
INFO:__main__:/nfs_scratch/fmeng/tmpcghV8TLFVHETauAnalyzerMVA-ZZJets/job.dag: STATUS_SUBMITTED stats: [33mSTATUS_SUBMITTED[0m(71) [32mSTATUS_DONE[0m(15) [34mSTATUS_UNREADY[0m(10)
INFO:__main__:/nfs_scratch/fmeng/tmpcghV8TLFVHETauAnalyzerMVA-ZZJets/job.dag: STATUS_SUBMITTED stats: [33mSTATUS_SUBMITTED[0m(71) [32mSTATUS_DONE[0m(15) [34mSTATUS_UNREADY[0m(10)
INFO:__main__:/nfs_scratch/fmeng/tmpcghV8TLFVHETauAnalyzerMVA-ZZJets/job.dag: STATUS_SUBMITTED stats: [33mSTATUS_SUBMITTED[0m(71) [32mSTATUS_DONE[0m(15) [34mSTATUS_UNREADY[0m(10)
INFO:__main__:/nfs_scratch/fmeng/tmpcghV8TLFVHETauAnalyzerMVA-ZZJets/job.dag: STATUS_SUBMITTED stats: [33mSTATUS_SUBMITTED[0m(71) [32mSTATUS_DONE[0m(15) [34mSTATUS_UNREADY[0m(10)
INFO:__main__:/nfs_scratch/fmeng/tmpcghV8TLFVHETauAnalyzerMVA-ZZJets/job.dag: STATUS_SUBMITTED stats: [33mSTATUS_SUBMITTED[0m(71) [32mSTATUS_DONE[0m(15) [34mSTATUS_UNREADY[0m(10)
INFO:__main__:/nfs_scratch/fmeng/tmpcghV8TLFVHETauAnalyzerMVA-ZZJets/job.dag: STATUS_SUBMITTED stats: [33mSTATUS_SUBMITTED[0m(68) [32mSTATUS_DONE[0m(18) [34mSTATUS_UNREADY[0m(10)
INFO:__main__:/nfs_scratch/fmeng/tmpcghV8TLFVHETauAnalyzerMVA-ZZJets/job.dag: STATUS_SUBMITTED stats: [33mSTATUS_SUBMITTED[0m(68) [32mSTATUS_DONE[0m(18) [34mSTATUS_UNREADY[0m(10)
INFO:__main__:/nfs_scratch/fmeng/tmpcghV8TLFVHETauAnalyzerMVA-ZZJets/job.dag: STATUS_SUBMITTED stats: [33mSTATUS_SUBMITTED[0m(68) [32mSTATUS_DONE[0m(18) [34mSTATUS_UNREADY[0m(10)
INFO:__main__:/nfs_scratch/fmeng/tmpcghV8TLFVHETauAnalyzerMVA-ZZJets/job.dag: STATUS_SUBMITTED stats: [33mSTATUS_SUBMITTED[0m(68) [32mSTATUS_DONE[0m(18) [34mSTATUS_UNREADY[0m(10)
INFO:__main__:/nfs_scratch/fmeng/tmpcghV8TLFVHETauAnalyzerMVA-ZZJets/job.dag: STATUS_SUBMITTED stats: [33mSTATUS_SUBMITTED[0m(68) [32mSTATUS_DONE[0m(18) [34mSTATUS_UNREADY[0m(10)
INFO:__main__:/nfs_scratch/fmeng/tmpcghV8TLFVHETauAnalyzerMVA-ZZJets/job.dag: STATUS_SUBMITTED stats: [33mSTATUS_SUBMITTED[0m(68) [32mSTATUS_DONE[0m(18) [34mSTATUS_UNREADY[0m(10)
INFO:__main__:/nfs_scratch/fmeng/tmpcghV8TLFVHETauAnalyzerMVA-ZZJets/job.dag: STATUS_SUBMITTED stats: [33mSTATUS_SUBMITTED[0m(60) [32mSTATUS_DONE[0m(26) [34mSTATUS_UNREADY[0m(10)
INFO:__main__:/nfs_scratch/fmeng/tmpcghV8TLFVHETauAnalyzerMVA-ZZJets/job.dag: STATUS_SUBMITTED stats: [33mSTATUS_SUBMITTED[0m(60) [32mSTATUS_DONE[0m(26) [34mSTATUS_UNREADY[0m(10)
INFO:__main__:/nfs_scratch/fmeng/tmpcghV8TLFVHETauAnalyzerMVA-ZZJets/job.dag: STATUS_SUBMITTED stats: [33mSTATUS_SUBMITTED[0m(60) [32mSTATUS_DONE[0m(26) [34mSTATUS_UNREADY[0m(10)
INFO:__main__:/nfs_scratch/fmeng/tmpcghV8TLFVHETauAnalyzerMVA-ZZJets/job.dag: STATUS_SUBMITTED stats: [33mSTATUS_SUBMITTED[0m(60) [32mSTATUS_DONE[0m(26) [34mSTATUS_UNREADY[0m(10)
INFO:__main__:/nfs_scratch/fmeng/tmpcghV8TLFVHETauAnalyzerMVA-ZZJets/job.dag: STATUS_SUBMITTED stats: [33mSTATUS_SUBMITTED[0m(60) [32mSTATUS_DONE[0m(26) [34mSTATUS_UNREADY[0m(10)
INFO:__main__:/nfs_scratch/fmeng/tmpcghV8TLFVHETauAnalyzerMVA-ZZJets/job.dag: STATUS_SUBMITTED stats: [33mSTATUS_SUBMITTED[0m(60) [32mSTATUS_DONE[0m(26) [34mSTATUS_UNREADY[0m(10)
INFO:__main__:/nfs_scratch/fmeng/tmpcghV8TLFVHETauAnalyzerMVA-ZZJets/job.dag: STATUS_SUBMITTED stats: [33mSTATUS_SUBMITTED[0m(53) [32mSTATUS_DONE[0m(33) [34mSTATUS_UNREADY[0m(10)
INFO:__main__:/nfs_scratch/fmeng/tmpcghV8TLFVHETauAnalyzerMVA-ZZJets/job.dag: STATUS_SUBMITTED stats: [33mSTATUS_SUBMITTED[0m(53) [32mSTATUS_DONE[0m(33) [34mSTATUS_UNREADY[0m(10)
INFO:__main__:/nfs_scratch/fmeng/tmpcghV8TLFVHETauAnalyzerMVA-ZZJets/job.dag: STATUS_SUBMITTED stats: [33mSTATUS_SUBMITTED[0m(53) [32mSTATUS_DONE[0m(33) [34mSTATUS_UNREADY[0m(10)
INFO:__main__:/nfs_scratch/fmeng/tmpcghV8TLFVHETauAnalyzerMVA-ZZJets/job.dag: STATUS_SUBMITTED stats: [33mSTATUS_SUBMITTED[0m(53) [32mSTATUS_DONE[0m(33) [34mSTATUS_UNREADY[0m(10)
INFO:__main__:/nfs_scratch/fmeng/tmpcghV8TLFVHETauAnalyzerMVA-ZZJets/job.dag: STATUS_SUBMITTED stats: [33mSTATUS_SUBMITTED[0m(53) [32mSTATUS_DONE[0m(33) [34mSTATUS_UNREADY[0m(10)
INFO:__main__:/nfs_scratch/fmeng/tmpcghV8TLFVHETauAnalyzerMVA-ZZJets/job.dag: STATUS_SUBMITTED stats: [33mSTATUS_SUBMITTED[0m(53) [32mSTATUS_DONE[0m(33) [34mSTATUS_UNREADY[0m(10)
INFO:__main__:/nfs_scratch/fmeng/tmpcghV8TLFVHETauAnalyzerMVA-ZZJets/job.dag: STATUS_SUBMITTED stats: [33mSTATUS_SUBMITTED[0m(46) [32mSTATUS_DONE[0m(40) [34mSTATUS_UNREADY[0m(10)
INFO:__main__:/nfs_scratch/fmeng/tmpcghV8TLFVHETauAnalyzerMVA-ZZJets/job.dag: STATUS_SUBMITTED stats: [33mSTATUS_SUBMITTED[0m(46) [32mSTATUS_DONE[0m(40) [34mSTATUS_UNREADY[0m(10)
INFO:__main__:/nfs_scratch/fmeng/tmpcghV8TLFVHETauAnalyzerMVA-ZZJets/job.dag: STATUS_SUBMITTED stats: [33mSTATUS_SUBMITTED[0m(46) [32mSTATUS_DONE[0m(40) [34mSTATUS_UNREADY[0m(10)
INFO:__main__:/nfs_scratch/fmeng/tmpcghV8TLFVHETauAnalyzerMVA-ZZJets/job.dag: STATUS_SUBMITTED stats: [33mSTATUS_SUBMITTED[0m(46) [32mSTATUS_DONE[0m(40) [34mSTATUS_UNREADY[0m(10)
INFO:__main__:/nfs_scratch/fmeng/tmpcghV8TLFVHETauAnalyzerMVA-ZZJets/job.dag: STATUS_SUBMITTED stats: [33mSTATUS_SUBMITTED[0m(46) [32mSTATUS_DONE[0m(40) [34mSTATUS_UNREADY[0m(10)
INFO:__main__:/nfs_scratch/fmeng/tmpcghV8TLFVHETauAnalyzerMVA-ZZJets/job.dag: STATUS_SUBMITTED stats: [33mSTATUS_SUBMITTED[0m(46) [32mSTATUS_DONE[0m(40) [34mSTATUS_UNREADY[0m(10)
INFO:__main__:/nfs_scratch/fmeng/tmpcghV8TLFVHETauAnalyzerMVA-ZZJets/job.dag: STATUS_SUBMITTED stats: [33mSTATUS_SUBMITTED[0m(46) [32mSTATUS_DONE[0m(40) [34mSTATUS_UNREADY[0m(10)
INFO:__main__:/nfs_scratch/fmeng/tmpcghV8TLFVHETauAnalyzerMVA-ZZJets/job.dag: STATUS_SUBMITTED stats: [33mSTATUS_SUBMITTED[0m(44) [32mSTATUS_DONE[0m(42) [34mSTATUS_UNREADY[0m(10)
INFO:__main__:/nfs_scratch/fmeng/tmpcghV8TLFVHETauAnalyzerMVA-ZZJets/job.dag: STATUS_SUBMITTED stats: [33mSTATUS_SUBMITTED[0m(44) [32mSTATUS_DONE[0m(42) [34mSTATUS_UNREADY[0m(10)
INFO:__main__:/nfs_scratch/fmeng/tmpcghV8TLFVHETauAnalyzerMVA-ZZJets/job.dag: STATUS_SUBMITTED stats: [33mSTATUS_SUBMITTED[0m(44) [32mSTATUS_DONE[0m(42) [34mSTATUS_UNREADY[0m(10)
INFO:__main__:/nfs_scratch/fmeng/tmpcghV8TLFVHETauAnalyzerMVA-ZZJets/job.dag: STATUS_SUBMITTED stats: [33mSTATUS_SUBMITTED[0m(44) [32mSTATUS_DONE[0m(42) [34mSTATUS_UNREADY[0m(10)
INFO:__main__:/nfs_scratch/fmeng/tmpcghV8TLFVHETauAnalyzerMVA-ZZJets/job.dag: STATUS_SUBMITTED stats: [33mSTATUS_SUBMITTED[0m(44) [32mSTATUS_DONE[0m(42) [34mSTATUS_UNREADY[0m(10)
INFO:__main__:/nfs_scratch/fmeng/tmpcghV8TLFVHETauAnalyzerMVA-ZZJets/job.dag: STATUS_SUBMITTED stats: [33mSTATUS_SUBMITTED[0m(39) [32mSTATUS_DONE[0m(47) [34mSTATUS_UNREADY[0m(10)
INFO:__main__:/nfs_scratch/fmeng/tmpcghV8TLFVHETauAnalyzerMVA-ZZJets/job.dag: STATUS_SUBMITTED stats: [33mSTATUS_SUBMITTED[0m(39) [32mSTATUS_DONE[0m(47) [34mSTATUS_UNREADY[0m(10)
INFO:__main__:/nfs_scratch/fmeng/tmpcghV8TLFVHETauAnalyzerMVA-ZZJets/job.dag: STATUS_SUBMITTED stats: [33mSTATUS_SUBMITTED[0m(39) [32mSTATUS_DONE[0m(47) [34mSTATUS_UNREADY[0m(10)
INFO:__main__:/nfs_scratch/fmeng/tmpcghV8TLFVHETauAnalyzerMVA-ZZJets/job.dag: STATUS_SUBMITTED stats: [33mSTATUS_SUBMITTED[0m(39) [32mSTATUS_DONE[0m(47) [34mSTATUS_UNREADY[0m(10)
INFO:__main__:/nfs_scratch/fmeng/tmpcghV8TLFVHETauAnalyzerMVA-ZZJets/job.dag: STATUS_SUBMITTED stats: [33mSTATUS_SUBMITTED[0m(39) [32mSTATUS_DONE[0m(47) [34mSTATUS_UNREADY[0m(10)
INFO:__main__:/nfs_scratch/fmeng/tmpcghV8TLFVHETauAnalyzerMVA-ZZJets/job.dag: STATUS_SUBMITTED stats: [33mSTATUS_SUBMITTED[0m(39) [32mSTATUS_DONE[0m(47) [34mSTATUS_UNREADY[0m(10)
INFO:__main__:/nfs_scratch/fmeng/tmpcghV8TLFVHETauAnalyzerMVA-ZZJets/job.dag: STATUS_SUBMITTED stats: [33mSTATUS_SUBMITTED[0m(39) [32mSTATUS_DONE[0m(47) [34mSTATUS_UNREADY[0m(10)
INFO:__main__:/nfs_scratch/fmeng/tmpcghV8TLFVHETauAnalyzerMVA-ZZJets/job.dag: STATUS_SUBMITTED stats: [33mSTATUS_SUBMITTED[0m(34) [32mSTATUS_DONE[0m(52) [34mSTATUS_UNREADY[0m(10)
INFO:__main__:/nfs_scratch/fmeng/tmpcghV8TLFVHETauAnalyzerMVA-ZZJets/job.dag: STATUS_SUBMITTED stats: [33mSTATUS_SUBMITTED[0m(34) [32mSTATUS_DONE[0m(52) [34mSTATUS_UNREADY[0m(10)
INFO:__main__:/nfs_scratch/fmeng/tmpcghV8TLFVHETauAnalyzerMVA-ZZJets/job.dag: STATUS_SUBMITTED stats: [33mSTATUS_SUBMITTED[0m(34) [32mSTATUS_DONE[0m(52) [34mSTATUS_UNREADY[0m(10)
INFO:__main__:/nfs_scratch/fmeng/tmpcghV8TLFVHETauAnalyzerMVA-ZZJets/job.dag: STATUS_SUBMITTED stats: [33mSTATUS_SUBMITTED[0m(34) [32mSTATUS_DONE[0m(52) [34mSTATUS_UNREADY[0m(10)
INFO:__main__:/nfs_scratch/fmeng/tmpcghV8TLFVHETauAnalyzerMVA-ZZJets/job.dag: STATUS_SUBMITTED stats: [33mSTATUS_SUBMITTED[0m(34) [32mSTATUS_DONE[0m(52) [34mSTATUS_UNREADY[0m(10)
INFO:__main__:/nfs_scratch/fmeng/tmpcghV8TLFVHETauAnalyzerMVA-ZZJets/job.dag: STATUS_SUBMITTED stats: [33mSTATUS_SUBMITTED[0m(32) [32mSTATUS_DONE[0m(54) [34mSTATUS_UNREADY[0m(10)
INFO:__main__:/nfs_scratch/fmeng/tmpcghV8TLFVHETauAnalyzerMVA-ZZJets/job.dag: STATUS_SUBMITTED stats: [33mSTATUS_SUBMITTED[0m(32) [32mSTATUS_DONE[0m(54) [34mSTATUS_UNREADY[0m(10)
INFO:__main__:/nfs_scratch/fmeng/tmpcghV8TLFVHETauAnalyzerMVA-ZZJets/job.dag: STATUS_SUBMITTED stats: [33mSTATUS_SUBMITTED[0m(32) [32mSTATUS_DONE[0m(54) [34mSTATUS_UNREADY[0m(10)
INFO:__main__:/nfs_scratch/fmeng/tmpcghV8TLFVHETauAnalyzerMVA-ZZJets/job.dag: STATUS_SUBMITTED stats: [33mSTATUS_SUBMITTED[0m(32) [32mSTATUS_DONE[0m(54) [34mSTATUS_UNREADY[0m(10)
INFO:__main__:/nfs_scratch/fmeng/tmpcghV8TLFVHETauAnalyzerMVA-ZZJets/job.dag: STATUS_SUBMITTED stats: [33mSTATUS_SUBMITTED[0m(32) [32mSTATUS_DONE[0m(54) [34mSTATUS_UNREADY[0m(10)
INFO:__main__:/nfs_scratch/fmeng/tmpcghV8TLFVHETauAnalyzerMVA-ZZJets/job.dag: STATUS_SUBMITTED stats: [33mSTATUS_SUBMITTED[0m(32) [32mSTATUS_DONE[0m(54) [34mSTATUS_UNREADY[0m(10)
INFO:__main__:/nfs_scratch/fmeng/tmpcghV8TLFVHETauAnalyzerMVA-ZZJets/job.dag: STATUS_SUBMITTED stats: [33mSTATUS_SUBMITTED[0m(27) [32mSTATUS_DONE[0m(59) [34mSTATUS_UNREADY[0m(10)
INFO:__main__:/nfs_scratch/fmeng/tmpcghV8TLFVHETauAnalyzerMVA-ZZJets/job.dag: STATUS_SUBMITTED stats: [33mSTATUS_SUBMITTED[0m(27) [32mSTATUS_DONE[0m(59) [34mSTATUS_UNREADY[0m(10)
INFO:__main__:/nfs_scratch/fmeng/tmpcghV8TLFVHETauAnalyzerMVA-ZZJets/job.dag: STATUS_SUBMITTED stats: [33mSTATUS_SUBMITTED[0m(27) [32mSTATUS_DONE[0m(59) [34mSTATUS_UNREADY[0m(10)
INFO:__main__:/nfs_scratch/fmeng/tmpcghV8TLFVHETauAnalyzerMVA-ZZJets/job.dag: STATUS_SUBMITTED stats: [33mSTATUS_SUBMITTED[0m(27) [32mSTATUS_DONE[0m(59) [34mSTATUS_UNREADY[0m(10)
INFO:__main__:/nfs_scratch/fmeng/tmpcghV8TLFVHETauAnalyzerMVA-ZZJets/job.dag: STATUS_SUBMITTED stats: [33mSTATUS_SUBMITTED[0m(27) [32mSTATUS_DONE[0m(59) [34mSTATUS_UNREADY[0m(10)
INFO:__main__:/nfs_scratch/fmeng/tmpcghV8TLFVHETauAnalyzerMVA-ZZJets/job.dag: STATUS_SUBMITTED stats: [33mSTATUS_SUBMITTED[0m(27) [32mSTATUS_DONE[0m(59) [34mSTATUS_UNREADY[0m(10)
INFO:__main__:/nfs_scratch/fmeng/tmpcghV8TLFVHETauAnalyzerMVA-ZZJets/job.dag: STATUS_SUBMITTED stats: [33mSTATUS_SUBMITTED[0m(27) [32mSTATUS_DONE[0m(59) [34mSTATUS_UNREADY[0m(10)
INFO:__main__:/nfs_scratch/fmeng/tmpcghV8TLFVHETauAnalyzerMVA-ZZJets/job.dag: STATUS_SUBMITTED stats: [33mSTATUS_SUBMITTED[0m(27) [32mSTATUS_DONE[0m(59) [34mSTATUS_UNREADY[0m(10)
INFO:__main__:/nfs_scratch/fmeng/tmpcghV8TLFVHETauAnalyzerMVA-ZZJets/job.dag: STATUS_SUBMITTED stats: [33mSTATUS_SUBMITTED[0m(27) [32mSTATUS_DONE[0m(59) [34mSTATUS_UNREADY[0m(10)
INFO:__main__:/nfs_scratch/fmeng/tmpcghV8TLFVHETauAnalyzerMVA-ZZJets/job.dag: STATUS_SUBMITTED stats: [33mSTATUS_SUBMITTED[0m(27) [32mSTATUS_DONE[0m(59) [34mSTATUS_UNREADY[0m(10)
INFO:__main__:/nfs_scratch/fmeng/tmpcghV8TLFVHETauAnalyzerMVA-ZZJets/job.dag: STATUS_SUBMITTED stats: [33mSTATUS_SUBMITTED[0m(27) [32mSTATUS_DONE[0m(59) [34mSTATUS_UNREADY[0m(10)
INFO:__main__:/nfs_scratch/fmeng/tmpcghV8TLFVHETauAnalyzerMVA-ZZJets/job.dag: STATUS_SUBMITTED stats: [33mSTATUS_SUBMITTED[0m(27) [32mSTATUS_DONE[0m(59) [34mSTATUS_UNREADY[0m(10)
INFO:__main__:/nfs_scratch/fmeng/tmpcghV8TLFVHETauAnalyzerMVA-ZZJets/job.dag: STATUS_SUBMITTED stats: [33mSTATUS_SUBMITTED[0m(27) [32mSTATUS_DONE[0m(59) [34mSTATUS_UNREADY[0m(10)
INFO:__main__:/nfs_scratch/fmeng/tmpcghV8TLFVHETauAnalyzerMVA-ZZJets/job.dag: STATUS_SUBMITTED stats: [33mSTATUS_SUBMITTED[0m(27) [32mSTATUS_DONE[0m(59) [34mSTATUS_UNREADY[0m(10)
INFO:__main__:/nfs_scratch/fmeng/tmpcghV8TLFVHETauAnalyzerMVA-ZZJets/job.dag: STATUS_SUBMITTED stats: [33mSTATUS_SUBMITTED[0m(27) [32mSTATUS_DONE[0m(59) [34mSTATUS_UNREADY[0m(10)
INFO:__main__:/nfs_scratch/fmeng/tmpcghV8TLFVHETauAnalyzerMVA-ZZJets/job.dag: STATUS_SUBMITTED stats: [33mSTATUS_SUBMITTED[0m(27) [32mSTATUS_DONE[0m(59) [34mSTATUS_UNREADY[0m(10)
INFO:__main__:/nfs_scratch/fmeng/tmpcghV8TLFVHETauAnalyzerMVA-ZZJets/job.dag: STATUS_SUBMITTED stats: [33mSTATUS_SUBMITTED[0m(27) [32mSTATUS_DONE[0m(59) [34mSTATUS_UNREADY[0m(10)
INFO:__main__:/nfs_scratch/fmeng/tmpcghV8TLFVHETauAnalyzerMVA-ZZJets/job.dag: STATUS_SUBMITTED stats: [33mSTATUS_SUBMITTED[0m(27) [32mSTATUS_DONE[0m(59) [34mSTATUS_UNREADY[0m(10)
INFO:__main__:/nfs_scratch/fmeng/tmpcghV8TLFVHETauAnalyzerMVA-ZZJets/job.dag: STATUS_SUBMITTED stats: [33mSTATUS_SUBMITTED[0m(21) [32mSTATUS_DONE[0m(65) [34mSTATUS_UNREADY[0m(10)
INFO:__main__:/nfs_scratch/fmeng/tmpcghV8TLFVHETauAnalyzerMVA-ZZJets/job.dag: STATUS_SUBMITTED stats: [33mSTATUS_SUBMITTED[0m(21) [32mSTATUS_DONE[0m(65) [34mSTATUS_UNREADY[0m(10)
INFO:__main__:/nfs_scratch/fmeng/tmpcghV8TLFVHETauAnalyzerMVA-ZZJets/job.dag: STATUS_SUBMITTED stats: [33mSTATUS_SUBMITTED[0m(21) [32mSTATUS_DONE[0m(65) [34mSTATUS_UNREADY[0m(10)
INFO:__main__:/nfs_scratch/fmeng/tmpcghV8TLFVHETauAnalyzerMVA-ZZJets/job.dag: STATUS_SUBMITTED stats: [33mSTATUS_SUBMITTED[0m(21) [32mSTATUS_DONE[0m(65) [34mSTATUS_UNREADY[0m(10)
INFO:__main__:/nfs_scratch/fmeng/tmpcghV8TLFVHETauAnalyzerMVA-ZZJets/job.dag: STATUS_SUBMITTED stats: [33mSTATUS_SUBMITTED[0m(21) [32mSTATUS_DONE[0m(65) [34mSTATUS_UNREADY[0m(10)
INFO:__main__:/nfs_scratch/fmeng/tmpcghV8TLFVHETauAnalyzerMVA-ZZJets/job.dag: STATUS_SUBMITTED stats: [33mSTATUS_SUBMITTED[0m(21) [32mSTATUS_DONE[0m(65) [34mSTATUS_UNREADY[0m(10)
INFO:__main__:/nfs_scratch/fmeng/tmpcghV8TLFVHETauAnalyzerMVA-ZZJets/job.dag: STATUS_SUBMITTED stats: [33mSTATUS_SUBMITTED[0m(21) [32mSTATUS_DONE[0m(65) [34mSTATUS_UNREADY[0m(10)
INFO:__main__:/nfs_scratch/fmeng/tmpcghV8TLFVHETauAnalyzerMVA-ZZJets/job.dag: STATUS_SUBMITTED stats: [33mSTATUS_SUBMITTED[0m(21) [32mSTATUS_DONE[0m(65) [34mSTATUS_UNREADY[0m(10)
INFO:__main__:/nfs_scratch/fmeng/tmpcghV8TLFVHETauAnalyzerMVA-ZZJets/job.dag: STATUS_SUBMITTED stats: [33mSTATUS_SUBMITTED[0m(21) [32mSTATUS_DONE[0m(65) [34mSTATUS_UNREADY[0m(10)
INFO:__main__:/nfs_scratch/fmeng/tmpcghV8TLFVHETauAnalyzerMVA-ZZJets/job.dag: STATUS_SUBMITTED stats: [33mSTATUS_SUBMITTED[0m(21) [32mSTATUS_DONE[0m(65) [34mSTATUS_UNREADY[0m(10)
INFO:__main__:/nfs_scratch/fmeng/tmpcghV8TLFVHETauAnalyzerMVA-ZZJets/job.dag: STATUS_SUBMITTED stats: [33mSTATUS_SUBMITTED[0m(21) [32mSTATUS_DONE[0m(65) [34mSTATUS_UNREADY[0m(10)
INFO:__main__:/nfs_scratch/fmeng/tmpcghV8TLFVHETauAnalyzerMVA-ZZJets/job.dag: STATUS_SUBMITTED stats: [33mSTATUS_SUBMITTED[0m(21) [32mSTATUS_DONE[0m(65) [34mSTATUS_UNREADY[0m(10)
INFO:__main__:/nfs_scratch/fmeng/tmpcghV8TLFVHETauAnalyzerMVA-ZZJets/job.dag: STATUS_SUBMITTED stats: [33mSTATUS_SUBMITTED[0m(21) [32mSTATUS_DONE[0m(66) [34mSTATUS_UNREADY[0m(9)
INFO:__main__:/nfs_scratch/fmeng/tmpcghV8TLFVHETauAnalyzerMVA-ZZJets/job.dag: STATUS_SUBMITTED stats: [33mSTATUS_SUBMITTED[0m(21) [32mSTATUS_DONE[0m(66) [34mSTATUS_UNREADY[0m(9)
INFO:__main__:/nfs_scratch/fmeng/tmpcghV8TLFVHETauAnalyzerMVA-ZZJets/job.dag: STATUS_SUBMITTED stats: [33mSTATUS_SUBMITTED[0m(21) [32mSTATUS_DONE[0m(66) [34mSTATUS_UNREADY[0m(9)
INFO:__main__:/nfs_scratch/fmeng/tmpcghV8TLFVHETauAnalyzerMVA-ZZJets/job.dag: STATUS_SUBMITTED stats: [33mSTATUS_SUBMITTED[0m(21) [32mSTATUS_DONE[0m(66) [34mSTATUS_UNREADY[0m(9)
INFO:__main__:/nfs_scratch/fmeng/tmpcghV8TLFVHETauAnalyzerMVA-ZZJets/job.dag: STATUS_SUBMITTED stats: [33mSTATUS_SUBMITTED[0m(21) [32mSTATUS_DONE[0m(66) [34mSTATUS_UNREADY[0m(9)
INFO:__main__:/nfs_scratch/fmeng/tmpcghV8TLFVHETauAnalyzerMVA-ZZJets/job.dag: STATUS_SUBMITTED stats: [33mSTATUS_SUBMITTED[0m(21) [32mSTATUS_DONE[0m(66) [34mSTATUS_UNREADY[0m(9)
INFO:__main__:/nfs_scratch/fmeng/tmpcghV8TLFVHETauAnalyzerMVA-ZZJets/job.dag: STATUS_SUBMITTED stats: [33mSTATUS_SUBMITTED[0m(19) [32mSTATUS_DONE[0m(69) [34mSTATUS_UNREADY[0m(8)
INFO:__main__:/nfs_scratch/fmeng/tmpcghV8TLFVHETauAnalyzerMVA-ZZJets/job.dag: STATUS_SUBMITTED stats: [33mSTATUS_SUBMITTED[0m(19) [32mSTATUS_DONE[0m(69) [34mSTATUS_UNREADY[0m(8)
INFO:__main__:/nfs_scratch/fmeng/tmpcghV8TLFVHETauAnalyzerMVA-ZZJets/job.dag: STATUS_SUBMITTED stats: [33mSTATUS_SUBMITTED[0m(19) [32mSTATUS_DONE[0m(69) [34mSTATUS_UNREADY[0m(8)
INFO:__main__:/nfs_scratch/fmeng/tmpcghV8TLFVHETauAnalyzerMVA-ZZJets/job.dag: STATUS_SUBMITTED stats: [33mSTATUS_SUBMITTED[0m(19) [32mSTATUS_DONE[0m(69) [34mSTATUS_UNREADY[0m(8)
INFO:__main__:/nfs_scratch/fmeng/tmpcghV8TLFVHETauAnalyzerMVA-ZZJets/job.dag: STATUS_SUBMITTED stats: [33mSTATUS_SUBMITTED[0m(19) [32mSTATUS_DONE[0m(69) [34mSTATUS_UNREADY[0m(8)
INFO:__main__:/nfs_scratch/fmeng/tmpcghV8TLFVHETauAnalyzerMVA-ZZJets/job.dag: STATUS_SUBMITTED stats: [33mSTATUS_SUBMITTED[0m(14) [32mSTATUS_DONE[0m(74) [34mSTATUS_UNREADY[0m(8)
INFO:__main__:/nfs_scratch/fmeng/tmpcghV8TLFVHETauAnalyzerMVA-ZZJets/job.dag: STATUS_SUBMITTED stats: [33mSTATUS_SUBMITTED[0m(14) [32mSTATUS_DONE[0m(74) [34mSTATUS_UNREADY[0m(8)
INFO:__main__:/nfs_scratch/fmeng/tmpcghV8TLFVHETauAnalyzerMVA-ZZJets/job.dag: STATUS_SUBMITTED stats: [33mSTATUS_SUBMITTED[0m(14) [32mSTATUS_DONE[0m(74) [34mSTATUS_UNREADY[0m(8)
INFO:__main__:/nfs_scratch/fmeng/tmpcghV8TLFVHETauAnalyzerMVA-ZZJets/job.dag: STATUS_SUBMITTED stats: [33mSTATUS_SUBMITTED[0m(14) [32mSTATUS_DONE[0m(74) [34mSTATUS_UNREADY[0m(8)
INFO:__main__:/nfs_scratch/fmeng/tmpcghV8TLFVHETauAnalyzerMVA-ZZJets/job.dag: STATUS_SUBMITTED stats: [33mSTATUS_SUBMITTED[0m(14) [32mSTATUS_DONE[0m(74) [34mSTATUS_UNREADY[0m(8)
INFO:__main__:/nfs_scratch/fmeng/tmpcghV8TLFVHETauAnalyzerMVA-ZZJets/job.dag: STATUS_SUBMITTED stats: [33mSTATUS_SUBMITTED[0m(14) [32mSTATUS_DONE[0m(74) [34mSTATUS_UNREADY[0m(8)
INFO:__main__:/nfs_scratch/fmeng/tmpcghV8TLFVHETauAnalyzerMVA-ZZJets/job.dag: STATUS_SUBMITTED stats: [33mSTATUS_SUBMITTED[0m(14) [32mSTATUS_DONE[0m(74) [34mSTATUS_UNREADY[0m(8)
INFO:__main__:/nfs_scratch/fmeng/tmpcghV8TLFVHETauAnalyzerMVA-ZZJets/job.dag: STATUS_SUBMITTED stats: [33mSTATUS_SUBMITTED[0m(12) [32mSTATUS_DONE[0m(76) [34mSTATUS_UNREADY[0m(8)
INFO:__main__:/nfs_scratch/fmeng/tmpcghV8TLFVHETauAnalyzerMVA-ZZJets/job.dag: STATUS_SUBMITTED stats: [33mSTATUS_SUBMITTED[0m(12) [32mSTATUS_DONE[0m(76) [34mSTATUS_UNREADY[0m(8)
INFO:__main__:/nfs_scratch/fmeng/tmpcghV8TLFVHETauAnalyzerMVA-ZZJets/job.dag: STATUS_SUBMITTED stats: [33mSTATUS_SUBMITTED[0m(12) [32mSTATUS_DONE[0m(76) [34mSTATUS_UNREADY[0m(8)
INFO:__main__:/nfs_scratch/fmeng/tmpcghV8TLFVHETauAnalyzerMVA-ZZJets/job.dag: STATUS_SUBMITTED stats: [33mSTATUS_SUBMITTED[0m(12) [32mSTATUS_DONE[0m(76) [34mSTATUS_UNREADY[0m(8)
INFO:__main__:/nfs_scratch/fmeng/tmpcghV8TLFVHETauAnalyzerMVA-ZZJets/job.dag: STATUS_SUBMITTED stats: [33mSTATUS_SUBMITTED[0m(12) [32mSTATUS_DONE[0m(76) [34mSTATUS_UNREADY[0m(8)
INFO:__main__:/nfs_scratch/fmeng/tmpcghV8TLFVHETauAnalyzerMVA-ZZJets/job.dag: STATUS_SUBMITTED stats: [33mSTATUS_SUBMITTED[0m(12) [32mSTATUS_DONE[0m(76) [34mSTATUS_UNREADY[0m(8)
INFO:__main__:/nfs_scratch/fmeng/tmpcghV8TLFVHETauAnalyzerMVA-ZZJets/job.dag: STATUS_SUBMITTED stats: [33mSTATUS_SUBMITTED[0m(12) [32mSTATUS_DONE[0m(77) [34mSTATUS_UNREADY[0m(7)
INFO:__main__:/nfs_scratch/fmeng/tmpcghV8TLFVHETauAnalyzerMVA-ZZJets/job.dag: STATUS_SUBMITTED stats: [33mSTATUS_SUBMITTED[0m(12) [32mSTATUS_DONE[0m(77) [34mSTATUS_UNREADY[0m(7)
INFO:__main__:/nfs_scratch/fmeng/tmpcghV8TLFVHETauAnalyzerMVA-ZZJets/job.dag: STATUS_SUBMITTED stats: [33mSTATUS_SUBMITTED[0m(12) [32mSTATUS_DONE[0m(77) [34mSTATUS_UNREADY[0m(7)
INFO:__main__:/nfs_scratch/fmeng/tmpcghV8TLFVHETauAnalyzerMVA-ZZJets/job.dag: STATUS_SUBMITTED stats: [33mSTATUS_SUBMITTED[0m(12) [32mSTATUS_DONE[0m(77) [34mSTATUS_UNREADY[0m(7)
INFO:__main__:/nfs_scratch/fmeng/tmpcghV8TLFVHETauAnalyzerMVA-ZZJets/job.dag: STATUS_SUBMITTED stats: [33mSTATUS_SUBMITTED[0m(12) [32mSTATUS_DONE[0m(77) [34mSTATUS_UNREADY[0m(7)
INFO:__main__:/nfs_scratch/fmeng/tmpcghV8TLFVHETauAnalyzerMVA-ZZJets/job.dag: STATUS_SUBMITTED stats: [33mSTATUS_SUBMITTED[0m(12) [32mSTATUS_DONE[0m(77) [34mSTATUS_UNREADY[0m(7)
INFO:__main__:/nfs_scratch/fmeng/tmpcghV8TLFVHETauAnalyzerMVA-ZZJets/job.dag: STATUS_SUBMITTED stats: [33mSTATUS_SUBMITTED[0m(12) [32mSTATUS_DONE[0m(77) [34mSTATUS_UNREADY[0m(7)
INFO:__main__:/nfs_scratch/fmeng/tmpcghV8TLFVHETauAnalyzerMVA-ZZJets/job.dag: STATUS_SUBMITTED stats: [33mSTATUS_SUBMITTED[0m(10) [32mSTATUS_DONE[0m(79) [34mSTATUS_UNREADY[0m(7)
INFO:__main__:/nfs_scratch/fmeng/tmpcghV8TLFVHETauAnalyzerMVA-ZZJets/job.dag: STATUS_SUBMITTED stats: [33mSTATUS_SUBMITTED[0m(10) [32mSTATUS_DONE[0m(79) [34mSTATUS_UNREADY[0m(7)
INFO:__main__:/nfs_scratch/fmeng/tmpcghV8TLFVHETauAnalyzerMVA-ZZJets/job.dag: STATUS_SUBMITTED stats: [33mSTATUS_SUBMITTED[0m(10) [32mSTATUS_DONE[0m(79) [34mSTATUS_UNREADY[0m(7)
INFO:__main__:/nfs_scratch/fmeng/tmpcghV8TLFVHETauAnalyzerMVA-ZZJets/job.dag: STATUS_SUBMITTED stats: [33mSTATUS_SUBMITTED[0m(10) [32mSTATUS_DONE[0m(79) [34mSTATUS_UNREADY[0m(7)
INFO:__main__:/nfs_scratch/fmeng/tmpcghV8TLFVHETauAnalyzerMVA-ZZJets/job.dag: STATUS_SUBMITTED stats: [33mSTATUS_SUBMITTED[0m(10) [32mSTATUS_DONE[0m(79) [34mSTATUS_UNREADY[0m(7)
INFO:__main__:/nfs_scratch/fmeng/tmpcghV8TLFVHETauAnalyzerMVA-ZZJets/job.dag: STATUS_SUBMITTED stats: [33mSTATUS_SUBMITTED[0m(10) [32mSTATUS_DONE[0m(79) [34mSTATUS_UNREADY[0m(7)
INFO:__main__:/nfs_scratch/fmeng/tmpcghV8TLFVHETauAnalyzerMVA-ZZJets/job.dag: STATUS_SUBMITTED stats: [33mSTATUS_SUBMITTED[0m(9) [32mSTATUS_DONE[0m(83) [34mSTATUS_UNREADY[0m(4)
INFO:__main__:/nfs_scratch/fmeng/tmpcghV8TLFVHETauAnalyzerMVA-ZZJets/job.dag: STATUS_SUBMITTED stats: [33mSTATUS_SUBMITTED[0m(9) [32mSTATUS_DONE[0m(83) [34mSTATUS_UNREADY[0m(4)
INFO:__main__:/nfs_scratch/fmeng/tmpcghV8TLFVHETauAnalyzerMVA-ZZJets/job.dag: STATUS_SUBMITTED stats: [33mSTATUS_SUBMITTED[0m(9) [32mSTATUS_DONE[0m(83) [34mSTATUS_UNREADY[0m(4)
INFO:__main__:/nfs_scratch/fmeng/tmpcghV8TLFVHETauAnalyzerMVA-ZZJets/job.dag: STATUS_SUBMITTED stats: [33mSTATUS_SUBMITTED[0m(9) [32mSTATUS_DONE[0m(83) [34mSTATUS_UNREADY[0m(4)
INFO:__main__:/nfs_scratch/fmeng/tmpcghV8TLFVHETauAnalyzerMVA-ZZJets/job.dag: STATUS_SUBMITTED stats: [33mSTATUS_SUBMITTED[0m(9) [32mSTATUS_DONE[0m(83) [34mSTATUS_UNREADY[0m(4)
INFO:__main__:/nfs_scratch/fmeng/tmpcghV8TLFVHETauAnalyzerMVA-ZZJets/job.dag: STATUS_SUBMITTED stats: [33mSTATUS_SUBMITTED[0m(9) [32mSTATUS_DONE[0m(83) [34mSTATUS_UNREADY[0m(4)
INFO:__main__:/nfs_scratch/fmeng/tmpcghV8TLFVHETauAnalyzerMVA-ZZJets/job.dag: STATUS_SUBMITTED stats: [33mSTATUS_SUBMITTED[0m(9) [32mSTATUS_DONE[0m(85) [34mSTATUS_UNREADY[0m(2)
INFO:__main__:/nfs_scratch/fmeng/tmpcghV8TLFVHETauAnalyzerMVA-ZZJets/job.dag: STATUS_SUBMITTED stats: [33mSTATUS_SUBMITTED[0m(9) [32mSTATUS_DONE[0m(85) [34mSTATUS_UNREADY[0m(2)
INFO:__main__:/nfs_scratch/fmeng/tmpcghV8TLFVHETauAnalyzerMVA-ZZJets/job.dag: STATUS_SUBMITTED stats: [33mSTATUS_SUBMITTED[0m(9) [32mSTATUS_DONE[0m(85) [34mSTATUS_UNREADY[0m(2)
INFO:__main__:/nfs_scratch/fmeng/tmpcghV8TLFVHETauAnalyzerMVA-ZZJets/job.dag: STATUS_SUBMITTED stats: [33mSTATUS_SUBMITTED[0m(9) [32mSTATUS_DONE[0m(85) [34mSTATUS_UNREADY[0m(2)
INFO:__main__:/nfs_scratch/fmeng/tmpcghV8TLFVHETauAnalyzerMVA-ZZJets/job.dag: STATUS_SUBMITTED stats: [33mSTATUS_SUBMITTED[0m(9) [32mSTATUS_DONE[0m(85) [34mSTATUS_UNREADY[0m(2)
INFO:__main__:/nfs_scratch/fmeng/tmpcghV8TLFVHETauAnalyzerMVA-ZZJets/job.dag: STATUS_SUBMITTED stats: [33mSTATUS_SUBMITTED[0m(9) [32mSTATUS_DONE[0m(85) [34mSTATUS_UNREADY[0m(2)
INFO:__main__:/nfs_scratch/fmeng/tmpcghV8TLFVHETauAnalyzerMVA-ZZJets/job.dag: STATUS_SUBMITTED stats: [33mSTATUS_SUBMITTED[0m(9) [32mSTATUS_DONE[0m(86) [34mSTATUS_UNREADY[0m(1)
INFO:__main__:/nfs_scratch/fmeng/tmpcghV8TLFVHETauAnalyzerMVA-ZZJets/job.dag: STATUS_SUBMITTED stats: [33mSTATUS_SUBMITTED[0m(9) [32mSTATUS_DONE[0m(86) [34mSTATUS_UNREADY[0m(1)
INFO:__main__:/nfs_scratch/fmeng/tmpcghV8TLFVHETauAnalyzerMVA-ZZJets/job.dag: STATUS_SUBMITTED stats: [33mSTATUS_SUBMITTED[0m(9) [32mSTATUS_DONE[0m(86) [34mSTATUS_UNREADY[0m(1)
INFO:__main__:/nfs_scratch/fmeng/tmpcghV8TLFVHETauAnalyzerMVA-ZZJets/job.dag: STATUS_SUBMITTED stats: [33mSTATUS_SUBMITTED[0m(9) [32mSTATUS_DONE[0m(86) [34mSTATUS_UNREADY[0m(1)
INFO:__main__:/nfs_scratch/fmeng/tmpcghV8TLFVHETauAnalyzerMVA-ZZJets/job.dag: STATUS_SUBMITTED stats: [33mSTATUS_SUBMITTED[0m(9) [32mSTATUS_DONE[0m(86) [34mSTATUS_UNREADY[0m(1)
INFO:__main__:/nfs_scratch/fmeng/tmpcghV8TLFVHETauAnalyzerMVA-ZZJets/job.dag: STATUS_SUBMITTED stats: [33mSTATUS_SUBMITTED[0m(9) [32mSTATUS_DONE[0m(86) [34mSTATUS_UNREADY[0m(1)
INFO:__main__:/nfs_scratch/fmeng/tmpcghV8TLFVHETauAnalyzerMVA-ZZJets/job.dag: STATUS_SUBMITTED stats: [33mSTATUS_SUBMITTED[0m(9) [32mSTATUS_DONE[0m(86) [34mSTATUS_UNREADY[0m(1)
INFO:__main__:/nfs_scratch/fmeng/tmpcghV8TLFVHETauAnalyzerMVA-ZZJets/job.dag: STATUS_SUBMITTED stats: [33mSTATUS_SUBMITTED[0m(9) [32mSTATUS_DONE[0m(86) [34mSTATUS_UNREADY[0m(1)
INFO:__main__:/nfs_scratch/fmeng/tmpcghV8TLFVHETauAnalyzerMVA-ZZJets/job.dag: STATUS_SUBMITTED stats: [33mSTATUS_SUBMITTED[0m(9) [32mSTATUS_DONE[0m(86) [34mSTATUS_UNREADY[0m(1)
INFO:__main__:/nfs_scratch/fmeng/tmpcghV8TLFVHETauAnalyzerMVA-ZZJets/job.dag: STATUS_SUBMITTED stats: [33mSTATUS_SUBMITTED[0m(9) [32mSTATUS_DONE[0m(86) [34mSTATUS_UNREADY[0m(1)
INFO:__main__:/nfs_scratch/fmeng/tmpcghV8TLFVHETauAnalyzerMVA-ZZJets/job.dag: STATUS_SUBMITTED stats: [33mSTATUS_SUBMITTED[0m(9) [32mSTATUS_DONE[0m(86) [34mSTATUS_UNREADY[0m(1)
INFO:__main__:/nfs_scratch/fmeng/tmpcghV8TLFVHETauAnalyzerMVA-ZZJets/job.dag: STATUS_SUBMITTED stats: [33mSTATUS_SUBMITTED[0m(9) [32mSTATUS_DONE[0m(86) [34mSTATUS_UNREADY[0m(1)
INFO:__main__:/nfs_scratch/fmeng/tmpcghV8TLFVHETauAnalyzerMVA-ZZJets/job.dag: STATUS_SUBMITTED stats: [33mSTATUS_SUBMITTED[0m(9) [32mSTATUS_DONE[0m(86) [34mSTATUS_UNREADY[0m(1)
INFO:__main__:/nfs_scratch/fmeng/tmpcghV8TLFVHETauAnalyzerMVA-ZZJets/job.dag: STATUS_SUBMITTED stats: [33mSTATUS_SUBMITTED[0m(9) [32mSTATUS_DONE[0m(86) [34mSTATUS_UNREADY[0m(1)
INFO:__main__:/nfs_scratch/fmeng/tmpcghV8TLFVHETauAnalyzerMVA-ZZJets/job.dag: STATUS_SUBMITTED stats: [33mSTATUS_SUBMITTED[0m(9) [32mSTATUS_DONE[0m(86) [34mSTATUS_UNREADY[0m(1)
INFO:__main__:/nfs_scratch/fmeng/tmpcghV8TLFVHETauAnalyzerMVA-ZZJets/job.dag: STATUS_SUBMITTED stats: [33mSTATUS_SUBMITTED[0m(9) [32mSTATUS_DONE[0m(86) [34mSTATUS_UNREADY[0m(1)
INFO:__main__:/nfs_scratch/fmeng/tmpcghV8TLFVHETauAnalyzerMVA-ZZJets/job.dag: STATUS_SUBMITTED stats: [33mSTATUS_SUBMITTED[0m(9) [32mSTATUS_DONE[0m(86) [34mSTATUS_UNREADY[0m(1)
INFO:__main__:/nfs_scratch/fmeng/tmpcghV8TLFVHETauAnalyzerMVA-ZZJets/job.dag: STATUS_SUBMITTED stats: [33mSTATUS_SUBMITTED[0m(9) [32mSTATUS_DONE[0m(86) [34mSTATUS_UNREADY[0m(1)
INFO:__main__:/nfs_scratch/fmeng/tmpcghV8TLFVHETauAnalyzerMVA-ZZJets/job.dag: STATUS_SUBMITTED stats: [33mSTATUS_SUBMITTED[0m(9) [32mSTATUS_DONE[0m(86) [34mSTATUS_UNREADY[0m(1)
INFO:__main__:/nfs_scratch/fmeng/tmpcghV8TLFVHETauAnalyzerMVA-ZZJets/job.dag: STATUS_SUBMITTED stats: [33mSTATUS_SUBMITTED[0m(9) [32mSTATUS_DONE[0m(86) [34mSTATUS_UNREADY[0m(1)
INFO:__main__:/nfs_scratch/fmeng/tmpcghV8TLFVHETauAnalyzerMVA-ZZJets/job.dag: STATUS_SUBMITTED stats: [33mSTATUS_SUBMITTED[0m(9) [32mSTATUS_DONE[0m(86) [34mSTATUS_UNREADY[0m(1)
INFO:__main__:/nfs_scratch/fmeng/tmpcghV8TLFVHETauAnalyzerMVA-ZZJets/job.dag: STATUS_SUBMITTED stats: [33mSTATUS_SUBMITTED[0m(9) [32mSTATUS_DONE[0m(86) [34mSTATUS_UNREADY[0m(1)
INFO:__main__:/nfs_scratch/fmeng/tmpcghV8TLFVHETauAnalyzerMVA-ZZJets/job.dag: STATUS_SUBMITTED stats: [33mSTATUS_SUBMITTED[0m(9) [32mSTATUS_DONE[0m(86) [34mSTATUS_UNREADY[0m(1)
INFO:__main__:/nfs_scratch/fmeng/tmpcghV8TLFVHETauAnalyzerMVA-ZZJets/job.dag: STATUS_SUBMITTED stats: [33mSTATUS_SUBMITTED[0m(9) [32mSTATUS_DONE[0m(86) [34mSTATUS_UNREADY[0m(1)
INFO:__main__:/nfs_scratch/fmeng/tmpcghV8TLFVHETauAnalyzerMVA-ZZJets/job.dag: STATUS_SUBMITTED stats: [33mSTATUS_SUBMITTED[0m(9) [32mSTATUS_DONE[0m(86) [34mSTATUS_UNREADY[0m(1)
INFO:__main__:/nfs_scratch/fmeng/tmpcghV8TLFVHETauAnalyzerMVA-ZZJets/job.dag: STATUS_SUBMITTED stats: [33mSTATUS_SUBMITTED[0m(9) [32mSTATUS_DONE[0m(86) [34mSTATUS_UNREADY[0m(1)
INFO:__main__:/nfs_scratch/fmeng/tmpcghV8TLFVHETauAnalyzerMVA-ZZJets/job.dag: STATUS_SUBMITTED stats: [33mSTATUS_SUBMITTED[0m(9) [32mSTATUS_DONE[0m(86) [34mSTATUS_UNREADY[0m(1)
INFO:__main__:/nfs_scratch/fmeng/tmpcghV8TLFVHETauAnalyzerMVA-ZZJets/job.dag: STATUS_SUBMITTED stats: [33mSTATUS_SUBMITTED[0m(9) [32mSTATUS_DONE[0m(86) [34mSTATUS_UNREADY[0m(1)
INFO:__main__:/nfs_scratch/fmeng/tmpcghV8TLFVHETauAnalyzerMVA-ZZJets/job.dag: STATUS_SUBMITTED stats: [33mSTATUS_SUBMITTED[0m(9) [32mSTATUS_DONE[0m(86) [34mSTATUS_UNREADY[0m(1)
INFO:__main__:/nfs_scratch/fmeng/tmpcghV8TLFVHETauAnalyzerMVA-ZZJets/job.dag: STATUS_SUBMITTED stats: [33mSTATUS_SUBMITTED[0m(9) [32mSTATUS_DONE[0m(86) [34mSTATUS_UNREADY[0m(1)
INFO:__main__:/nfs_scratch/fmeng/tmpcghV8TLFVHETauAnalyzerMVA-ZZJets/job.dag: STATUS_SUBMITTED stats: [33mSTATUS_SUBMITTED[0m(9) [32mSTATUS_DONE[0m(86) [34mSTATUS_UNREADY[0m(1)
INFO:__main__:/nfs_scratch/fmeng/tmpcghV8TLFVHETauAnalyzerMVA-ZZJets/job.dag: STATUS_SUBMITTED stats: [33mSTATUS_SUBMITTED[0m(9) [32mSTATUS_DONE[0m(86) [34mSTATUS_UNREADY[0m(1)
INFO:__main__:/nfs_scratch/fmeng/tmpcghV8TLFVHETauAnalyzerMVA-ZZJets/job.dag: STATUS_SUBMITTED stats: [33mSTATUS_SUBMITTED[0m(9) [32mSTATUS_DONE[0m(86) [34mSTATUS_UNREADY[0m(1)
INFO:__main__:/nfs_scratch/fmeng/tmpcghV8TLFVHETauAnalyzerMVA-ZZJets/job.dag: STATUS_SUBMITTED stats: [33mSTATUS_SUBMITTED[0m(9) [32mSTATUS_DONE[0m(86) [34mSTATUS_UNREADY[0m(1)
INFO:__main__:/nfs_scratch/fmeng/tmpcghV8TLFVHETauAnalyzerMVA-ZZJets/job.dag: STATUS_SUBMITTED stats: [33mSTATUS_SUBMITTED[0m(9) [32mSTATUS_DONE[0m(86) [34mSTATUS_UNREADY[0m(1)
INFO:__main__:/nfs_scratch/fmeng/tmpcghV8TLFVHETauAnalyzerMVA-ZZJets/job.dag: STATUS_SUBMITTED stats: [33mSTATUS_SUBMITTED[0m(9) [32mSTATUS_DONE[0m(86) [34mSTATUS_UNREADY[0m(1)
INFO:__main__:/nfs_scratch/fmeng/tmpcghV8TLFVHETauAnalyzerMVA-ZZJets/job.dag: STATUS_SUBMITTED stats: [33mSTATUS_SUBMITTED[0m(9) [32mSTATUS_DONE[0m(86) [34mSTATUS_UNREADY[0m(1)
INFO:__main__:/nfs_scratch/fmeng/tmpcghV8TLFVHETauAnalyzerMVA-ZZJets/job.dag: STATUS_SUBMITTED stats: [33mSTATUS_SUBMITTED[0m(9) [32mSTATUS_DONE[0m(86) [34mSTATUS_UNREADY[0m(1)
INFO:__main__:/nfs_scratch/fmeng/tmpcghV8TLFVHETauAnalyzerMVA-ZZJets/job.dag: STATUS_SUBMITTED stats: [33mSTATUS_SUBMITTED[0m(9) [32mSTATUS_DONE[0m(86) [34mSTATUS_UNREADY[0m(1)
INFO:__main__:/nfs_scratch/fmeng/tmpcghV8TLFVHETauAnalyzerMVA-ZZJets/job.dag: STATUS_SUBMITTED stats: [33mSTATUS_SUBMITTED[0m(9) [32mSTATUS_DONE[0m(86) [34mSTATUS_UNREADY[0m(1)
INFO:__main__:/nfs_scratch/fmeng/tmpcghV8TLFVHETauAnalyzerMVA-ZZJets/job.dag: STATUS_SUBMITTED stats: [33mSTATUS_SUBMITTED[0m(9) [32mSTATUS_DONE[0m(86) [34mSTATUS_UNREADY[0m(1)
INFO:__main__:/nfs_scratch/fmeng/tmpcghV8TLFVHETauAnalyzerMVA-ZZJets/job.dag: STATUS_SUBMITTED stats: [33mSTATUS_SUBMITTED[0m(9) [32mSTATUS_DONE[0m(86) [34mSTATUS_UNREADY[0m(1)
INFO:__main__:/nfs_scratch/fmeng/tmpcghV8TLFVHETauAnalyzerMVA-ZZJets/job.dag: STATUS_SUBMITTED stats: [33mSTATUS_SUBMITTED[0m(9) [32mSTATUS_DONE[0m(86) [34mSTATUS_UNREADY[0m(1)
INFO:__main__:/nfs_scratch/fmeng/tmpcghV8TLFVHETauAnalyzerMVA-ZZJets/job.dag: STATUS_SUBMITTED stats: [33mSTATUS_SUBMITTED[0m(9) [32mSTATUS_DONE[0m(86) [34mSTATUS_UNREADY[0m(1)
INFO:__main__:/nfs_scratch/fmeng/tmpcghV8TLFVHETauAnalyzerMVA-ZZJets/job.dag: STATUS_SUBMITTED stats: [33mSTATUS_SUBMITTED[0m(9) [32mSTATUS_DONE[0m(86) [34mSTATUS_UNREADY[0m(1)
INFO:__main__:/nfs_scratch/fmeng/tmpcghV8TLFVHETauAnalyzerMVA-ZZJets/job.dag: STATUS_SUBMITTED stats: [33mSTATUS_SUBMITTED[0m(9) [32mSTATUS_DONE[0m(86) [34mSTATUS_UNREADY[0m(1)
INFO:__main__:/nfs_scratch/fmeng/tmpcghV8TLFVHETauAnalyzerMVA-ZZJets/job.dag: STATUS_SUBMITTED stats: [33mSTATUS_SUBMITTED[0m(9) [32mSTATUS_DONE[0m(86) [34mSTATUS_UNREADY[0m(1)
INFO:__main__:/nfs_scratch/fmeng/tmpcghV8TLFVHETauAnalyzerMVA-ZZJets/job.dag: STATUS_SUBMITTED stats: [33mSTATUS_SUBMITTED[0m(9) [32mSTATUS_DONE[0m(86) [34mSTATUS_UNREADY[0m(1)
INFO:__main__:/nfs_scratch/fmeng/tmpcghV8TLFVHETauAnalyzerMVA-ZZJets/job.dag: STATUS_SUBMITTED stats: [33mSTATUS_SUBMITTED[0m(9) [32mSTATUS_DONE[0m(86) [34mSTATUS_UNREADY[0m(1)
INFO:__main__:/nfs_scratch/fmeng/tmpcghV8TLFVHETauAnalyzerMVA-ZZJets/job.dag: STATUS_SUBMITTED stats: [33mSTATUS_SUBMITTED[0m(9) [32mSTATUS_DONE[0m(86) [34mSTATUS_UNREADY[0m(1)
INFO:__main__:/nfs_scratch/fmeng/tmpcghV8TLFVHETauAnalyzerMVA-ZZJets/job.dag: STATUS_SUBMITTED stats: [33mSTATUS_SUBMITTED[0m(9) [32mSTATUS_DONE[0m(86) [34mSTATUS_UNREADY[0m(1)
INFO:__main__:/nfs_scratch/fmeng/tmpcghV8TLFVHETauAnalyzerMVA-ZZJets/job.dag: STATUS_SUBMITTED stats: [33mSTATUS_SUBMITTED[0m(9) [32mSTATUS_DONE[0m(86) [34mSTATUS_UNREADY[0m(1)
INFO:__main__:/nfs_scratch/fmeng/tmpcghV8TLFVHETauAnalyzerMVA-ZZJets/job.dag: STATUS_SUBMITTED stats: [33mSTATUS_SUBMITTED[0m(9) [32mSTATUS_DONE[0m(86) [34mSTATUS_UNREADY[0m(1)
INFO:__main__:/nfs_scratch/fmeng/tmpcghV8TLFVHETauAnalyzerMVA-ZZJets/job.dag: STATUS_SUBMITTED stats: [33mSTATUS_SUBMITTED[0m(9) [32mSTATUS_DONE[0m(86) [34mSTATUS_UNREADY[0m(1)
INFO:__main__:/nfs_scratch/fmeng/tmpcghV8TLFVHETauAnalyzerMVA-ZZJets/job.dag: STATUS_SUBMITTED stats: [33mSTATUS_SUBMITTED[0m(9) [32mSTATUS_DONE[0m(86) [34mSTATUS_UNREADY[0m(1)
INFO:__main__:/nfs_scratch/fmeng/tmpcghV8TLFVHETauAnalyzerMVA-ZZJets/job.dag: STATUS_SUBMITTED stats: [33mSTATUS_SUBMITTED[0m(9) [32mSTATUS_DONE[0m(86) [34mSTATUS_UNREADY[0m(1)
INFO:__main__:/nfs_scratch/fmeng/tmpcghV8TLFVHETauAnalyzerMVA-ZZJets/job.dag: STATUS_SUBMITTED stats: [33mSTATUS_SUBMITTED[0m(9) [32mSTATUS_DONE[0m(86) [34mSTATUS_UNREADY[0m(1)
INFO:__main__:/nfs_scratch/fmeng/tmpcghV8TLFVHETauAnalyzerMVA-ZZJets/job.dag: STATUS_SUBMITTED stats: [33mSTATUS_SUBMITTED[0m(9) [32mSTATUS_DONE[0m(86) [34mSTATUS_UNREADY[0m(1)
INFO:__main__:/nfs_scratch/fmeng/tmpcghV8TLFVHETauAnalyzerMVA-ZZJets/job.dag: STATUS_SUBMITTED stats: [33mSTATUS_SUBMITTED[0m(9) [32mSTATUS_DONE[0m(86) [34mSTATUS_UNREADY[0m(1)
INFO:__main__:/nfs_scratch/fmeng/tmpcghV8TLFVHETauAnalyzerMVA-ZZJets/job.dag: STATUS_SUBMITTED stats: [33mSTATUS_SUBMITTED[0m(9) [32mSTATUS_DONE[0m(86) [34mSTATUS_UNREADY[0m(1)
INFO:__main__:/nfs_scratch/fmeng/tmpcghV8TLFVHETauAnalyzerMVA-ZZJets/job.dag: STATUS_SUBMITTED stats: [33mSTATUS_SUBMITTED[0m(9) [32mSTATUS_DONE[0m(86) [34mSTATUS_UNREADY[0m(1)
INFO:__main__:/nfs_scratch/fmeng/tmpcghV8TLFVHETauAnalyzerMVA-ZZJets/job.dag: STATUS_SUBMITTED stats: [33mSTATUS_SUBMITTED[0m(9) [32mSTATUS_DONE[0m(86) [34mSTATUS_UNREADY[0m(1)
INFO:__main__:/nfs_scratch/fmeng/tmpcghV8TLFVHETauAnalyzerMVA-ZZJets/job.dag: STATUS_SUBMITTED stats: [33mSTATUS_SUBMITTED[0m(9) [32mSTATUS_DONE[0m(86) [34mSTATUS_UNREADY[0m(1)
INFO:__main__:/nfs_scratch/fmeng/tmpcghV8TLFVHETauAnalyzerMVA-ZZJets/job.dag: STATUS_SUBMITTED stats: [33mSTATUS_SUBMITTED[0m(9) [32mSTATUS_DONE[0m(86) [34mSTATUS_UNREADY[0m(1)
INFO:__main__:/nfs_scratch/fmeng/tmpcghV8TLFVHETauAnalyzerMVA-ZZJets/job.dag: STATUS_SUBMITTED stats: [33mSTATUS_SUBMITTED[0m(9) [32mSTATUS_DONE[0m(86) [34mSTATUS_UNREADY[0m(1)
INFO:__main__:/nfs_scratch/fmeng/tmpcghV8TLFVHETauAnalyzerMVA-ZZJets/job.dag: STATUS_SUBMITTED stats: [33mSTATUS_SUBMITTED[0m(9) [32mSTATUS_DONE[0m(86) [34mSTATUS_UNREADY[0m(1)
INFO:__main__:/nfs_scratch/fmeng/tmpcghV8TLFVHETauAnalyzerMVA-ZZJets/job.dag: STATUS_SUBMITTED stats: [33mSTATUS_SUBMITTED[0m(9) [32mSTATUS_DONE[0m(86) [34mSTATUS_UNREADY[0m(1)
INFO:__main__:/nfs_scratch/fmeng/tmpcghV8TLFVHETauAnalyzerMVA-ZZJets/job.dag: STATUS_SUBMITTED stats: [33mSTATUS_SUBMITTED[0m(9) [32mSTATUS_DONE[0m(86) [34mSTATUS_UNREADY[0m(1)
INFO:__main__:/nfs_scratch/fmeng/tmpcghV8TLFVHETauAnalyzerMVA-ZZJets/job.dag: STATUS_SUBMITTED stats: [33mSTATUS_SUBMITTED[0m(9) [32mSTATUS_DONE[0m(86) [34mSTATUS_UNREADY[0m(1)
INFO:__main__:/nfs_scratch/fmeng/tmpcghV8TLFVHETauAnalyzerMVA-ZZJets/job.dag: STATUS_SUBMITTED stats: [33mSTATUS_SUBMITTED[0m(9) [32mSTATUS_DONE[0m(86) [34mSTATUS_UNREADY[0m(1)
INFO:__main__:/nfs_scratch/fmeng/tmpcghV8TLFVHETauAnalyzerMVA-ZZJets/job.dag: STATUS_SUBMITTED stats: [33mSTATUS_SUBMITTED[0m(9) [32mSTATUS_DONE[0m(86) [34mSTATUS_UNREADY[0m(1)
INFO:__main__:/nfs_scratch/fmeng/tmpcghV8TLFVHETauAnalyzerMVA-ZZJets/job.dag: STATUS_SUBMITTED stats: [33mSTATUS_SUBMITTED[0m(9) [32mSTATUS_DONE[0m(86) [34mSTATUS_UNREADY[0m(1)
INFO:__main__:/nfs_scratch/fmeng/tmpcghV8TLFVHETauAnalyzerMVA-ZZJets/job.dag: STATUS_SUBMITTED stats: [33mSTATUS_SUBMITTED[0m(9) [32mSTATUS_DONE[0m(86) [34mSTATUS_UNREADY[0m(1)
INFO:__main__:/nfs_scratch/fmeng/tmpcghV8TLFVHETauAnalyzerMVA-ZZJets/job.dag: STATUS_SUBMITTED stats: [33mSTATUS_SUBMITTED[0m(9) [32mSTATUS_DONE[0m(86) [34mSTATUS_UNREADY[0m(1)
INFO:__main__:/nfs_scratch/fmeng/tmpcghV8TLFVHETauAnalyzerMVA-ZZJets/job.dag: STATUS_SUBMITTED stats: [33mSTATUS_SUBMITTED[0m(9) [32mSTATUS_DONE[0m(86) [34mSTATUS_UNREADY[0m(1)
INFO:__main__:/nfs_scratch/fmeng/tmpcghV8TLFVHETauAnalyzerMVA-ZZJets/job.dag: STATUS_SUBMITTED stats: [33mSTATUS_SUBMITTED[0m(9) [32mSTATUS_DONE[0m(86) [34mSTATUS_UNREADY[0m(1)
INFO:__main__:/nfs_scratch/fmeng/tmpcghV8TLFVHETauAnalyzerMVA-ZZJets/job.dag: STATUS_SUBMITTED stats: [33mSTATUS_SUBMITTED[0m(9) [32mSTATUS_DONE[0m(86) [34mSTATUS_UNREADY[0m(1)
INFO:__main__:/nfs_scratch/fmeng/tmpcghV8TLFVHETauAnalyzerMVA-ZZJets/job.dag: STATUS_SUBMITTED stats: [33mSTATUS_SUBMITTED[0m(9) [32mSTATUS_DONE[0m(86) [34mSTATUS_UNREADY[0m(1)
INFO:__main__:/nfs_scratch/fmeng/tmpcghV8TLFVHETauAnalyzerMVA-ZZJets/job.dag: STATUS_SUBMITTED stats: [33mSTATUS_SUBMITTED[0m(9) [32mSTATUS_DONE[0m(86) [34mSTATUS_UNREADY[0m(1)
INFO:__main__:/nfs_scratch/fmeng/tmpcghV8TLFVHETauAnalyzerMVA-ZZJets/job.dag: STATUS_SUBMITTED stats: [33mSTATUS_SUBMITTED[0m(9) [32mSTATUS_DONE[0m(86) [34mSTATUS_UNREADY[0m(1)
INFO:__main__:/nfs_scratch/fmeng/tmpcghV8TLFVHETauAnalyzerMVA-ZZJets/job.dag: STATUS_SUBMITTED stats: [33mSTATUS_SUBMITTED[0m(9) [32mSTATUS_DONE[0m(86) [34mSTATUS_UNREADY[0m(1)
INFO:__main__:/nfs_scratch/fmeng/tmpcghV8TLFVHETauAnalyzerMVA-ZZJets/job.dag: STATUS_SUBMITTED stats: [33mSTATUS_SUBMITTED[0m(9) [32mSTATUS_DONE[0m(86) [34mSTATUS_UNREADY[0m(1)
INFO:__main__:/nfs_scratch/fmeng/tmpcghV8TLFVHETauAnalyzerMVA-ZZJets/job.dag: STATUS_SUBMITTED stats: [33mSTATUS_SUBMITTED[0m(9) [32mSTATUS_DONE[0m(86) [34mSTATUS_UNREADY[0m(1)
INFO:__main__:/nfs_scratch/fmeng/tmpcghV8TLFVHETauAnalyzerMVA-ZZJets/job.dag: STATUS_SUBMITTED stats: [33mSTATUS_SUBMITTED[0m(9) [32mSTATUS_DONE[0m(86) [34mSTATUS_UNREADY[0m(1)
INFO:__main__:/nfs_scratch/fmeng/tmpcghV8TLFVHETauAnalyzerMVA-ZZJets/job.dag: STATUS_SUBMITTED stats: [33mSTATUS_SUBMITTED[0m(9) [32mSTATUS_DONE[0m(86) [34mSTATUS_UNREADY[0m(1)
INFO:__main__:/nfs_scratch/fmeng/tmpcghV8TLFVHETauAnalyzerMVA-ZZJets/job.dag: STATUS_SUBMITTED stats: [33mSTATUS_SUBMITTED[0m(9) [32mSTATUS_DONE[0m(86) [34mSTATUS_UNREADY[0m(1)
INFO:__main__:/nfs_scratch/fmeng/tmpcghV8TLFVHETauAnalyzerMVA-ZZJets/job.dag: STATUS_SUBMITTED stats: [33mSTATUS_SUBMITTED[0m(9) [32mSTATUS_DONE[0m(86) [34mSTATUS_UNREADY[0m(1)
INFO:__main__:/nfs_scratch/fmeng/tmpcghV8TLFVHETauAnalyzerMVA-ZZJets/job.dag: STATUS_SUBMITTED stats: [33mSTATUS_SUBMITTED[0m(9) [32mSTATUS_DONE[0m(86) [34mSTATUS_UNREADY[0m(1)
INFO:__main__:/nfs_scratch/fmeng/tmpcghV8TLFVHETauAnalyzerMVA-ZZJets/job.dag: STATUS_SUBMITTED stats: [33mSTATUS_SUBMITTED[0m(9) [32mSTATUS_DONE[0m(86) [34mSTATUS_UNREADY[0m(1)
INFO:__main__:/nfs_scratch/fmeng/tmpcghV8TLFVHETauAnalyzerMVA-ZZJets/job.dag: STATUS_SUBMITTED stats: [33mSTATUS_SUBMITTED[0m(9) [32mSTATUS_DONE[0m(86) [34mSTATUS_UNREADY[0m(1)
INFO:__main__:/nfs_scratch/fmeng/tmpcghV8TLFVHETauAnalyzerMVA-ZZJets/job.dag: STATUS_SUBMITTED stats: [33mSTATUS_SUBMITTED[0m(9) [32mSTATUS_DONE[0m(86) [34mSTATUS_UNREADY[0m(1)
INFO:__main__:/nfs_scratch/fmeng/tmpcghV8TLFVHETauAnalyzerMVA-ZZJets/job.dag: STATUS_SUBMITTED stats: [33mSTATUS_SUBMITTED[0m(9) [32mSTATUS_DONE[0m(86) [34mSTATUS_UNREADY[0m(1)
INFO:__main__:/nfs_scratch/fmeng/tmpcghV8TLFVHETauAnalyzerMVA-ZZJets/job.dag: STATUS_SUBMITTED stats: [33mSTATUS_SUBMITTED[0m(9) [32mSTATUS_DONE[0m(86) [34mSTATUS_UNREADY[0m(1)
INFO:__main__:/nfs_scratch/fmeng/tmpcghV8TLFVHETauAnalyzerMVA-ZZJets/job.dag: STATUS_SUBMITTED stats: [33mSTATUS_SUBMITTED[0m(9) [32mSTATUS_DONE[0m(86) [34mSTATUS_UNREADY[0m(1)
INFO:__main__:/nfs_scratch/fmeng/tmpcghV8TLFVHETauAnalyzerMVA-ZZJets/job.dag: STATUS_SUBMITTED stats: [33mSTATUS_SUBMITTED[0m(9) [32mSTATUS_DONE[0m(86) [34mSTATUS_UNREADY[0m(1)
INFO:__main__:/nfs_scratch/fmeng/tmpcghV8TLFVHETauAnalyzerMVA-ZZJets/job.dag: STATUS_SUBMITTED stats: [33mSTATUS_SUBMITTED[0m(9) [32mSTATUS_DONE[0m(86) [34mSTATUS_UNREADY[0m(1)
INFO:__main__:/nfs_scratch/fmeng/tmpcghV8TLFVHETauAnalyzerMVA-ZZJets/job.dag: STATUS_SUBMITTED stats: [33mSTATUS_SUBMITTED[0m(9) [32mSTATUS_DONE[0m(86) [34mSTATUS_UNREADY[0m(1)
INFO:__main__:/nfs_scratch/fmeng/tmpcghV8TLFVHETauAnalyzerMVA-ZZJets/job.dag: STATUS_SUBMITTED stats: [33mSTATUS_SUBMITTED[0m(9) [32mSTATUS_DONE[0m(86) [34mSTATUS_UNREADY[0m(1)
INFO:__main__:/nfs_scratch/fmeng/tmpcghV8TLFVHETauAnalyzerMVA-ZZJets/job.dag: STATUS_SUBMITTED stats: [33mSTATUS_SUBMITTED[0m(9) [32mSTATUS_DONE[0m(86) [34mSTATUS_UNREADY[0m(1)
INFO:__main__:/nfs_scratch/fmeng/tmpcghV8TLFVHETauAnalyzerMVA-ZZJets/job.dag: STATUS_SUBMITTED stats: [33mSTATUS_SUBMITTED[0m(9) [32mSTATUS_DONE[0m(86) [34mSTATUS_UNREADY[0m(1)
INFO:__main__:/nfs_scratch/fmeng/tmpcghV8TLFVHETauAnalyzerMVA-ZZJets/job.dag: STATUS_SUBMITTED stats: [33mSTATUS_SUBMITTED[0m(9) [32mSTATUS_DONE[0m(86) [34mSTATUS_UNREADY[0m(1)
INFO:__main__:/nfs_scratch/fmeng/tmpcghV8TLFVHETauAnalyzerMVA-ZZJets/job.dag: STATUS_SUBMITTED stats: [33mSTATUS_SUBMITTED[0m(9) [32mSTATUS_DONE[0m(86) [34mSTATUS_UNREADY[0m(1)
INFO:__main__:/nfs_scratch/fmeng/tmpcghV8TLFVHETauAnalyzerMVA-ZZJets/job.dag: STATUS_SUBMITTED stats: [33mSTATUS_SUBMITTED[0m(9) [32mSTATUS_DONE[0m(86) [34mSTATUS_UNREADY[0m(1)
INFO:__main__:/nfs_scratch/fmeng/tmpcghV8TLFVHETauAnalyzerMVA-ZZJets/job.dag: STATUS_SUBMITTED stats: [33mSTATUS_SUBMITTED[0m(9) [32mSTATUS_DONE[0m(86) [34mSTATUS_UNREADY[0m(1)
INFO:__main__:/nfs_scratch/fmeng/tmpcghV8TLFVHETauAnalyzerMVA-ZZJets/job.dag: STATUS_SUBMITTED stats: [33mSTATUS_SUBMITTED[0m(9) [32mSTATUS_DONE[0m(86) [34mSTATUS_UNREADY[0m(1)
INFO:__main__:/nfs_scratch/fmeng/tmpcghV8TLFVHETauAnalyzerMVA-ZZJets/job.dag: STATUS_SUBMITTED stats: [33mSTATUS_SUBMITTED[0m(9) [32mSTATUS_DONE[0m(86) [34mSTATUS_UNREADY[0m(1)
INFO:__main__:/nfs_scratch/fmeng/tmpcghV8TLFVHETauAnalyzerMVA-ZZJets/job.dag: STATUS_SUBMITTED stats: [33mSTATUS_SUBMITTED[0m(9) [32mSTATUS_DONE[0m(86) [34mSTATUS_UNREADY[0m(1)
INFO:__main__:/nfs_scratch/fmeng/tmpcghV8TLFVHETauAnalyzerMVA-ZZJets/job.dag: STATUS_SUBMITTED stats: [33mSTATUS_SUBMITTED[0m(9) [32mSTATUS_DONE[0m(86) [34mSTATUS_UNREADY[0m(1)
INFO:__main__:/nfs_scratch/fmeng/tmpcghV8TLFVHETauAnalyzerMVA-ZZJets/job.dag: STATUS_SUBMITTED stats: [33mSTATUS_SUBMITTED[0m(9) [32mSTATUS_DONE[0m(86) [34mSTATUS_UNREADY[0m(1)
INFO:__main__:/nfs_scratch/fmeng/tmpcghV8TLFVHETauAnalyzerMVA-ZZJets/job.dag: STATUS_SUBMITTED stats: [33mSTATUS_SUBMITTED[0m(9) [32mSTATUS_DONE[0m(86) [34mSTATUS_UNREADY[0m(1)
INFO:__main__:/nfs_scratch/fmeng/tmpcghV8TLFVHETauAnalyzerMVA-ZZJets/job.dag: STATUS_SUBMITTED stats: [33mSTATUS_SUBMITTED[0m(9) [32mSTATUS_DONE[0m(86) [34mSTATUS_UNREADY[0m(1)
INFO:__main__:/nfs_scratch/fmeng/tmpcghV8TLFVHETauAnalyzerMVA-ZZJets/job.dag: STATUS_SUBMITTED stats: [33mSTATUS_SUBMITTED[0m(9) [32mSTATUS_DONE[0m(86) [34mSTATUS_UNREADY[0m(1)
INFO:__main__:/nfs_scratch/fmeng/tmpcghV8TLFVHETauAnalyzerMVA-ZZJets/job.dag: STATUS_SUBMITTED stats: [33mSTATUS_SUBMITTED[0m(9) [32mSTATUS_DONE[0m(86) [34mSTATUS_UNREADY[0m(1)
INFO:__main__:/nfs_scratch/fmeng/tmpcghV8TLFVHETauAnalyzerMVA-ZZJets/job.dag: STATUS_SUBMITTED stats: [33mSTATUS_SUBMITTED[0m(9) [32mSTATUS_DONE[0m(86) [34mSTATUS_UNREADY[0m(1)
INFO:__main__:/nfs_scratch/fmeng/tmpcghV8TLFVHETauAnalyzerMVA-ZZJets/job.dag: STATUS_SUBMITTED stats: [33mSTATUS_SUBMITTED[0m(9) [32mSTATUS_DONE[0m(86) [34mSTATUS_UNREADY[0m(1)
INFO:__main__:/nfs_scratch/fmeng/tmpcghV8TLFVHETauAnalyzerMVA-ZZJets/job.dag: STATUS_SUBMITTED stats: [33mSTATUS_SUBMITTED[0m(9) [32mSTATUS_DONE[0m(86) [34mSTATUS_UNREADY[0m(1)
INFO:__main__:/nfs_scratch/fmeng/tmpcghV8TLFVHETauAnalyzerMVA-ZZJets/job.dag: STATUS_SUBMITTED stats: [33mSTATUS_SUBMITTED[0m(9) [32mSTATUS_DONE[0m(86) [34mSTATUS_UNREADY[0m(1)
INFO:__main__:/nfs_scratch/fmeng/tmpcghV8TLFVHETauAnalyzerMVA-ZZJets/job.dag: STATUS_SUBMITTED stats: [33mSTATUS_SUBMITTED[0m(9) [32mSTATUS_DONE[0m(86) [34mSTATUS_UNREADY[0m(1)
INFO:__main__:/nfs_scratch/fmeng/tmpcghV8TLFVHETauAnalyzerMVA-ZZJets/job.dag: STATUS_SUBMITTED stats: [33mSTATUS_SUBMITTED[0m(9) [32mSTATUS_DONE[0m(86) [34mSTATUS_UNREADY[0m(1)
INFO:__main__:/nfs_scratch/fmeng/tmpcghV8TLFVHETauAnalyzerMVA-ZZJets/job.dag: STATUS_SUBMITTED stats: [33mSTATUS_SUBMITTED[0m(9) [32mSTATUS_DONE[0m(86) [34mSTATUS_UNREADY[0m(1)
INFO:__main__:/nfs_scratch/fmeng/tmpcghV8TLFVHETauAnalyzerMVA-ZZJets/job.dag: STATUS_SUBMITTED stats: [33mSTATUS_SUBMITTED[0m(9) [32mSTATUS_DONE[0m(86) [34mSTATUS_UNREADY[0m(1)
INFO:__main__:/nfs_scratch/fmeng/tmpcghV8TLFVHETauAnalyzerMVA-ZZJets/job.dag: STATUS_SUBMITTED stats: [33mSTATUS_SUBMITTED[0m(9) [32mSTATUS_DONE[0m(86) [34mSTATUS_UNREADY[0m(1)
INFO:__main__:/nfs_scratch/fmeng/tmpcghV8TLFVHETauAnalyzerMVA-ZZJets/job.dag: STATUS_SUBMITTED stats: [33mSTATUS_SUBMITTED[0m(9) [32mSTATUS_DONE[0m(86) [34mSTATUS_UNREADY[0m(1)
INFO:__main__:/nfs_scratch/fmeng/tmpcghV8TLFVHETauAnalyzerMVA-ZZJets/job.dag: STATUS_SUBMITTED stats: [33mSTATUS_SUBMITTED[0m(9) [32mSTATUS_DONE[0m(86) [34mSTATUS_UNREADY[0m(1)
INFO:__main__:/nfs_scratch/fmeng/tmpcghV8TLFVHETauAnalyzerMVA-ZZJets/job.dag: STATUS_SUBMITTED stats: [33mSTATUS_SUBMITTED[0m(9) [32mSTATUS_DONE[0m(86) [34mSTATUS_UNREADY[0m(1)
INFO:__main__:/nfs_scratch/fmeng/tmpcghV8TLFVHETauAnalyzerMVA-ZZJets/job.dag: STATUS_SUBMITTED stats: [33mSTATUS_SUBMITTED[0m(9) [32mSTATUS_DONE[0m(86) [34mSTATUS_UNREADY[0m(1)
INFO:__main__:/nfs_scratch/fmeng/tmpcghV8TLFVHETauAnalyzerMVA-ZZJets/job.dag: STATUS_SUBMITTED stats: [33mSTATUS_SUBMITTED[0m(9) [32mSTATUS_DONE[0m(86) [34mSTATUS_UNREADY[0m(1)
INFO:__main__:/nfs_scratch/fmeng/tmpcghV8TLFVHETauAnalyzerMVA-ZZJets/job.dag: STATUS_SUBMITTED stats: [33mSTATUS_SUBMITTED[0m(9) [32mSTATUS_DONE[0m(86) [34mSTATUS_UNREADY[0m(1)
INFO:__main__:/nfs_scratch/fmeng/tmpcghV8TLFVHETauAnalyzerMVA-ZZJets/job.dag: STATUS_SUBMITTED stats: [33mSTATUS_SUBMITTED[0m(9) [32mSTATUS_DONE[0m(86) [34mSTATUS_UNREADY[0m(1)
INFO:__main__:/nfs_scratch/fmeng/tmpcghV8TLFVHETauAnalyzerMVA-ZZJets/job.dag: STATUS_SUBMITTED stats: [33mSTATUS_SUBMITTED[0m(9) [32mSTATUS_DONE[0m(86) [34mSTATUS_UNREADY[0m(1)
INFO:__main__:/nfs_scratch/fmeng/tmpcghV8TLFVHETauAnalyzerMVA-ZZJets/job.dag: STATUS_SUBMITTED stats: [33mSTATUS_SUBMITTED[0m(9) [32mSTATUS_DONE[0m(86) [34mSTATUS_UNREADY[0m(1)
INFO:__main__:/nfs_scratch/fmeng/tmpcghV8TLFVHETauAnalyzerMVA-ZZJets/job.dag: STATUS_SUBMITTED stats: [33mSTATUS_SUBMITTED[0m(9) [32mSTATUS_DONE[0m(86) [34mSTATUS_UNREADY[0m(1)
INFO:__main__:/nfs_scratch/fmeng/tmpcghV8TLFVHETauAnalyzerMVA-ZZJets/job.dag: STATUS_SUBMITTED stats: [33mSTATUS_SUBMITTED[0m(9) [32mSTATUS_DONE[0m(86) [34mSTATUS_UNREADY[0m(1)
INFO:__main__:/nfs_scratch/fmeng/tmpcghV8TLFVHETauAnalyzerMVA-ZZJets/job.dag: STATUS_SUBMITTED stats: [33mSTATUS_SUBMITTED[0m(9) [32mSTATUS_DONE[0m(86) [34mSTATUS_UNREADY[0m(1)
INFO:__main__:/nfs_scratch/fmeng/tmpcghV8TLFVHETauAnalyzerMVA-ZZJets/job.dag: STATUS_SUBMITTED stats: [33mSTATUS_SUBMITTED[0m(9) [32mSTATUS_DONE[0m(86) [34mSTATUS_UNREADY[0m(1)
INFO:__main__:/nfs_scratch/fmeng/tmpcghV8TLFVHETauAnalyzerMVA-ZZJets/job.dag: STATUS_SUBMITTED stats: [33mSTATUS_SUBMITTED[0m(9) [32mSTATUS_DONE[0m(86) [34mSTATUS_UNREADY[0m(1)
INFO:__main__:/nfs_scratch/fmeng/tmpcghV8TLFVHETauAnalyzerMVA-ZZJets/job.dag: STATUS_SUBMITTED stats: [33mSTATUS_SUBMITTED[0m(9) [32mSTATUS_DONE[0m(86) [34mSTATUS_UNREADY[0m(1)
INFO:__main__:/nfs_scratch/fmeng/tmpcghV8TLFVHETauAnalyzerMVA-ZZJets/job.dag: STATUS_SUBMITTED stats: [33mSTATUS_SUBMITTED[0m(9) [32mSTATUS_DONE[0m(86) [34mSTATUS_UNREADY[0m(1)
INFO:__main__:/nfs_scratch/fmeng/tmpcghV8TLFVHETauAnalyzerMVA-ZZJets/job.dag: STATUS_SUBMITTED stats: [33mSTATUS_SUBMITTED[0m(9) [32mSTATUS_DONE[0m(86) [34mSTATUS_UNREADY[0m(1)
INFO:__main__:/nfs_scratch/fmeng/tmpcghV8TLFVHETauAnalyzerMVA-ZZJets/job.dag: STATUS_SUBMITTED stats: [33mSTATUS_SUBMITTED[0m(9) [32mSTATUS_DONE[0m(86) [34mSTATUS_UNREADY[0m(1)
INFO:__main__:/nfs_scratch/fmeng/tmpcghV8TLFVHETauAnalyzerMVA-ZZJets/job.dag: STATUS_SUBMITTED stats: [33mSTATUS_SUBMITTED[0m(9) [32mSTATUS_DONE[0m(86) [34mSTATUS_UNREADY[0m(1)
INFO:__main__:/nfs_scratch/fmeng/tmpcghV8TLFVHETauAnalyzerMVA-ZZJets/job.dag: STATUS_SUBMITTED stats: [33mSTATUS_SUBMITTED[0m(9) [32mSTATUS_DONE[0m(86) [34mSTATUS_UNREADY[0m(1)
INFO:__main__:/nfs_scratch/fmeng/tmpcghV8TLFVHETauAnalyzerMVA-ZZJets/job.dag: STATUS_SUBMITTED stats: [33mSTATUS_SUBMITTED[0m(9) [32mSTATUS_DONE[0m(86) [34mSTATUS_UNREADY[0m(1)
INFO:__main__:/nfs_scratch/fmeng/tmpcghV8TLFVHETauAnalyzerMVA-ZZJets/job.dag: STATUS_SUBMITTED stats: [33mSTATUS_SUBMITTED[0m(9) [32mSTATUS_DONE[0m(86) [34mSTATUS_UNREADY[0m(1)
INFO:__main__:/nfs_scratch/fmeng/tmpcghV8TLFVHETauAnalyzerMVA-ZZJets/job.dag: STATUS_SUBMITTED stats: [33mSTATUS_SUBMITTED[0m(9) [32mSTATUS_DONE[0m(86) [34mSTATUS_UNREADY[0m(1)
INFO:__main__:/nfs_scratch/fmeng/tmpcghV8TLFVHETauAnalyzerMVA-ZZJets/job.dag: STATUS_SUBMITTED stats: [33mSTATUS_SUBMITTED[0m(9) [32mSTATUS_DONE[0m(86) [34mSTATUS_UNREADY[0m(1)
INFO:__main__:/nfs_scratch/fmeng/tmpcghV8TLFVHETauAnalyzerMVA-ZZJets/job.dag: STATUS_SUBMITTED stats: [33mSTATUS_SUBMITTED[0m(9) [32mSTATUS_DONE[0m(86) [34mSTATUS_UNREADY[0m(1)
INFO:__main__:/nfs_scratch/fmeng/tmpcghV8TLFVHETauAnalyzerMVA-ZZJets/job.dag: STATUS_SUBMITTED stats: [33mSTATUS_SUBMITTED[0m(9) [32mSTATUS_DONE[0m(86) [34mSTATUS_UNREADY[0m(1)
INFO:__main__:/nfs_scratch/fmeng/tmpcghV8TLFVHETauAnalyzerMVA-ZZJets/job.dag: STATUS_SUBMITTED stats: [33mSTATUS_SUBMITTED[0m(9) [32mSTATUS_DONE[0m(86) [34mSTATUS_UNREADY[0m(1)
INFO:__main__:/nfs_scratch/fmeng/tmpcghV8TLFVHETauAnalyzerMVA-ZZJets/job.dag: STATUS_SUBMITTED stats: [33mSTATUS_SUBMITTED[0m(9) [32mSTATUS_DONE[0m(86) [34mSTATUS_UNREADY[0m(1)
INFO:__main__:/nfs_scratch/fmeng/tmpcghV8TLFVHETauAnalyzerMVA-ZZJets/job.dag: STATUS_SUBMITTED stats: [33mSTATUS_SUBMITTED[0m(9) [32mSTATUS_DONE[0m(86) [34mSTATUS_UNREADY[0m(1)
INFO:__main__:/nfs_scratch/fmeng/tmpcghV8TLFVHETauAnalyzerMVA-ZZJets/job.dag: STATUS_SUBMITTED stats: [33mSTATUS_SUBMITTED[0m(9) [32mSTATUS_DONE[0m(86) [34mSTATUS_UNREADY[0m(1)
INFO:__main__:/nfs_scratch/fmeng/tmpcghV8TLFVHETauAnalyzerMVA-ZZJets/job.dag: STATUS_SUBMITTED stats: [33mSTATUS_SUBMITTED[0m(9) [32mSTATUS_DONE[0m(86) [34mSTATUS_UNREADY[0m(1)
INFO:__main__:/nfs_scratch/fmeng/tmpcghV8TLFVHETauAnalyzerMVA-ZZJets/job.dag: STATUS_SUBMITTED stats: [33mSTATUS_SUBMITTED[0m(9) [32mSTATUS_DONE[0m(86) [34mSTATUS_UNREADY[0m(1)
INFO:__main__:/nfs_scratch/fmeng/tmpcghV8TLFVHETauAnalyzerMVA-ZZJets/job.dag: STATUS_SUBMITTED stats: [33mSTATUS_SUBMITTED[0m(9) [32mSTATUS_DONE[0m(86) [34mSTATUS_UNREADY[0m(1)
INFO:__main__:/nfs_scratch/fmeng/tmpcghV8TLFVHETauAnalyzerMVA-ZZJets/job.dag: STATUS_SUBMITTED stats: [33mSTATUS_SUBMITTED[0m(9) [32mSTATUS_DONE[0m(86) [34mSTATUS_UNREADY[0m(1)
INFO:__main__:/nfs_scratch/fmeng/tmpcghV8TLFVHETauAnalyzerMVA-ZZJets/job.dag: STATUS_SUBMITTED stats: [33mSTATUS_SUBMITTED[0m(9) [32mSTATUS_DONE[0m(86) [34mSTATUS_UNREADY[0m(1)
INFO:__main__:/nfs_scratch/fmeng/tmpcghV8TLFVHETauAnalyzerMVA-ZZJets/job.dag: STATUS_SUBMITTED stats: [33mSTATUS_SUBMITTED[0m(9) [32mSTATUS_DONE[0m(86) [34mSTATUS_UNREADY[0m(1)
INFO:__main__:/nfs_scratch/fmeng/tmpcghV8TLFVHETauAnalyzerMVA-ZZJets/job.dag: STATUS_SUBMITTED stats: [33mSTATUS_SUBMITTED[0m(9) [32mSTATUS_DONE[0m(86) [34mSTATUS_UNREADY[0m(1)
INFO:__main__:/nfs_scratch/fmeng/tmpcghV8TLFVHETauAnalyzerMVA-ZZJets/job.dag: STATUS_SUBMITTED stats: [33mSTATUS_SUBMITTED[0m(9) [32mSTATUS_DONE[0m(86) [34mSTATUS_UNREADY[0m(1)
INFO:__main__:/nfs_scratch/fmeng/tmpcghV8TLFVHETauAnalyzerMVA-ZZJets/job.dag: STATUS_SUBMITTED stats: [33mSTATUS_SUBMITTED[0m(9) [32mSTATUS_DONE[0m(86) [34mSTATUS_UNREADY[0m(1)
INFO:__main__:/nfs_scratch/fmeng/tmpcghV8TLFVHETauAnalyzerMVA-ZZJets/job.dag: STATUS_SUBMITTED stats: [33mSTATUS_SUBMITTED[0m(9) [32mSTATUS_DONE[0m(86) [34mSTATUS_UNREADY[0m(1)
INFO:__main__:/nfs_scratch/fmeng/tmpcghV8TLFVHETauAnalyzerMVA-ZZJets/job.dag: STATUS_SUBMITTED stats: [33mSTATUS_SUBMITTED[0m(9) [32mSTATUS_DONE[0m(86) [34mSTATUS_UNREADY[0m(1)
INFO:__main__:/nfs_scratch/fmeng/tmpcghV8TLFVHETauAnalyzerMVA-ZZJets/job.dag: STATUS_SUBMITTED stats: [33mSTATUS_SUBMITTED[0m(9) [32mSTATUS_DONE[0m(86) [34mSTATUS_UNREADY[0m(1)
INFO:__main__:/nfs_scratch/fmeng/tmpcghV8TLFVHETauAnalyzerMVA-ZZJets/job.dag: STATUS_SUBMITTED stats: [33mSTATUS_SUBMITTED[0m(9) [32mSTATUS_DONE[0m(86) [34mSTATUS_UNREADY[0m(1)
INFO:__main__:/nfs_scratch/fmeng/tmpcghV8TLFVHETauAnalyzerMVA-ZZJets/job.dag: STATUS_SUBMITTED stats: [33mSTATUS_SUBMITTED[0m(9) [32mSTATUS_DONE[0m(86) [34mSTATUS_UNREADY[0m(1)
INFO:__main__:/nfs_scratch/fmeng/tmpcghV8TLFVHETauAnalyzerMVA-ZZJets/job.dag: STATUS_SUBMITTED stats: [33mSTATUS_SUBMITTED[0m(9) [32mSTATUS_DONE[0m(86) [34mSTATUS_UNREADY[0m(1)
INFO:__main__:/nfs_scratch/fmeng/tmpcghV8TLFVHETauAnalyzerMVA-ZZJets/job.dag: STATUS_SUBMITTED stats: [33mSTATUS_SUBMITTED[0m(9) [32mSTATUS_DONE[0m(86) [34mSTATUS_UNREADY[0m(1)
INFO:__main__:/nfs_scratch/fmeng/tmpcghV8TLFVHETauAnalyzerMVA-ZZJets/job.dag: STATUS_SUBMITTED stats: [33mSTATUS_SUBMITTED[0m(9) [32mSTATUS_DONE[0m(86) [34mSTATUS_UNREADY[0m(1)
INFO:__main__:/nfs_scratch/fmeng/tmpcghV8TLFVHETauAnalyzerMVA-ZZJets/job.dag: STATUS_SUBMITTED stats: [33mSTATUS_SUBMITTED[0m(9) [32mSTATUS_DONE[0m(86) [34mSTATUS_UNREADY[0m(1)
INFO:__main__:/nfs_scratch/fmeng/tmpcghV8TLFVHETauAnalyzerMVA-ZZJets/job.dag: STATUS_SUBMITTED stats: [33mSTATUS_SUBMITTED[0m(9) [32mSTATUS_DONE[0m(86) [34mSTATUS_UNREADY[0m(1)
INFO:__main__:/nfs_scratch/fmeng/tmpcghV8TLFVHETauAnalyzerMVA-ZZJets/job.dag: STATUS_SUBMITTED stats: [33mSTATUS_SUBMITTED[0m(9) [32mSTATUS_DONE[0m(86) [34mSTATUS_UNREADY[0m(1)
INFO:__main__:/nfs_scratch/fmeng/tmpcghV8TLFVHETauAnalyzerMVA-ZZJets/job.dag: STATUS_SUBMITTED stats: [33mSTATUS_SUBMITTED[0m(9) [32mSTATUS_DONE[0m(86) [34mSTATUS_UNREADY[0m(1)
INFO:__main__:/nfs_scratch/fmeng/tmpcghV8TLFVHETauAnalyzerMVA-ZZJets/job.dag: STATUS_SUBMITTED stats: [33mSTATUS_SUBMITTED[0m(9) [32mSTATUS_DONE[0m(86) [34mSTATUS_UNREADY[0m(1)
INFO:__main__:/nfs_scratch/fmeng/tmpcghV8TLFVHETauAnalyzerMVA-ZZJets/job.dag: STATUS_SUBMITTED stats: [33mSTATUS_SUBMITTED[0m(9) [32mSTATUS_DONE[0m(86) [34mSTATUS_UNREADY[0m(1)
INFO:__main__:/nfs_scratch/fmeng/tmpcghV8TLFVHETauAnalyzerMVA-ZZJets/job.dag: STATUS_SUBMITTED stats: [33mSTATUS_SUBMITTED[0m(9) [32mSTATUS_DONE[0m(86) [34mSTATUS_UNREADY[0m(1)
INFO:__main__:/nfs_scratch/fmeng/tmpcghV8TLFVHETauAnalyzerMVA-ZZJets/job.dag: STATUS_SUBMITTED stats: [33mSTATUS_SUBMITTED[0m(9) [32mSTATUS_DONE[0m(86) [34mSTATUS_UNREADY[0m(1)
INFO:__main__:/nfs_scratch/fmeng/tmpcghV8TLFVHETauAnalyzerMVA-ZZJets/job.dag: STATUS_SUBMITTED stats: [33mSTATUS_SUBMITTED[0m(9) [32mSTATUS_DONE[0m(86) [34mSTATUS_UNREADY[0m(1)
INFO:__main__:/nfs_scratch/fmeng/tmpcghV8TLFVHETauAnalyzerMVA-ZZJets/job.dag: STATUS_SUBMITTED stats: [33mSTATUS_SUBMITTED[0m(9) [32mSTATUS_DONE[0m(86) [34mSTATUS_UNREADY[0m(1)
INFO:__main__:/nfs_scratch/fmeng/tmpcghV8TLFVHETauAnalyzerMVA-ZZJets/job.dag: STATUS_SUBMITTED stats: [33mSTATUS_SUBMITTED[0m(9) [32mSTATUS_DONE[0m(86) [34mSTATUS_UNREADY[0m(1)
INFO:__main__:/nfs_scratch/fmeng/tmpcghV8TLFVHETauAnalyzerMVA-ZZJets/job.dag: STATUS_SUBMITTED stats: [33mSTATUS_SUBMITTED[0m(9) [32mSTATUS_DONE[0m(86) [34mSTATUS_UNREADY[0m(1)
INFO:__main__:/nfs_scratch/fmeng/tmpcghV8TLFVHETauAnalyzerMVA-ZZJets/job.dag: STATUS_SUBMITTED stats: [33mSTATUS_SUBMITTED[0m(9) [32mSTATUS_DONE[0m(86) [34mSTATUS_UNREADY[0m(1)
INFO:__main__:/nfs_scratch/fmeng/tmpcghV8TLFVHETauAnalyzerMVA-ZZJets/job.dag: STATUS_SUBMITTED stats: [33mSTATUS_SUBMITTED[0m(9) [32mSTATUS_DONE[0m(86) [34mSTATUS_UNREADY[0m(1)
INFO:__main__:/nfs_scratch/fmeng/tmpcghV8TLFVHETauAnalyzerMVA-ZZJets/job.dag: STATUS_SUBMITTED stats: [33mSTATUS_SUBMITTED[0m(9) [32mSTATUS_DONE[0m(86) [34mSTATUS_UNREADY[0m(1)
INFO:__main__:/nfs_scratch/fmeng/tmpcghV8TLFVHETauAnalyzerMVA-ZZJets/job.dag: STATUS_SUBMITTED stats: [33mSTATUS_SUBMITTED[0m(9) [32mSTATUS_DONE[0m(86) [34mSTATUS_UNREADY[0m(1)
INFO:__main__:/nfs_scratch/fmeng/tmpcghV8TLFVHETauAnalyzerMVA-ZZJets/job.dag: STATUS_SUBMITTED stats: [33mSTATUS_SUBMITTED[0m(9) [32mSTATUS_DONE[0m(86) [34mSTATUS_UNREADY[0m(1)
INFO:__main__:/nfs_scratch/fmeng/tmpcghV8TLFVHETauAnalyzerMVA-ZZJets/job.dag: STATUS_SUBMITTED stats: [33mSTATUS_SUBMITTED[0m(9) [32mSTATUS_DONE[0m(86) [34mSTATUS_UNREADY[0m(1)
INFO:__main__:/nfs_scratch/fmeng/tmpcghV8TLFVHETauAnalyzerMVA-ZZJets/job.dag: STATUS_SUBMITTED stats: [33mSTATUS_SUBMITTED[0m(9) [32mSTATUS_DONE[0m(86) [34mSTATUS_UNREADY[0m(1)
INFO:__main__:/nfs_scratch/fmeng/tmpcghV8TLFVHETauAnalyzerMVA-ZZJets/job.dag: STATUS_SUBMITTED stats: [33mSTATUS_SUBMITTED[0m(9) [32mSTATUS_DONE[0m(86) [34mSTATUS_UNREADY[0m(1)
INFO:__main__:/nfs_scratch/fmeng/tmpcghV8TLFVHETauAnalyzerMVA-ZZJets/job.dag: STATUS_SUBMITTED stats: [33mSTATUS_SUBMITTED[0m(9) [32mSTATUS_DONE[0m(86) [34mSTATUS_UNREADY[0m(1)
INFO:__main__:/nfs_scratch/fmeng/tmpcghV8TLFVHETauAnalyzerMVA-ZZJets/job.dag: STATUS_SUBMITTED stats: [33mSTATUS_SUBMITTED[0m(9) [32mSTATUS_DONE[0m(86) [34mSTATUS_UNREADY[0m(1)
INFO:__main__:/nfs_scratch/fmeng/tmpcghV8TLFVHETauAnalyzerMVA-ZZJets/job.dag: STATUS_SUBMITTED stats: [33mSTATUS_SUBMITTED[0m(9) [32mSTATUS_DONE[0m(86) [34mSTATUS_UNREADY[0m(1)
INFO:__main__:/nfs_scratch/fmeng/tmpcghV8TLFVHETauAnalyzerMVA-ZZJets/job.dag: STATUS_SUBMITTED stats: [33mSTATUS_SUBMITTED[0m(9) [32mSTATUS_DONE[0m(86) [34mSTATUS_UNREADY[0m(1)
INFO:__main__:/nfs_scratch/fmeng/tmpcghV8TLFVHETauAnalyzerMVA-ZZJets/job.dag: STATUS_SUBMITTED stats: [33mSTATUS_SUBMITTED[0m(9) [32mSTATUS_DONE[0m(86) [34mSTATUS_UNREADY[0m(1)
INFO:__main__:/nfs_scratch/fmeng/tmpcghV8TLFVHETauAnalyzerMVA-ZZJets/job.dag: STATUS_SUBMITTED stats: [33mSTATUS_SUBMITTED[0m(9) [32mSTATUS_DONE[0m(86) [34mSTATUS_UNREADY[0m(1)
INFO:__main__:/nfs_scratch/fmeng/tmpcghV8TLFVHETauAnalyzerMVA-ZZJets/job.dag: STATUS_SUBMITTED stats: [33mSTATUS_SUBMITTED[0m(9) [32mSTATUS_DONE[0m(86) [34mSTATUS_UNREADY[0m(1)
INFO:__main__:/nfs_scratch/fmeng/tmpcghV8TLFVHETauAnalyzerMVA-ZZJets/job.dag: STATUS_SUBMITTED stats: [33mSTATUS_SUBMITTED[0m(9) [32mSTATUS_DONE[0m(86) [34mSTATUS_UNREADY[0m(1)
INFO:__main__:/nfs_scratch/fmeng/tmpcghV8TLFVHETauAnalyzerMVA-ZZJets/job.dag: STATUS_SUBMITTED stats: [33mSTATUS_SUBMITTED[0m(9) [32mSTATUS_DONE[0m(86) [34mSTATUS_UNREADY[0m(1)
INFO:__main__:/nfs_scratch/fmeng/tmpcghV8TLFVHETauAnalyzerMVA-ZZJets/job.dag: STATUS_SUBMITTED stats: [33mSTATUS_SUBMITTED[0m(9) [32mSTATUS_DONE[0m(86) [34mSTATUS_UNREADY[0m(1)
INFO:__main__:/nfs_scratch/fmeng/tmpcghV8TLFVHETauAnalyzerMVA-ZZJets/job.dag: STATUS_SUBMITTED stats: [33mSTATUS_SUBMITTED[0m(9) [32mSTATUS_DONE[0m(86) [34mSTATUS_UNREADY[0m(1)
INFO:__main__:/nfs_scratch/fmeng/tmpcghV8TLFVHETauAnalyzerMVA-ZZJets/job.dag: STATUS_SUBMITTED stats: [33mSTATUS_SUBMITTED[0m(9) [32mSTATUS_DONE[0m(86) [34mSTATUS_UNREADY[0m(1)
INFO:__main__:/nfs_scratch/fmeng/tmpcghV8TLFVHETauAnalyzerMVA-ZZJets/job.dag: STATUS_SUBMITTED stats: [33mSTATUS_SUBMITTED[0m(9) [32mSTATUS_DONE[0m(86) [34mSTATUS_UNREADY[0m(1)
INFO:__main__:/nfs_scratch/fmeng/tmpcghV8TLFVHETauAnalyzerMVA-ZZJets/job.dag: STATUS_SUBMITTED stats: [33mSTATUS_SUBMITTED[0m(9) [32mSTATUS_DONE[0m(86) [34mSTATUS_UNREADY[0m(1)
INFO:__main__:/nfs_scratch/fmeng/tmpcghV8TLFVHETauAnalyzerMVA-ZZJets/job.dag: STATUS_SUBMITTED stats: [33mSTATUS_SUBMITTED[0m(9) [32mSTATUS_DONE[0m(86) [34mSTATUS_UNREADY[0m(1)
INFO:__main__:/nfs_scratch/fmeng/tmpcghV8TLFVHETauAnalyzerMVA-ZZJets/job.dag: STATUS_SUBMITTED stats: [33mSTATUS_SUBMITTED[0m(9) [32mSTATUS_DONE[0m(86) [34mSTATUS_UNREADY[0m(1)
INFO:__main__:/nfs_scratch/fmeng/tmpcghV8TLFVHETauAnalyzerMVA-ZZJets/job.dag: STATUS_SUBMITTED stats: [33mSTATUS_SUBMITTED[0m(9) [32mSTATUS_DONE[0m(86) [34mSTATUS_UNREADY[0m(1)
INFO:__main__:/nfs_scratch/fmeng/tmpcghV8TLFVHETauAnalyzerMVA-ZZJets/job.dag: STATUS_SUBMITTED stats: [33mSTATUS_SUBMITTED[0m(9) [32mSTATUS_DONE[0m(86) [34mSTATUS_UNREADY[0m(1)
INFO:__main__:/nfs_scratch/fmeng/tmpcghV8TLFVHETauAnalyzerMVA-ZZJets/job.dag: STATUS_SUBMITTED stats: [33mSTATUS_SUBMITTED[0m(9) [32mSTATUS_DONE[0m(86) [34mSTATUS_UNREADY[0m(1)
INFO:__main__:/nfs_scratch/fmeng/tmpcghV8TLFVHETauAnalyzerMVA-ZZJets/job.dag: STATUS_SUBMITTED stats: [33mSTATUS_SUBMITTED[0m(9) [32mSTATUS_DONE[0m(86) [34mSTATUS_UNREADY[0m(1)
INFO:__main__:/nfs_scratch/fmeng/tmpcghV8TLFVHETauAnalyzerMVA-ZZJets/job.dag: STATUS_SUBMITTED stats: [33mSTATUS_SUBMITTED[0m(8) [32mSTATUS_DONE[0m(87) [34mSTATUS_UNREADY[0m(1)
INFO:__main__:/nfs_scratch/fmeng/tmpcghV8TLFVHETauAnalyzerMVA-ZZJets/job.dag: STATUS_SUBMITTED stats: [33mSTATUS_SUBMITTED[0m(8) [32mSTATUS_DONE[0m(87) [34mSTATUS_UNREADY[0m(1)
INFO:__main__:/nfs_scratch/fmeng/tmpcghV8TLFVHETauAnalyzerMVA-ZZJets/job.dag: STATUS_SUBMITTED stats: [33mSTATUS_SUBMITTED[0m(7) [32mSTATUS_DONE[0m(88) [34mSTATUS_UNREADY[0m(1)
INFO:__main__:/nfs_scratch/fmeng/tmpcghV8TLFVHETauAnalyzerMVA-ZZJets/job.dag: STATUS_SUBMITTED stats: [33mSTATUS_SUBMITTED[0m(7) [32mSTATUS_DONE[0m(88) [34mSTATUS_UNREADY[0m(1)
INFO:__main__:/nfs_scratch/fmeng/tmpcghV8TLFVHETauAnalyzerMVA-ZZJets/job.dag: STATUS_SUBMITTED stats: [33mSTATUS_SUBMITTED[0m(7) [32mSTATUS_DONE[0m(88) [34mSTATUS_UNREADY[0m(1)
INFO:__main__:/nfs_scratch/fmeng/tmpcghV8TLFVHETauAnalyzerMVA-ZZJets/job.dag: STATUS_SUBMITTED stats: [33mSTATUS_SUBMITTED[0m(7) [32mSTATUS_DONE[0m(88) [34mSTATUS_UNREADY[0m(1)
INFO:__main__:/nfs_scratch/fmeng/tmpcghV8TLFVHETauAnalyzerMVA-ZZJets/job.dag: STATUS_SUBMITTED stats: [33mSTATUS_SUBMITTED[0m(7) [32mSTATUS_DONE[0m(88) [34mSTATUS_UNREADY[0m(1)
INFO:__main__:/nfs_scratch/fmeng/tmpcghV8TLFVHETauAnalyzerMVA-ZZJets/job.dag: STATUS_SUBMITTED stats: [33mSTATUS_SUBMITTED[0m(4) [32mSTATUS_DONE[0m(91) [34mSTATUS_UNREADY[0m(1)
INFO:__main__:/nfs_scratch/fmeng/tmpcghV8TLFVHETauAnalyzerMVA-ZZJets/job.dag: STATUS_SUBMITTED stats: [33mSTATUS_SUBMITTED[0m(4) [32mSTATUS_DONE[0m(91) [34mSTATUS_UNREADY[0m(1)
INFO:__main__:/nfs_scratch/fmeng/tmpcghV8TLFVHETauAnalyzerMVA-ZZJets/job.dag: STATUS_SUBMITTED stats: [33mSTATUS_SUBMITTED[0m(4) [32mSTATUS_DONE[0m(91) [34mSTATUS_UNREADY[0m(1)
INFO:__main__:/nfs_scratch/fmeng/tmpcghV8TLFVHETauAnalyzerMVA-ZZJets/job.dag: STATUS_SUBMITTED stats: [33mSTATUS_SUBMITTED[0m(4) [32mSTATUS_DONE[0m(91) [34mSTATUS_UNREADY[0m(1)
INFO:__main__:/nfs_scratch/fmeng/tmpcghV8TLFVHETauAnalyzerMVA-ZZJets/job.dag: STATUS_SUBMITTED stats: [33mSTATUS_SUBMITTED[0m(4) [32mSTATUS_DONE[0m(91) [34mSTATUS_UNREADY[0m(1)
INFO:__main__:/nfs_scratch/fmeng/tmpcghV8TLFVHETauAnalyzerMVA-ZZJets/job.dag: STATUS_SUBMITTED stats: [33mSTATUS_SUBMITTED[0m(4) [32mSTATUS_DONE[0m(91) [34mSTATUS_UNREADY[0m(1)
INFO:__main__:/nfs_scratch/fmeng/tmpcghV8TLFVHETauAnalyzerMVA-ZZJets/job.dag: STATUS_SUBMITTED stats: [33mSTATUS_SUBMITTED[0m(4) [32mSTATUS_DONE[0m(91) [34mSTATUS_UNREADY[0m(1)
INFO:__main__:/nfs_scratch/fmeng/tmpcghV8TLFVHETauAnalyzerMVA-ZZJets/job.dag: STATUS_SUBMITTED stats: [33mSTATUS_SUBMITTED[0m(3) [32mSTATUS_DONE[0m(92) [34mSTATUS_UNREADY[0m(1)
INFO:__main__:/nfs_scratch/fmeng/tmpcghV8TLFVHETauAnalyzerMVA-ZZJets/job.dag: STATUS_SUBMITTED stats: [33mSTATUS_SUBMITTED[0m(3) [32mSTATUS_DONE[0m(92) [34mSTATUS_UNREADY[0m(1)
INFO:__main__:/nfs_scratch/fmeng/tmpcghV8TLFVHETauAnalyzerMVA-ZZJets/job.dag: STATUS_SUBMITTED stats: [33mSTATUS_SUBMITTED[0m(3) [32mSTATUS_DONE[0m(92) [34mSTATUS_UNREADY[0m(1)
INFO:__main__:/nfs_scratch/fmeng/tmpcghV8TLFVHETauAnalyzerMVA-ZZJets/job.dag: STATUS_SUBMITTED stats: [33mSTATUS_SUBMITTED[0m(3) [32mSTATUS_DONE[0m(92) [34mSTATUS_UNREADY[0m(1)
INFO:__main__:/nfs_scratch/fmeng/tmpcghV8TLFVHETauAnalyzerMVA-ZZJets/job.dag: STATUS_SUBMITTED stats: [33mSTATUS_SUBMITTED[0m(3) [32mSTATUS_DONE[0m(92) [34mSTATUS_UNREADY[0m(1)
INFO:__main__:/nfs_scratch/fmeng/tmpcghV8TLFVHETauAnalyzerMVA-ZZJets/job.dag: STATUS_SUBMITTED stats: [33mSTATUS_SUBMITTED[0m(3) [32mSTATUS_DONE[0m(92) [34mSTATUS_UNREADY[0m(1)
INFO:__main__:/nfs_scratch/fmeng/tmpcghV8TLFVHETauAnalyzerMVA-ZZJets/job.dag: STATUS_SUBMITTED stats: [33mSTATUS_SUBMITTED[0m(3) [32mSTATUS_DONE[0m(92) [34mSTATUS_UNREADY[0m(1)
INFO:__main__:/nfs_scratch/fmeng/tmpcghV8TLFVHETauAnalyzerMVA-ZZJets/job.dag: STATUS_SUBMITTED stats: [33mSTATUS_SUBMITTED[0m(3) [32mSTATUS_DONE[0m(92) [34mSTATUS_UNREADY[0m(1)
INFO:__main__:/nfs_scratch/fmeng/tmpcghV8TLFVHETauAnalyzerMVA-ZZJets/job.dag: STATUS_SUBMITTED stats: [33mSTATUS_SUBMITTED[0m(3) [32mSTATUS_DONE[0m(92) [34mSTATUS_UNREADY[0m(1)
INFO:__main__:/nfs_scratch/fmeng/tmpcghV8TLFVHETauAnalyzerMVA-ZZJets/job.dag: STATUS_SUBMITTED stats: [33mSTATUS_SUBMITTED[0m(3) [32mSTATUS_DONE[0m(92) [34mSTATUS_UNREADY[0m(1)
INFO:__main__:/nfs_scratch/fmeng/tmpcghV8TLFVHETauAnalyzerMVA-ZZJets/job.dag: STATUS_SUBMITTED stats: [33mSTATUS_SUBMITTED[0m(3) [32mSTATUS_DONE[0m(92) [34mSTATUS_UNREADY[0m(1)
INFO:__main__:/nfs_scratch/fmeng/tmpcghV8TLFVHETauAnalyzerMVA-ZZJets/job.dag: STATUS_SUBMITTED stats: [33mSTATUS_SUBMITTED[0m(3) [32mSTATUS_DONE[0m(92) [34mSTATUS_UNREADY[0m(1)
INFO:__main__:/nfs_scratch/fmeng/tmpcghV8TLFVHETauAnalyzerMVA-ZZJets/job.dag: STATUS_SUBMITTED stats: [33mSTATUS_SUBMITTED[0m(3) [32mSTATUS_DONE[0m(92) [34mSTATUS_UNREADY[0m(1)
INFO:__main__:/nfs_scratch/fmeng/tmpcghV8TLFVHETauAnalyzerMVA-ZZJets/job.dag: STATUS_SUBMITTED stats: [33mSTATUS_SUBMITTED[0m(3) [32mSTATUS_DONE[0m(92) [34mSTATUS_UNREADY[0m(1)
INFO:__main__:/nfs_scratch/fmeng/tmpcghV8TLFVHETauAnalyzerMVA-ZZJets/job.dag: STATUS_SUBMITTED stats: [33mSTATUS_SUBMITTED[0m(3) [32mSTATUS_DONE[0m(92) [34mSTATUS_UNREADY[0m(1)
INFO:__main__:/nfs_scratch/fmeng/tmpcghV8TLFVHETauAnalyzerMVA-ZZJets/job.dag: STATUS_SUBMITTED stats: [33mSTATUS_SUBMITTED[0m(3) [32mSTATUS_DONE[0m(92) [34mSTATUS_UNREADY[0m(1)
INFO:__main__:/nfs_scratch/fmeng/tmpcghV8TLFVHETauAnalyzerMVA-ZZJets/job.dag: STATUS_SUBMITTED stats: [33mSTATUS_SUBMITTED[0m(3) [32mSTATUS_DONE[0m(92) [34mSTATUS_UNREADY[0m(1)
INFO:__main__:/nfs_scratch/fmeng/tmpcghV8TLFVHETauAnalyzerMVA-ZZJets/job.dag: STATUS_SUBMITTED stats: [33mSTATUS_SUBMITTED[0m(3) [32mSTATUS_DONE[0m(92) [34mSTATUS_UNREADY[0m(1)
INFO:__main__:/nfs_scratch/fmeng/tmpcghV8TLFVHETauAnalyzerMVA-ZZJets/job.dag: STATUS_SUBMITTED stats: [33mSTATUS_SUBMITTED[0m(3) [32mSTATUS_DONE[0m(92) [34mSTATUS_UNREADY[0m(1)
INFO:__main__:/nfs_scratch/fmeng/tmpcghV8TLFVHETauAnalyzerMVA-ZZJets/job.dag: STATUS_SUBMITTED stats: [33mSTATUS_SUBMITTED[0m(3) [32mSTATUS_DONE[0m(92) [34mSTATUS_UNREADY[0m(1)
INFO:__main__:/nfs_scratch/fmeng/tmpcghV8TLFVHETauAnalyzerMVA-ZZJets/job.dag: STATUS_SUBMITTED stats: [33mSTATUS_SUBMITTED[0m(3) [32mSTATUS_DONE[0m(92) [34mSTATUS_UNREADY[0m(1)
INFO:__main__:/nfs_scratch/fmeng/tmpcghV8TLFVHETauAnalyzerMVA-ZZJets/job.dag: STATUS_SUBMITTED stats: [33mSTATUS_SUBMITTED[0m(3) [32mSTATUS_DONE[0m(92) [34mSTATUS_UNREADY[0m(1)
INFO:__main__:/nfs_scratch/fmeng/tmpcghV8TLFVHETauAnalyzerMVA-ZZJets/job.dag: STATUS_SUBMITTED stats: [33mSTATUS_SUBMITTED[0m(2) [32mSTATUS_DONE[0m(93) [34mSTATUS_UNREADY[0m(1)
INFO:__main__:/nfs_scratch/fmeng/tmpcghV8TLFVHETauAnalyzerMVA-ZZJets/job.dag: STATUS_SUBMITTED stats: [33mSTATUS_SUBMITTED[0m(2) [32mSTATUS_DONE[0m(93) [34mSTATUS_UNREADY[0m(1)
INFO:__main__:/nfs_scratch/fmeng/tmpcghV8TLFVHETauAnalyzerMVA-ZZJets/job.dag: STATUS_SUBMITTED stats: [33mSTATUS_SUBMITTED[0m(2) [32mSTATUS_DONE[0m(93) [34mSTATUS_UNREADY[0m(1)
INFO:__main__:/nfs_scratch/fmeng/tmpcghV8TLFVHETauAnalyzerMVA-ZZJets/job.dag: STATUS_SUBMITTED stats: [33mSTATUS_SUBMITTED[0m(2) [32mSTATUS_DONE[0m(93) [34mSTATUS_UNREADY[0m(1)
INFO:__main__:/nfs_scratch/fmeng/tmpcghV8TLFVHETauAnalyzerMVA-ZZJets/job.dag: STATUS_SUBMITTED stats: [33mSTATUS_SUBMITTED[0m(2) [32mSTATUS_DONE[0m(93) [34mSTATUS_UNREADY[0m(1)
INFO:__main__:/nfs_scratch/fmeng/tmpcghV8TLFVHETauAnalyzerMVA-ZZJets/job.dag: STATUS_SUBMITTED stats: [33mSTATUS_SUBMITTED[0m(2) [32mSTATUS_DONE[0m(93) [34mSTATUS_UNREADY[0m(1)
INFO:__main__:/nfs_scratch/fmeng/tmpcghV8TLFVHETauAnalyzerMVA-ZZJets/job.dag: STATUS_SUBMITTED stats: [33mSTATUS_SUBMITTED[0m(1) [32mSTATUS_DONE[0m(94) [34mSTATUS_UNREADY[0m(1)
INFO:__main__:/nfs_scratch/fmeng/tmpcghV8TLFVHETauAnalyzerMVA-ZZJets/job.dag: STATUS_SUBMITTED stats: [33mSTATUS_SUBMITTED[0m(1) [32mSTATUS_DONE[0m(94) [34mSTATUS_UNREADY[0m(1)
INFO:__main__:/nfs_scratch/fmeng/tmpcghV8TLFVHETauAnalyzerMVA-ZZJets/job.dag: STATUS_SUBMITTED stats: [33mSTATUS_SUBMITTED[0m(1) [32mSTATUS_DONE[0m(94) [34mSTATUS_UNREADY[0m(1)
INFO:__main__:/nfs_scratch/fmeng/tmpcghV8TLFVHETauAnalyzerMVA-ZZJets/job.dag: STATUS_SUBMITTED stats: [33mSTATUS_SUBMITTED[0m(1) [32mSTATUS_DONE[0m(94) [34mSTATUS_UNREADY[0m(1)
INFO:__main__:/nfs_scratch/fmeng/tmpcghV8TLFVHETauAnalyzerMVA-ZZJets/job.dag: STATUS_SUBMITTED stats: [33mSTATUS_SUBMITTED[0m(1) [32mSTATUS_DONE[0m(94) [34mSTATUS_UNREADY[0m(1)
INFO:__main__:/nfs_scratch/fmeng/tmpcghV8TLFVHETauAnalyzerMVA-ZZJets/job.dag: STATUS_SUBMITTED stats: [33mSTATUS_SUBMITTED[0m(1) [32mSTATUS_DONE[0m(94) [34mSTATUS_UNREADY[0m(1)
INFO:__main__:/nfs_scratch/fmeng/tmpcghV8TLFVHETauAnalyzerMVA-ZZJets/job.dag: STATUS_SUBMITTED stats: [33mSTATUS_SUBMITTED[0m(1) [32mSTATUS_DONE[0m(94) [34mSTATUS_UNREADY[0m(1)
INFO:__main__:/nfs_scratch/fmeng/tmpcghV8TLFVHETauAnalyzerMVA-ZZJets/job.dag: STATUS_SUBMITTED stats: [33mSTATUS_SUBMITTED[0m(1) [32mSTATUS_DONE[0m(94) [34mSTATUS_UNREADY[0m(1)
INFO:__main__:/nfs_scratch/fmeng/tmpcghV8TLFVHETauAnalyzerMVA-ZZJets/job.dag: STATUS_SUBMITTED stats: [33mSTATUS_SUBMITTED[0m(1) [32mSTATUS_DONE[0m(94) [34mSTATUS_UNREADY[0m(1)
INFO:__main__:/nfs_scratch/fmeng/tmpcghV8TLFVHETauAnalyzerMVA-ZZJets/job.dag: STATUS_SUBMITTED stats: [33mSTATUS_SUBMITTED[0m(1) [32mSTATUS_DONE[0m(94) [34mSTATUS_UNREADY[0m(1)
INFO:__main__:/nfs_scratch/fmeng/tmpcghV8TLFVHETauAnalyzerMVA-ZZJets/job.dag: STATUS_SUBMITTED stats: [33mSTATUS_SUBMITTED[0m(1) [32mSTATUS_DONE[0m(94) [34mSTATUS_UNREADY[0m(1)
INFO:__main__:/nfs_scratch/fmeng/tmpcghV8TLFVHETauAnalyzerMVA-ZZJets/job.dag: STATUS_SUBMITTED stats: [33mSTATUS_SUBMITTED[0m(1) [32mSTATUS_DONE[0m(94) [34mSTATUS_UNREADY[0m(1)
INFO:__main__:/nfs_scratch/fmeng/tmpcghV8TLFVHETauAnalyzerMVA-ZZJets/job.dag: STATUS_SUBMITTED stats: [33mSTATUS_SUBMITTED[0m(1) [32mSTATUS_DONE[0m(94) [34mSTATUS_UNREADY[0m(1)
INFO:__main__:/nfs_scratch/fmeng/tmpcghV8TLFVHETauAnalyzerMVA-ZZJets/job.dag: STATUS_SUBMITTED stats: [33mSTATUS_SUBMITTED[0m(1) [32mSTATUS_DONE[0m(94) [34mSTATUS_UNREADY[0m(1)
INFO:__main__:/nfs_scratch/fmeng/tmpcghV8TLFVHETauAnalyzerMVA-ZZJets/job.dag: STATUS_SUBMITTED stats: [32mSTATUS_DONE[0m(95) [36mSTATUS_READY[0m(1)
INFO:__main__:/nfs_scratch/fmeng/tmpcghV8TLFVHETauAnalyzerMVA-ZZJets/job.dag: STATUS_SUBMITTED stats: [32mSTATUS_DONE[0m(95) [36mSTATUS_READY[0m(1)
INFO:__main__:/nfs_scratch/fmeng/tmpcghV8TLFVHETauAnalyzerMVA-ZZJets/job.dag: STATUS_SUBMITTED stats: [32mSTATUS_DONE[0m(95) [36mSTATUS_READY[0m(1)
INFO:__main__:/nfs_scratch/fmeng/tmpcghV8TLFVHETauAnalyzerMVA-ZZJets/job.dag: STATUS_SUBMITTED stats: [33mSTATUS_SUBMITTED[0m(1) [32mSTATUS_DONE[0m(95)
INFO:__main__:/nfs_scratch/fmeng/tmpcghV8TLFVHETauAnalyzerMVA-ZZJets/job.dag: STATUS_SUBMITTED stats: [33mSTATUS_SUBMITTED[0m(1) [32mSTATUS_DONE[0m(95)
INFO:__main__:/nfs_scratch/fmeng/tmpcghV8TLFVHETauAnalyzerMVA-ZZJets/job.dag: STATUS_SUBMITTED stats: [33mSTATUS_SUBMITTED[0m(1) [32mSTATUS_DONE[0m(95)
INFO:__main__:/nfs_scratch/fmeng/tmpcghV8TLFVHETauAnalyzerMVA-ZZJets/job.dag: STATUS_SUBMITTED stats: [33mSTATUS_SUBMITTED[0m(1) [32mSTATUS_DONE[0m(95)
INFO:__main__:/nfs_scratch/fmeng/tmpcghV8TLFVHETauAnalyzerMVA-ZZJets/job.dag: STATUS_SUBMITTED stats: [33mSTATUS_SUBMITTED[0m(1) [32mSTATUS_DONE[0m(95)
INFO:__main__:/nfs_scratch/fmeng/tmpcghV8TLFVHETauAnalyzerMVA-ZZJets/job.dag: STATUS_SUBMITTED stats: [33mSTATUS_SUBMITTED[0m(1) [32mSTATUS_DONE[0m(95)
INFO:__main__:/nfs_scratch/fmeng/tmpcghV8TLFVHETauAnalyzerMVA-ZZJets/job.dag: STATUS_SUBMITTED stats: [33mSTATUS_SUBMITTED[0m(1) [32mSTATUS_DONE[0m(95)
INFO:__main__:/nfs_scratch/fmeng/tmpcghV8TLFVHETauAnalyzerMVA-ZZJets/job.dag: STATUS_SUBMITTED stats: [33mSTATUS_SUBMITTED[0m(1) [32mSTATUS_DONE[0m(95)
INFO:__main__:/nfs_scratch/fmeng/tmpcghV8TLFVHETauAnalyzerMVA-ZZJets/job.dag: STATUS_SUBMITTED stats: [33mSTATUS_SUBMITTED[0m(1) [32mSTATUS_DONE[0m(95)
INFO:__main__:/nfs_scratch/fmeng/tmpcghV8TLFVHETauAnalyzerMVA-ZZJets/job.dag: STATUS_SUBMITTED stats: [33mSTATUS_SUBMITTED[0m(1) [32mSTATUS_DONE[0m(95)
INFO:__main__:/nfs_scratch/fmeng/tmpcghV8TLFVHETauAnalyzerMVA-ZZJets/job.dag: STATUS_SUBMITTED stats: [33mSTATUS_SUBMITTED[0m(1) [32mSTATUS_DONE[0m(95)
INFO:__main__:/nfs_scratch/fmeng/tmpcghV8TLFVHETauAnalyzerMVA-ZZJets/job.dag: STATUS_SUBMITTED stats: [33mSTATUS_SUBMITTED[0m(1) [32mSTATUS_DONE[0m(95)
INFO:__main__:/nfs_scratch/fmeng/tmpcghV8TLFVHETauAnalyzerMVA-ZZJets/job.dag: STATUS_SUBMITTED stats: [33mSTATUS_SUBMITTED[0m(1) [32mSTATUS_DONE[0m(95)
INFO:__main__:/nfs_scratch/fmeng/tmpcghV8TLFVHETauAnalyzerMVA-ZZJets/job.dag: STATUS_SUBMITTED stats: [33mSTATUS_SUBMITTED[0m(1) [32mSTATUS_DONE[0m(95)
INFO:__main__:/nfs_scratch/fmeng/tmpcghV8TLFVHETauAnalyzerMVA-ZZJets/job.dag: STATUS_SUBMITTED stats: [33mSTATUS_SUBMITTED[0m(1) [32mSTATUS_DONE[0m(95)
INFO:__main__:/nfs_scratch/fmeng/tmpcghV8TLFVHETauAnalyzerMVA-ZZJets/job.dag: STATUS_SUBMITTED stats: [33mSTATUS_SUBMITTED[0m(1) [32mSTATUS_DONE[0m(95)
INFO:__main__:/nfs_scratch/fmeng/tmpcghV8TLFVHETauAnalyzerMVA-ZZJets/job.dag: STATUS_SUBMITTED stats: [33mSTATUS_SUBMITTED[0m(1) [32mSTATUS_DONE[0m(95)
INFO:__main__:/nfs_scratch/fmeng/tmpcghV8TLFVHETauAnalyzerMVA-ZZJets/job.dag: STATUS_SUBMITTED stats: [33mSTATUS_SUBMITTED[0m(1) [32mSTATUS_DONE[0m(95)
INFO:__main__:/nfs_scratch/fmeng/tmpcghV8TLFVHETauAnalyzerMVA-ZZJets/job.dag: STATUS_SUBMITTED stats: [33mSTATUS_SUBMITTED[0m(1) [32mSTATUS_DONE[0m(95)
INFO:__main__:/nfs_scratch/fmeng/tmpcghV8TLFVHETauAnalyzerMVA-ZZJets/job.dag: STATUS_SUBMITTED stats: [33mSTATUS_SUBMITTED[0m(1) [32mSTATUS_DONE[0m(95)
INFO:__main__:/nfs_scratch/fmeng/tmpcghV8TLFVHETauAnalyzerMVA-ZZJets/job.dag: STATUS_SUBMITTED stats: [33mSTATUS_SUBMITTED[0m(1) [32mSTATUS_DONE[0m(95)
INFO:__main__:/nfs_scratch/fmeng/tmpcghV8TLFVHETauAnalyzerMVA-ZZJets/job.dag: STATUS_SUBMITTED stats: [33mSTATUS_SUBMITTED[0m(1) [32mSTATUS_DONE[0m(95)
INFO:__main__:/nfs_scratch/fmeng/tmpcghV8TLFVHETauAnalyzerMVA-ZZJets/job.dag: STATUS_SUBMITTED stats: [33mSTATUS_SUBMITTED[0m(1) [32mSTATUS_DONE[0m(95)
INFO:__main__:/nfs_scratch/fmeng/tmpcghV8TLFVHETauAnalyzerMVA-ZZJets/job.dag: STATUS_SUBMITTED stats: [33mSTATUS_SUBMITTED[0m(1) [32mSTATUS_DONE[0m(95)
INFO:__main__:/nfs_scratch/fmeng/tmpcghV8TLFVHETauAnalyzerMVA-ZZJets/job.dag: STATUS_SUBMITTED stats: [33mSTATUS_SUBMITTED[0m(1) [32mSTATUS_DONE[0m(95)
INFO:__main__:/nfs_scratch/fmeng/tmpcghV8TLFVHETauAnalyzerMVA-ZZJets/job.dag: STATUS_SUBMITTED stats: [33mSTATUS_SUBMITTED[0m(1) [32mSTATUS_DONE[0m(95)
INFO:__main__:/nfs_scratch/fmeng/tmpcghV8TLFVHETauAnalyzerMVA-ZZJets/job.dag: STATUS_SUBMITTED stats: [33mSTATUS_SUBMITTED[0m(1) [32mSTATUS_DONE[0m(95)
INFO:__main__:/nfs_scratch/fmeng/tmpcghV8TLFVHETauAnalyzerMVA-ZZJets/job.dag: STATUS_SUBMITTED stats: [33mSTATUS_SUBMITTED[0m(1) [32mSTATUS_DONE[0m(95)
INFO:__main__:/nfs_scratch/fmeng/tmpcghV8TLFVHETauAnalyzerMVA-ZZJets/job.dag: STATUS_SUBMITTED stats: [33mSTATUS_SUBMITTED[0m(1) [32mSTATUS_DONE[0m(95)
INFO:__main__:/nfs_scratch/fmeng/tmpcghV8TLFVHETauAnalyzerMVA-ZZJets/job.dag: STATUS_SUBMITTED stats: [33mSTATUS_SUBMITTED[0m(1) [32mSTATUS_DONE[0m(95)
INFO:__main__:/nfs_scratch/fmeng/tmpcghV8TLFVHETauAnalyzerMVA-ZZJets/job.dag: STATUS_DONE stats: [32mSTATUS_DONE[0m(96)
INFO:__main__:Copying final output /hdfs/store/user/fmeng/MegaJob_tmpcghV8TLFVHETauAnalyzerMVA-ZZJets//mergeFilesJob-mergeFilesJob-mega-batch-make_ntuples_cfg-patTuple_cfg-E22AE3EF-4BFA-E111-9204-00266CF23E68.root => results/newNtuple_5Nov/LFVHETauAnalyzerMVA/ZZJets.root
INFO:__main__:[32m/nfs_scratch/fmeng/tmpcghV8TLFVHETauAnalyzerMVA-ZZJets/job.dag: job complete.[0m
