INFO:__main__:Processing inputs/newNtuple_5Nov/T_t-channel_TuneZ2star_8TeV-powheg-tauola.txt using LFVHETauAnalyzerMVA.py, the output file will be results/newNtuple_5Nov/LFVHETauAnalyzerMVA/T_t-channel_TuneZ2star_8TeV-powheg-tauola.root
INFO:__main__:Generating submit scripts in /nfs_scratch/fmeng/tmpMzxVytLFVHETauAnalyzerMVA-T_t-channel_TuneZ2star_8TeV-powheg-tauola
INFO:FinalStateAnalysis.PlotTools.MegaPath:Checking inputs file inputs/newNtuple_5Nov/T_t-channel_TuneZ2star_8TeV-powheg-tauola.txt exists...
INFO:__main__:Running over 361 files in 37 jobs
Generating submit files in /nfs_scratch/fmeng/tmpMzxVytLFVHETauAnalyzerMVA-T_t-channel_TuneZ2star_8TeV-powheg-tauola/analyze...
.....................................
Submit DAG file /nfs_scratch/fmeng/tmpMzxVytLFVHETauAnalyzerMVA-T_t-channel_TuneZ2star_8TeV-powheg-tauola/job.dag has been created but not submitted.
Jobs for Analyze are created in /nfs_scratch/fmeng/tmpMzxVytLFVHETauAnalyzerMVA-T_t-channel_TuneZ2star_8TeV-powheg-tauola/analyze
Using HADD method to merge files
Increasing vsize limit from 3000 MB to 6000 MB
LCG_GFAL_INFOSYS is not set
Using grid catalog type: UNKNOWN
Using grid catalog : (null)
VO name: cms
Checksum type: None
Destination SE type: SRMv2
Destination SRM Request Token: put:2335411
Source URL: file:/nfs_scratch/fmeng/tmpMzxVytLFVHETauAnalyzerMVA-T_t-channel_TuneZ2star_8TeV-powheg-tauola/MergeLayer0/user_code.tgz
File size: 117640606
Source URL for copy: file:/nfs_scratch/fmeng/tmpMzxVytLFVHETauAnalyzerMVA-T_t-channel_TuneZ2star_8TeV-powheg-tauola/MergeLayer0/user_code.tgz
Destination URL: gsiftp://g14n26.hep.wisc.edu//hdfs/HighReplicaCondorUserFiles/nfs_scratch/fmeng/tmpMzxVytLFVHETauAnalyzerMVA-T_t-channel_TuneZ2star_8TeV-powheg-tauola/MergeLayer0/user_code.tgz
# streams: 1
            0 bytes      0.00 KB/sec avg      0.00 KB/sec inst            0 bytes      0.00 KB/sec avg      0.00 KB/sec inst      1048576 bytes    626.83 KB/sec avg    626.83 KB/sec inst     60817408 bytes  22551.52 KB/sec avg  58368.00 KB/sec inst     60817408 bytes  22551.52 KB/sec avg  58368.00 KB/sec inst     60817408 bytes  22551.52 KB/sec avg  58368.00 KB/sec inst     60817408 bytes  22551.52 KB/sec avg  58368.00 KB/sec inst     60817408 bytes  22551.52 KB/sec avg  58368.00 KB/sec inst    117640606 bytes  15881.88 KB/sec avg  12063.35 KB/sec inst
Transfer took 12110 ms
Generating submit files in /nfs_scratch/fmeng/tmpMzxVytLFVHETauAnalyzerMVA-T_t-channel_TuneZ2star_8TeV-powheg-tauola/MergeLayer0...
....
Submit DAG file /nfs_scratch/fmeng/tmpMzxVytLFVHETauAnalyzerMVA-T_t-channel_TuneZ2star_8TeV-powheg-tauola/job.dag has been created but not submitted.
Jobs for MergeLayer0 are created in /nfs_scratch/fmeng/tmpMzxVytLFVHETauAnalyzerMVA-T_t-channel_TuneZ2star_8TeV-powheg-tauola/MergeLayer0
Using HADD method to merge files
Increasing vsize limit from 3000 MB to 6000 MB
LCG_GFAL_INFOSYS is not set
Using grid catalog type: UNKNOWN
Using grid catalog : (null)
VO name: cms
Checksum type: None
Destination SE type: SRMv2
Destination SRM Request Token: put:2335696
Source URL: file:/nfs_scratch/fmeng/tmpMzxVytLFVHETauAnalyzerMVA-T_t-channel_TuneZ2star_8TeV-powheg-tauola/FinalMerged/user_code.tgz
File size: 117640606
Source URL for copy: file:/nfs_scratch/fmeng/tmpMzxVytLFVHETauAnalyzerMVA-T_t-channel_TuneZ2star_8TeV-powheg-tauola/FinalMerged/user_code.tgz
Destination URL: gsiftp://g18n29.hep.wisc.edu//hdfs/HighReplicaCondorUserFiles/nfs_scratch/fmeng/tmpMzxVytLFVHETauAnalyzerMVA-T_t-channel_TuneZ2star_8TeV-powheg-tauola/FinalMerged/user_code.tgz
# streams: 1
            0 bytes      0.00 KB/sec avg      0.00 KB/sec inst            0 bytes      0.00 KB/sec avg      0.00 KB/sec inst            0 bytes      0.00 KB/sec avg      0.00 KB/sec inst            0 bytes      0.00 KB/sec avg      0.00 KB/sec inst            0 bytes      0.00 KB/sec avg      0.00 KB/sec inst      1048576 bytes    241.27 KB/sec avg    241.27 KB/sec inst      2097152 bytes    383.22 KB/sec avg    930.91 KB/sec inst     41943040 bytes   6456.29 KB/sec avg  38912.00 KB/sec inst     82837504 bytes  11014.95 KB/sec avg  39936.00 KB/sec inst     82837504 bytes  11014.95 KB/sec avg  39936.00 KB/sec inst    117640606 bytes  12702.44 KB/sec avg  19992.59 KB/sec inst
Transfer took 13890 ms
Generating submit files in /nfs_scratch/fmeng/tmpMzxVytLFVHETauAnalyzerMVA-T_t-channel_TuneZ2star_8TeV-powheg-tauola/FinalMerged...
.
Submitting job(s).
1 job(s) submitted to cluster 2427235.

-----------------------------------------------------------------------
File for submitting this DAG to Condor           : /nfs_scratch/fmeng/tmpMzxVytLFVHETauAnalyzerMVA-T_t-channel_TuneZ2star_8TeV-powheg-tauola/job.dag.wrapper.condor.sub
Log of DAGMan debugging messages                 : /nfs_scratch/fmeng/tmpMzxVytLFVHETauAnalyzerMVA-T_t-channel_TuneZ2star_8TeV-powheg-tauola/job.dag.wrapper.dagman.out
Log of Condor library output                     : /nfs_scratch/fmeng/tmpMzxVytLFVHETauAnalyzerMVA-T_t-channel_TuneZ2star_8TeV-powheg-tauola/job.dag.wrapper.lib.out
Log of Condor library error messages             : /nfs_scratch/fmeng/tmpMzxVytLFVHETauAnalyzerMVA-T_t-channel_TuneZ2star_8TeV-powheg-tauola/job.dag.wrapper.lib.err
Log of the life of condor_dagman itself          : /nfs_scratch/fmeng/tmpMzxVytLFVHETauAnalyzerMVA-T_t-channel_TuneZ2star_8TeV-powheg-tauola/job.dag.wrapper.dagman.log

-----------------------------------------------------------------------
You can monitor your workflow's progess by watching /nfs_scratch/fmeng/tmpMzxVytLFVHETauAnalyzerMVA-T_t-channel_TuneZ2star_8TeV-powheg-tauola/job.dag.dagman.out
A summary of the status of all of the jobs in your workflow will be
written to the following file every 60 seconds:
  /nfs_scratch/fmeng/tmpMzxVytLFVHETauAnalyzerMVA-T_t-channel_TuneZ2star_8TeV-powheg-tauola/job.dag.status

Your jobs should show up in ~6 minutes
at the NEW job monitoring web page :
    http://www.hep.wisc.edu/cms/comp/jobs/
Jobs for FinalMerged are created in /nfs_scratch/fmeng/tmpMzxVytLFVHETauAnalyzerMVA-T_t-channel_TuneZ2star_8TeV-powheg-tauola/FinalMerged
INFO:__main__:Waiting for job to complete
INFO:__main__:/nfs_scratch/fmeng/tmpMzxVytLFVHETauAnalyzerMVA-T_t-channel_TuneZ2star_8TeV-powheg-tauola/job.dag: UNKNOWN stats: [30mUNKNOWN[0m(42)
INFO:__main__:/nfs_scratch/fmeng/tmpMzxVytLFVHETauAnalyzerMVA-T_t-channel_TuneZ2star_8TeV-powheg-tauola/job.dag: UNKNOWN stats: [30mUNKNOWN[0m(42)
INFO:__main__:/nfs_scratch/fmeng/tmpMzxVytLFVHETauAnalyzerMVA-T_t-channel_TuneZ2star_8TeV-powheg-tauola/job.dag: UNKNOWN stats: [30mUNKNOWN[0m(42)
INFO:__main__:/nfs_scratch/fmeng/tmpMzxVytLFVHETauAnalyzerMVA-T_t-channel_TuneZ2star_8TeV-powheg-tauola/job.dag: UNKNOWN stats: [30mUNKNOWN[0m(42)
INFO:__main__:/nfs_scratch/fmeng/tmpMzxVytLFVHETauAnalyzerMVA-T_t-channel_TuneZ2star_8TeV-powheg-tauola/job.dag: UNKNOWN stats: [30mUNKNOWN[0m(42)
INFO:__main__:/nfs_scratch/fmeng/tmpMzxVytLFVHETauAnalyzerMVA-T_t-channel_TuneZ2star_8TeV-powheg-tauola/job.dag: UNKNOWN stats: [30mUNKNOWN[0m(42)
INFO:__main__:/nfs_scratch/fmeng/tmpMzxVytLFVHETauAnalyzerMVA-T_t-channel_TuneZ2star_8TeV-powheg-tauola/job.dag: UNKNOWN stats: [30mUNKNOWN[0m(42)
INFO:__main__:/nfs_scratch/fmeng/tmpMzxVytLFVHETauAnalyzerMVA-T_t-channel_TuneZ2star_8TeV-powheg-tauola/job.dag: UNKNOWN stats: [30mUNKNOWN[0m(42)
INFO:__main__:/nfs_scratch/fmeng/tmpMzxVytLFVHETauAnalyzerMVA-T_t-channel_TuneZ2star_8TeV-powheg-tauola/job.dag: UNKNOWN stats: [30mUNKNOWN[0m(42)
INFO:__main__:/nfs_scratch/fmeng/tmpMzxVytLFVHETauAnalyzerMVA-T_t-channel_TuneZ2star_8TeV-powheg-tauola/job.dag: UNKNOWN stats: [30mUNKNOWN[0m(42)
INFO:__main__:/nfs_scratch/fmeng/tmpMzxVytLFVHETauAnalyzerMVA-T_t-channel_TuneZ2star_8TeV-powheg-tauola/job.dag: STATUS_SUBMITTED stats: [33mSTATUS_SUBMITTED[0m(15) [34mSTATUS_UNREADY[0m(5) [36mSTATUS_READY[0m(22)
INFO:__main__:/nfs_scratch/fmeng/tmpMzxVytLFVHETauAnalyzerMVA-T_t-channel_TuneZ2star_8TeV-powheg-tauola/job.dag: STATUS_SUBMITTED stats: [33mSTATUS_SUBMITTED[0m(15) [34mSTATUS_UNREADY[0m(5) [36mSTATUS_READY[0m(22)
INFO:__main__:/nfs_scratch/fmeng/tmpMzxVytLFVHETauAnalyzerMVA-T_t-channel_TuneZ2star_8TeV-powheg-tauola/job.dag: STATUS_SUBMITTED stats: [33mSTATUS_SUBMITTED[0m(15) [34mSTATUS_UNREADY[0m(5) [36mSTATUS_READY[0m(22)
INFO:__main__:/nfs_scratch/fmeng/tmpMzxVytLFVHETauAnalyzerMVA-T_t-channel_TuneZ2star_8TeV-powheg-tauola/job.dag: STATUS_SUBMITTED stats: [33mSTATUS_SUBMITTED[0m(15) [34mSTATUS_UNREADY[0m(5) [36mSTATUS_READY[0m(22)
INFO:__main__:/nfs_scratch/fmeng/tmpMzxVytLFVHETauAnalyzerMVA-T_t-channel_TuneZ2star_8TeV-powheg-tauola/job.dag: STATUS_SUBMITTED stats: [33mSTATUS_SUBMITTED[0m(15) [34mSTATUS_UNREADY[0m(5) [36mSTATUS_READY[0m(22)
INFO:__main__:/nfs_scratch/fmeng/tmpMzxVytLFVHETauAnalyzerMVA-T_t-channel_TuneZ2star_8TeV-powheg-tauola/job.dag: STATUS_SUBMITTED stats: [33mSTATUS_SUBMITTED[0m(15) [34mSTATUS_UNREADY[0m(5) [36mSTATUS_READY[0m(22)
INFO:__main__:/nfs_scratch/fmeng/tmpMzxVytLFVHETauAnalyzerMVA-T_t-channel_TuneZ2star_8TeV-powheg-tauola/job.dag: STATUS_SUBMITTED stats: [33mSTATUS_SUBMITTED[0m(30) [34mSTATUS_UNREADY[0m(5) [36mSTATUS_READY[0m(7)
INFO:__main__:/nfs_scratch/fmeng/tmpMzxVytLFVHETauAnalyzerMVA-T_t-channel_TuneZ2star_8TeV-powheg-tauola/job.dag: STATUS_SUBMITTED stats: [33mSTATUS_SUBMITTED[0m(30) [34mSTATUS_UNREADY[0m(5) [36mSTATUS_READY[0m(7)
INFO:__main__:/nfs_scratch/fmeng/tmpMzxVytLFVHETauAnalyzerMVA-T_t-channel_TuneZ2star_8TeV-powheg-tauola/job.dag: STATUS_SUBMITTED stats: [33mSTATUS_SUBMITTED[0m(30) [34mSTATUS_UNREADY[0m(5) [36mSTATUS_READY[0m(7)
INFO:__main__:/nfs_scratch/fmeng/tmpMzxVytLFVHETauAnalyzerMVA-T_t-channel_TuneZ2star_8TeV-powheg-tauola/job.dag: STATUS_SUBMITTED stats: [33mSTATUS_SUBMITTED[0m(37) [34mSTATUS_UNREADY[0m(5)
INFO:__main__:/nfs_scratch/fmeng/tmpMzxVytLFVHETauAnalyzerMVA-T_t-channel_TuneZ2star_8TeV-powheg-tauola/job.dag: STATUS_SUBMITTED stats: [33mSTATUS_SUBMITTED[0m(37) [34mSTATUS_UNREADY[0m(5)
INFO:__main__:/nfs_scratch/fmeng/tmpMzxVytLFVHETauAnalyzerMVA-T_t-channel_TuneZ2star_8TeV-powheg-tauola/job.dag: STATUS_SUBMITTED stats: [33mSTATUS_SUBMITTED[0m(37) [34mSTATUS_UNREADY[0m(5)
INFO:__main__:/nfs_scratch/fmeng/tmpMzxVytLFVHETauAnalyzerMVA-T_t-channel_TuneZ2star_8TeV-powheg-tauola/job.dag: STATUS_SUBMITTED stats: [33mSTATUS_SUBMITTED[0m(37) [34mSTATUS_UNREADY[0m(5)
INFO:__main__:/nfs_scratch/fmeng/tmpMzxVytLFVHETauAnalyzerMVA-T_t-channel_TuneZ2star_8TeV-powheg-tauola/job.dag: STATUS_SUBMITTED stats: [33mSTATUS_SUBMITTED[0m(37) [34mSTATUS_UNREADY[0m(5)
INFO:__main__:/nfs_scratch/fmeng/tmpMzxVytLFVHETauAnalyzerMVA-T_t-channel_TuneZ2star_8TeV-powheg-tauola/job.dag: STATUS_SUBMITTED stats: [33mSTATUS_SUBMITTED[0m(37) [34mSTATUS_UNREADY[0m(5)
INFO:__main__:/nfs_scratch/fmeng/tmpMzxVytLFVHETauAnalyzerMVA-T_t-channel_TuneZ2star_8TeV-powheg-tauola/job.dag: STATUS_SUBMITTED stats: [33mSTATUS_SUBMITTED[0m(37) [34mSTATUS_UNREADY[0m(5)
INFO:__main__:/nfs_scratch/fmeng/tmpMzxVytLFVHETauAnalyzerMVA-T_t-channel_TuneZ2star_8TeV-powheg-tauola/job.dag: STATUS_SUBMITTED stats: [33mSTATUS_SUBMITTED[0m(37) [34mSTATUS_UNREADY[0m(5)
INFO:__main__:/nfs_scratch/fmeng/tmpMzxVytLFVHETauAnalyzerMVA-T_t-channel_TuneZ2star_8TeV-powheg-tauola/job.dag: STATUS_SUBMITTED stats: [33mSTATUS_SUBMITTED[0m(37) [34mSTATUS_UNREADY[0m(5)
INFO:__main__:/nfs_scratch/fmeng/tmpMzxVytLFVHETauAnalyzerMVA-T_t-channel_TuneZ2star_8TeV-powheg-tauola/job.dag: STATUS_SUBMITTED stats: [33mSTATUS_SUBMITTED[0m(37) [34mSTATUS_UNREADY[0m(5)
INFO:__main__:/nfs_scratch/fmeng/tmpMzxVytLFVHETauAnalyzerMVA-T_t-channel_TuneZ2star_8TeV-powheg-tauola/job.dag: STATUS_SUBMITTED stats: [33mSTATUS_SUBMITTED[0m(37) [34mSTATUS_UNREADY[0m(5)
INFO:__main__:/nfs_scratch/fmeng/tmpMzxVytLFVHETauAnalyzerMVA-T_t-channel_TuneZ2star_8TeV-powheg-tauola/job.dag: STATUS_SUBMITTED stats: [33mSTATUS_SUBMITTED[0m(37) [34mSTATUS_UNREADY[0m(5)
INFO:__main__:/nfs_scratch/fmeng/tmpMzxVytLFVHETauAnalyzerMVA-T_t-channel_TuneZ2star_8TeV-powheg-tauola/job.dag: STATUS_SUBMITTED stats: [33mSTATUS_SUBMITTED[0m(37) [34mSTATUS_UNREADY[0m(5)
INFO:__main__:/nfs_scratch/fmeng/tmpMzxVytLFVHETauAnalyzerMVA-T_t-channel_TuneZ2star_8TeV-powheg-tauola/job.dag: STATUS_SUBMITTED stats: [33mSTATUS_SUBMITTED[0m(37) [34mSTATUS_UNREADY[0m(5)
INFO:__main__:/nfs_scratch/fmeng/tmpMzxVytLFVHETauAnalyzerMVA-T_t-channel_TuneZ2star_8TeV-powheg-tauola/job.dag: STATUS_SUBMITTED stats: [33mSTATUS_SUBMITTED[0m(36) [32mSTATUS_DONE[0m(1) [34mSTATUS_UNREADY[0m(5)
INFO:__main__:/nfs_scratch/fmeng/tmpMzxVytLFVHETauAnalyzerMVA-T_t-channel_TuneZ2star_8TeV-powheg-tauola/job.dag: STATUS_SUBMITTED stats: [33mSTATUS_SUBMITTED[0m(36) [32mSTATUS_DONE[0m(1) [34mSTATUS_UNREADY[0m(5)
INFO:__main__:/nfs_scratch/fmeng/tmpMzxVytLFVHETauAnalyzerMVA-T_t-channel_TuneZ2star_8TeV-powheg-tauola/job.dag: STATUS_SUBMITTED stats: [33mSTATUS_SUBMITTED[0m(36) [32mSTATUS_DONE[0m(1) [34mSTATUS_UNREADY[0m(5)
INFO:__main__:/nfs_scratch/fmeng/tmpMzxVytLFVHETauAnalyzerMVA-T_t-channel_TuneZ2star_8TeV-powheg-tauola/job.dag: STATUS_SUBMITTED stats: [33mSTATUS_SUBMITTED[0m(36) [32mSTATUS_DONE[0m(1) [34mSTATUS_UNREADY[0m(5)
INFO:__main__:/nfs_scratch/fmeng/tmpMzxVytLFVHETauAnalyzerMVA-T_t-channel_TuneZ2star_8TeV-powheg-tauola/job.dag: STATUS_SUBMITTED stats: [33mSTATUS_SUBMITTED[0m(36) [32mSTATUS_DONE[0m(1) [34mSTATUS_UNREADY[0m(5)
INFO:__main__:/nfs_scratch/fmeng/tmpMzxVytLFVHETauAnalyzerMVA-T_t-channel_TuneZ2star_8TeV-powheg-tauola/job.dag: STATUS_SUBMITTED stats: [33mSTATUS_SUBMITTED[0m(36) [32mSTATUS_DONE[0m(1) [34mSTATUS_UNREADY[0m(5)
INFO:__main__:/nfs_scratch/fmeng/tmpMzxVytLFVHETauAnalyzerMVA-T_t-channel_TuneZ2star_8TeV-powheg-tauola/job.dag: STATUS_SUBMITTED stats: [33mSTATUS_SUBMITTED[0m(36) [32mSTATUS_DONE[0m(1) [34mSTATUS_UNREADY[0m(5)
INFO:__main__:/nfs_scratch/fmeng/tmpMzxVytLFVHETauAnalyzerMVA-T_t-channel_TuneZ2star_8TeV-powheg-tauola/job.dag: STATUS_SUBMITTED stats: [33mSTATUS_SUBMITTED[0m(35) [32mSTATUS_DONE[0m(2) [34mSTATUS_UNREADY[0m(5)
INFO:__main__:/nfs_scratch/fmeng/tmpMzxVytLFVHETauAnalyzerMVA-T_t-channel_TuneZ2star_8TeV-powheg-tauola/job.dag: STATUS_SUBMITTED stats: [33mSTATUS_SUBMITTED[0m(35) [32mSTATUS_DONE[0m(2) [34mSTATUS_UNREADY[0m(5)
INFO:__main__:/nfs_scratch/fmeng/tmpMzxVytLFVHETauAnalyzerMVA-T_t-channel_TuneZ2star_8TeV-powheg-tauola/job.dag: STATUS_SUBMITTED stats: [33mSTATUS_SUBMITTED[0m(35) [32mSTATUS_DONE[0m(2) [34mSTATUS_UNREADY[0m(5)
INFO:__main__:/nfs_scratch/fmeng/tmpMzxVytLFVHETauAnalyzerMVA-T_t-channel_TuneZ2star_8TeV-powheg-tauola/job.dag: STATUS_SUBMITTED stats: [33mSTATUS_SUBMITTED[0m(35) [32mSTATUS_DONE[0m(2) [34mSTATUS_UNREADY[0m(5)
INFO:__main__:/nfs_scratch/fmeng/tmpMzxVytLFVHETauAnalyzerMVA-T_t-channel_TuneZ2star_8TeV-powheg-tauola/job.dag: STATUS_SUBMITTED stats: [33mSTATUS_SUBMITTED[0m(33) [32mSTATUS_DONE[0m(4) [34mSTATUS_UNREADY[0m(5)
INFO:__main__:/nfs_scratch/fmeng/tmpMzxVytLFVHETauAnalyzerMVA-T_t-channel_TuneZ2star_8TeV-powheg-tauola/job.dag: STATUS_SUBMITTED stats: [33mSTATUS_SUBMITTED[0m(33) [32mSTATUS_DONE[0m(4) [34mSTATUS_UNREADY[0m(5)
INFO:__main__:/nfs_scratch/fmeng/tmpMzxVytLFVHETauAnalyzerMVA-T_t-channel_TuneZ2star_8TeV-powheg-tauola/job.dag: STATUS_SUBMITTED stats: [33mSTATUS_SUBMITTED[0m(33) [32mSTATUS_DONE[0m(4) [34mSTATUS_UNREADY[0m(5)
INFO:__main__:/nfs_scratch/fmeng/tmpMzxVytLFVHETauAnalyzerMVA-T_t-channel_TuneZ2star_8TeV-powheg-tauola/job.dag: STATUS_SUBMITTED stats: [33mSTATUS_SUBMITTED[0m(33) [32mSTATUS_DONE[0m(4) [34mSTATUS_UNREADY[0m(5)
INFO:__main__:/nfs_scratch/fmeng/tmpMzxVytLFVHETauAnalyzerMVA-T_t-channel_TuneZ2star_8TeV-powheg-tauola/job.dag: STATUS_SUBMITTED stats: [33mSTATUS_SUBMITTED[0m(33) [32mSTATUS_DONE[0m(4) [34mSTATUS_UNREADY[0m(5)
INFO:__main__:/nfs_scratch/fmeng/tmpMzxVytLFVHETauAnalyzerMVA-T_t-channel_TuneZ2star_8TeV-powheg-tauola/job.dag: STATUS_SUBMITTED stats: [33mSTATUS_SUBMITTED[0m(33) [32mSTATUS_DONE[0m(4) [34mSTATUS_UNREADY[0m(5)
INFO:__main__:/nfs_scratch/fmeng/tmpMzxVytLFVHETauAnalyzerMVA-T_t-channel_TuneZ2star_8TeV-powheg-tauola/job.dag: STATUS_SUBMITTED stats: [33mSTATUS_SUBMITTED[0m(18) [32mSTATUS_DONE[0m(19) [34mSTATUS_UNREADY[0m(5)
INFO:__main__:/nfs_scratch/fmeng/tmpMzxVytLFVHETauAnalyzerMVA-T_t-channel_TuneZ2star_8TeV-powheg-tauola/job.dag: STATUS_SUBMITTED stats: [33mSTATUS_SUBMITTED[0m(18) [32mSTATUS_DONE[0m(19) [34mSTATUS_UNREADY[0m(5)
INFO:__main__:/nfs_scratch/fmeng/tmpMzxVytLFVHETauAnalyzerMVA-T_t-channel_TuneZ2star_8TeV-powheg-tauola/job.dag: STATUS_SUBMITTED stats: [33mSTATUS_SUBMITTED[0m(18) [32mSTATUS_DONE[0m(19) [34mSTATUS_UNREADY[0m(5)
INFO:__main__:/nfs_scratch/fmeng/tmpMzxVytLFVHETauAnalyzerMVA-T_t-channel_TuneZ2star_8TeV-powheg-tauola/job.dag: STATUS_SUBMITTED stats: [33mSTATUS_SUBMITTED[0m(18) [32mSTATUS_DONE[0m(19) [34mSTATUS_UNREADY[0m(5)
INFO:__main__:/nfs_scratch/fmeng/tmpMzxVytLFVHETauAnalyzerMVA-T_t-channel_TuneZ2star_8TeV-powheg-tauola/job.dag: STATUS_SUBMITTED stats: [33mSTATUS_SUBMITTED[0m(18) [32mSTATUS_DONE[0m(19) [34mSTATUS_UNREADY[0m(5)
INFO:__main__:/nfs_scratch/fmeng/tmpMzxVytLFVHETauAnalyzerMVA-T_t-channel_TuneZ2star_8TeV-powheg-tauola/job.dag: STATUS_SUBMITTED stats: [33mSTATUS_SUBMITTED[0m(18) [32mSTATUS_DONE[0m(19) [34mSTATUS_UNREADY[0m(5)
INFO:__main__:/nfs_scratch/fmeng/tmpMzxVytLFVHETauAnalyzerMVA-T_t-channel_TuneZ2star_8TeV-powheg-tauola/job.dag: STATUS_SUBMITTED stats: [33mSTATUS_SUBMITTED[0m(6) [32mSTATUS_DONE[0m(32) [34mSTATUS_UNREADY[0m(4)
INFO:__main__:/nfs_scratch/fmeng/tmpMzxVytLFVHETauAnalyzerMVA-T_t-channel_TuneZ2star_8TeV-powheg-tauola/job.dag: STATUS_SUBMITTED stats: [33mSTATUS_SUBMITTED[0m(6) [32mSTATUS_DONE[0m(32) [34mSTATUS_UNREADY[0m(4)
INFO:__main__:/nfs_scratch/fmeng/tmpMzxVytLFVHETauAnalyzerMVA-T_t-channel_TuneZ2star_8TeV-powheg-tauola/job.dag: STATUS_SUBMITTED stats: [33mSTATUS_SUBMITTED[0m(6) [32mSTATUS_DONE[0m(32) [34mSTATUS_UNREADY[0m(4)
INFO:__main__:/nfs_scratch/fmeng/tmpMzxVytLFVHETauAnalyzerMVA-T_t-channel_TuneZ2star_8TeV-powheg-tauola/job.dag: STATUS_SUBMITTED stats: [33mSTATUS_SUBMITTED[0m(6) [32mSTATUS_DONE[0m(32) [34mSTATUS_UNREADY[0m(4)
INFO:__main__:/nfs_scratch/fmeng/tmpMzxVytLFVHETauAnalyzerMVA-T_t-channel_TuneZ2star_8TeV-powheg-tauola/job.dag: STATUS_SUBMITTED stats: [33mSTATUS_SUBMITTED[0m(4) [32mSTATUS_DONE[0m(35) [34mSTATUS_UNREADY[0m(3)
INFO:__main__:/nfs_scratch/fmeng/tmpMzxVytLFVHETauAnalyzerMVA-T_t-channel_TuneZ2star_8TeV-powheg-tauola/job.dag: STATUS_SUBMITTED stats: [33mSTATUS_SUBMITTED[0m(4) [32mSTATUS_DONE[0m(35) [34mSTATUS_UNREADY[0m(3)
INFO:__main__:/nfs_scratch/fmeng/tmpMzxVytLFVHETauAnalyzerMVA-T_t-channel_TuneZ2star_8TeV-powheg-tauola/job.dag: STATUS_SUBMITTED stats: [33mSTATUS_SUBMITTED[0m(4) [32mSTATUS_DONE[0m(35) [34mSTATUS_UNREADY[0m(3)
INFO:__main__:/nfs_scratch/fmeng/tmpMzxVytLFVHETauAnalyzerMVA-T_t-channel_TuneZ2star_8TeV-powheg-tauola/job.dag: STATUS_SUBMITTED stats: [33mSTATUS_SUBMITTED[0m(4) [32mSTATUS_DONE[0m(35) [34mSTATUS_UNREADY[0m(3)
INFO:__main__:/nfs_scratch/fmeng/tmpMzxVytLFVHETauAnalyzerMVA-T_t-channel_TuneZ2star_8TeV-powheg-tauola/job.dag: STATUS_SUBMITTED stats: [33mSTATUS_SUBMITTED[0m(4) [32mSTATUS_DONE[0m(35) [34mSTATUS_UNREADY[0m(3)
INFO:__main__:/nfs_scratch/fmeng/tmpMzxVytLFVHETauAnalyzerMVA-T_t-channel_TuneZ2star_8TeV-powheg-tauola/job.dag: STATUS_SUBMITTED stats: [33mSTATUS_SUBMITTED[0m(4) [32mSTATUS_DONE[0m(35) [34mSTATUS_UNREADY[0m(3)
INFO:__main__:/nfs_scratch/fmeng/tmpMzxVytLFVHETauAnalyzerMVA-T_t-channel_TuneZ2star_8TeV-powheg-tauola/job.dag: STATUS_SUBMITTED stats: [33mSTATUS_SUBMITTED[0m(4) [32mSTATUS_DONE[0m(37) [34mSTATUS_UNREADY[0m(1)
INFO:__main__:/nfs_scratch/fmeng/tmpMzxVytLFVHETauAnalyzerMVA-T_t-channel_TuneZ2star_8TeV-powheg-tauola/job.dag: STATUS_SUBMITTED stats: [33mSTATUS_SUBMITTED[0m(4) [32mSTATUS_DONE[0m(37) [34mSTATUS_UNREADY[0m(1)
INFO:__main__:/nfs_scratch/fmeng/tmpMzxVytLFVHETauAnalyzerMVA-T_t-channel_TuneZ2star_8TeV-powheg-tauola/job.dag: STATUS_SUBMITTED stats: [33mSTATUS_SUBMITTED[0m(4) [32mSTATUS_DONE[0m(37) [34mSTATUS_UNREADY[0m(1)
INFO:__main__:/nfs_scratch/fmeng/tmpMzxVytLFVHETauAnalyzerMVA-T_t-channel_TuneZ2star_8TeV-powheg-tauola/job.dag: STATUS_SUBMITTED stats: [33mSTATUS_SUBMITTED[0m(4) [32mSTATUS_DONE[0m(37) [34mSTATUS_UNREADY[0m(1)
INFO:__main__:/nfs_scratch/fmeng/tmpMzxVytLFVHETauAnalyzerMVA-T_t-channel_TuneZ2star_8TeV-powheg-tauola/job.dag: STATUS_SUBMITTED stats: [33mSTATUS_SUBMITTED[0m(4) [32mSTATUS_DONE[0m(37) [34mSTATUS_UNREADY[0m(1)
INFO:__main__:/nfs_scratch/fmeng/tmpMzxVytLFVHETauAnalyzerMVA-T_t-channel_TuneZ2star_8TeV-powheg-tauola/job.dag: STATUS_SUBMITTED stats: [33mSTATUS_SUBMITTED[0m(4) [32mSTATUS_DONE[0m(37) [34mSTATUS_UNREADY[0m(1)
INFO:__main__:/nfs_scratch/fmeng/tmpMzxVytLFVHETauAnalyzerMVA-T_t-channel_TuneZ2star_8TeV-powheg-tauola/job.dag: STATUS_SUBMITTED stats: [33mSTATUS_SUBMITTED[0m(4) [32mSTATUS_DONE[0m(37) [34mSTATUS_UNREADY[0m(1)
INFO:__main__:/nfs_scratch/fmeng/tmpMzxVytLFVHETauAnalyzerMVA-T_t-channel_TuneZ2star_8TeV-powheg-tauola/job.dag: STATUS_SUBMITTED stats: [33mSTATUS_SUBMITTED[0m(4) [32mSTATUS_DONE[0m(37) [34mSTATUS_UNREADY[0m(1)
INFO:__main__:/nfs_scratch/fmeng/tmpMzxVytLFVHETauAnalyzerMVA-T_t-channel_TuneZ2star_8TeV-powheg-tauola/job.dag: STATUS_SUBMITTED stats: [33mSTATUS_SUBMITTED[0m(4) [32mSTATUS_DONE[0m(37) [34mSTATUS_UNREADY[0m(1)
INFO:__main__:/nfs_scratch/fmeng/tmpMzxVytLFVHETauAnalyzerMVA-T_t-channel_TuneZ2star_8TeV-powheg-tauola/job.dag: STATUS_SUBMITTED stats: [33mSTATUS_SUBMITTED[0m(4) [32mSTATUS_DONE[0m(37) [34mSTATUS_UNREADY[0m(1)
INFO:__main__:/nfs_scratch/fmeng/tmpMzxVytLFVHETauAnalyzerMVA-T_t-channel_TuneZ2star_8TeV-powheg-tauola/job.dag: STATUS_SUBMITTED stats: [33mSTATUS_SUBMITTED[0m(4) [32mSTATUS_DONE[0m(37) [34mSTATUS_UNREADY[0m(1)
INFO:__main__:/nfs_scratch/fmeng/tmpMzxVytLFVHETauAnalyzerMVA-T_t-channel_TuneZ2star_8TeV-powheg-tauola/job.dag: STATUS_SUBMITTED stats: [33mSTATUS_SUBMITTED[0m(4) [32mSTATUS_DONE[0m(37) [34mSTATUS_UNREADY[0m(1)
INFO:__main__:/nfs_scratch/fmeng/tmpMzxVytLFVHETauAnalyzerMVA-T_t-channel_TuneZ2star_8TeV-powheg-tauola/job.dag: STATUS_SUBMITTED stats: [33mSTATUS_SUBMITTED[0m(4) [32mSTATUS_DONE[0m(37) [34mSTATUS_UNREADY[0m(1)
INFO:__main__:/nfs_scratch/fmeng/tmpMzxVytLFVHETauAnalyzerMVA-T_t-channel_TuneZ2star_8TeV-powheg-tauola/job.dag: STATUS_SUBMITTED stats: [33mSTATUS_SUBMITTED[0m(4) [32mSTATUS_DONE[0m(37) [34mSTATUS_UNREADY[0m(1)
INFO:__main__:/nfs_scratch/fmeng/tmpMzxVytLFVHETauAnalyzerMVA-T_t-channel_TuneZ2star_8TeV-powheg-tauola/job.dag: STATUS_SUBMITTED stats: [33mSTATUS_SUBMITTED[0m(4) [32mSTATUS_DONE[0m(37) [34mSTATUS_UNREADY[0m(1)
INFO:__main__:/nfs_scratch/fmeng/tmpMzxVytLFVHETauAnalyzerMVA-T_t-channel_TuneZ2star_8TeV-powheg-tauola/job.dag: STATUS_SUBMITTED stats: [33mSTATUS_SUBMITTED[0m(4) [32mSTATUS_DONE[0m(37) [34mSTATUS_UNREADY[0m(1)
INFO:__main__:/nfs_scratch/fmeng/tmpMzxVytLFVHETauAnalyzerMVA-T_t-channel_TuneZ2star_8TeV-powheg-tauola/job.dag: STATUS_SUBMITTED stats: [33mSTATUS_SUBMITTED[0m(4) [32mSTATUS_DONE[0m(37) [34mSTATUS_UNREADY[0m(1)
INFO:__main__:/nfs_scratch/fmeng/tmpMzxVytLFVHETauAnalyzerMVA-T_t-channel_TuneZ2star_8TeV-powheg-tauola/job.dag: STATUS_SUBMITTED stats: [33mSTATUS_SUBMITTED[0m(4) [32mSTATUS_DONE[0m(37) [34mSTATUS_UNREADY[0m(1)
INFO:__main__:/nfs_scratch/fmeng/tmpMzxVytLFVHETauAnalyzerMVA-T_t-channel_TuneZ2star_8TeV-powheg-tauola/job.dag: STATUS_SUBMITTED stats: [33mSTATUS_SUBMITTED[0m(4) [32mSTATUS_DONE[0m(37) [34mSTATUS_UNREADY[0m(1)
INFO:__main__:/nfs_scratch/fmeng/tmpMzxVytLFVHETauAnalyzerMVA-T_t-channel_TuneZ2star_8TeV-powheg-tauola/job.dag: STATUS_SUBMITTED stats: [33mSTATUS_SUBMITTED[0m(4) [32mSTATUS_DONE[0m(37) [34mSTATUS_UNREADY[0m(1)
INFO:__main__:/nfs_scratch/fmeng/tmpMzxVytLFVHETauAnalyzerMVA-T_t-channel_TuneZ2star_8TeV-powheg-tauola/job.dag: STATUS_SUBMITTED stats: [33mSTATUS_SUBMITTED[0m(4) [32mSTATUS_DONE[0m(37) [34mSTATUS_UNREADY[0m(1)
INFO:__main__:/nfs_scratch/fmeng/tmpMzxVytLFVHETauAnalyzerMVA-T_t-channel_TuneZ2star_8TeV-powheg-tauola/job.dag: STATUS_SUBMITTED stats: [33mSTATUS_SUBMITTED[0m(4) [32mSTATUS_DONE[0m(37) [34mSTATUS_UNREADY[0m(1)
INFO:__main__:/nfs_scratch/fmeng/tmpMzxVytLFVHETauAnalyzerMVA-T_t-channel_TuneZ2star_8TeV-powheg-tauola/job.dag: STATUS_SUBMITTED stats: [33mSTATUS_SUBMITTED[0m(4) [32mSTATUS_DONE[0m(37) [34mSTATUS_UNREADY[0m(1)
INFO:__main__:/nfs_scratch/fmeng/tmpMzxVytLFVHETauAnalyzerMVA-T_t-channel_TuneZ2star_8TeV-powheg-tauola/job.dag: STATUS_SUBMITTED stats: [33mSTATUS_SUBMITTED[0m(4) [32mSTATUS_DONE[0m(37) [34mSTATUS_UNREADY[0m(1)
INFO:__main__:/nfs_scratch/fmeng/tmpMzxVytLFVHETauAnalyzerMVA-T_t-channel_TuneZ2star_8TeV-powheg-tauola/job.dag: STATUS_SUBMITTED stats: [33mSTATUS_SUBMITTED[0m(4) [32mSTATUS_DONE[0m(37) [34mSTATUS_UNREADY[0m(1)
INFO:__main__:/nfs_scratch/fmeng/tmpMzxVytLFVHETauAnalyzerMVA-T_t-channel_TuneZ2star_8TeV-powheg-tauola/job.dag: STATUS_SUBMITTED stats: [33mSTATUS_SUBMITTED[0m(4) [32mSTATUS_DONE[0m(37) [34mSTATUS_UNREADY[0m(1)
INFO:__main__:/nfs_scratch/fmeng/tmpMzxVytLFVHETauAnalyzerMVA-T_t-channel_TuneZ2star_8TeV-powheg-tauola/job.dag: STATUS_SUBMITTED stats: [33mSTATUS_SUBMITTED[0m(4) [32mSTATUS_DONE[0m(37) [34mSTATUS_UNREADY[0m(1)
INFO:__main__:/nfs_scratch/fmeng/tmpMzxVytLFVHETauAnalyzerMVA-T_t-channel_TuneZ2star_8TeV-powheg-tauola/job.dag: STATUS_SUBMITTED stats: [33mSTATUS_SUBMITTED[0m(4) [32mSTATUS_DONE[0m(37) [34mSTATUS_UNREADY[0m(1)
INFO:__main__:/nfs_scratch/fmeng/tmpMzxVytLFVHETauAnalyzerMVA-T_t-channel_TuneZ2star_8TeV-powheg-tauola/job.dag: STATUS_SUBMITTED stats: [33mSTATUS_SUBMITTED[0m(4) [32mSTATUS_DONE[0m(37) [34mSTATUS_UNREADY[0m(1)
INFO:__main__:/nfs_scratch/fmeng/tmpMzxVytLFVHETauAnalyzerMVA-T_t-channel_TuneZ2star_8TeV-powheg-tauola/job.dag: STATUS_SUBMITTED stats: [33mSTATUS_SUBMITTED[0m(4) [32mSTATUS_DONE[0m(37) [34mSTATUS_UNREADY[0m(1)
INFO:__main__:/nfs_scratch/fmeng/tmpMzxVytLFVHETauAnalyzerMVA-T_t-channel_TuneZ2star_8TeV-powheg-tauola/job.dag: STATUS_SUBMITTED stats: [33mSTATUS_SUBMITTED[0m(4) [32mSTATUS_DONE[0m(37) [34mSTATUS_UNREADY[0m(1)
INFO:__main__:/nfs_scratch/fmeng/tmpMzxVytLFVHETauAnalyzerMVA-T_t-channel_TuneZ2star_8TeV-powheg-tauola/job.dag: STATUS_SUBMITTED stats: [33mSTATUS_SUBMITTED[0m(4) [32mSTATUS_DONE[0m(37) [34mSTATUS_UNREADY[0m(1)
INFO:__main__:/nfs_scratch/fmeng/tmpMzxVytLFVHETauAnalyzerMVA-T_t-channel_TuneZ2star_8TeV-powheg-tauola/job.dag: STATUS_SUBMITTED stats: [33mSTATUS_SUBMITTED[0m(4) [32mSTATUS_DONE[0m(37) [34mSTATUS_UNREADY[0m(1)
INFO:__main__:/nfs_scratch/fmeng/tmpMzxVytLFVHETauAnalyzerMVA-T_t-channel_TuneZ2star_8TeV-powheg-tauola/job.dag: STATUS_SUBMITTED stats: [33mSTATUS_SUBMITTED[0m(4) [32mSTATUS_DONE[0m(37) [34mSTATUS_UNREADY[0m(1)
INFO:__main__:/nfs_scratch/fmeng/tmpMzxVytLFVHETauAnalyzerMVA-T_t-channel_TuneZ2star_8TeV-powheg-tauola/job.dag: STATUS_SUBMITTED stats: [33mSTATUS_SUBMITTED[0m(4) [32mSTATUS_DONE[0m(37) [34mSTATUS_UNREADY[0m(1)
INFO:__main__:/nfs_scratch/fmeng/tmpMzxVytLFVHETauAnalyzerMVA-T_t-channel_TuneZ2star_8TeV-powheg-tauola/job.dag: STATUS_SUBMITTED stats: [33mSTATUS_SUBMITTED[0m(4) [32mSTATUS_DONE[0m(37) [34mSTATUS_UNREADY[0m(1)
INFO:__main__:/nfs_scratch/fmeng/tmpMzxVytLFVHETauAnalyzerMVA-T_t-channel_TuneZ2star_8TeV-powheg-tauola/job.dag: STATUS_SUBMITTED stats: [33mSTATUS_SUBMITTED[0m(4) [32mSTATUS_DONE[0m(37) [34mSTATUS_UNREADY[0m(1)
INFO:__main__:/nfs_scratch/fmeng/tmpMzxVytLFVHETauAnalyzerMVA-T_t-channel_TuneZ2star_8TeV-powheg-tauola/job.dag: STATUS_SUBMITTED stats: [33mSTATUS_SUBMITTED[0m(4) [32mSTATUS_DONE[0m(37) [34mSTATUS_UNREADY[0m(1)
INFO:__main__:/nfs_scratch/fmeng/tmpMzxVytLFVHETauAnalyzerMVA-T_t-channel_TuneZ2star_8TeV-powheg-tauola/job.dag: STATUS_SUBMITTED stats: [33mSTATUS_SUBMITTED[0m(4) [32mSTATUS_DONE[0m(37) [34mSTATUS_UNREADY[0m(1)
INFO:__main__:/nfs_scratch/fmeng/tmpMzxVytLFVHETauAnalyzerMVA-T_t-channel_TuneZ2star_8TeV-powheg-tauola/job.dag: STATUS_SUBMITTED stats: [33mSTATUS_SUBMITTED[0m(4) [32mSTATUS_DONE[0m(37) [34mSTATUS_UNREADY[0m(1)
INFO:__main__:/nfs_scratch/fmeng/tmpMzxVytLFVHETauAnalyzerMVA-T_t-channel_TuneZ2star_8TeV-powheg-tauola/job.dag: STATUS_SUBMITTED stats: [33mSTATUS_SUBMITTED[0m(4) [32mSTATUS_DONE[0m(37) [34mSTATUS_UNREADY[0m(1)
INFO:__main__:/nfs_scratch/fmeng/tmpMzxVytLFVHETauAnalyzerMVA-T_t-channel_TuneZ2star_8TeV-powheg-tauola/job.dag: STATUS_SUBMITTED stats: [33mSTATUS_SUBMITTED[0m(4) [32mSTATUS_DONE[0m(37) [34mSTATUS_UNREADY[0m(1)
INFO:__main__:/nfs_scratch/fmeng/tmpMzxVytLFVHETauAnalyzerMVA-T_t-channel_TuneZ2star_8TeV-powheg-tauola/job.dag: STATUS_SUBMITTED stats: [33mSTATUS_SUBMITTED[0m(4) [32mSTATUS_DONE[0m(37) [34mSTATUS_UNREADY[0m(1)
INFO:__main__:/nfs_scratch/fmeng/tmpMzxVytLFVHETauAnalyzerMVA-T_t-channel_TuneZ2star_8TeV-powheg-tauola/job.dag: STATUS_SUBMITTED stats: [33mSTATUS_SUBMITTED[0m(4) [32mSTATUS_DONE[0m(37) [34mSTATUS_UNREADY[0m(1)
INFO:__main__:/nfs_scratch/fmeng/tmpMzxVytLFVHETauAnalyzerMVA-T_t-channel_TuneZ2star_8TeV-powheg-tauola/job.dag: STATUS_SUBMITTED stats: [33mSTATUS_SUBMITTED[0m(4) [32mSTATUS_DONE[0m(37) [34mSTATUS_UNREADY[0m(1)
INFO:__main__:/nfs_scratch/fmeng/tmpMzxVytLFVHETauAnalyzerMVA-T_t-channel_TuneZ2star_8TeV-powheg-tauola/job.dag: STATUS_SUBMITTED stats: [33mSTATUS_SUBMITTED[0m(4) [32mSTATUS_DONE[0m(37) [34mSTATUS_UNREADY[0m(1)
INFO:__main__:/nfs_scratch/fmeng/tmpMzxVytLFVHETauAnalyzerMVA-T_t-channel_TuneZ2star_8TeV-powheg-tauola/job.dag: STATUS_SUBMITTED stats: [33mSTATUS_SUBMITTED[0m(4) [32mSTATUS_DONE[0m(37) [34mSTATUS_UNREADY[0m(1)
INFO:__main__:/nfs_scratch/fmeng/tmpMzxVytLFVHETauAnalyzerMVA-T_t-channel_TuneZ2star_8TeV-powheg-tauola/job.dag: STATUS_SUBMITTED stats: [33mSTATUS_SUBMITTED[0m(4) [32mSTATUS_DONE[0m(37) [34mSTATUS_UNREADY[0m(1)
INFO:__main__:/nfs_scratch/fmeng/tmpMzxVytLFVHETauAnalyzerMVA-T_t-channel_TuneZ2star_8TeV-powheg-tauola/job.dag: STATUS_SUBMITTED stats: [33mSTATUS_SUBMITTED[0m(4) [32mSTATUS_DONE[0m(37) [34mSTATUS_UNREADY[0m(1)
INFO:__main__:/nfs_scratch/fmeng/tmpMzxVytLFVHETauAnalyzerMVA-T_t-channel_TuneZ2star_8TeV-powheg-tauola/job.dag: STATUS_SUBMITTED stats: [33mSTATUS_SUBMITTED[0m(4) [32mSTATUS_DONE[0m(37) [34mSTATUS_UNREADY[0m(1)
INFO:__main__:/nfs_scratch/fmeng/tmpMzxVytLFVHETauAnalyzerMVA-T_t-channel_TuneZ2star_8TeV-powheg-tauola/job.dag: STATUS_SUBMITTED stats: [33mSTATUS_SUBMITTED[0m(4) [32mSTATUS_DONE[0m(37) [34mSTATUS_UNREADY[0m(1)
INFO:__main__:/nfs_scratch/fmeng/tmpMzxVytLFVHETauAnalyzerMVA-T_t-channel_TuneZ2star_8TeV-powheg-tauola/job.dag: STATUS_SUBMITTED stats: [33mSTATUS_SUBMITTED[0m(4) [32mSTATUS_DONE[0m(37) [34mSTATUS_UNREADY[0m(1)
INFO:__main__:/nfs_scratch/fmeng/tmpMzxVytLFVHETauAnalyzerMVA-T_t-channel_TuneZ2star_8TeV-powheg-tauola/job.dag: STATUS_SUBMITTED stats: [33mSTATUS_SUBMITTED[0m(4) [32mSTATUS_DONE[0m(37) [34mSTATUS_UNREADY[0m(1)
INFO:__main__:/nfs_scratch/fmeng/tmpMzxVytLFVHETauAnalyzerMVA-T_t-channel_TuneZ2star_8TeV-powheg-tauola/job.dag: STATUS_SUBMITTED stats: [33mSTATUS_SUBMITTED[0m(4) [32mSTATUS_DONE[0m(37) [34mSTATUS_UNREADY[0m(1)
INFO:__main__:/nfs_scratch/fmeng/tmpMzxVytLFVHETauAnalyzerMVA-T_t-channel_TuneZ2star_8TeV-powheg-tauola/job.dag: STATUS_SUBMITTED stats: [33mSTATUS_SUBMITTED[0m(4) [32mSTATUS_DONE[0m(37) [34mSTATUS_UNREADY[0m(1)
INFO:__main__:/nfs_scratch/fmeng/tmpMzxVytLFVHETauAnalyzerMVA-T_t-channel_TuneZ2star_8TeV-powheg-tauola/job.dag: STATUS_SUBMITTED stats: [33mSTATUS_SUBMITTED[0m(4) [32mSTATUS_DONE[0m(37) [34mSTATUS_UNREADY[0m(1)
INFO:__main__:/nfs_scratch/fmeng/tmpMzxVytLFVHETauAnalyzerMVA-T_t-channel_TuneZ2star_8TeV-powheg-tauola/job.dag: STATUS_SUBMITTED stats: [33mSTATUS_SUBMITTED[0m(4) [32mSTATUS_DONE[0m(37) [34mSTATUS_UNREADY[0m(1)
INFO:__main__:/nfs_scratch/fmeng/tmpMzxVytLFVHETauAnalyzerMVA-T_t-channel_TuneZ2star_8TeV-powheg-tauola/job.dag: STATUS_SUBMITTED stats: [33mSTATUS_SUBMITTED[0m(4) [32mSTATUS_DONE[0m(37) [34mSTATUS_UNREADY[0m(1)
INFO:__main__:/nfs_scratch/fmeng/tmpMzxVytLFVHETauAnalyzerMVA-T_t-channel_TuneZ2star_8TeV-powheg-tauola/job.dag: STATUS_SUBMITTED stats: [33mSTATUS_SUBMITTED[0m(4) [32mSTATUS_DONE[0m(37) [34mSTATUS_UNREADY[0m(1)
INFO:__main__:/nfs_scratch/fmeng/tmpMzxVytLFVHETauAnalyzerMVA-T_t-channel_TuneZ2star_8TeV-powheg-tauola/job.dag: STATUS_SUBMITTED stats: [33mSTATUS_SUBMITTED[0m(4) [32mSTATUS_DONE[0m(37) [34mSTATUS_UNREADY[0m(1)
INFO:__main__:/nfs_scratch/fmeng/tmpMzxVytLFVHETauAnalyzerMVA-T_t-channel_TuneZ2star_8TeV-powheg-tauola/job.dag: STATUS_SUBMITTED stats: [33mSTATUS_SUBMITTED[0m(4) [32mSTATUS_DONE[0m(37) [34mSTATUS_UNREADY[0m(1)
INFO:__main__:/nfs_scratch/fmeng/tmpMzxVytLFVHETauAnalyzerMVA-T_t-channel_TuneZ2star_8TeV-powheg-tauola/job.dag: STATUS_SUBMITTED stats: [33mSTATUS_SUBMITTED[0m(4) [32mSTATUS_DONE[0m(37) [34mSTATUS_UNREADY[0m(1)
INFO:__main__:/nfs_scratch/fmeng/tmpMzxVytLFVHETauAnalyzerMVA-T_t-channel_TuneZ2star_8TeV-powheg-tauola/job.dag: STATUS_SUBMITTED stats: [33mSTATUS_SUBMITTED[0m(4) [32mSTATUS_DONE[0m(37) [34mSTATUS_UNREADY[0m(1)
INFO:__main__:/nfs_scratch/fmeng/tmpMzxVytLFVHETauAnalyzerMVA-T_t-channel_TuneZ2star_8TeV-powheg-tauola/job.dag: STATUS_SUBMITTED stats: [33mSTATUS_SUBMITTED[0m(4) [32mSTATUS_DONE[0m(37) [34mSTATUS_UNREADY[0m(1)
INFO:__main__:/nfs_scratch/fmeng/tmpMzxVytLFVHETauAnalyzerMVA-T_t-channel_TuneZ2star_8TeV-powheg-tauola/job.dag: STATUS_SUBMITTED stats: [33mSTATUS_SUBMITTED[0m(4) [32mSTATUS_DONE[0m(37) [34mSTATUS_UNREADY[0m(1)
INFO:__main__:/nfs_scratch/fmeng/tmpMzxVytLFVHETauAnalyzerMVA-T_t-channel_TuneZ2star_8TeV-powheg-tauola/job.dag: STATUS_SUBMITTED stats: [33mSTATUS_SUBMITTED[0m(4) [32mSTATUS_DONE[0m(37) [34mSTATUS_UNREADY[0m(1)
INFO:__main__:/nfs_scratch/fmeng/tmpMzxVytLFVHETauAnalyzerMVA-T_t-channel_TuneZ2star_8TeV-powheg-tauola/job.dag: STATUS_SUBMITTED stats: [33mSTATUS_SUBMITTED[0m(4) [32mSTATUS_DONE[0m(37) [34mSTATUS_UNREADY[0m(1)
INFO:__main__:/nfs_scratch/fmeng/tmpMzxVytLFVHETauAnalyzerMVA-T_t-channel_TuneZ2star_8TeV-powheg-tauola/job.dag: STATUS_SUBMITTED stats: [33mSTATUS_SUBMITTED[0m(4) [32mSTATUS_DONE[0m(37) [34mSTATUS_UNREADY[0m(1)
INFO:__main__:/nfs_scratch/fmeng/tmpMzxVytLFVHETauAnalyzerMVA-T_t-channel_TuneZ2star_8TeV-powheg-tauola/job.dag: STATUS_SUBMITTED stats: [33mSTATUS_SUBMITTED[0m(4) [32mSTATUS_DONE[0m(37) [34mSTATUS_UNREADY[0m(1)
INFO:__main__:/nfs_scratch/fmeng/tmpMzxVytLFVHETauAnalyzerMVA-T_t-channel_TuneZ2star_8TeV-powheg-tauola/job.dag: STATUS_SUBMITTED stats: [33mSTATUS_SUBMITTED[0m(4) [32mSTATUS_DONE[0m(37) [34mSTATUS_UNREADY[0m(1)
INFO:__main__:/nfs_scratch/fmeng/tmpMzxVytLFVHETauAnalyzerMVA-T_t-channel_TuneZ2star_8TeV-powheg-tauola/job.dag: STATUS_SUBMITTED stats: [33mSTATUS_SUBMITTED[0m(4) [32mSTATUS_DONE[0m(37) [34mSTATUS_UNREADY[0m(1)
INFO:__main__:/nfs_scratch/fmeng/tmpMzxVytLFVHETauAnalyzerMVA-T_t-channel_TuneZ2star_8TeV-powheg-tauola/job.dag: STATUS_SUBMITTED stats: [33mSTATUS_SUBMITTED[0m(4) [32mSTATUS_DONE[0m(37) [34mSTATUS_UNREADY[0m(1)
INFO:__main__:/nfs_scratch/fmeng/tmpMzxVytLFVHETauAnalyzerMVA-T_t-channel_TuneZ2star_8TeV-powheg-tauola/job.dag: STATUS_SUBMITTED stats: [33mSTATUS_SUBMITTED[0m(4) [32mSTATUS_DONE[0m(37) [34mSTATUS_UNREADY[0m(1)
INFO:__main__:/nfs_scratch/fmeng/tmpMzxVytLFVHETauAnalyzerMVA-T_t-channel_TuneZ2star_8TeV-powheg-tauola/job.dag: STATUS_SUBMITTED stats: [33mSTATUS_SUBMITTED[0m(4) [32mSTATUS_DONE[0m(37) [34mSTATUS_UNREADY[0m(1)
INFO:__main__:/nfs_scratch/fmeng/tmpMzxVytLFVHETauAnalyzerMVA-T_t-channel_TuneZ2star_8TeV-powheg-tauola/job.dag: STATUS_SUBMITTED stats: [33mSTATUS_SUBMITTED[0m(4) [32mSTATUS_DONE[0m(37) [34mSTATUS_UNREADY[0m(1)
INFO:__main__:/nfs_scratch/fmeng/tmpMzxVytLFVHETauAnalyzerMVA-T_t-channel_TuneZ2star_8TeV-powheg-tauola/job.dag: STATUS_SUBMITTED stats: [33mSTATUS_SUBMITTED[0m(4) [32mSTATUS_DONE[0m(37) [34mSTATUS_UNREADY[0m(1)
INFO:__main__:/nfs_scratch/fmeng/tmpMzxVytLFVHETauAnalyzerMVA-T_t-channel_TuneZ2star_8TeV-powheg-tauola/job.dag: STATUS_SUBMITTED stats: [33mSTATUS_SUBMITTED[0m(4) [32mSTATUS_DONE[0m(37) [34mSTATUS_UNREADY[0m(1)
INFO:__main__:/nfs_scratch/fmeng/tmpMzxVytLFVHETauAnalyzerMVA-T_t-channel_TuneZ2star_8TeV-powheg-tauola/job.dag: STATUS_SUBMITTED stats: [33mSTATUS_SUBMITTED[0m(4) [32mSTATUS_DONE[0m(37) [34mSTATUS_UNREADY[0m(1)
INFO:__main__:/nfs_scratch/fmeng/tmpMzxVytLFVHETauAnalyzerMVA-T_t-channel_TuneZ2star_8TeV-powheg-tauola/job.dag: STATUS_SUBMITTED stats: [33mSTATUS_SUBMITTED[0m(4) [32mSTATUS_DONE[0m(37) [34mSTATUS_UNREADY[0m(1)
INFO:__main__:/nfs_scratch/fmeng/tmpMzxVytLFVHETauAnalyzerMVA-T_t-channel_TuneZ2star_8TeV-powheg-tauola/job.dag: STATUS_SUBMITTED stats: [33mSTATUS_SUBMITTED[0m(4) [32mSTATUS_DONE[0m(37) [34mSTATUS_UNREADY[0m(1)
INFO:__main__:/nfs_scratch/fmeng/tmpMzxVytLFVHETauAnalyzerMVA-T_t-channel_TuneZ2star_8TeV-powheg-tauola/job.dag: STATUS_SUBMITTED stats: [33mSTATUS_SUBMITTED[0m(4) [32mSTATUS_DONE[0m(37) [34mSTATUS_UNREADY[0m(1)
INFO:__main__:/nfs_scratch/fmeng/tmpMzxVytLFVHETauAnalyzerMVA-T_t-channel_TuneZ2star_8TeV-powheg-tauola/job.dag: STATUS_SUBMITTED stats: [33mSTATUS_SUBMITTED[0m(4) [32mSTATUS_DONE[0m(37) [34mSTATUS_UNREADY[0m(1)
INFO:__main__:/nfs_scratch/fmeng/tmpMzxVytLFVHETauAnalyzerMVA-T_t-channel_TuneZ2star_8TeV-powheg-tauola/job.dag: STATUS_SUBMITTED stats: [33mSTATUS_SUBMITTED[0m(4) [32mSTATUS_DONE[0m(37) [34mSTATUS_UNREADY[0m(1)
INFO:__main__:/nfs_scratch/fmeng/tmpMzxVytLFVHETauAnalyzerMVA-T_t-channel_TuneZ2star_8TeV-powheg-tauola/job.dag: STATUS_SUBMITTED stats: [33mSTATUS_SUBMITTED[0m(4) [32mSTATUS_DONE[0m(37) [34mSTATUS_UNREADY[0m(1)
INFO:__main__:/nfs_scratch/fmeng/tmpMzxVytLFVHETauAnalyzerMVA-T_t-channel_TuneZ2star_8TeV-powheg-tauola/job.dag: STATUS_SUBMITTED stats: [33mSTATUS_SUBMITTED[0m(4) [32mSTATUS_DONE[0m(37) [34mSTATUS_UNREADY[0m(1)
INFO:__main__:/nfs_scratch/fmeng/tmpMzxVytLFVHETauAnalyzerMVA-T_t-channel_TuneZ2star_8TeV-powheg-tauola/job.dag: STATUS_SUBMITTED stats: [33mSTATUS_SUBMITTED[0m(4) [32mSTATUS_DONE[0m(37) [34mSTATUS_UNREADY[0m(1)
INFO:__main__:/nfs_scratch/fmeng/tmpMzxVytLFVHETauAnalyzerMVA-T_t-channel_TuneZ2star_8TeV-powheg-tauola/job.dag: STATUS_SUBMITTED stats: [33mSTATUS_SUBMITTED[0m(4) [32mSTATUS_DONE[0m(37) [34mSTATUS_UNREADY[0m(1)
INFO:__main__:/nfs_scratch/fmeng/tmpMzxVytLFVHETauAnalyzerMVA-T_t-channel_TuneZ2star_8TeV-powheg-tauola/job.dag: STATUS_SUBMITTED stats: [33mSTATUS_SUBMITTED[0m(4) [32mSTATUS_DONE[0m(37) [34mSTATUS_UNREADY[0m(1)
INFO:__main__:/nfs_scratch/fmeng/tmpMzxVytLFVHETauAnalyzerMVA-T_t-channel_TuneZ2star_8TeV-powheg-tauola/job.dag: STATUS_SUBMITTED stats: [33mSTATUS_SUBMITTED[0m(4) [32mSTATUS_DONE[0m(37) [34mSTATUS_UNREADY[0m(1)
INFO:__main__:/nfs_scratch/fmeng/tmpMzxVytLFVHETauAnalyzerMVA-T_t-channel_TuneZ2star_8TeV-powheg-tauola/job.dag: STATUS_SUBMITTED stats: [33mSTATUS_SUBMITTED[0m(4) [32mSTATUS_DONE[0m(37) [34mSTATUS_UNREADY[0m(1)
INFO:__main__:/nfs_scratch/fmeng/tmpMzxVytLFVHETauAnalyzerMVA-T_t-channel_TuneZ2star_8TeV-powheg-tauola/job.dag: STATUS_SUBMITTED stats: [33mSTATUS_SUBMITTED[0m(4) [32mSTATUS_DONE[0m(37) [34mSTATUS_UNREADY[0m(1)
INFO:__main__:/nfs_scratch/fmeng/tmpMzxVytLFVHETauAnalyzerMVA-T_t-channel_TuneZ2star_8TeV-powheg-tauola/job.dag: STATUS_SUBMITTED stats: [33mSTATUS_SUBMITTED[0m(4) [32mSTATUS_DONE[0m(37) [34mSTATUS_UNREADY[0m(1)
INFO:__main__:/nfs_scratch/fmeng/tmpMzxVytLFVHETauAnalyzerMVA-T_t-channel_TuneZ2star_8TeV-powheg-tauola/job.dag: STATUS_SUBMITTED stats: [33mSTATUS_SUBMITTED[0m(4) [32mSTATUS_DONE[0m(37) [34mSTATUS_UNREADY[0m(1)
INFO:__main__:/nfs_scratch/fmeng/tmpMzxVytLFVHETauAnalyzerMVA-T_t-channel_TuneZ2star_8TeV-powheg-tauola/job.dag: STATUS_SUBMITTED stats: [33mSTATUS_SUBMITTED[0m(4) [32mSTATUS_DONE[0m(37) [34mSTATUS_UNREADY[0m(1)
INFO:__main__:/nfs_scratch/fmeng/tmpMzxVytLFVHETauAnalyzerMVA-T_t-channel_TuneZ2star_8TeV-powheg-tauola/job.dag: STATUS_SUBMITTED stats: [33mSTATUS_SUBMITTED[0m(4) [32mSTATUS_DONE[0m(37) [34mSTATUS_UNREADY[0m(1)
INFO:__main__:/nfs_scratch/fmeng/tmpMzxVytLFVHETauAnalyzerMVA-T_t-channel_TuneZ2star_8TeV-powheg-tauola/job.dag: STATUS_SUBMITTED stats: [33mSTATUS_SUBMITTED[0m(4) [32mSTATUS_DONE[0m(37) [34mSTATUS_UNREADY[0m(1)
INFO:__main__:/nfs_scratch/fmeng/tmpMzxVytLFVHETauAnalyzerMVA-T_t-channel_TuneZ2star_8TeV-powheg-tauola/job.dag: STATUS_SUBMITTED stats: [33mSTATUS_SUBMITTED[0m(4) [32mSTATUS_DONE[0m(37) [34mSTATUS_UNREADY[0m(1)
INFO:__main__:/nfs_scratch/fmeng/tmpMzxVytLFVHETauAnalyzerMVA-T_t-channel_TuneZ2star_8TeV-powheg-tauola/job.dag: STATUS_SUBMITTED stats: [33mSTATUS_SUBMITTED[0m(4) [32mSTATUS_DONE[0m(37) [34mSTATUS_UNREADY[0m(1)
INFO:__main__:/nfs_scratch/fmeng/tmpMzxVytLFVHETauAnalyzerMVA-T_t-channel_TuneZ2star_8TeV-powheg-tauola/job.dag: STATUS_SUBMITTED stats: [33mSTATUS_SUBMITTED[0m(4) [32mSTATUS_DONE[0m(37) [34mSTATUS_UNREADY[0m(1)
INFO:__main__:/nfs_scratch/fmeng/tmpMzxVytLFVHETauAnalyzerMVA-T_t-channel_TuneZ2star_8TeV-powheg-tauola/job.dag: STATUS_SUBMITTED stats: [33mSTATUS_SUBMITTED[0m(4) [32mSTATUS_DONE[0m(37) [34mSTATUS_UNREADY[0m(1)
INFO:__main__:/nfs_scratch/fmeng/tmpMzxVytLFVHETauAnalyzerMVA-T_t-channel_TuneZ2star_8TeV-powheg-tauola/job.dag: STATUS_SUBMITTED stats: [33mSTATUS_SUBMITTED[0m(4) [32mSTATUS_DONE[0m(37) [34mSTATUS_UNREADY[0m(1)
INFO:__main__:/nfs_scratch/fmeng/tmpMzxVytLFVHETauAnalyzerMVA-T_t-channel_TuneZ2star_8TeV-powheg-tauola/job.dag: STATUS_SUBMITTED stats: [33mSTATUS_SUBMITTED[0m(4) [32mSTATUS_DONE[0m(37) [34mSTATUS_UNREADY[0m(1)
INFO:__main__:/nfs_scratch/fmeng/tmpMzxVytLFVHETauAnalyzerMVA-T_t-channel_TuneZ2star_8TeV-powheg-tauola/job.dag: STATUS_SUBMITTED stats: [33mSTATUS_SUBMITTED[0m(4) [32mSTATUS_DONE[0m(37) [34mSTATUS_UNREADY[0m(1)
INFO:__main__:/nfs_scratch/fmeng/tmpMzxVytLFVHETauAnalyzerMVA-T_t-channel_TuneZ2star_8TeV-powheg-tauola/job.dag: STATUS_SUBMITTED stats: [33mSTATUS_SUBMITTED[0m(4) [32mSTATUS_DONE[0m(37) [34mSTATUS_UNREADY[0m(1)
INFO:__main__:/nfs_scratch/fmeng/tmpMzxVytLFVHETauAnalyzerMVA-T_t-channel_TuneZ2star_8TeV-powheg-tauola/job.dag: STATUS_SUBMITTED stats: [33mSTATUS_SUBMITTED[0m(4) [32mSTATUS_DONE[0m(37) [34mSTATUS_UNREADY[0m(1)
INFO:__main__:/nfs_scratch/fmeng/tmpMzxVytLFVHETauAnalyzerMVA-T_t-channel_TuneZ2star_8TeV-powheg-tauola/job.dag: STATUS_SUBMITTED stats: [33mSTATUS_SUBMITTED[0m(3) [32mSTATUS_DONE[0m(38) [34mSTATUS_UNREADY[0m(1)
INFO:__main__:/nfs_scratch/fmeng/tmpMzxVytLFVHETauAnalyzerMVA-T_t-channel_TuneZ2star_8TeV-powheg-tauola/job.dag: STATUS_SUBMITTED stats: [33mSTATUS_SUBMITTED[0m(3) [32mSTATUS_DONE[0m(38) [34mSTATUS_UNREADY[0m(1)
INFO:__main__:/nfs_scratch/fmeng/tmpMzxVytLFVHETauAnalyzerMVA-T_t-channel_TuneZ2star_8TeV-powheg-tauola/job.dag: STATUS_SUBMITTED stats: [33mSTATUS_SUBMITTED[0m(3) [32mSTATUS_DONE[0m(38) [34mSTATUS_UNREADY[0m(1)
INFO:__main__:/nfs_scratch/fmeng/tmpMzxVytLFVHETauAnalyzerMVA-T_t-channel_TuneZ2star_8TeV-powheg-tauola/job.dag: STATUS_SUBMITTED stats: [33mSTATUS_SUBMITTED[0m(3) [32mSTATUS_DONE[0m(38) [34mSTATUS_UNREADY[0m(1)
INFO:__main__:/nfs_scratch/fmeng/tmpMzxVytLFVHETauAnalyzerMVA-T_t-channel_TuneZ2star_8TeV-powheg-tauola/job.dag: STATUS_SUBMITTED stats: [33mSTATUS_SUBMITTED[0m(3) [32mSTATUS_DONE[0m(38) [34mSTATUS_UNREADY[0m(1)
INFO:__main__:/nfs_scratch/fmeng/tmpMzxVytLFVHETauAnalyzerMVA-T_t-channel_TuneZ2star_8TeV-powheg-tauola/job.dag: STATUS_SUBMITTED stats: [33mSTATUS_SUBMITTED[0m(3) [32mSTATUS_DONE[0m(38) [34mSTATUS_UNREADY[0m(1)
INFO:__main__:/nfs_scratch/fmeng/tmpMzxVytLFVHETauAnalyzerMVA-T_t-channel_TuneZ2star_8TeV-powheg-tauola/job.dag: STATUS_SUBMITTED stats: [33mSTATUS_SUBMITTED[0m(3) [32mSTATUS_DONE[0m(38) [34mSTATUS_UNREADY[0m(1)
INFO:__main__:/nfs_scratch/fmeng/tmpMzxVytLFVHETauAnalyzerMVA-T_t-channel_TuneZ2star_8TeV-powheg-tauola/job.dag: STATUS_SUBMITTED stats: [33mSTATUS_SUBMITTED[0m(3) [32mSTATUS_DONE[0m(38) [34mSTATUS_UNREADY[0m(1)
INFO:__main__:/nfs_scratch/fmeng/tmpMzxVytLFVHETauAnalyzerMVA-T_t-channel_TuneZ2star_8TeV-powheg-tauola/job.dag: STATUS_SUBMITTED stats: [33mSTATUS_SUBMITTED[0m(3) [32mSTATUS_DONE[0m(38) [34mSTATUS_UNREADY[0m(1)
INFO:__main__:/nfs_scratch/fmeng/tmpMzxVytLFVHETauAnalyzerMVA-T_t-channel_TuneZ2star_8TeV-powheg-tauola/job.dag: STATUS_SUBMITTED stats: [33mSTATUS_SUBMITTED[0m(3) [32mSTATUS_DONE[0m(38) [34mSTATUS_UNREADY[0m(1)
INFO:__main__:/nfs_scratch/fmeng/tmpMzxVytLFVHETauAnalyzerMVA-T_t-channel_TuneZ2star_8TeV-powheg-tauola/job.dag: STATUS_SUBMITTED stats: [33mSTATUS_SUBMITTED[0m(3) [32mSTATUS_DONE[0m(38) [34mSTATUS_UNREADY[0m(1)
INFO:__main__:/nfs_scratch/fmeng/tmpMzxVytLFVHETauAnalyzerMVA-T_t-channel_TuneZ2star_8TeV-powheg-tauola/job.dag: STATUS_SUBMITTED stats: [33mSTATUS_SUBMITTED[0m(3) [32mSTATUS_DONE[0m(38) [34mSTATUS_UNREADY[0m(1)
INFO:__main__:/nfs_scratch/fmeng/tmpMzxVytLFVHETauAnalyzerMVA-T_t-channel_TuneZ2star_8TeV-powheg-tauola/job.dag: STATUS_SUBMITTED stats: [33mSTATUS_SUBMITTED[0m(3) [32mSTATUS_DONE[0m(38) [34mSTATUS_UNREADY[0m(1)
INFO:__main__:/nfs_scratch/fmeng/tmpMzxVytLFVHETauAnalyzerMVA-T_t-channel_TuneZ2star_8TeV-powheg-tauola/job.dag: STATUS_SUBMITTED stats: [33mSTATUS_SUBMITTED[0m(2) [32mSTATUS_DONE[0m(39) [34mSTATUS_UNREADY[0m(1)
INFO:__main__:/nfs_scratch/fmeng/tmpMzxVytLFVHETauAnalyzerMVA-T_t-channel_TuneZ2star_8TeV-powheg-tauola/job.dag: STATUS_SUBMITTED stats: [33mSTATUS_SUBMITTED[0m(2) [32mSTATUS_DONE[0m(39) [34mSTATUS_UNREADY[0m(1)
INFO:__main__:/nfs_scratch/fmeng/tmpMzxVytLFVHETauAnalyzerMVA-T_t-channel_TuneZ2star_8TeV-powheg-tauola/job.dag: STATUS_SUBMITTED stats: [33mSTATUS_SUBMITTED[0m(2) [32mSTATUS_DONE[0m(39) [34mSTATUS_UNREADY[0m(1)
INFO:__main__:/nfs_scratch/fmeng/tmpMzxVytLFVHETauAnalyzerMVA-T_t-channel_TuneZ2star_8TeV-powheg-tauola/job.dag: STATUS_SUBMITTED stats: [33mSTATUS_SUBMITTED[0m(2) [32mSTATUS_DONE[0m(39) [34mSTATUS_UNREADY[0m(1)
INFO:__main__:/nfs_scratch/fmeng/tmpMzxVytLFVHETauAnalyzerMVA-T_t-channel_TuneZ2star_8TeV-powheg-tauola/job.dag: STATUS_SUBMITTED stats: [33mSTATUS_SUBMITTED[0m(2) [32mSTATUS_DONE[0m(39) [34mSTATUS_UNREADY[0m(1)
INFO:__main__:/nfs_scratch/fmeng/tmpMzxVytLFVHETauAnalyzerMVA-T_t-channel_TuneZ2star_8TeV-powheg-tauola/job.dag: STATUS_SUBMITTED stats: [33mSTATUS_SUBMITTED[0m(2) [32mSTATUS_DONE[0m(39) [34mSTATUS_UNREADY[0m(1)
INFO:__main__:/nfs_scratch/fmeng/tmpMzxVytLFVHETauAnalyzerMVA-T_t-channel_TuneZ2star_8TeV-powheg-tauola/job.dag: STATUS_SUBMITTED stats: [33mSTATUS_SUBMITTED[0m(2) [32mSTATUS_DONE[0m(39) [34mSTATUS_UNREADY[0m(1)
INFO:__main__:/nfs_scratch/fmeng/tmpMzxVytLFVHETauAnalyzerMVA-T_t-channel_TuneZ2star_8TeV-powheg-tauola/job.dag: STATUS_SUBMITTED stats: [33mSTATUS_SUBMITTED[0m(2) [32mSTATUS_DONE[0m(39) [34mSTATUS_UNREADY[0m(1)
INFO:__main__:/nfs_scratch/fmeng/tmpMzxVytLFVHETauAnalyzerMVA-T_t-channel_TuneZ2star_8TeV-powheg-tauola/job.dag: STATUS_SUBMITTED stats: [33mSTATUS_SUBMITTED[0m(2) [32mSTATUS_DONE[0m(39) [34mSTATUS_UNREADY[0m(1)
INFO:__main__:/nfs_scratch/fmeng/tmpMzxVytLFVHETauAnalyzerMVA-T_t-channel_TuneZ2star_8TeV-powheg-tauola/job.dag: STATUS_SUBMITTED stats: [33mSTATUS_SUBMITTED[0m(2) [32mSTATUS_DONE[0m(39) [34mSTATUS_UNREADY[0m(1)
INFO:__main__:/nfs_scratch/fmeng/tmpMzxVytLFVHETauAnalyzerMVA-T_t-channel_TuneZ2star_8TeV-powheg-tauola/job.dag: STATUS_SUBMITTED stats: [33mSTATUS_SUBMITTED[0m(2) [32mSTATUS_DONE[0m(39) [34mSTATUS_UNREADY[0m(1)
INFO:__main__:/nfs_scratch/fmeng/tmpMzxVytLFVHETauAnalyzerMVA-T_t-channel_TuneZ2star_8TeV-powheg-tauola/job.dag: STATUS_SUBMITTED stats: [33mSTATUS_SUBMITTED[0m(2) [32mSTATUS_DONE[0m(39) [34mSTATUS_UNREADY[0m(1)
INFO:__main__:/nfs_scratch/fmeng/tmpMzxVytLFVHETauAnalyzerMVA-T_t-channel_TuneZ2star_8TeV-powheg-tauola/job.dag: STATUS_SUBMITTED stats: [33mSTATUS_SUBMITTED[0m(2) [32mSTATUS_DONE[0m(39) [34mSTATUS_UNREADY[0m(1)
INFO:__main__:/nfs_scratch/fmeng/tmpMzxVytLFVHETauAnalyzerMVA-T_t-channel_TuneZ2star_8TeV-powheg-tauola/job.dag: STATUS_SUBMITTED stats: [33mSTATUS_SUBMITTED[0m(2) [32mSTATUS_DONE[0m(39) [34mSTATUS_UNREADY[0m(1)
INFO:__main__:/nfs_scratch/fmeng/tmpMzxVytLFVHETauAnalyzerMVA-T_t-channel_TuneZ2star_8TeV-powheg-tauola/job.dag: STATUS_SUBMITTED stats: [33mSTATUS_SUBMITTED[0m(2) [32mSTATUS_DONE[0m(39) [34mSTATUS_UNREADY[0m(1)
INFO:__main__:/nfs_scratch/fmeng/tmpMzxVytLFVHETauAnalyzerMVA-T_t-channel_TuneZ2star_8TeV-powheg-tauola/job.dag: STATUS_SUBMITTED stats: [33mSTATUS_SUBMITTED[0m(2) [32mSTATUS_DONE[0m(39) [34mSTATUS_UNREADY[0m(1)
INFO:__main__:/nfs_scratch/fmeng/tmpMzxVytLFVHETauAnalyzerMVA-T_t-channel_TuneZ2star_8TeV-powheg-tauola/job.dag: STATUS_SUBMITTED stats: [33mSTATUS_SUBMITTED[0m(2) [32mSTATUS_DONE[0m(39) [34mSTATUS_UNREADY[0m(1)
INFO:__main__:/nfs_scratch/fmeng/tmpMzxVytLFVHETauAnalyzerMVA-T_t-channel_TuneZ2star_8TeV-powheg-tauola/job.dag: STATUS_SUBMITTED stats: [33mSTATUS_SUBMITTED[0m(2) [32mSTATUS_DONE[0m(39) [34mSTATUS_UNREADY[0m(1)
INFO:__main__:/nfs_scratch/fmeng/tmpMzxVytLFVHETauAnalyzerMVA-T_t-channel_TuneZ2star_8TeV-powheg-tauola/job.dag: STATUS_SUBMITTED stats: [33mSTATUS_SUBMITTED[0m(2) [32mSTATUS_DONE[0m(39) [34mSTATUS_UNREADY[0m(1)
INFO:__main__:/nfs_scratch/fmeng/tmpMzxVytLFVHETauAnalyzerMVA-T_t-channel_TuneZ2star_8TeV-powheg-tauola/job.dag: STATUS_SUBMITTED stats: [33mSTATUS_SUBMITTED[0m(2) [32mSTATUS_DONE[0m(39) [34mSTATUS_UNREADY[0m(1)
INFO:__main__:/nfs_scratch/fmeng/tmpMzxVytLFVHETauAnalyzerMVA-T_t-channel_TuneZ2star_8TeV-powheg-tauola/job.dag: STATUS_SUBMITTED stats: [33mSTATUS_SUBMITTED[0m(2) [32mSTATUS_DONE[0m(39) [34mSTATUS_UNREADY[0m(1)
INFO:__main__:/nfs_scratch/fmeng/tmpMzxVytLFVHETauAnalyzerMVA-T_t-channel_TuneZ2star_8TeV-powheg-tauola/job.dag: STATUS_SUBMITTED stats: [33mSTATUS_SUBMITTED[0m(2) [32mSTATUS_DONE[0m(39) [34mSTATUS_UNREADY[0m(1)
INFO:__main__:/nfs_scratch/fmeng/tmpMzxVytLFVHETauAnalyzerMVA-T_t-channel_TuneZ2star_8TeV-powheg-tauola/job.dag: STATUS_SUBMITTED stats: [33mSTATUS_SUBMITTED[0m(2) [32mSTATUS_DONE[0m(39) [34mSTATUS_UNREADY[0m(1)
INFO:__main__:/nfs_scratch/fmeng/tmpMzxVytLFVHETauAnalyzerMVA-T_t-channel_TuneZ2star_8TeV-powheg-tauola/job.dag: STATUS_SUBMITTED stats: [33mSTATUS_SUBMITTED[0m(2) [32mSTATUS_DONE[0m(39) [34mSTATUS_UNREADY[0m(1)
INFO:__main__:/nfs_scratch/fmeng/tmpMzxVytLFVHETauAnalyzerMVA-T_t-channel_TuneZ2star_8TeV-powheg-tauola/job.dag: STATUS_SUBMITTED stats: [33mSTATUS_SUBMITTED[0m(2) [32mSTATUS_DONE[0m(39) [34mSTATUS_UNREADY[0m(1)
INFO:__main__:/nfs_scratch/fmeng/tmpMzxVytLFVHETauAnalyzerMVA-T_t-channel_TuneZ2star_8TeV-powheg-tauola/job.dag: STATUS_SUBMITTED stats: [33mSTATUS_SUBMITTED[0m(2) [32mSTATUS_DONE[0m(39) [34mSTATUS_UNREADY[0m(1)
INFO:__main__:/nfs_scratch/fmeng/tmpMzxVytLFVHETauAnalyzerMVA-T_t-channel_TuneZ2star_8TeV-powheg-tauola/job.dag: STATUS_SUBMITTED stats: [33mSTATUS_SUBMITTED[0m(2) [32mSTATUS_DONE[0m(39) [34mSTATUS_UNREADY[0m(1)
INFO:__main__:/nfs_scratch/fmeng/tmpMzxVytLFVHETauAnalyzerMVA-T_t-channel_TuneZ2star_8TeV-powheg-tauola/job.dag: STATUS_SUBMITTED stats: [33mSTATUS_SUBMITTED[0m(1) [32mSTATUS_DONE[0m(40) [34mSTATUS_UNREADY[0m(1)
INFO:__main__:/nfs_scratch/fmeng/tmpMzxVytLFVHETauAnalyzerMVA-T_t-channel_TuneZ2star_8TeV-powheg-tauola/job.dag: STATUS_SUBMITTED stats: [33mSTATUS_SUBMITTED[0m(1) [32mSTATUS_DONE[0m(40) [34mSTATUS_UNREADY[0m(1)
INFO:__main__:/nfs_scratch/fmeng/tmpMzxVytLFVHETauAnalyzerMVA-T_t-channel_TuneZ2star_8TeV-powheg-tauola/job.dag: STATUS_SUBMITTED stats: [33mSTATUS_SUBMITTED[0m(1) [32mSTATUS_DONE[0m(40) [34mSTATUS_UNREADY[0m(1)
INFO:__main__:/nfs_scratch/fmeng/tmpMzxVytLFVHETauAnalyzerMVA-T_t-channel_TuneZ2star_8TeV-powheg-tauola/job.dag: STATUS_SUBMITTED stats: [33mSTATUS_SUBMITTED[0m(1) [32mSTATUS_DONE[0m(40) [34mSTATUS_UNREADY[0m(1)
INFO:__main__:/nfs_scratch/fmeng/tmpMzxVytLFVHETauAnalyzerMVA-T_t-channel_TuneZ2star_8TeV-powheg-tauola/job.dag: STATUS_SUBMITTED stats: [33mSTATUS_SUBMITTED[0m(1) [32mSTATUS_DONE[0m(40) [34mSTATUS_UNREADY[0m(1)
INFO:__main__:/nfs_scratch/fmeng/tmpMzxVytLFVHETauAnalyzerMVA-T_t-channel_TuneZ2star_8TeV-powheg-tauola/job.dag: STATUS_SUBMITTED stats: [33mSTATUS_SUBMITTED[0m(1) [32mSTATUS_DONE[0m(40) [34mSTATUS_UNREADY[0m(1)
INFO:__main__:/nfs_scratch/fmeng/tmpMzxVytLFVHETauAnalyzerMVA-T_t-channel_TuneZ2star_8TeV-powheg-tauola/job.dag: STATUS_SUBMITTED stats: [33mSTATUS_SUBMITTED[0m(1) [32mSTATUS_DONE[0m(40) [34mSTATUS_UNREADY[0m(1)
INFO:__main__:/nfs_scratch/fmeng/tmpMzxVytLFVHETauAnalyzerMVA-T_t-channel_TuneZ2star_8TeV-powheg-tauola/job.dag: STATUS_SUBMITTED stats: [33mSTATUS_SUBMITTED[0m(1) [32mSTATUS_DONE[0m(40) [34mSTATUS_UNREADY[0m(1)
INFO:__main__:/nfs_scratch/fmeng/tmpMzxVytLFVHETauAnalyzerMVA-T_t-channel_TuneZ2star_8TeV-powheg-tauola/job.dag: STATUS_SUBMITTED stats: [33mSTATUS_SUBMITTED[0m(1) [32mSTATUS_DONE[0m(40) [34mSTATUS_UNREADY[0m(1)
INFO:__main__:/nfs_scratch/fmeng/tmpMzxVytLFVHETauAnalyzerMVA-T_t-channel_TuneZ2star_8TeV-powheg-tauola/job.dag: STATUS_SUBMITTED stats: [33mSTATUS_SUBMITTED[0m(1) [32mSTATUS_DONE[0m(40) [34mSTATUS_UNREADY[0m(1)
INFO:__main__:/nfs_scratch/fmeng/tmpMzxVytLFVHETauAnalyzerMVA-T_t-channel_TuneZ2star_8TeV-powheg-tauola/job.dag: STATUS_SUBMITTED stats: [33mSTATUS_SUBMITTED[0m(1) [32mSTATUS_DONE[0m(40) [34mSTATUS_UNREADY[0m(1)
INFO:__main__:/nfs_scratch/fmeng/tmpMzxVytLFVHETauAnalyzerMVA-T_t-channel_TuneZ2star_8TeV-powheg-tauola/job.dag: STATUS_SUBMITTED stats: [33mSTATUS_SUBMITTED[0m(1) [32mSTATUS_DONE[0m(40) [34mSTATUS_UNREADY[0m(1)
INFO:__main__:/nfs_scratch/fmeng/tmpMzxVytLFVHETauAnalyzerMVA-T_t-channel_TuneZ2star_8TeV-powheg-tauola/job.dag: STATUS_SUBMITTED stats: [33mSTATUS_SUBMITTED[0m(1) [32mSTATUS_DONE[0m(40) [34mSTATUS_UNREADY[0m(1)
INFO:__main__:/nfs_scratch/fmeng/tmpMzxVytLFVHETauAnalyzerMVA-T_t-channel_TuneZ2star_8TeV-powheg-tauola/job.dag: STATUS_SUBMITTED stats: [33mSTATUS_SUBMITTED[0m(1) [32mSTATUS_DONE[0m(40) [34mSTATUS_UNREADY[0m(1)
INFO:__main__:/nfs_scratch/fmeng/tmpMzxVytLFVHETauAnalyzerMVA-T_t-channel_TuneZ2star_8TeV-powheg-tauola/job.dag: STATUS_SUBMITTED stats: [33mSTATUS_SUBMITTED[0m(1) [32mSTATUS_DONE[0m(40) [34mSTATUS_UNREADY[0m(1)
INFO:__main__:/nfs_scratch/fmeng/tmpMzxVytLFVHETauAnalyzerMVA-T_t-channel_TuneZ2star_8TeV-powheg-tauola/job.dag: STATUS_SUBMITTED stats: [33mSTATUS_SUBMITTED[0m(1) [32mSTATUS_DONE[0m(40) [34mSTATUS_UNREADY[0m(1)
INFO:__main__:/nfs_scratch/fmeng/tmpMzxVytLFVHETauAnalyzerMVA-T_t-channel_TuneZ2star_8TeV-powheg-tauola/job.dag: STATUS_SUBMITTED stats: [33mSTATUS_SUBMITTED[0m(1) [32mSTATUS_DONE[0m(40) [34mSTATUS_UNREADY[0m(1)
INFO:__main__:/nfs_scratch/fmeng/tmpMzxVytLFVHETauAnalyzerMVA-T_t-channel_TuneZ2star_8TeV-powheg-tauola/job.dag: STATUS_SUBMITTED stats: [33mSTATUS_SUBMITTED[0m(1) [32mSTATUS_DONE[0m(40) [34mSTATUS_UNREADY[0m(1)
INFO:__main__:/nfs_scratch/fmeng/tmpMzxVytLFVHETauAnalyzerMVA-T_t-channel_TuneZ2star_8TeV-powheg-tauola/job.dag: STATUS_SUBMITTED stats: [32mSTATUS_DONE[0m(41) [36mSTATUS_READY[0m(1)
INFO:__main__:/nfs_scratch/fmeng/tmpMzxVytLFVHETauAnalyzerMVA-T_t-channel_TuneZ2star_8TeV-powheg-tauola/job.dag: STATUS_SUBMITTED stats: [32mSTATUS_DONE[0m(41) [36mSTATUS_READY[0m(1)
INFO:__main__:/nfs_scratch/fmeng/tmpMzxVytLFVHETauAnalyzerMVA-T_t-channel_TuneZ2star_8TeV-powheg-tauola/job.dag: STATUS_SUBMITTED stats: [32mSTATUS_DONE[0m(41) [36mSTATUS_READY[0m(1)
INFO:__main__:/nfs_scratch/fmeng/tmpMzxVytLFVHETauAnalyzerMVA-T_t-channel_TuneZ2star_8TeV-powheg-tauola/job.dag: STATUS_SUBMITTED stats: [32mSTATUS_DONE[0m(41) [36mSTATUS_READY[0m(1)
INFO:__main__:/nfs_scratch/fmeng/tmpMzxVytLFVHETauAnalyzerMVA-T_t-channel_TuneZ2star_8TeV-powheg-tauola/job.dag: STATUS_SUBMITTED stats: [32mSTATUS_DONE[0m(41) [36mSTATUS_READY[0m(1)
INFO:__main__:/nfs_scratch/fmeng/tmpMzxVytLFVHETauAnalyzerMVA-T_t-channel_TuneZ2star_8TeV-powheg-tauola/job.dag: STATUS_SUBMITTED stats: [32mSTATUS_DONE[0m(41) [36mSTATUS_READY[0m(1)
INFO:__main__:/nfs_scratch/fmeng/tmpMzxVytLFVHETauAnalyzerMVA-T_t-channel_TuneZ2star_8TeV-powheg-tauola/job.dag: STATUS_SUBMITTED stats: [33mSTATUS_SUBMITTED[0m(1) [32mSTATUS_DONE[0m(41)
INFO:__main__:/nfs_scratch/fmeng/tmpMzxVytLFVHETauAnalyzerMVA-T_t-channel_TuneZ2star_8TeV-powheg-tauola/job.dag: STATUS_SUBMITTED stats: [33mSTATUS_SUBMITTED[0m(1) [32mSTATUS_DONE[0m(41)
INFO:__main__:/nfs_scratch/fmeng/tmpMzxVytLFVHETauAnalyzerMVA-T_t-channel_TuneZ2star_8TeV-powheg-tauola/job.dag: STATUS_SUBMITTED stats: [33mSTATUS_SUBMITTED[0m(1) [32mSTATUS_DONE[0m(41)
INFO:__main__:/nfs_scratch/fmeng/tmpMzxVytLFVHETauAnalyzerMVA-T_t-channel_TuneZ2star_8TeV-powheg-tauola/job.dag: STATUS_SUBMITTED stats: [33mSTATUS_SUBMITTED[0m(1) [32mSTATUS_DONE[0m(41)
INFO:__main__:/nfs_scratch/fmeng/tmpMzxVytLFVHETauAnalyzerMVA-T_t-channel_TuneZ2star_8TeV-powheg-tauola/job.dag: STATUS_SUBMITTED stats: [33mSTATUS_SUBMITTED[0m(1) [32mSTATUS_DONE[0m(41)
INFO:__main__:/nfs_scratch/fmeng/tmpMzxVytLFVHETauAnalyzerMVA-T_t-channel_TuneZ2star_8TeV-powheg-tauola/job.dag: STATUS_SUBMITTED stats: [33mSTATUS_SUBMITTED[0m(1) [32mSTATUS_DONE[0m(41)
INFO:__main__:/nfs_scratch/fmeng/tmpMzxVytLFVHETauAnalyzerMVA-T_t-channel_TuneZ2star_8TeV-powheg-tauola/job.dag: STATUS_SUBMITTED stats: [33mSTATUS_SUBMITTED[0m(1) [32mSTATUS_DONE[0m(41)
INFO:__main__:/nfs_scratch/fmeng/tmpMzxVytLFVHETauAnalyzerMVA-T_t-channel_TuneZ2star_8TeV-powheg-tauola/job.dag: STATUS_SUBMITTED stats: [33mSTATUS_SUBMITTED[0m(1) [32mSTATUS_DONE[0m(41)
INFO:__main__:/nfs_scratch/fmeng/tmpMzxVytLFVHETauAnalyzerMVA-T_t-channel_TuneZ2star_8TeV-powheg-tauola/job.dag: STATUS_SUBMITTED stats: [33mSTATUS_SUBMITTED[0m(1) [32mSTATUS_DONE[0m(41)
INFO:__main__:/nfs_scratch/fmeng/tmpMzxVytLFVHETauAnalyzerMVA-T_t-channel_TuneZ2star_8TeV-powheg-tauola/job.dag: STATUS_SUBMITTED stats: [33mSTATUS_SUBMITTED[0m(1) [32mSTATUS_DONE[0m(41)
INFO:__main__:/nfs_scratch/fmeng/tmpMzxVytLFVHETauAnalyzerMVA-T_t-channel_TuneZ2star_8TeV-powheg-tauola/job.dag: STATUS_SUBMITTED stats: [33mSTATUS_SUBMITTED[0m(1) [32mSTATUS_DONE[0m(41)
INFO:__main__:/nfs_scratch/fmeng/tmpMzxVytLFVHETauAnalyzerMVA-T_t-channel_TuneZ2star_8TeV-powheg-tauola/job.dag: STATUS_SUBMITTED stats: [33mSTATUS_SUBMITTED[0m(1) [32mSTATUS_DONE[0m(41)
INFO:__main__:/nfs_scratch/fmeng/tmpMzxVytLFVHETauAnalyzerMVA-T_t-channel_TuneZ2star_8TeV-powheg-tauola/job.dag: STATUS_SUBMITTED stats: [33mSTATUS_SUBMITTED[0m(1) [32mSTATUS_DONE[0m(41)
INFO:__main__:/nfs_scratch/fmeng/tmpMzxVytLFVHETauAnalyzerMVA-T_t-channel_TuneZ2star_8TeV-powheg-tauola/job.dag: STATUS_SUBMITTED stats: [33mSTATUS_SUBMITTED[0m(1) [32mSTATUS_DONE[0m(41)
INFO:__main__:/nfs_scratch/fmeng/tmpMzxVytLFVHETauAnalyzerMVA-T_t-channel_TuneZ2star_8TeV-powheg-tauola/job.dag: STATUS_SUBMITTED stats: [33mSTATUS_SUBMITTED[0m(1) [32mSTATUS_DONE[0m(41)
INFO:__main__:/nfs_scratch/fmeng/tmpMzxVytLFVHETauAnalyzerMVA-T_t-channel_TuneZ2star_8TeV-powheg-tauola/job.dag: STATUS_SUBMITTED stats: [33mSTATUS_SUBMITTED[0m(1) [32mSTATUS_DONE[0m(41)
INFO:__main__:/nfs_scratch/fmeng/tmpMzxVytLFVHETauAnalyzerMVA-T_t-channel_TuneZ2star_8TeV-powheg-tauola/job.dag: STATUS_SUBMITTED stats: [33mSTATUS_SUBMITTED[0m(1) [32mSTATUS_DONE[0m(41)
INFO:__main__:/nfs_scratch/fmeng/tmpMzxVytLFVHETauAnalyzerMVA-T_t-channel_TuneZ2star_8TeV-powheg-tauola/job.dag: STATUS_SUBMITTED stats: [33mSTATUS_SUBMITTED[0m(1) [32mSTATUS_DONE[0m(41)
INFO:__main__:/nfs_scratch/fmeng/tmpMzxVytLFVHETauAnalyzerMVA-T_t-channel_TuneZ2star_8TeV-powheg-tauola/job.dag: STATUS_SUBMITTED stats: [33mSTATUS_SUBMITTED[0m(1) [32mSTATUS_DONE[0m(41)
INFO:__main__:/nfs_scratch/fmeng/tmpMzxVytLFVHETauAnalyzerMVA-T_t-channel_TuneZ2star_8TeV-powheg-tauola/job.dag: STATUS_SUBMITTED stats: [33mSTATUS_SUBMITTED[0m(1) [32mSTATUS_DONE[0m(41)
INFO:__main__:/nfs_scratch/fmeng/tmpMzxVytLFVHETauAnalyzerMVA-T_t-channel_TuneZ2star_8TeV-powheg-tauola/job.dag: STATUS_SUBMITTED stats: [33mSTATUS_SUBMITTED[0m(1) [32mSTATUS_DONE[0m(41)
INFO:__main__:/nfs_scratch/fmeng/tmpMzxVytLFVHETauAnalyzerMVA-T_t-channel_TuneZ2star_8TeV-powheg-tauola/job.dag: STATUS_SUBMITTED stats: [33mSTATUS_SUBMITTED[0m(1) [32mSTATUS_DONE[0m(41)
INFO:__main__:/nfs_scratch/fmeng/tmpMzxVytLFVHETauAnalyzerMVA-T_t-channel_TuneZ2star_8TeV-powheg-tauola/job.dag: STATUS_SUBMITTED stats: [33mSTATUS_SUBMITTED[0m(1) [32mSTATUS_DONE[0m(41)
INFO:__main__:/nfs_scratch/fmeng/tmpMzxVytLFVHETauAnalyzerMVA-T_t-channel_TuneZ2star_8TeV-powheg-tauola/job.dag: STATUS_SUBMITTED stats: [33mSTATUS_SUBMITTED[0m(1) [32mSTATUS_DONE[0m(41)
INFO:__main__:/nfs_scratch/fmeng/tmpMzxVytLFVHETauAnalyzerMVA-T_t-channel_TuneZ2star_8TeV-powheg-tauola/job.dag: STATUS_SUBMITTED stats: [33mSTATUS_SUBMITTED[0m(1) [32mSTATUS_DONE[0m(41)
INFO:__main__:/nfs_scratch/fmeng/tmpMzxVytLFVHETauAnalyzerMVA-T_t-channel_TuneZ2star_8TeV-powheg-tauola/job.dag: STATUS_SUBMITTED stats: [33mSTATUS_SUBMITTED[0m(1) [32mSTATUS_DONE[0m(41)
INFO:__main__:/nfs_scratch/fmeng/tmpMzxVytLFVHETauAnalyzerMVA-T_t-channel_TuneZ2star_8TeV-powheg-tauola/job.dag: STATUS_SUBMITTED stats: [33mSTATUS_SUBMITTED[0m(1) [32mSTATUS_DONE[0m(41)
INFO:__main__:/nfs_scratch/fmeng/tmpMzxVytLFVHETauAnalyzerMVA-T_t-channel_TuneZ2star_8TeV-powheg-tauola/job.dag: STATUS_SUBMITTED stats: [33mSTATUS_SUBMITTED[0m(1) [32mSTATUS_DONE[0m(41)
INFO:__main__:/nfs_scratch/fmeng/tmpMzxVytLFVHETauAnalyzerMVA-T_t-channel_TuneZ2star_8TeV-powheg-tauola/job.dag: STATUS_SUBMITTED stats: [33mSTATUS_SUBMITTED[0m(1) [32mSTATUS_DONE[0m(41)
INFO:__main__:/nfs_scratch/fmeng/tmpMzxVytLFVHETauAnalyzerMVA-T_t-channel_TuneZ2star_8TeV-powheg-tauola/job.dag: STATUS_SUBMITTED stats: [33mSTATUS_SUBMITTED[0m(1) [32mSTATUS_DONE[0m(41)
INFO:__main__:/nfs_scratch/fmeng/tmpMzxVytLFVHETauAnalyzerMVA-T_t-channel_TuneZ2star_8TeV-powheg-tauola/job.dag: STATUS_SUBMITTED stats: [33mSTATUS_SUBMITTED[0m(1) [32mSTATUS_DONE[0m(41)
INFO:__main__:/nfs_scratch/fmeng/tmpMzxVytLFVHETauAnalyzerMVA-T_t-channel_TuneZ2star_8TeV-powheg-tauola/job.dag: STATUS_SUBMITTED stats: [33mSTATUS_SUBMITTED[0m(1) [32mSTATUS_DONE[0m(41)
INFO:__main__:/nfs_scratch/fmeng/tmpMzxVytLFVHETauAnalyzerMVA-T_t-channel_TuneZ2star_8TeV-powheg-tauola/job.dag: STATUS_SUBMITTED stats: [33mSTATUS_SUBMITTED[0m(1) [32mSTATUS_DONE[0m(41)
INFO:__main__:/nfs_scratch/fmeng/tmpMzxVytLFVHETauAnalyzerMVA-T_t-channel_TuneZ2star_8TeV-powheg-tauola/job.dag: STATUS_SUBMITTED stats: [33mSTATUS_SUBMITTED[0m(1) [32mSTATUS_DONE[0m(41)
INFO:__main__:/nfs_scratch/fmeng/tmpMzxVytLFVHETauAnalyzerMVA-T_t-channel_TuneZ2star_8TeV-powheg-tauola/job.dag: STATUS_SUBMITTED stats: [33mSTATUS_SUBMITTED[0m(1) [32mSTATUS_DONE[0m(41)
INFO:__main__:/nfs_scratch/fmeng/tmpMzxVytLFVHETauAnalyzerMVA-T_t-channel_TuneZ2star_8TeV-powheg-tauola/job.dag: STATUS_SUBMITTED stats: [33mSTATUS_SUBMITTED[0m(1) [32mSTATUS_DONE[0m(41)
INFO:__main__:/nfs_scratch/fmeng/tmpMzxVytLFVHETauAnalyzerMVA-T_t-channel_TuneZ2star_8TeV-powheg-tauola/job.dag: STATUS_SUBMITTED stats: [33mSTATUS_SUBMITTED[0m(1) [32mSTATUS_DONE[0m(41)
INFO:__main__:/nfs_scratch/fmeng/tmpMzxVytLFVHETauAnalyzerMVA-T_t-channel_TuneZ2star_8TeV-powheg-tauola/job.dag: STATUS_SUBMITTED stats: [33mSTATUS_SUBMITTED[0m(1) [32mSTATUS_DONE[0m(41)
INFO:__main__:/nfs_scratch/fmeng/tmpMzxVytLFVHETauAnalyzerMVA-T_t-channel_TuneZ2star_8TeV-powheg-tauola/job.dag: STATUS_SUBMITTED stats: [33mSTATUS_SUBMITTED[0m(1) [32mSTATUS_DONE[0m(41)
INFO:__main__:/nfs_scratch/fmeng/tmpMzxVytLFVHETauAnalyzerMVA-T_t-channel_TuneZ2star_8TeV-powheg-tauola/job.dag: STATUS_SUBMITTED stats: [33mSTATUS_SUBMITTED[0m(1) [32mSTATUS_DONE[0m(41)
INFO:__main__:/nfs_scratch/fmeng/tmpMzxVytLFVHETauAnalyzerMVA-T_t-channel_TuneZ2star_8TeV-powheg-tauola/job.dag: STATUS_SUBMITTED stats: [33mSTATUS_SUBMITTED[0m(1) [32mSTATUS_DONE[0m(41)
INFO:__main__:/nfs_scratch/fmeng/tmpMzxVytLFVHETauAnalyzerMVA-T_t-channel_TuneZ2star_8TeV-powheg-tauola/job.dag: STATUS_SUBMITTED stats: [33mSTATUS_SUBMITTED[0m(1) [32mSTATUS_DONE[0m(41)
INFO:__main__:/nfs_scratch/fmeng/tmpMzxVytLFVHETauAnalyzerMVA-T_t-channel_TuneZ2star_8TeV-powheg-tauola/job.dag: STATUS_SUBMITTED stats: [33mSTATUS_SUBMITTED[0m(1) [32mSTATUS_DONE[0m(41)
INFO:__main__:/nfs_scratch/fmeng/tmpMzxVytLFVHETauAnalyzerMVA-T_t-channel_TuneZ2star_8TeV-powheg-tauola/job.dag: STATUS_SUBMITTED stats: [33mSTATUS_SUBMITTED[0m(1) [32mSTATUS_DONE[0m(41)
INFO:__main__:/nfs_scratch/fmeng/tmpMzxVytLFVHETauAnalyzerMVA-T_t-channel_TuneZ2star_8TeV-powheg-tauola/job.dag: STATUS_SUBMITTED stats: [33mSTATUS_SUBMITTED[0m(1) [32mSTATUS_DONE[0m(41)
INFO:__main__:/nfs_scratch/fmeng/tmpMzxVytLFVHETauAnalyzerMVA-T_t-channel_TuneZ2star_8TeV-powheg-tauola/job.dag: STATUS_SUBMITTED stats: [33mSTATUS_SUBMITTED[0m(1) [32mSTATUS_DONE[0m(41)
INFO:__main__:/nfs_scratch/fmeng/tmpMzxVytLFVHETauAnalyzerMVA-T_t-channel_TuneZ2star_8TeV-powheg-tauola/job.dag: STATUS_SUBMITTED stats: [33mSTATUS_SUBMITTED[0m(1) [32mSTATUS_DONE[0m(41)
INFO:__main__:/nfs_scratch/fmeng/tmpMzxVytLFVHETauAnalyzerMVA-T_t-channel_TuneZ2star_8TeV-powheg-tauola/job.dag: STATUS_SUBMITTED stats: [33mSTATUS_SUBMITTED[0m(1) [32mSTATUS_DONE[0m(41)
INFO:__main__:/nfs_scratch/fmeng/tmpMzxVytLFVHETauAnalyzerMVA-T_t-channel_TuneZ2star_8TeV-powheg-tauola/job.dag: STATUS_SUBMITTED stats: [33mSTATUS_SUBMITTED[0m(1) [32mSTATUS_DONE[0m(41)
INFO:__main__:/nfs_scratch/fmeng/tmpMzxVytLFVHETauAnalyzerMVA-T_t-channel_TuneZ2star_8TeV-powheg-tauola/job.dag: STATUS_SUBMITTED stats: [33mSTATUS_SUBMITTED[0m(1) [32mSTATUS_DONE[0m(41)
INFO:__main__:/nfs_scratch/fmeng/tmpMzxVytLFVHETauAnalyzerMVA-T_t-channel_TuneZ2star_8TeV-powheg-tauola/job.dag: STATUS_SUBMITTED stats: [33mSTATUS_SUBMITTED[0m(1) [32mSTATUS_DONE[0m(41)
INFO:__main__:/nfs_scratch/fmeng/tmpMzxVytLFVHETauAnalyzerMVA-T_t-channel_TuneZ2star_8TeV-powheg-tauola/job.dag: STATUS_SUBMITTED stats: [33mSTATUS_SUBMITTED[0m(1) [32mSTATUS_DONE[0m(41)
INFO:__main__:/nfs_scratch/fmeng/tmpMzxVytLFVHETauAnalyzerMVA-T_t-channel_TuneZ2star_8TeV-powheg-tauola/job.dag: STATUS_SUBMITTED stats: [33mSTATUS_SUBMITTED[0m(1) [32mSTATUS_DONE[0m(41)
INFO:__main__:/nfs_scratch/fmeng/tmpMzxVytLFVHETauAnalyzerMVA-T_t-channel_TuneZ2star_8TeV-powheg-tauola/job.dag: STATUS_SUBMITTED stats: [33mSTATUS_SUBMITTED[0m(1) [32mSTATUS_DONE[0m(41)
INFO:__main__:/nfs_scratch/fmeng/tmpMzxVytLFVHETauAnalyzerMVA-T_t-channel_TuneZ2star_8TeV-powheg-tauola/job.dag: STATUS_SUBMITTED stats: [33mSTATUS_SUBMITTED[0m(1) [32mSTATUS_DONE[0m(41)
INFO:__main__:/nfs_scratch/fmeng/tmpMzxVytLFVHETauAnalyzerMVA-T_t-channel_TuneZ2star_8TeV-powheg-tauola/job.dag: STATUS_SUBMITTED stats: [33mSTATUS_SUBMITTED[0m(1) [32mSTATUS_DONE[0m(41)
INFO:__main__:/nfs_scratch/fmeng/tmpMzxVytLFVHETauAnalyzerMVA-T_t-channel_TuneZ2star_8TeV-powheg-tauola/job.dag: STATUS_SUBMITTED stats: [33mSTATUS_SUBMITTED[0m(1) [32mSTATUS_DONE[0m(41)
INFO:__main__:/nfs_scratch/fmeng/tmpMzxVytLFVHETauAnalyzerMVA-T_t-channel_TuneZ2star_8TeV-powheg-tauola/job.dag: STATUS_SUBMITTED stats: [33mSTATUS_SUBMITTED[0m(1) [32mSTATUS_DONE[0m(41)
INFO:__main__:/nfs_scratch/fmeng/tmpMzxVytLFVHETauAnalyzerMVA-T_t-channel_TuneZ2star_8TeV-powheg-tauola/job.dag: STATUS_SUBMITTED stats: [33mSTATUS_SUBMITTED[0m(1) [32mSTATUS_DONE[0m(41)
INFO:__main__:/nfs_scratch/fmeng/tmpMzxVytLFVHETauAnalyzerMVA-T_t-channel_TuneZ2star_8TeV-powheg-tauola/job.dag: STATUS_SUBMITTED stats: [33mSTATUS_SUBMITTED[0m(1) [32mSTATUS_DONE[0m(41)
INFO:__main__:/nfs_scratch/fmeng/tmpMzxVytLFVHETauAnalyzerMVA-T_t-channel_TuneZ2star_8TeV-powheg-tauola/job.dag: STATUS_SUBMITTED stats: [33mSTATUS_SUBMITTED[0m(1) [32mSTATUS_DONE[0m(41)
INFO:__main__:/nfs_scratch/fmeng/tmpMzxVytLFVHETauAnalyzerMVA-T_t-channel_TuneZ2star_8TeV-powheg-tauola/job.dag: STATUS_SUBMITTED stats: [33mSTATUS_SUBMITTED[0m(1) [32mSTATUS_DONE[0m(41)
INFO:__main__:/nfs_scratch/fmeng/tmpMzxVytLFVHETauAnalyzerMVA-T_t-channel_TuneZ2star_8TeV-powheg-tauola/job.dag: STATUS_SUBMITTED stats: [33mSTATUS_SUBMITTED[0m(1) [32mSTATUS_DONE[0m(41)
INFO:__main__:/nfs_scratch/fmeng/tmpMzxVytLFVHETauAnalyzerMVA-T_t-channel_TuneZ2star_8TeV-powheg-tauola/job.dag: STATUS_SUBMITTED stats: [33mSTATUS_SUBMITTED[0m(1) [32mSTATUS_DONE[0m(41)
INFO:__main__:/nfs_scratch/fmeng/tmpMzxVytLFVHETauAnalyzerMVA-T_t-channel_TuneZ2star_8TeV-powheg-tauola/job.dag: STATUS_SUBMITTED stats: [33mSTATUS_SUBMITTED[0m(1) [32mSTATUS_DONE[0m(41)
INFO:__main__:/nfs_scratch/fmeng/tmpMzxVytLFVHETauAnalyzerMVA-T_t-channel_TuneZ2star_8TeV-powheg-tauola/job.dag: STATUS_SUBMITTED stats: [33mSTATUS_SUBMITTED[0m(1) [32mSTATUS_DONE[0m(41)
INFO:__main__:/nfs_scratch/fmeng/tmpMzxVytLFVHETauAnalyzerMVA-T_t-channel_TuneZ2star_8TeV-powheg-tauola/job.dag: STATUS_SUBMITTED stats: [33mSTATUS_SUBMITTED[0m(1) [32mSTATUS_DONE[0m(41)
INFO:__main__:/nfs_scratch/fmeng/tmpMzxVytLFVHETauAnalyzerMVA-T_t-channel_TuneZ2star_8TeV-powheg-tauola/job.dag: STATUS_SUBMITTED stats: [33mSTATUS_SUBMITTED[0m(1) [32mSTATUS_DONE[0m(41)
INFO:__main__:/nfs_scratch/fmeng/tmpMzxVytLFVHETauAnalyzerMVA-T_t-channel_TuneZ2star_8TeV-powheg-tauola/job.dag: STATUS_SUBMITTED stats: [33mSTATUS_SUBMITTED[0m(1) [32mSTATUS_DONE[0m(41)
INFO:__main__:/nfs_scratch/fmeng/tmpMzxVytLFVHETauAnalyzerMVA-T_t-channel_TuneZ2star_8TeV-powheg-tauola/job.dag: STATUS_SUBMITTED stats: [33mSTATUS_SUBMITTED[0m(1) [32mSTATUS_DONE[0m(41)
INFO:__main__:/nfs_scratch/fmeng/tmpMzxVytLFVHETauAnalyzerMVA-T_t-channel_TuneZ2star_8TeV-powheg-tauola/job.dag: STATUS_SUBMITTED stats: [33mSTATUS_SUBMITTED[0m(1) [32mSTATUS_DONE[0m(41)
INFO:__main__:/nfs_scratch/fmeng/tmpMzxVytLFVHETauAnalyzerMVA-T_t-channel_TuneZ2star_8TeV-powheg-tauola/job.dag: STATUS_SUBMITTED stats: [33mSTATUS_SUBMITTED[0m(1) [32mSTATUS_DONE[0m(41)
INFO:__main__:/nfs_scratch/fmeng/tmpMzxVytLFVHETauAnalyzerMVA-T_t-channel_TuneZ2star_8TeV-powheg-tauola/job.dag: STATUS_SUBMITTED stats: [33mSTATUS_SUBMITTED[0m(1) [32mSTATUS_DONE[0m(41)
INFO:__main__:/nfs_scratch/fmeng/tmpMzxVytLFVHETauAnalyzerMVA-T_t-channel_TuneZ2star_8TeV-powheg-tauola/job.dag: STATUS_SUBMITTED stats: [33mSTATUS_SUBMITTED[0m(1) [32mSTATUS_DONE[0m(41)
INFO:__main__:/nfs_scratch/fmeng/tmpMzxVytLFVHETauAnalyzerMVA-T_t-channel_TuneZ2star_8TeV-powheg-tauola/job.dag: STATUS_SUBMITTED stats: [33mSTATUS_SUBMITTED[0m(1) [32mSTATUS_DONE[0m(41)
INFO:__main__:/nfs_scratch/fmeng/tmpMzxVytLFVHETauAnalyzerMVA-T_t-channel_TuneZ2star_8TeV-powheg-tauola/job.dag: STATUS_SUBMITTED stats: [33mSTATUS_SUBMITTED[0m(1) [32mSTATUS_DONE[0m(41)
INFO:__main__:/nfs_scratch/fmeng/tmpMzxVytLFVHETauAnalyzerMVA-T_t-channel_TuneZ2star_8TeV-powheg-tauola/job.dag: STATUS_SUBMITTED stats: [33mSTATUS_SUBMITTED[0m(1) [32mSTATUS_DONE[0m(41)
INFO:__main__:/nfs_scratch/fmeng/tmpMzxVytLFVHETauAnalyzerMVA-T_t-channel_TuneZ2star_8TeV-powheg-tauola/job.dag: STATUS_SUBMITTED stats: [33mSTATUS_SUBMITTED[0m(1) [32mSTATUS_DONE[0m(41)
INFO:__main__:/nfs_scratch/fmeng/tmpMzxVytLFVHETauAnalyzerMVA-T_t-channel_TuneZ2star_8TeV-powheg-tauola/job.dag: STATUS_SUBMITTED stats: [33mSTATUS_SUBMITTED[0m(1) [32mSTATUS_DONE[0m(41)
INFO:__main__:/nfs_scratch/fmeng/tmpMzxVytLFVHETauAnalyzerMVA-T_t-channel_TuneZ2star_8TeV-powheg-tauola/job.dag: STATUS_SUBMITTED stats: [33mSTATUS_SUBMITTED[0m(1) [32mSTATUS_DONE[0m(41)
INFO:__main__:/nfs_scratch/fmeng/tmpMzxVytLFVHETauAnalyzerMVA-T_t-channel_TuneZ2star_8TeV-powheg-tauola/job.dag: STATUS_SUBMITTED stats: [33mSTATUS_SUBMITTED[0m(1) [32mSTATUS_DONE[0m(41)
INFO:__main__:/nfs_scratch/fmeng/tmpMzxVytLFVHETauAnalyzerMVA-T_t-channel_TuneZ2star_8TeV-powheg-tauola/job.dag: STATUS_SUBMITTED stats: [33mSTATUS_SUBMITTED[0m(1) [32mSTATUS_DONE[0m(41)
INFO:__main__:/nfs_scratch/fmeng/tmpMzxVytLFVHETauAnalyzerMVA-T_t-channel_TuneZ2star_8TeV-powheg-tauola/job.dag: STATUS_SUBMITTED stats: [33mSTATUS_SUBMITTED[0m(1) [32mSTATUS_DONE[0m(41)
INFO:__main__:/nfs_scratch/fmeng/tmpMzxVytLFVHETauAnalyzerMVA-T_t-channel_TuneZ2star_8TeV-powheg-tauola/job.dag: STATUS_SUBMITTED stats: [33mSTATUS_SUBMITTED[0m(1) [32mSTATUS_DONE[0m(41)
INFO:__main__:/nfs_scratch/fmeng/tmpMzxVytLFVHETauAnalyzerMVA-T_t-channel_TuneZ2star_8TeV-powheg-tauola/job.dag: STATUS_SUBMITTED stats: [33mSTATUS_SUBMITTED[0m(1) [32mSTATUS_DONE[0m(41)
INFO:__main__:/nfs_scratch/fmeng/tmpMzxVytLFVHETauAnalyzerMVA-T_t-channel_TuneZ2star_8TeV-powheg-tauola/job.dag: STATUS_SUBMITTED stats: [33mSTATUS_SUBMITTED[0m(1) [32mSTATUS_DONE[0m(41)
INFO:__main__:/nfs_scratch/fmeng/tmpMzxVytLFVHETauAnalyzerMVA-T_t-channel_TuneZ2star_8TeV-powheg-tauola/job.dag: STATUS_SUBMITTED stats: [33mSTATUS_SUBMITTED[0m(1) [32mSTATUS_DONE[0m(41)
INFO:__main__:/nfs_scratch/fmeng/tmpMzxVytLFVHETauAnalyzerMVA-T_t-channel_TuneZ2star_8TeV-powheg-tauola/job.dag: STATUS_SUBMITTED stats: [33mSTATUS_SUBMITTED[0m(1) [32mSTATUS_DONE[0m(41)
INFO:__main__:/nfs_scratch/fmeng/tmpMzxVytLFVHETauAnalyzerMVA-T_t-channel_TuneZ2star_8TeV-powheg-tauola/job.dag: STATUS_SUBMITTED stats: [33mSTATUS_SUBMITTED[0m(1) [32mSTATUS_DONE[0m(41)
INFO:__main__:/nfs_scratch/fmeng/tmpMzxVytLFVHETauAnalyzerMVA-T_t-channel_TuneZ2star_8TeV-powheg-tauola/job.dag: STATUS_SUBMITTED stats: [33mSTATUS_SUBMITTED[0m(1) [32mSTATUS_DONE[0m(41)
INFO:__main__:/nfs_scratch/fmeng/tmpMzxVytLFVHETauAnalyzerMVA-T_t-channel_TuneZ2star_8TeV-powheg-tauola/job.dag: STATUS_SUBMITTED stats: [33mSTATUS_SUBMITTED[0m(1) [32mSTATUS_DONE[0m(41)
INFO:__main__:/nfs_scratch/fmeng/tmpMzxVytLFVHETauAnalyzerMVA-T_t-channel_TuneZ2star_8TeV-powheg-tauola/job.dag: STATUS_SUBMITTED stats: [33mSTATUS_SUBMITTED[0m(1) [32mSTATUS_DONE[0m(41)
INFO:__main__:/nfs_scratch/fmeng/tmpMzxVytLFVHETauAnalyzerMVA-T_t-channel_TuneZ2star_8TeV-powheg-tauola/job.dag: STATUS_SUBMITTED stats: [33mSTATUS_SUBMITTED[0m(1) [32mSTATUS_DONE[0m(41)
INFO:__main__:/nfs_scratch/fmeng/tmpMzxVytLFVHETauAnalyzerMVA-T_t-channel_TuneZ2star_8TeV-powheg-tauola/job.dag: STATUS_SUBMITTED stats: [33mSTATUS_SUBMITTED[0m(1) [32mSTATUS_DONE[0m(41)
INFO:__main__:/nfs_scratch/fmeng/tmpMzxVytLFVHETauAnalyzerMVA-T_t-channel_TuneZ2star_8TeV-powheg-tauola/job.dag: STATUS_SUBMITTED stats: [33mSTATUS_SUBMITTED[0m(1) [32mSTATUS_DONE[0m(41)
INFO:__main__:/nfs_scratch/fmeng/tmpMzxVytLFVHETauAnalyzerMVA-T_t-channel_TuneZ2star_8TeV-powheg-tauola/job.dag: STATUS_SUBMITTED stats: [33mSTATUS_SUBMITTED[0m(1) [32mSTATUS_DONE[0m(41)
INFO:__main__:/nfs_scratch/fmeng/tmpMzxVytLFVHETauAnalyzerMVA-T_t-channel_TuneZ2star_8TeV-powheg-tauola/job.dag: STATUS_SUBMITTED stats: [33mSTATUS_SUBMITTED[0m(1) [32mSTATUS_DONE[0m(41)
INFO:__main__:/nfs_scratch/fmeng/tmpMzxVytLFVHETauAnalyzerMVA-T_t-channel_TuneZ2star_8TeV-powheg-tauola/job.dag: STATUS_SUBMITTED stats: [33mSTATUS_SUBMITTED[0m(1) [32mSTATUS_DONE[0m(41)
INFO:__main__:/nfs_scratch/fmeng/tmpMzxVytLFVHETauAnalyzerMVA-T_t-channel_TuneZ2star_8TeV-powheg-tauola/job.dag: STATUS_SUBMITTED stats: [33mSTATUS_SUBMITTED[0m(1) [32mSTATUS_DONE[0m(41)
INFO:__main__:/nfs_scratch/fmeng/tmpMzxVytLFVHETauAnalyzerMVA-T_t-channel_TuneZ2star_8TeV-powheg-tauola/job.dag: STATUS_SUBMITTED stats: [33mSTATUS_SUBMITTED[0m(1) [32mSTATUS_DONE[0m(41)
INFO:__main__:/nfs_scratch/fmeng/tmpMzxVytLFVHETauAnalyzerMVA-T_t-channel_TuneZ2star_8TeV-powheg-tauola/job.dag: STATUS_SUBMITTED stats: [33mSTATUS_SUBMITTED[0m(1) [32mSTATUS_DONE[0m(41)
INFO:__main__:/nfs_scratch/fmeng/tmpMzxVytLFVHETauAnalyzerMVA-T_t-channel_TuneZ2star_8TeV-powheg-tauola/job.dag: STATUS_SUBMITTED stats: [33mSTATUS_SUBMITTED[0m(1) [32mSTATUS_DONE[0m(41)
INFO:__main__:/nfs_scratch/fmeng/tmpMzxVytLFVHETauAnalyzerMVA-T_t-channel_TuneZ2star_8TeV-powheg-tauola/job.dag: STATUS_SUBMITTED stats: [33mSTATUS_SUBMITTED[0m(1) [32mSTATUS_DONE[0m(41)
INFO:__main__:/nfs_scratch/fmeng/tmpMzxVytLFVHETauAnalyzerMVA-T_t-channel_TuneZ2star_8TeV-powheg-tauola/job.dag: STATUS_SUBMITTED stats: [33mSTATUS_SUBMITTED[0m(1) [32mSTATUS_DONE[0m(41)
INFO:__main__:/nfs_scratch/fmeng/tmpMzxVytLFVHETauAnalyzerMVA-T_t-channel_TuneZ2star_8TeV-powheg-tauola/job.dag: STATUS_SUBMITTED stats: [33mSTATUS_SUBMITTED[0m(1) [32mSTATUS_DONE[0m(41)
INFO:__main__:/nfs_scratch/fmeng/tmpMzxVytLFVHETauAnalyzerMVA-T_t-channel_TuneZ2star_8TeV-powheg-tauola/job.dag: STATUS_SUBMITTED stats: [33mSTATUS_SUBMITTED[0m(1) [32mSTATUS_DONE[0m(41)
INFO:__main__:/nfs_scratch/fmeng/tmpMzxVytLFVHETauAnalyzerMVA-T_t-channel_TuneZ2star_8TeV-powheg-tauola/job.dag: STATUS_SUBMITTED stats: [33mSTATUS_SUBMITTED[0m(1) [32mSTATUS_DONE[0m(41)
INFO:__main__:/nfs_scratch/fmeng/tmpMzxVytLFVHETauAnalyzerMVA-T_t-channel_TuneZ2star_8TeV-powheg-tauola/job.dag: STATUS_SUBMITTED stats: [33mSTATUS_SUBMITTED[0m(1) [32mSTATUS_DONE[0m(41)
INFO:__main__:/nfs_scratch/fmeng/tmpMzxVytLFVHETauAnalyzerMVA-T_t-channel_TuneZ2star_8TeV-powheg-tauola/job.dag: STATUS_SUBMITTED stats: [33mSTATUS_SUBMITTED[0m(1) [32mSTATUS_DONE[0m(41)
INFO:__main__:/nfs_scratch/fmeng/tmpMzxVytLFVHETauAnalyzerMVA-T_t-channel_TuneZ2star_8TeV-powheg-tauola/job.dag: STATUS_SUBMITTED stats: [33mSTATUS_SUBMITTED[0m(1) [32mSTATUS_DONE[0m(41)
INFO:__main__:/nfs_scratch/fmeng/tmpMzxVytLFVHETauAnalyzerMVA-T_t-channel_TuneZ2star_8TeV-powheg-tauola/job.dag: STATUS_SUBMITTED stats: [33mSTATUS_SUBMITTED[0m(1) [32mSTATUS_DONE[0m(41)
INFO:__main__:/nfs_scratch/fmeng/tmpMzxVytLFVHETauAnalyzerMVA-T_t-channel_TuneZ2star_8TeV-powheg-tauola/job.dag: STATUS_SUBMITTED stats: [33mSTATUS_SUBMITTED[0m(1) [32mSTATUS_DONE[0m(41)
INFO:__main__:/nfs_scratch/fmeng/tmpMzxVytLFVHETauAnalyzerMVA-T_t-channel_TuneZ2star_8TeV-powheg-tauola/job.dag: STATUS_SUBMITTED stats: [33mSTATUS_SUBMITTED[0m(1) [32mSTATUS_DONE[0m(41)
INFO:__main__:/nfs_scratch/fmeng/tmpMzxVytLFVHETauAnalyzerMVA-T_t-channel_TuneZ2star_8TeV-powheg-tauola/job.dag: STATUS_SUBMITTED stats: [33mSTATUS_SUBMITTED[0m(1) [32mSTATUS_DONE[0m(41)
INFO:__main__:/nfs_scratch/fmeng/tmpMzxVytLFVHETauAnalyzerMVA-T_t-channel_TuneZ2star_8TeV-powheg-tauola/job.dag: STATUS_SUBMITTED stats: [33mSTATUS_SUBMITTED[0m(1) [32mSTATUS_DONE[0m(41)
INFO:__main__:/nfs_scratch/fmeng/tmpMzxVytLFVHETauAnalyzerMVA-T_t-channel_TuneZ2star_8TeV-powheg-tauola/job.dag: STATUS_SUBMITTED stats: [33mSTATUS_SUBMITTED[0m(1) [32mSTATUS_DONE[0m(41)
INFO:__main__:/nfs_scratch/fmeng/tmpMzxVytLFVHETauAnalyzerMVA-T_t-channel_TuneZ2star_8TeV-powheg-tauola/job.dag: STATUS_SUBMITTED stats: [33mSTATUS_SUBMITTED[0m(1) [32mSTATUS_DONE[0m(41)
INFO:__main__:/nfs_scratch/fmeng/tmpMzxVytLFVHETauAnalyzerMVA-T_t-channel_TuneZ2star_8TeV-powheg-tauola/job.dag: STATUS_SUBMITTED stats: [33mSTATUS_SUBMITTED[0m(1) [32mSTATUS_DONE[0m(41)
INFO:__main__:/nfs_scratch/fmeng/tmpMzxVytLFVHETauAnalyzerMVA-T_t-channel_TuneZ2star_8TeV-powheg-tauola/job.dag: STATUS_SUBMITTED stats: [33mSTATUS_SUBMITTED[0m(1) [32mSTATUS_DONE[0m(41)
INFO:__main__:/nfs_scratch/fmeng/tmpMzxVytLFVHETauAnalyzerMVA-T_t-channel_TuneZ2star_8TeV-powheg-tauola/job.dag: STATUS_SUBMITTED stats: [33mSTATUS_SUBMITTED[0m(1) [32mSTATUS_DONE[0m(41)
INFO:__main__:/nfs_scratch/fmeng/tmpMzxVytLFVHETauAnalyzerMVA-T_t-channel_TuneZ2star_8TeV-powheg-tauola/job.dag: STATUS_SUBMITTED stats: [33mSTATUS_SUBMITTED[0m(1) [32mSTATUS_DONE[0m(41)
INFO:__main__:/nfs_scratch/fmeng/tmpMzxVytLFVHETauAnalyzerMVA-T_t-channel_TuneZ2star_8TeV-powheg-tauola/job.dag: STATUS_SUBMITTED stats: [33mSTATUS_SUBMITTED[0m(1) [32mSTATUS_DONE[0m(41)
INFO:__main__:/nfs_scratch/fmeng/tmpMzxVytLFVHETauAnalyzerMVA-T_t-channel_TuneZ2star_8TeV-powheg-tauola/job.dag: STATUS_SUBMITTED stats: [33mSTATUS_SUBMITTED[0m(1) [32mSTATUS_DONE[0m(41)
INFO:__main__:/nfs_scratch/fmeng/tmpMzxVytLFVHETauAnalyzerMVA-T_t-channel_TuneZ2star_8TeV-powheg-tauola/job.dag: STATUS_SUBMITTED stats: [33mSTATUS_SUBMITTED[0m(1) [32mSTATUS_DONE[0m(41)
INFO:__main__:/nfs_scratch/fmeng/tmpMzxVytLFVHETauAnalyzerMVA-T_t-channel_TuneZ2star_8TeV-powheg-tauola/job.dag: STATUS_SUBMITTED stats: [33mSTATUS_SUBMITTED[0m(1) [32mSTATUS_DONE[0m(41)
INFO:__main__:/nfs_scratch/fmeng/tmpMzxVytLFVHETauAnalyzerMVA-T_t-channel_TuneZ2star_8TeV-powheg-tauola/job.dag: STATUS_SUBMITTED stats: [33mSTATUS_SUBMITTED[0m(1) [32mSTATUS_DONE[0m(41)
INFO:__main__:/nfs_scratch/fmeng/tmpMzxVytLFVHETauAnalyzerMVA-T_t-channel_TuneZ2star_8TeV-powheg-tauola/job.dag: STATUS_SUBMITTED stats: [33mSTATUS_SUBMITTED[0m(1) [32mSTATUS_DONE[0m(41)
INFO:__main__:/nfs_scratch/fmeng/tmpMzxVytLFVHETauAnalyzerMVA-T_t-channel_TuneZ2star_8TeV-powheg-tauola/job.dag: STATUS_SUBMITTED stats: [33mSTATUS_SUBMITTED[0m(1) [32mSTATUS_DONE[0m(41)
INFO:__main__:/nfs_scratch/fmeng/tmpMzxVytLFVHETauAnalyzerMVA-T_t-channel_TuneZ2star_8TeV-powheg-tauola/job.dag: STATUS_DONE stats: [32mSTATUS_DONE[0m(42)
INFO:__main__:Copying final output /hdfs/store/user/fmeng/MegaJob_tmpMzxVytLFVHETauAnalyzerMVA-T_t-channel_TuneZ2star_8TeV-powheg-tauola//mergeFilesJob-mergeFilesJob-mega-batch-make_ntuples_cfg-patTuple_cfg-B8BEC2AE-D7DE-E111-86D3-20CF305B057A.root => results/newNtuple_5Nov/LFVHETauAnalyzerMVA/T_t-channel_TuneZ2star_8TeV-powheg-tauola.root
INFO:__main__:[32m/nfs_scratch/fmeng/tmpMzxVytLFVHETauAnalyzerMVA-T_t-channel_TuneZ2star_8TeV-powheg-tauola/job.dag: job complete.[0m
