INFO:__main__:Processing inputs/newNtuple_5Nov/WWJets.txt using LFVHETauAnalyzerMVA.py, the output file will be results/newNtuple_5Nov/LFVHETauAnalyzerMVA/WWJets.root
INFO:__main__:Generating submit scripts in /nfs_scratch/fmeng/tmpxBca0CLFVHETauAnalyzerMVA-WWJets
INFO:FinalStateAnalysis.PlotTools.MegaPath:Checking inputs file inputs/newNtuple_5Nov/WWJets.txt exists...
INFO:__main__:Running over 883 files in 89 jobs
Generating submit files in /nfs_scratch/fmeng/tmpxBca0CLFVHETauAnalyzerMVA-WWJets/analyze...
.........................................................................................
Submit DAG file /nfs_scratch/fmeng/tmpxBca0CLFVHETauAnalyzerMVA-WWJets/job.dag has been created but not submitted.
Jobs for Analyze are created in /nfs_scratch/fmeng/tmpxBca0CLFVHETauAnalyzerMVA-WWJets/analyze
Using HADD method to merge files
Increasing vsize limit from 3000 MB to 6000 MB
LCG_GFAL_INFOSYS is not set
Using grid catalog type: UNKNOWN
Using grid catalog : (null)
VO name: cms
Checksum type: None
Destination SE type: SRMv2
Destination SRM Request Token: put:2336473
Source URL: file:/nfs_scratch/fmeng/tmpxBca0CLFVHETauAnalyzerMVA-WWJets/MergeLayer0/user_code.tgz
File size: 117640606
Source URL for copy: file:/nfs_scratch/fmeng/tmpxBca0CLFVHETauAnalyzerMVA-WWJets/MergeLayer0/user_code.tgz
Destination URL: gsiftp://g24n04.hep.wisc.edu//hdfs/HighReplicaCondorUserFiles/nfs_scratch/fmeng/tmpxBca0CLFVHETauAnalyzerMVA-WWJets/MergeLayer0/user_code.tgz
# streams: 1
            0 bytes      0.00 KB/sec avg      0.00 KB/sec inst            0 bytes      0.00 KB/sec avg      0.00 KB/sec inst            0 bytes      0.00 KB/sec avg      0.00 KB/sec inst            0 bytes      0.00 KB/sec avg      0.00 KB/sec inst      1048576 bytes    310.57 KB/sec avg    310.57 KB/sec inst     66060288 bytes  15012.76 KB/sec avg  63488.00 KB/sec inst    117640606 bytes  21285.96 KB/sec avg  45792.18 KB/sec inst
Transfer took 6420 ms
Generating submit files in /nfs_scratch/fmeng/tmpxBca0CLFVHETauAnalyzerMVA-WWJets/MergeLayer0...
.........
Submit DAG file /nfs_scratch/fmeng/tmpxBca0CLFVHETauAnalyzerMVA-WWJets/job.dag has been created but not submitted.
Jobs for MergeLayer0 are created in /nfs_scratch/fmeng/tmpxBca0CLFVHETauAnalyzerMVA-WWJets/MergeLayer0
Using HADD method to merge files
Increasing vsize limit from 3000 MB to 6000 MB
LCG_GFAL_INFOSYS is not set
Using grid catalog type: UNKNOWN
Using grid catalog : (null)
VO name: cms
Checksum type: None
Destination SE type: SRMv2
Destination SRM Request Token: put:2336647
Source URL: file:/nfs_scratch/fmeng/tmpxBca0CLFVHETauAnalyzerMVA-WWJets/FinalMerged/user_code.tgz
File size: 117640606
Source URL for copy: file:/nfs_scratch/fmeng/tmpxBca0CLFVHETauAnalyzerMVA-WWJets/FinalMerged/user_code.tgz
Destination URL: gsiftp://g19n14.hep.wisc.edu//hdfs/HighReplicaCondorUserFiles/nfs_scratch/fmeng/tmpxBca0CLFVHETauAnalyzerMVA-WWJets/FinalMerged/user_code.tgz
# streams: 1
            0 bytes      0.00 KB/sec avg      0.00 KB/sec inst            0 bytes      0.00 KB/sec avg      0.00 KB/sec inst            0 bytes      0.00 KB/sec avg      0.00 KB/sec inst      1048576 bytes    381.67 KB/sec avg    381.67 KB/sec inst     13631488 bytes   3614.48 KB/sec avg  12288.00 KB/sec inst     28311552 bytes   5780.51 KB/sec avg  13032.73 KB/sec inst     51380224 bytes   8676.51 KB/sec avg  22528.00 KB/sec inst     87031808 bytes  12530.21 KB/sec avg  34816.00 KB/sec inst     87031808 bytes  12530.21 KB/sec avg  34816.00 KB/sec inst
Transfer took 8330 ms
Generating submit files in /nfs_scratch/fmeng/tmpxBca0CLFVHETauAnalyzerMVA-WWJets/FinalMerged...
.
Submitting job(s).
1 job(s) submitted to cluster 2427318.

-----------------------------------------------------------------------
File for submitting this DAG to Condor           : /nfs_scratch/fmeng/tmpxBca0CLFVHETauAnalyzerMVA-WWJets/job.dag.wrapper.condor.sub
Log of DAGMan debugging messages                 : /nfs_scratch/fmeng/tmpxBca0CLFVHETauAnalyzerMVA-WWJets/job.dag.wrapper.dagman.out
Log of Condor library output                     : /nfs_scratch/fmeng/tmpxBca0CLFVHETauAnalyzerMVA-WWJets/job.dag.wrapper.lib.out
Log of Condor library error messages             : /nfs_scratch/fmeng/tmpxBca0CLFVHETauAnalyzerMVA-WWJets/job.dag.wrapper.lib.err
Log of the life of condor_dagman itself          : /nfs_scratch/fmeng/tmpxBca0CLFVHETauAnalyzerMVA-WWJets/job.dag.wrapper.dagman.log

-----------------------------------------------------------------------
You can monitor your workflow's progess by watching /nfs_scratch/fmeng/tmpxBca0CLFVHETauAnalyzerMVA-WWJets/job.dag.dagman.out
A summary of the status of all of the jobs in your workflow will be
written to the following file every 60 seconds:
  /nfs_scratch/fmeng/tmpxBca0CLFVHETauAnalyzerMVA-WWJets/job.dag.status

Your jobs should show up in ~6 minutes
at the NEW job monitoring web page :
    http://www.hep.wisc.edu/cms/comp/jobs/
Jobs for FinalMerged are created in /nfs_scratch/fmeng/tmpxBca0CLFVHETauAnalyzerMVA-WWJets/FinalMerged
INFO:__main__:Waiting for job to complete
INFO:__main__:/nfs_scratch/fmeng/tmpxBca0CLFVHETauAnalyzerMVA-WWJets/job.dag: UNKNOWN stats: [30mUNKNOWN[0m(99)
INFO:__main__:/nfs_scratch/fmeng/tmpxBca0CLFVHETauAnalyzerMVA-WWJets/job.dag: UNKNOWN stats: [30mUNKNOWN[0m(99)
INFO:__main__:/nfs_scratch/fmeng/tmpxBca0CLFVHETauAnalyzerMVA-WWJets/job.dag: UNKNOWN stats: [30mUNKNOWN[0m(99)
INFO:__main__:/nfs_scratch/fmeng/tmpxBca0CLFVHETauAnalyzerMVA-WWJets/job.dag: UNKNOWN stats: [30mUNKNOWN[0m(99)
INFO:__main__:/nfs_scratch/fmeng/tmpxBca0CLFVHETauAnalyzerMVA-WWJets/job.dag: UNKNOWN stats: [30mUNKNOWN[0m(99)
INFO:__main__:/nfs_scratch/fmeng/tmpxBca0CLFVHETauAnalyzerMVA-WWJets/job.dag: UNKNOWN stats: [30mUNKNOWN[0m(99)
INFO:__main__:/nfs_scratch/fmeng/tmpxBca0CLFVHETauAnalyzerMVA-WWJets/job.dag: UNKNOWN stats: [30mUNKNOWN[0m(99)
INFO:__main__:/nfs_scratch/fmeng/tmpxBca0CLFVHETauAnalyzerMVA-WWJets/job.dag: UNKNOWN stats: [30mUNKNOWN[0m(99)
INFO:__main__:/nfs_scratch/fmeng/tmpxBca0CLFVHETauAnalyzerMVA-WWJets/job.dag: UNKNOWN stats: [30mUNKNOWN[0m(99)
INFO:__main__:/nfs_scratch/fmeng/tmpxBca0CLFVHETauAnalyzerMVA-WWJets/job.dag: UNKNOWN stats: [30mUNKNOWN[0m(99)
INFO:__main__:/nfs_scratch/fmeng/tmpxBca0CLFVHETauAnalyzerMVA-WWJets/job.dag: STATUS_SUBMITTED stats: [33mSTATUS_SUBMITTED[0m(15) [34mSTATUS_UNREADY[0m(10) [36mSTATUS_READY[0m(74)
INFO:__main__:/nfs_scratch/fmeng/tmpxBca0CLFVHETauAnalyzerMVA-WWJets/job.dag: STATUS_SUBMITTED stats: [33mSTATUS_SUBMITTED[0m(15) [34mSTATUS_UNREADY[0m(10) [36mSTATUS_READY[0m(74)
INFO:__main__:/nfs_scratch/fmeng/tmpxBca0CLFVHETauAnalyzerMVA-WWJets/job.dag: STATUS_SUBMITTED stats: [33mSTATUS_SUBMITTED[0m(15) [34mSTATUS_UNREADY[0m(10) [36mSTATUS_READY[0m(74)
INFO:__main__:/nfs_scratch/fmeng/tmpxBca0CLFVHETauAnalyzerMVA-WWJets/job.dag: STATUS_SUBMITTED stats: [33mSTATUS_SUBMITTED[0m(15) [34mSTATUS_UNREADY[0m(10) [36mSTATUS_READY[0m(74)
INFO:__main__:/nfs_scratch/fmeng/tmpxBca0CLFVHETauAnalyzerMVA-WWJets/job.dag: STATUS_SUBMITTED stats: [33mSTATUS_SUBMITTED[0m(15) [34mSTATUS_UNREADY[0m(10) [36mSTATUS_READY[0m(74)
INFO:__main__:/nfs_scratch/fmeng/tmpxBca0CLFVHETauAnalyzerMVA-WWJets/job.dag: STATUS_SUBMITTED stats: [33mSTATUS_SUBMITTED[0m(15) [34mSTATUS_UNREADY[0m(10) [36mSTATUS_READY[0m(74)
INFO:__main__:/nfs_scratch/fmeng/tmpxBca0CLFVHETauAnalyzerMVA-WWJets/job.dag: STATUS_SUBMITTED stats: [33mSTATUS_SUBMITTED[0m(15) [34mSTATUS_UNREADY[0m(10) [36mSTATUS_READY[0m(74)
INFO:__main__:/nfs_scratch/fmeng/tmpxBca0CLFVHETauAnalyzerMVA-WWJets/job.dag: STATUS_SUBMITTED stats: [33mSTATUS_SUBMITTED[0m(15) [34mSTATUS_UNREADY[0m(10) [36mSTATUS_READY[0m(74)
INFO:__main__:/nfs_scratch/fmeng/tmpxBca0CLFVHETauAnalyzerMVA-WWJets/job.dag: STATUS_SUBMITTED stats: [33mSTATUS_SUBMITTED[0m(15) [34mSTATUS_UNREADY[0m(10) [36mSTATUS_READY[0m(74)
INFO:__main__:/nfs_scratch/fmeng/tmpxBca0CLFVHETauAnalyzerMVA-WWJets/job.dag: STATUS_SUBMITTED stats: [33mSTATUS_SUBMITTED[0m(30) [34mSTATUS_UNREADY[0m(10) [36mSTATUS_READY[0m(59)
INFO:__main__:/nfs_scratch/fmeng/tmpxBca0CLFVHETauAnalyzerMVA-WWJets/job.dag: STATUS_SUBMITTED stats: [33mSTATUS_SUBMITTED[0m(30) [34mSTATUS_UNREADY[0m(10) [36mSTATUS_READY[0m(59)
INFO:__main__:/nfs_scratch/fmeng/tmpxBca0CLFVHETauAnalyzerMVA-WWJets/job.dag: STATUS_SUBMITTED stats: [33mSTATUS_SUBMITTED[0m(30) [34mSTATUS_UNREADY[0m(10) [36mSTATUS_READY[0m(59)
INFO:__main__:/nfs_scratch/fmeng/tmpxBca0CLFVHETauAnalyzerMVA-WWJets/job.dag: STATUS_SUBMITTED stats: [33mSTATUS_SUBMITTED[0m(30) [34mSTATUS_UNREADY[0m(10) [36mSTATUS_READY[0m(59)
INFO:__main__:/nfs_scratch/fmeng/tmpxBca0CLFVHETauAnalyzerMVA-WWJets/job.dag: STATUS_SUBMITTED stats: [33mSTATUS_SUBMITTED[0m(30) [34mSTATUS_UNREADY[0m(10) [36mSTATUS_READY[0m(59)
INFO:__main__:/nfs_scratch/fmeng/tmpxBca0CLFVHETauAnalyzerMVA-WWJets/job.dag: STATUS_SUBMITTED stats: [33mSTATUS_SUBMITTED[0m(30) [34mSTATUS_UNREADY[0m(10) [36mSTATUS_READY[0m(59)
INFO:__main__:/nfs_scratch/fmeng/tmpxBca0CLFVHETauAnalyzerMVA-WWJets/job.dag: STATUS_SUBMITTED stats: [33mSTATUS_SUBMITTED[0m(30) [34mSTATUS_UNREADY[0m(10) [36mSTATUS_READY[0m(59)
INFO:__main__:/nfs_scratch/fmeng/tmpxBca0CLFVHETauAnalyzerMVA-WWJets/job.dag: STATUS_SUBMITTED stats: [33mSTATUS_SUBMITTED[0m(30) [34mSTATUS_UNREADY[0m(10) [36mSTATUS_READY[0m(59)
INFO:__main__:/nfs_scratch/fmeng/tmpxBca0CLFVHETauAnalyzerMVA-WWJets/job.dag: STATUS_SUBMITTED stats: [33mSTATUS_SUBMITTED[0m(30) [34mSTATUS_UNREADY[0m(10) [36mSTATUS_READY[0m(59)
INFO:__main__:/nfs_scratch/fmeng/tmpxBca0CLFVHETauAnalyzerMVA-WWJets/job.dag: STATUS_SUBMITTED stats: [33mSTATUS_SUBMITTED[0m(30) [34mSTATUS_UNREADY[0m(10) [36mSTATUS_READY[0m(59)
INFO:__main__:/nfs_scratch/fmeng/tmpxBca0CLFVHETauAnalyzerMVA-WWJets/job.dag: STATUS_SUBMITTED stats: [33mSTATUS_SUBMITTED[0m(45) [34mSTATUS_UNREADY[0m(10) [36mSTATUS_READY[0m(44)
INFO:__main__:/nfs_scratch/fmeng/tmpxBca0CLFVHETauAnalyzerMVA-WWJets/job.dag: STATUS_SUBMITTED stats: [33mSTATUS_SUBMITTED[0m(45) [34mSTATUS_UNREADY[0m(10) [36mSTATUS_READY[0m(44)
INFO:__main__:/nfs_scratch/fmeng/tmpxBca0CLFVHETauAnalyzerMVA-WWJets/job.dag: STATUS_SUBMITTED stats: [33mSTATUS_SUBMITTED[0m(45) [34mSTATUS_UNREADY[0m(10) [36mSTATUS_READY[0m(44)
INFO:__main__:/nfs_scratch/fmeng/tmpxBca0CLFVHETauAnalyzerMVA-WWJets/job.dag: STATUS_SUBMITTED stats: [33mSTATUS_SUBMITTED[0m(45) [34mSTATUS_UNREADY[0m(10) [36mSTATUS_READY[0m(44)
INFO:__main__:/nfs_scratch/fmeng/tmpxBca0CLFVHETauAnalyzerMVA-WWJets/job.dag: STATUS_SUBMITTED stats: [33mSTATUS_SUBMITTED[0m(45) [34mSTATUS_UNREADY[0m(10) [36mSTATUS_READY[0m(44)
INFO:__main__:/nfs_scratch/fmeng/tmpxBca0CLFVHETauAnalyzerMVA-WWJets/job.dag: STATUS_SUBMITTED stats: [33mSTATUS_SUBMITTED[0m(45) [34mSTATUS_UNREADY[0m(10) [36mSTATUS_READY[0m(44)
INFO:__main__:/nfs_scratch/fmeng/tmpxBca0CLFVHETauAnalyzerMVA-WWJets/job.dag: STATUS_SUBMITTED stats: [33mSTATUS_SUBMITTED[0m(45) [34mSTATUS_UNREADY[0m(10) [36mSTATUS_READY[0m(44)
INFO:__main__:/nfs_scratch/fmeng/tmpxBca0CLFVHETauAnalyzerMVA-WWJets/job.dag: STATUS_SUBMITTED stats: [33mSTATUS_SUBMITTED[0m(45) [34mSTATUS_UNREADY[0m(10) [36mSTATUS_READY[0m(44)
INFO:__main__:/nfs_scratch/fmeng/tmpxBca0CLFVHETauAnalyzerMVA-WWJets/job.dag: STATUS_SUBMITTED stats: [33mSTATUS_SUBMITTED[0m(45) [34mSTATUS_UNREADY[0m(10) [36mSTATUS_READY[0m(44)
INFO:__main__:/nfs_scratch/fmeng/tmpxBca0CLFVHETauAnalyzerMVA-WWJets/job.dag: STATUS_SUBMITTED stats: [33mSTATUS_SUBMITTED[0m(45) [34mSTATUS_UNREADY[0m(10) [36mSTATUS_READY[0m(44)
INFO:__main__:/nfs_scratch/fmeng/tmpxBca0CLFVHETauAnalyzerMVA-WWJets/job.dag: STATUS_SUBMITTED stats: [33mSTATUS_SUBMITTED[0m(45) [34mSTATUS_UNREADY[0m(10) [36mSTATUS_READY[0m(44)
INFO:__main__:/nfs_scratch/fmeng/tmpxBca0CLFVHETauAnalyzerMVA-WWJets/job.dag: STATUS_SUBMITTED stats: [33mSTATUS_SUBMITTED[0m(45) [34mSTATUS_UNREADY[0m(10) [36mSTATUS_READY[0m(44)
INFO:__main__:/nfs_scratch/fmeng/tmpxBca0CLFVHETauAnalyzerMVA-WWJets/job.dag: STATUS_SUBMITTED stats: [33mSTATUS_SUBMITTED[0m(45) [34mSTATUS_UNREADY[0m(10) [36mSTATUS_READY[0m(44)
INFO:__main__:/nfs_scratch/fmeng/tmpxBca0CLFVHETauAnalyzerMVA-WWJets/job.dag: STATUS_SUBMITTED stats: [33mSTATUS_SUBMITTED[0m(60) [34mSTATUS_UNREADY[0m(10) [36mSTATUS_READY[0m(29)
INFO:__main__:/nfs_scratch/fmeng/tmpxBca0CLFVHETauAnalyzerMVA-WWJets/job.dag: STATUS_SUBMITTED stats: [33mSTATUS_SUBMITTED[0m(60) [34mSTATUS_UNREADY[0m(10) [36mSTATUS_READY[0m(29)
INFO:__main__:/nfs_scratch/fmeng/tmpxBca0CLFVHETauAnalyzerMVA-WWJets/job.dag: STATUS_SUBMITTED stats: [33mSTATUS_SUBMITTED[0m(60) [34mSTATUS_UNREADY[0m(10) [36mSTATUS_READY[0m(29)
INFO:__main__:/nfs_scratch/fmeng/tmpxBca0CLFVHETauAnalyzerMVA-WWJets/job.dag: STATUS_SUBMITTED stats: [33mSTATUS_SUBMITTED[0m(60) [34mSTATUS_UNREADY[0m(10) [36mSTATUS_READY[0m(29)
INFO:__main__:/nfs_scratch/fmeng/tmpxBca0CLFVHETauAnalyzerMVA-WWJets/job.dag: STATUS_SUBMITTED stats: [33mSTATUS_SUBMITTED[0m(60) [34mSTATUS_UNREADY[0m(10) [36mSTATUS_READY[0m(29)
INFO:__main__:/nfs_scratch/fmeng/tmpxBca0CLFVHETauAnalyzerMVA-WWJets/job.dag: STATUS_SUBMITTED stats: [33mSTATUS_SUBMITTED[0m(60) [34mSTATUS_UNREADY[0m(10) [36mSTATUS_READY[0m(29)
INFO:__main__:/nfs_scratch/fmeng/tmpxBca0CLFVHETauAnalyzerMVA-WWJets/job.dag: STATUS_SUBMITTED stats: [33mSTATUS_SUBMITTED[0m(60) [34mSTATUS_UNREADY[0m(10) [36mSTATUS_READY[0m(29)
INFO:__main__:/nfs_scratch/fmeng/tmpxBca0CLFVHETauAnalyzerMVA-WWJets/job.dag: STATUS_SUBMITTED stats: [33mSTATUS_SUBMITTED[0m(60) [34mSTATUS_UNREADY[0m(10) [36mSTATUS_READY[0m(29)
INFO:__main__:/nfs_scratch/fmeng/tmpxBca0CLFVHETauAnalyzerMVA-WWJets/job.dag: STATUS_SUBMITTED stats: [33mSTATUS_SUBMITTED[0m(60) [34mSTATUS_UNREADY[0m(10) [36mSTATUS_READY[0m(29)
INFO:__main__:/nfs_scratch/fmeng/tmpxBca0CLFVHETauAnalyzerMVA-WWJets/job.dag: STATUS_SUBMITTED stats: [33mSTATUS_SUBMITTED[0m(60) [34mSTATUS_UNREADY[0m(10) [36mSTATUS_READY[0m(29)
INFO:__main__:/nfs_scratch/fmeng/tmpxBca0CLFVHETauAnalyzerMVA-WWJets/job.dag: STATUS_SUBMITTED stats: [33mSTATUS_SUBMITTED[0m(60) [34mSTATUS_UNREADY[0m(10) [36mSTATUS_READY[0m(29)
INFO:__main__:/nfs_scratch/fmeng/tmpxBca0CLFVHETauAnalyzerMVA-WWJets/job.dag: STATUS_SUBMITTED stats: [33mSTATUS_SUBMITTED[0m(60) [34mSTATUS_UNREADY[0m(10) [36mSTATUS_READY[0m(29)
INFO:__main__:/nfs_scratch/fmeng/tmpxBca0CLFVHETauAnalyzerMVA-WWJets/job.dag: STATUS_SUBMITTED stats: [33mSTATUS_SUBMITTED[0m(60) [34mSTATUS_UNREADY[0m(10) [36mSTATUS_READY[0m(29)
INFO:__main__:/nfs_scratch/fmeng/tmpxBca0CLFVHETauAnalyzerMVA-WWJets/job.dag: STATUS_SUBMITTED stats: [33mSTATUS_SUBMITTED[0m(60) [34mSTATUS_UNREADY[0m(10) [36mSTATUS_READY[0m(29)
INFO:__main__:/nfs_scratch/fmeng/tmpxBca0CLFVHETauAnalyzerMVA-WWJets/job.dag: STATUS_SUBMITTED stats: [33mSTATUS_SUBMITTED[0m(74) [32mSTATUS_DONE[0m(1) [34mSTATUS_UNREADY[0m(10) [36mSTATUS_READY[0m(14)
INFO:__main__:/nfs_scratch/fmeng/tmpxBca0CLFVHETauAnalyzerMVA-WWJets/job.dag: STATUS_SUBMITTED stats: [33mSTATUS_SUBMITTED[0m(74) [32mSTATUS_DONE[0m(1) [34mSTATUS_UNREADY[0m(10) [36mSTATUS_READY[0m(14)
INFO:__main__:/nfs_scratch/fmeng/tmpxBca0CLFVHETauAnalyzerMVA-WWJets/job.dag: STATUS_SUBMITTED stats: [33mSTATUS_SUBMITTED[0m(74) [32mSTATUS_DONE[0m(1) [34mSTATUS_UNREADY[0m(10) [36mSTATUS_READY[0m(14)
INFO:__main__:/nfs_scratch/fmeng/tmpxBca0CLFVHETauAnalyzerMVA-WWJets/job.dag: STATUS_SUBMITTED stats: [33mSTATUS_SUBMITTED[0m(74) [32mSTATUS_DONE[0m(1) [34mSTATUS_UNREADY[0m(10) [36mSTATUS_READY[0m(14)
INFO:__main__:/nfs_scratch/fmeng/tmpxBca0CLFVHETauAnalyzerMVA-WWJets/job.dag: STATUS_SUBMITTED stats: [33mSTATUS_SUBMITTED[0m(74) [32mSTATUS_DONE[0m(1) [34mSTATUS_UNREADY[0m(10) [36mSTATUS_READY[0m(14)
INFO:__main__:/nfs_scratch/fmeng/tmpxBca0CLFVHETauAnalyzerMVA-WWJets/job.dag: STATUS_SUBMITTED stats: [33mSTATUS_SUBMITTED[0m(74) [32mSTATUS_DONE[0m(1) [34mSTATUS_UNREADY[0m(10) [36mSTATUS_READY[0m(14)
INFO:__main__:/nfs_scratch/fmeng/tmpxBca0CLFVHETauAnalyzerMVA-WWJets/job.dag: STATUS_SUBMITTED stats: [33mSTATUS_SUBMITTED[0m(74) [32mSTATUS_DONE[0m(1) [34mSTATUS_UNREADY[0m(10) [36mSTATUS_READY[0m(14)
INFO:__main__:/nfs_scratch/fmeng/tmpxBca0CLFVHETauAnalyzerMVA-WWJets/job.dag: STATUS_SUBMITTED stats: [33mSTATUS_SUBMITTED[0m(74) [32mSTATUS_DONE[0m(1) [34mSTATUS_UNREADY[0m(10) [36mSTATUS_READY[0m(14)
INFO:__main__:/nfs_scratch/fmeng/tmpxBca0CLFVHETauAnalyzerMVA-WWJets/job.dag: STATUS_SUBMITTED stats: [33mSTATUS_SUBMITTED[0m(74) [32mSTATUS_DONE[0m(1) [34mSTATUS_UNREADY[0m(10) [36mSTATUS_READY[0m(14)
INFO:__main__:/nfs_scratch/fmeng/tmpxBca0CLFVHETauAnalyzerMVA-WWJets/job.dag: STATUS_SUBMITTED stats: [33mSTATUS_SUBMITTED[0m(74) [32mSTATUS_DONE[0m(1) [34mSTATUS_UNREADY[0m(10) [36mSTATUS_READY[0m(14)
INFO:__main__:/nfs_scratch/fmeng/tmpxBca0CLFVHETauAnalyzerMVA-WWJets/job.dag: STATUS_SUBMITTED stats: [33mSTATUS_SUBMITTED[0m(74) [32mSTATUS_DONE[0m(1) [34mSTATUS_UNREADY[0m(10) [36mSTATUS_READY[0m(14)
INFO:__main__:/nfs_scratch/fmeng/tmpxBca0CLFVHETauAnalyzerMVA-WWJets/job.dag: STATUS_SUBMITTED stats: [33mSTATUS_SUBMITTED[0m(74) [32mSTATUS_DONE[0m(1) [34mSTATUS_UNREADY[0m(10) [36mSTATUS_READY[0m(14)
INFO:__main__:/nfs_scratch/fmeng/tmpxBca0CLFVHETauAnalyzerMVA-WWJets/job.dag: STATUS_SUBMITTED stats: [33mSTATUS_SUBMITTED[0m(74) [32mSTATUS_DONE[0m(1) [34mSTATUS_UNREADY[0m(10) [36mSTATUS_READY[0m(14)
INFO:__main__:/nfs_scratch/fmeng/tmpxBca0CLFVHETauAnalyzerMVA-WWJets/job.dag: STATUS_SUBMITTED stats: [33mSTATUS_SUBMITTED[0m(74) [32mSTATUS_DONE[0m(1) [34mSTATUS_UNREADY[0m(10) [36mSTATUS_READY[0m(14)
INFO:__main__:/nfs_scratch/fmeng/tmpxBca0CLFVHETauAnalyzerMVA-WWJets/job.dag: STATUS_SUBMITTED stats: [33mSTATUS_SUBMITTED[0m(74) [32mSTATUS_DONE[0m(1) [34mSTATUS_UNREADY[0m(10) [36mSTATUS_READY[0m(14)
INFO:__main__:/nfs_scratch/fmeng/tmpxBca0CLFVHETauAnalyzerMVA-WWJets/job.dag: STATUS_SUBMITTED stats: [33mSTATUS_SUBMITTED[0m(74) [32mSTATUS_DONE[0m(1) [34mSTATUS_UNREADY[0m(10) [36mSTATUS_READY[0m(14)
INFO:__main__:/nfs_scratch/fmeng/tmpxBca0CLFVHETauAnalyzerMVA-WWJets/job.dag: STATUS_SUBMITTED stats: [33mSTATUS_SUBMITTED[0m(74) [32mSTATUS_DONE[0m(1) [34mSTATUS_UNREADY[0m(10) [36mSTATUS_READY[0m(14)
INFO:__main__:/nfs_scratch/fmeng/tmpxBca0CLFVHETauAnalyzerMVA-WWJets/job.dag: STATUS_SUBMITTED stats: [33mSTATUS_SUBMITTED[0m(84) [32mSTATUS_DONE[0m(5) [34mSTATUS_UNREADY[0m(10)
INFO:__main__:/nfs_scratch/fmeng/tmpxBca0CLFVHETauAnalyzerMVA-WWJets/job.dag: STATUS_SUBMITTED stats: [33mSTATUS_SUBMITTED[0m(84) [32mSTATUS_DONE[0m(5) [34mSTATUS_UNREADY[0m(10)
INFO:__main__:/nfs_scratch/fmeng/tmpxBca0CLFVHETauAnalyzerMVA-WWJets/job.dag: STATUS_SUBMITTED stats: [33mSTATUS_SUBMITTED[0m(84) [32mSTATUS_DONE[0m(5) [34mSTATUS_UNREADY[0m(10)
INFO:__main__:/nfs_scratch/fmeng/tmpxBca0CLFVHETauAnalyzerMVA-WWJets/job.dag: STATUS_SUBMITTED stats: [33mSTATUS_SUBMITTED[0m(84) [32mSTATUS_DONE[0m(5) [34mSTATUS_UNREADY[0m(10)
INFO:__main__:/nfs_scratch/fmeng/tmpxBca0CLFVHETauAnalyzerMVA-WWJets/job.dag: STATUS_SUBMITTED stats: [33mSTATUS_SUBMITTED[0m(84) [32mSTATUS_DONE[0m(5) [34mSTATUS_UNREADY[0m(10)
INFO:__main__:/nfs_scratch/fmeng/tmpxBca0CLFVHETauAnalyzerMVA-WWJets/job.dag: STATUS_SUBMITTED stats: [33mSTATUS_SUBMITTED[0m(84) [32mSTATUS_DONE[0m(5) [34mSTATUS_UNREADY[0m(10)
INFO:__main__:/nfs_scratch/fmeng/tmpxBca0CLFVHETauAnalyzerMVA-WWJets/job.dag: STATUS_SUBMITTED stats: [33mSTATUS_SUBMITTED[0m(84) [32mSTATUS_DONE[0m(5) [34mSTATUS_UNREADY[0m(10)
INFO:__main__:/nfs_scratch/fmeng/tmpxBca0CLFVHETauAnalyzerMVA-WWJets/job.dag: STATUS_SUBMITTED stats: [33mSTATUS_SUBMITTED[0m(77) [32mSTATUS_DONE[0m(12) [34mSTATUS_UNREADY[0m(10)
INFO:__main__:/nfs_scratch/fmeng/tmpxBca0CLFVHETauAnalyzerMVA-WWJets/job.dag: STATUS_SUBMITTED stats: [33mSTATUS_SUBMITTED[0m(77) [32mSTATUS_DONE[0m(12) [34mSTATUS_UNREADY[0m(10)
INFO:__main__:/nfs_scratch/fmeng/tmpxBca0CLFVHETauAnalyzerMVA-WWJets/job.dag: STATUS_SUBMITTED stats: [33mSTATUS_SUBMITTED[0m(77) [32mSTATUS_DONE[0m(12) [34mSTATUS_UNREADY[0m(10)
INFO:__main__:/nfs_scratch/fmeng/tmpxBca0CLFVHETauAnalyzerMVA-WWJets/job.dag: STATUS_SUBMITTED stats: [33mSTATUS_SUBMITTED[0m(77) [32mSTATUS_DONE[0m(12) [34mSTATUS_UNREADY[0m(10)
INFO:__main__:/nfs_scratch/fmeng/tmpxBca0CLFVHETauAnalyzerMVA-WWJets/job.dag: STATUS_SUBMITTED stats: [33mSTATUS_SUBMITTED[0m(77) [32mSTATUS_DONE[0m(12) [34mSTATUS_UNREADY[0m(10)
INFO:__main__:/nfs_scratch/fmeng/tmpxBca0CLFVHETauAnalyzerMVA-WWJets/job.dag: STATUS_SUBMITTED stats: [33mSTATUS_SUBMITTED[0m(74) [32mSTATUS_DONE[0m(15) [34mSTATUS_UNREADY[0m(10)
INFO:__main__:/nfs_scratch/fmeng/tmpxBca0CLFVHETauAnalyzerMVA-WWJets/job.dag: STATUS_SUBMITTED stats: [33mSTATUS_SUBMITTED[0m(74) [32mSTATUS_DONE[0m(15) [34mSTATUS_UNREADY[0m(10)
INFO:__main__:/nfs_scratch/fmeng/tmpxBca0CLFVHETauAnalyzerMVA-WWJets/job.dag: STATUS_SUBMITTED stats: [33mSTATUS_SUBMITTED[0m(74) [32mSTATUS_DONE[0m(15) [34mSTATUS_UNREADY[0m(10)
INFO:__main__:/nfs_scratch/fmeng/tmpxBca0CLFVHETauAnalyzerMVA-WWJets/job.dag: STATUS_SUBMITTED stats: [33mSTATUS_SUBMITTED[0m(74) [32mSTATUS_DONE[0m(15) [34mSTATUS_UNREADY[0m(10)
INFO:__main__:/nfs_scratch/fmeng/tmpxBca0CLFVHETauAnalyzerMVA-WWJets/job.dag: STATUS_SUBMITTED stats: [33mSTATUS_SUBMITTED[0m(74) [32mSTATUS_DONE[0m(15) [34mSTATUS_UNREADY[0m(10)
INFO:__main__:/nfs_scratch/fmeng/tmpxBca0CLFVHETauAnalyzerMVA-WWJets/job.dag: STATUS_SUBMITTED stats: [33mSTATUS_SUBMITTED[0m(74) [32mSTATUS_DONE[0m(15) [34mSTATUS_UNREADY[0m(10)
INFO:__main__:/nfs_scratch/fmeng/tmpxBca0CLFVHETauAnalyzerMVA-WWJets/job.dag: STATUS_SUBMITTED stats: [33mSTATUS_SUBMITTED[0m(74) [32mSTATUS_DONE[0m(15) [34mSTATUS_UNREADY[0m(10)
INFO:__main__:/nfs_scratch/fmeng/tmpxBca0CLFVHETauAnalyzerMVA-WWJets/job.dag: STATUS_SUBMITTED stats: [33mSTATUS_SUBMITTED[0m(70) [32mSTATUS_DONE[0m(19) [34mSTATUS_UNREADY[0m(10)
INFO:__main__:/nfs_scratch/fmeng/tmpxBca0CLFVHETauAnalyzerMVA-WWJets/job.dag: STATUS_SUBMITTED stats: [33mSTATUS_SUBMITTED[0m(70) [32mSTATUS_DONE[0m(19) [34mSTATUS_UNREADY[0m(10)
INFO:__main__:/nfs_scratch/fmeng/tmpxBca0CLFVHETauAnalyzerMVA-WWJets/job.dag: STATUS_SUBMITTED stats: [33mSTATUS_SUBMITTED[0m(70) [32mSTATUS_DONE[0m(19) [34mSTATUS_UNREADY[0m(10)
INFO:__main__:/nfs_scratch/fmeng/tmpxBca0CLFVHETauAnalyzerMVA-WWJets/job.dag: STATUS_SUBMITTED stats: [33mSTATUS_SUBMITTED[0m(70) [32mSTATUS_DONE[0m(19) [34mSTATUS_UNREADY[0m(10)
INFO:__main__:/nfs_scratch/fmeng/tmpxBca0CLFVHETauAnalyzerMVA-WWJets/job.dag: STATUS_SUBMITTED stats: [33mSTATUS_SUBMITTED[0m(70) [32mSTATUS_DONE[0m(19) [34mSTATUS_UNREADY[0m(10)
INFO:__main__:/nfs_scratch/fmeng/tmpxBca0CLFVHETauAnalyzerMVA-WWJets/job.dag: STATUS_SUBMITTED stats: [33mSTATUS_SUBMITTED[0m(70) [32mSTATUS_DONE[0m(19) [34mSTATUS_UNREADY[0m(10)
INFO:__main__:/nfs_scratch/fmeng/tmpxBca0CLFVHETauAnalyzerMVA-WWJets/job.dag: STATUS_SUBMITTED stats: [33mSTATUS_SUBMITTED[0m(67) [32mSTATUS_DONE[0m(22) [34mSTATUS_UNREADY[0m(10)
INFO:__main__:/nfs_scratch/fmeng/tmpxBca0CLFVHETauAnalyzerMVA-WWJets/job.dag: STATUS_SUBMITTED stats: [33mSTATUS_SUBMITTED[0m(67) [32mSTATUS_DONE[0m(22) [34mSTATUS_UNREADY[0m(10)
INFO:__main__:/nfs_scratch/fmeng/tmpxBca0CLFVHETauAnalyzerMVA-WWJets/job.dag: STATUS_SUBMITTED stats: [33mSTATUS_SUBMITTED[0m(67) [32mSTATUS_DONE[0m(22) [34mSTATUS_UNREADY[0m(10)
INFO:__main__:/nfs_scratch/fmeng/tmpxBca0CLFVHETauAnalyzerMVA-WWJets/job.dag: STATUS_SUBMITTED stats: [33mSTATUS_SUBMITTED[0m(67) [32mSTATUS_DONE[0m(22) [34mSTATUS_UNREADY[0m(10)
INFO:__main__:/nfs_scratch/fmeng/tmpxBca0CLFVHETauAnalyzerMVA-WWJets/job.dag: STATUS_SUBMITTED stats: [33mSTATUS_SUBMITTED[0m(67) [32mSTATUS_DONE[0m(22) [34mSTATUS_UNREADY[0m(10)
INFO:__main__:/nfs_scratch/fmeng/tmpxBca0CLFVHETauAnalyzerMVA-WWJets/job.dag: STATUS_SUBMITTED stats: [33mSTATUS_SUBMITTED[0m(67) [32mSTATUS_DONE[0m(22) [34mSTATUS_UNREADY[0m(10)
INFO:__main__:/nfs_scratch/fmeng/tmpxBca0CLFVHETauAnalyzerMVA-WWJets/job.dag: STATUS_SUBMITTED stats: [33mSTATUS_SUBMITTED[0m(61) [32mSTATUS_DONE[0m(28) [34mSTATUS_UNREADY[0m(10)
INFO:__main__:/nfs_scratch/fmeng/tmpxBca0CLFVHETauAnalyzerMVA-WWJets/job.dag: STATUS_SUBMITTED stats: [33mSTATUS_SUBMITTED[0m(61) [32mSTATUS_DONE[0m(28) [34mSTATUS_UNREADY[0m(10)
INFO:__main__:/nfs_scratch/fmeng/tmpxBca0CLFVHETauAnalyzerMVA-WWJets/job.dag: STATUS_SUBMITTED stats: [33mSTATUS_SUBMITTED[0m(61) [32mSTATUS_DONE[0m(28) [34mSTATUS_UNREADY[0m(10)
INFO:__main__:/nfs_scratch/fmeng/tmpxBca0CLFVHETauAnalyzerMVA-WWJets/job.dag: STATUS_SUBMITTED stats: [33mSTATUS_SUBMITTED[0m(61) [32mSTATUS_DONE[0m(28) [34mSTATUS_UNREADY[0m(10)
INFO:__main__:/nfs_scratch/fmeng/tmpxBca0CLFVHETauAnalyzerMVA-WWJets/job.dag: STATUS_SUBMITTED stats: [33mSTATUS_SUBMITTED[0m(61) [32mSTATUS_DONE[0m(28) [34mSTATUS_UNREADY[0m(10)
INFO:__main__:/nfs_scratch/fmeng/tmpxBca0CLFVHETauAnalyzerMVA-WWJets/job.dag: STATUS_SUBMITTED stats: [33mSTATUS_SUBMITTED[0m(61) [32mSTATUS_DONE[0m(28) [34mSTATUS_UNREADY[0m(10)
INFO:__main__:/nfs_scratch/fmeng/tmpxBca0CLFVHETauAnalyzerMVA-WWJets/job.dag: STATUS_SUBMITTED stats: [33mSTATUS_SUBMITTED[0m(54) [32mSTATUS_DONE[0m(35) [34mSTATUS_UNREADY[0m(10)
INFO:__main__:/nfs_scratch/fmeng/tmpxBca0CLFVHETauAnalyzerMVA-WWJets/job.dag: STATUS_SUBMITTED stats: [33mSTATUS_SUBMITTED[0m(54) [32mSTATUS_DONE[0m(35) [34mSTATUS_UNREADY[0m(10)
INFO:__main__:/nfs_scratch/fmeng/tmpxBca0CLFVHETauAnalyzerMVA-WWJets/job.dag: STATUS_SUBMITTED stats: [33mSTATUS_SUBMITTED[0m(54) [32mSTATUS_DONE[0m(35) [34mSTATUS_UNREADY[0m(10)
INFO:__main__:/nfs_scratch/fmeng/tmpxBca0CLFVHETauAnalyzerMVA-WWJets/job.dag: STATUS_SUBMITTED stats: [33mSTATUS_SUBMITTED[0m(54) [32mSTATUS_DONE[0m(35) [34mSTATUS_UNREADY[0m(10)
INFO:__main__:/nfs_scratch/fmeng/tmpxBca0CLFVHETauAnalyzerMVA-WWJets/job.dag: STATUS_SUBMITTED stats: [33mSTATUS_SUBMITTED[0m(54) [32mSTATUS_DONE[0m(35) [34mSTATUS_UNREADY[0m(10)
INFO:__main__:/nfs_scratch/fmeng/tmpxBca0CLFVHETauAnalyzerMVA-WWJets/job.dag: STATUS_SUBMITTED stats: [33mSTATUS_SUBMITTED[0m(54) [32mSTATUS_DONE[0m(35) [34mSTATUS_UNREADY[0m(10)
INFO:__main__:/nfs_scratch/fmeng/tmpxBca0CLFVHETauAnalyzerMVA-WWJets/job.dag: STATUS_SUBMITTED stats: [33mSTATUS_SUBMITTED[0m(52) [32mSTATUS_DONE[0m(37) [34mSTATUS_UNREADY[0m(10)
INFO:__main__:/nfs_scratch/fmeng/tmpxBca0CLFVHETauAnalyzerMVA-WWJets/job.dag: STATUS_SUBMITTED stats: [33mSTATUS_SUBMITTED[0m(52) [32mSTATUS_DONE[0m(37) [34mSTATUS_UNREADY[0m(10)
INFO:__main__:/nfs_scratch/fmeng/tmpxBca0CLFVHETauAnalyzerMVA-WWJets/job.dag: STATUS_SUBMITTED stats: [33mSTATUS_SUBMITTED[0m(52) [32mSTATUS_DONE[0m(37) [34mSTATUS_UNREADY[0m(10)
INFO:__main__:/nfs_scratch/fmeng/tmpxBca0CLFVHETauAnalyzerMVA-WWJets/job.dag: STATUS_SUBMITTED stats: [33mSTATUS_SUBMITTED[0m(52) [32mSTATUS_DONE[0m(37) [34mSTATUS_UNREADY[0m(10)
INFO:__main__:/nfs_scratch/fmeng/tmpxBca0CLFVHETauAnalyzerMVA-WWJets/job.dag: STATUS_SUBMITTED stats: [33mSTATUS_SUBMITTED[0m(52) [32mSTATUS_DONE[0m(37) [34mSTATUS_UNREADY[0m(10)
INFO:__main__:/nfs_scratch/fmeng/tmpxBca0CLFVHETauAnalyzerMVA-WWJets/job.dag: STATUS_SUBMITTED stats: [33mSTATUS_SUBMITTED[0m(52) [32mSTATUS_DONE[0m(37) [34mSTATUS_UNREADY[0m(10)
INFO:__main__:/nfs_scratch/fmeng/tmpxBca0CLFVHETauAnalyzerMVA-WWJets/job.dag: STATUS_SUBMITTED stats: [33mSTATUS_SUBMITTED[0m(51) [32mSTATUS_DONE[0m(38) [34mSTATUS_UNREADY[0m(10)
INFO:__main__:/nfs_scratch/fmeng/tmpxBca0CLFVHETauAnalyzerMVA-WWJets/job.dag: STATUS_SUBMITTED stats: [33mSTATUS_SUBMITTED[0m(51) [32mSTATUS_DONE[0m(38) [34mSTATUS_UNREADY[0m(10)
INFO:__main__:/nfs_scratch/fmeng/tmpxBca0CLFVHETauAnalyzerMVA-WWJets/job.dag: STATUS_SUBMITTED stats: [33mSTATUS_SUBMITTED[0m(51) [32mSTATUS_DONE[0m(38) [34mSTATUS_UNREADY[0m(10)
INFO:__main__:/nfs_scratch/fmeng/tmpxBca0CLFVHETauAnalyzerMVA-WWJets/job.dag: STATUS_SUBMITTED stats: [33mSTATUS_SUBMITTED[0m(51) [32mSTATUS_DONE[0m(38) [34mSTATUS_UNREADY[0m(10)
INFO:__main__:/nfs_scratch/fmeng/tmpxBca0CLFVHETauAnalyzerMVA-WWJets/job.dag: STATUS_SUBMITTED stats: [33mSTATUS_SUBMITTED[0m(51) [32mSTATUS_DONE[0m(38) [34mSTATUS_UNREADY[0m(10)
INFO:__main__:/nfs_scratch/fmeng/tmpxBca0CLFVHETauAnalyzerMVA-WWJets/job.dag: STATUS_SUBMITTED stats: [33mSTATUS_SUBMITTED[0m(51) [32mSTATUS_DONE[0m(38) [34mSTATUS_UNREADY[0m(10)
INFO:__main__:/nfs_scratch/fmeng/tmpxBca0CLFVHETauAnalyzerMVA-WWJets/job.dag: STATUS_SUBMITTED stats: [33mSTATUS_SUBMITTED[0m(45) [32mSTATUS_DONE[0m(44) [34mSTATUS_UNREADY[0m(10)
INFO:__main__:/nfs_scratch/fmeng/tmpxBca0CLFVHETauAnalyzerMVA-WWJets/job.dag: STATUS_SUBMITTED stats: [33mSTATUS_SUBMITTED[0m(45) [32mSTATUS_DONE[0m(44) [34mSTATUS_UNREADY[0m(10)
INFO:__main__:/nfs_scratch/fmeng/tmpxBca0CLFVHETauAnalyzerMVA-WWJets/job.dag: STATUS_SUBMITTED stats: [33mSTATUS_SUBMITTED[0m(45) [32mSTATUS_DONE[0m(44) [34mSTATUS_UNREADY[0m(10)
INFO:__main__:/nfs_scratch/fmeng/tmpxBca0CLFVHETauAnalyzerMVA-WWJets/job.dag: STATUS_SUBMITTED stats: [33mSTATUS_SUBMITTED[0m(45) [32mSTATUS_DONE[0m(44) [34mSTATUS_UNREADY[0m(10)
INFO:__main__:/nfs_scratch/fmeng/tmpxBca0CLFVHETauAnalyzerMVA-WWJets/job.dag: STATUS_SUBMITTED stats: [33mSTATUS_SUBMITTED[0m(45) [32mSTATUS_DONE[0m(44) [34mSTATUS_UNREADY[0m(10)
INFO:__main__:/nfs_scratch/fmeng/tmpxBca0CLFVHETauAnalyzerMVA-WWJets/job.dag: STATUS_SUBMITTED stats: [33mSTATUS_SUBMITTED[0m(45) [32mSTATUS_DONE[0m(44) [34mSTATUS_UNREADY[0m(10)
INFO:__main__:/nfs_scratch/fmeng/tmpxBca0CLFVHETauAnalyzerMVA-WWJets/job.dag: STATUS_SUBMITTED stats: [33mSTATUS_SUBMITTED[0m(40) [32mSTATUS_DONE[0m(49) [34mSTATUS_UNREADY[0m(10)
INFO:__main__:/nfs_scratch/fmeng/tmpxBca0CLFVHETauAnalyzerMVA-WWJets/job.dag: STATUS_SUBMITTED stats: [33mSTATUS_SUBMITTED[0m(40) [32mSTATUS_DONE[0m(49) [34mSTATUS_UNREADY[0m(10)
INFO:__main__:/nfs_scratch/fmeng/tmpxBca0CLFVHETauAnalyzerMVA-WWJets/job.dag: STATUS_SUBMITTED stats: [33mSTATUS_SUBMITTED[0m(40) [32mSTATUS_DONE[0m(49) [34mSTATUS_UNREADY[0m(10)
INFO:__main__:/nfs_scratch/fmeng/tmpxBca0CLFVHETauAnalyzerMVA-WWJets/job.dag: STATUS_SUBMITTED stats: [33mSTATUS_SUBMITTED[0m(40) [32mSTATUS_DONE[0m(49) [34mSTATUS_UNREADY[0m(10)
INFO:__main__:/nfs_scratch/fmeng/tmpxBca0CLFVHETauAnalyzerMVA-WWJets/job.dag: STATUS_SUBMITTED stats: [33mSTATUS_SUBMITTED[0m(40) [32mSTATUS_DONE[0m(49) [34mSTATUS_UNREADY[0m(10)
INFO:__main__:/nfs_scratch/fmeng/tmpxBca0CLFVHETauAnalyzerMVA-WWJets/job.dag: STATUS_SUBMITTED stats: [33mSTATUS_SUBMITTED[0m(40) [32mSTATUS_DONE[0m(49) [34mSTATUS_UNREADY[0m(10)
INFO:__main__:/nfs_scratch/fmeng/tmpxBca0CLFVHETauAnalyzerMVA-WWJets/job.dag: STATUS_SUBMITTED stats: [33mSTATUS_SUBMITTED[0m(34) [32mSTATUS_DONE[0m(55) [34mSTATUS_UNREADY[0m(10)
INFO:__main__:/nfs_scratch/fmeng/tmpxBca0CLFVHETauAnalyzerMVA-WWJets/job.dag: STATUS_SUBMITTED stats: [33mSTATUS_SUBMITTED[0m(34) [32mSTATUS_DONE[0m(55) [34mSTATUS_UNREADY[0m(10)
INFO:__main__:/nfs_scratch/fmeng/tmpxBca0CLFVHETauAnalyzerMVA-WWJets/job.dag: STATUS_SUBMITTED stats: [33mSTATUS_SUBMITTED[0m(34) [32mSTATUS_DONE[0m(55) [34mSTATUS_UNREADY[0m(10)
INFO:__main__:/nfs_scratch/fmeng/tmpxBca0CLFVHETauAnalyzerMVA-WWJets/job.dag: STATUS_SUBMITTED stats: [33mSTATUS_SUBMITTED[0m(34) [32mSTATUS_DONE[0m(55) [34mSTATUS_UNREADY[0m(10)
INFO:__main__:/nfs_scratch/fmeng/tmpxBca0CLFVHETauAnalyzerMVA-WWJets/job.dag: STATUS_SUBMITTED stats: [33mSTATUS_SUBMITTED[0m(34) [32mSTATUS_DONE[0m(55) [34mSTATUS_UNREADY[0m(10)
INFO:__main__:/nfs_scratch/fmeng/tmpxBca0CLFVHETauAnalyzerMVA-WWJets/job.dag: STATUS_SUBMITTED stats: [33mSTATUS_SUBMITTED[0m(33) [32mSTATUS_DONE[0m(56) [34mSTATUS_UNREADY[0m(10)
INFO:__main__:/nfs_scratch/fmeng/tmpxBca0CLFVHETauAnalyzerMVA-WWJets/job.dag: STATUS_SUBMITTED stats: [33mSTATUS_SUBMITTED[0m(33) [32mSTATUS_DONE[0m(56) [34mSTATUS_UNREADY[0m(10)
INFO:__main__:/nfs_scratch/fmeng/tmpxBca0CLFVHETauAnalyzerMVA-WWJets/job.dag: STATUS_SUBMITTED stats: [33mSTATUS_SUBMITTED[0m(33) [32mSTATUS_DONE[0m(56) [34mSTATUS_UNREADY[0m(10)
INFO:__main__:/nfs_scratch/fmeng/tmpxBca0CLFVHETauAnalyzerMVA-WWJets/job.dag: STATUS_SUBMITTED stats: [33mSTATUS_SUBMITTED[0m(33) [32mSTATUS_DONE[0m(56) [34mSTATUS_UNREADY[0m(10)
INFO:__main__:/nfs_scratch/fmeng/tmpxBca0CLFVHETauAnalyzerMVA-WWJets/job.dag: STATUS_SUBMITTED stats: [33mSTATUS_SUBMITTED[0m(33) [32mSTATUS_DONE[0m(56) [34mSTATUS_UNREADY[0m(10)
INFO:__main__:/nfs_scratch/fmeng/tmpxBca0CLFVHETauAnalyzerMVA-WWJets/job.dag: STATUS_SUBMITTED stats: [33mSTATUS_SUBMITTED[0m(33) [32mSTATUS_DONE[0m(56) [34mSTATUS_UNREADY[0m(10)
INFO:__main__:/nfs_scratch/fmeng/tmpxBca0CLFVHETauAnalyzerMVA-WWJets/job.dag: STATUS_SUBMITTED stats: [33mSTATUS_SUBMITTED[0m(31) [32mSTATUS_DONE[0m(58) [34mSTATUS_UNREADY[0m(10)
INFO:__main__:/nfs_scratch/fmeng/tmpxBca0CLFVHETauAnalyzerMVA-WWJets/job.dag: STATUS_SUBMITTED stats: [33mSTATUS_SUBMITTED[0m(31) [32mSTATUS_DONE[0m(58) [34mSTATUS_UNREADY[0m(10)
INFO:__main__:/nfs_scratch/fmeng/tmpxBca0CLFVHETauAnalyzerMVA-WWJets/job.dag: STATUS_SUBMITTED stats: [33mSTATUS_SUBMITTED[0m(31) [32mSTATUS_DONE[0m(58) [34mSTATUS_UNREADY[0m(10)
INFO:__main__:/nfs_scratch/fmeng/tmpxBca0CLFVHETauAnalyzerMVA-WWJets/job.dag: STATUS_SUBMITTED stats: [33mSTATUS_SUBMITTED[0m(31) [32mSTATUS_DONE[0m(58) [34mSTATUS_UNREADY[0m(10)
INFO:__main__:/nfs_scratch/fmeng/tmpxBca0CLFVHETauAnalyzerMVA-WWJets/job.dag: STATUS_SUBMITTED stats: [33mSTATUS_SUBMITTED[0m(31) [32mSTATUS_DONE[0m(58) [34mSTATUS_UNREADY[0m(10)
INFO:__main__:/nfs_scratch/fmeng/tmpxBca0CLFVHETauAnalyzerMVA-WWJets/job.dag: STATUS_SUBMITTED stats: [33mSTATUS_SUBMITTED[0m(31) [32mSTATUS_DONE[0m(58) [34mSTATUS_UNREADY[0m(10)
INFO:__main__:/nfs_scratch/fmeng/tmpxBca0CLFVHETauAnalyzerMVA-WWJets/job.dag: STATUS_SUBMITTED stats: [33mSTATUS_SUBMITTED[0m(27) [32mSTATUS_DONE[0m(62) [34mSTATUS_UNREADY[0m(10)
INFO:__main__:/nfs_scratch/fmeng/tmpxBca0CLFVHETauAnalyzerMVA-WWJets/job.dag: STATUS_SUBMITTED stats: [33mSTATUS_SUBMITTED[0m(27) [32mSTATUS_DONE[0m(62) [34mSTATUS_UNREADY[0m(10)
INFO:__main__:/nfs_scratch/fmeng/tmpxBca0CLFVHETauAnalyzerMVA-WWJets/job.dag: STATUS_SUBMITTED stats: [33mSTATUS_SUBMITTED[0m(27) [32mSTATUS_DONE[0m(62) [34mSTATUS_UNREADY[0m(10)
INFO:__main__:/nfs_scratch/fmeng/tmpxBca0CLFVHETauAnalyzerMVA-WWJets/job.dag: STATUS_SUBMITTED stats: [33mSTATUS_SUBMITTED[0m(27) [32mSTATUS_DONE[0m(62) [34mSTATUS_UNREADY[0m(10)
INFO:__main__:/nfs_scratch/fmeng/tmpxBca0CLFVHETauAnalyzerMVA-WWJets/job.dag: STATUS_SUBMITTED stats: [33mSTATUS_SUBMITTED[0m(27) [32mSTATUS_DONE[0m(62) [34mSTATUS_UNREADY[0m(10)
INFO:__main__:/nfs_scratch/fmeng/tmpxBca0CLFVHETauAnalyzerMVA-WWJets/job.dag: STATUS_SUBMITTED stats: [33mSTATUS_SUBMITTED[0m(27) [32mSTATUS_DONE[0m(62) [34mSTATUS_UNREADY[0m(10)
INFO:__main__:/nfs_scratch/fmeng/tmpxBca0CLFVHETauAnalyzerMVA-WWJets/job.dag: STATUS_SUBMITTED stats: [33mSTATUS_SUBMITTED[0m(24) [32mSTATUS_DONE[0m(66) [34mSTATUS_UNREADY[0m(9)
INFO:__main__:/nfs_scratch/fmeng/tmpxBca0CLFVHETauAnalyzerMVA-WWJets/job.dag: STATUS_SUBMITTED stats: [33mSTATUS_SUBMITTED[0m(24) [32mSTATUS_DONE[0m(66) [34mSTATUS_UNREADY[0m(9)
INFO:__main__:/nfs_scratch/fmeng/tmpxBca0CLFVHETauAnalyzerMVA-WWJets/job.dag: STATUS_SUBMITTED stats: [33mSTATUS_SUBMITTED[0m(24) [32mSTATUS_DONE[0m(66) [34mSTATUS_UNREADY[0m(9)
INFO:__main__:/nfs_scratch/fmeng/tmpxBca0CLFVHETauAnalyzerMVA-WWJets/job.dag: STATUS_SUBMITTED stats: [33mSTATUS_SUBMITTED[0m(24) [32mSTATUS_DONE[0m(66) [34mSTATUS_UNREADY[0m(9)
INFO:__main__:/nfs_scratch/fmeng/tmpxBca0CLFVHETauAnalyzerMVA-WWJets/job.dag: STATUS_SUBMITTED stats: [33mSTATUS_SUBMITTED[0m(24) [32mSTATUS_DONE[0m(66) [34mSTATUS_UNREADY[0m(9)
INFO:__main__:/nfs_scratch/fmeng/tmpxBca0CLFVHETauAnalyzerMVA-WWJets/job.dag: STATUS_SUBMITTED stats: [33mSTATUS_SUBMITTED[0m(24) [32mSTATUS_DONE[0m(66) [34mSTATUS_UNREADY[0m(9)
INFO:__main__:/nfs_scratch/fmeng/tmpxBca0CLFVHETauAnalyzerMVA-WWJets/job.dag: STATUS_SUBMITTED stats: [33mSTATUS_SUBMITTED[0m(21) [32mSTATUS_DONE[0m(69) [34mSTATUS_UNREADY[0m(9)
INFO:__main__:/nfs_scratch/fmeng/tmpxBca0CLFVHETauAnalyzerMVA-WWJets/job.dag: STATUS_SUBMITTED stats: [33mSTATUS_SUBMITTED[0m(21) [32mSTATUS_DONE[0m(69) [34mSTATUS_UNREADY[0m(9)
INFO:__main__:/nfs_scratch/fmeng/tmpxBca0CLFVHETauAnalyzerMVA-WWJets/job.dag: STATUS_SUBMITTED stats: [33mSTATUS_SUBMITTED[0m(21) [32mSTATUS_DONE[0m(69) [34mSTATUS_UNREADY[0m(9)
INFO:__main__:/nfs_scratch/fmeng/tmpxBca0CLFVHETauAnalyzerMVA-WWJets/job.dag: STATUS_SUBMITTED stats: [33mSTATUS_SUBMITTED[0m(21) [32mSTATUS_DONE[0m(69) [34mSTATUS_UNREADY[0m(9)
INFO:__main__:/nfs_scratch/fmeng/tmpxBca0CLFVHETauAnalyzerMVA-WWJets/job.dag: STATUS_SUBMITTED stats: [33mSTATUS_SUBMITTED[0m(21) [32mSTATUS_DONE[0m(69) [34mSTATUS_UNREADY[0m(9)
INFO:__main__:/nfs_scratch/fmeng/tmpxBca0CLFVHETauAnalyzerMVA-WWJets/job.dag: STATUS_SUBMITTED stats: [33mSTATUS_SUBMITTED[0m(21) [32mSTATUS_DONE[0m(69) [34mSTATUS_UNREADY[0m(9)
INFO:__main__:/nfs_scratch/fmeng/tmpxBca0CLFVHETauAnalyzerMVA-WWJets/job.dag: STATUS_SUBMITTED stats: [33mSTATUS_SUBMITTED[0m(19) [32mSTATUS_DONE[0m(71) [34mSTATUS_UNREADY[0m(9)
INFO:__main__:/nfs_scratch/fmeng/tmpxBca0CLFVHETauAnalyzerMVA-WWJets/job.dag: STATUS_SUBMITTED stats: [33mSTATUS_SUBMITTED[0m(19) [32mSTATUS_DONE[0m(71) [34mSTATUS_UNREADY[0m(9)
INFO:__main__:/nfs_scratch/fmeng/tmpxBca0CLFVHETauAnalyzerMVA-WWJets/job.dag: STATUS_SUBMITTED stats: [33mSTATUS_SUBMITTED[0m(19) [32mSTATUS_DONE[0m(71) [34mSTATUS_UNREADY[0m(9)
INFO:__main__:/nfs_scratch/fmeng/tmpxBca0CLFVHETauAnalyzerMVA-WWJets/job.dag: STATUS_SUBMITTED stats: [33mSTATUS_SUBMITTED[0m(19) [32mSTATUS_DONE[0m(71) [34mSTATUS_UNREADY[0m(9)
INFO:__main__:/nfs_scratch/fmeng/tmpxBca0CLFVHETauAnalyzerMVA-WWJets/job.dag: STATUS_SUBMITTED stats: [33mSTATUS_SUBMITTED[0m(19) [32mSTATUS_DONE[0m(71) [34mSTATUS_UNREADY[0m(9)
INFO:__main__:/nfs_scratch/fmeng/tmpxBca0CLFVHETauAnalyzerMVA-WWJets/job.dag: STATUS_SUBMITTED stats: [33mSTATUS_SUBMITTED[0m(19) [32mSTATUS_DONE[0m(71) [34mSTATUS_UNREADY[0m(9)
INFO:__main__:/nfs_scratch/fmeng/tmpxBca0CLFVHETauAnalyzerMVA-WWJets/job.dag: STATUS_SUBMITTED stats: [33mSTATUS_SUBMITTED[0m(15) [32mSTATUS_DONE[0m(75) [34mSTATUS_UNREADY[0m(9)
INFO:__main__:/nfs_scratch/fmeng/tmpxBca0CLFVHETauAnalyzerMVA-WWJets/job.dag: STATUS_SUBMITTED stats: [33mSTATUS_SUBMITTED[0m(15) [32mSTATUS_DONE[0m(75) [34mSTATUS_UNREADY[0m(9)
INFO:__main__:/nfs_scratch/fmeng/tmpxBca0CLFVHETauAnalyzerMVA-WWJets/job.dag: STATUS_SUBMITTED stats: [33mSTATUS_SUBMITTED[0m(15) [32mSTATUS_DONE[0m(75) [34mSTATUS_UNREADY[0m(9)
INFO:__main__:/nfs_scratch/fmeng/tmpxBca0CLFVHETauAnalyzerMVA-WWJets/job.dag: STATUS_SUBMITTED stats: [33mSTATUS_SUBMITTED[0m(15) [32mSTATUS_DONE[0m(75) [34mSTATUS_UNREADY[0m(9)
INFO:__main__:/nfs_scratch/fmeng/tmpxBca0CLFVHETauAnalyzerMVA-WWJets/job.dag: STATUS_SUBMITTED stats: [33mSTATUS_SUBMITTED[0m(15) [32mSTATUS_DONE[0m(75) [34mSTATUS_UNREADY[0m(9)
INFO:__main__:/nfs_scratch/fmeng/tmpxBca0CLFVHETauAnalyzerMVA-WWJets/job.dag: STATUS_SUBMITTED stats: [33mSTATUS_SUBMITTED[0m(15) [32mSTATUS_DONE[0m(75) [34mSTATUS_UNREADY[0m(9)
INFO:__main__:/nfs_scratch/fmeng/tmpxBca0CLFVHETauAnalyzerMVA-WWJets/job.dag: STATUS_SUBMITTED stats: [33mSTATUS_SUBMITTED[0m(15) [32mSTATUS_DONE[0m(75) [34mSTATUS_UNREADY[0m(9)
INFO:__main__:/nfs_scratch/fmeng/tmpxBca0CLFVHETauAnalyzerMVA-WWJets/job.dag: STATUS_SUBMITTED stats: [33mSTATUS_SUBMITTED[0m(14) [32mSTATUS_DONE[0m(77) [34mSTATUS_UNREADY[0m(8)
INFO:__main__:/nfs_scratch/fmeng/tmpxBca0CLFVHETauAnalyzerMVA-WWJets/job.dag: STATUS_SUBMITTED stats: [33mSTATUS_SUBMITTED[0m(14) [32mSTATUS_DONE[0m(77) [34mSTATUS_UNREADY[0m(8)
INFO:__main__:/nfs_scratch/fmeng/tmpxBca0CLFVHETauAnalyzerMVA-WWJets/job.dag: STATUS_SUBMITTED stats: [33mSTATUS_SUBMITTED[0m(14) [32mSTATUS_DONE[0m(77) [34mSTATUS_UNREADY[0m(8)
INFO:__main__:/nfs_scratch/fmeng/tmpxBca0CLFVHETauAnalyzerMVA-WWJets/job.dag: STATUS_SUBMITTED stats: [33mSTATUS_SUBMITTED[0m(14) [32mSTATUS_DONE[0m(77) [34mSTATUS_UNREADY[0m(8)
INFO:__main__:/nfs_scratch/fmeng/tmpxBca0CLFVHETauAnalyzerMVA-WWJets/job.dag: STATUS_SUBMITTED stats: [33mSTATUS_SUBMITTED[0m(14) [32mSTATUS_DONE[0m(77) [34mSTATUS_UNREADY[0m(8)
INFO:__main__:/nfs_scratch/fmeng/tmpxBca0CLFVHETauAnalyzerMVA-WWJets/job.dag: STATUS_SUBMITTED stats: [33mSTATUS_SUBMITTED[0m(14) [32mSTATUS_DONE[0m(77) [34mSTATUS_UNREADY[0m(8)
INFO:__main__:/nfs_scratch/fmeng/tmpxBca0CLFVHETauAnalyzerMVA-WWJets/job.dag: STATUS_SUBMITTED stats: [33mSTATUS_SUBMITTED[0m(13) [32mSTATUS_DONE[0m(79) [34mSTATUS_UNREADY[0m(7)
INFO:__main__:/nfs_scratch/fmeng/tmpxBca0CLFVHETauAnalyzerMVA-WWJets/job.dag: STATUS_SUBMITTED stats: [33mSTATUS_SUBMITTED[0m(13) [32mSTATUS_DONE[0m(79) [34mSTATUS_UNREADY[0m(7)
INFO:__main__:/nfs_scratch/fmeng/tmpxBca0CLFVHETauAnalyzerMVA-WWJets/job.dag: STATUS_SUBMITTED stats: [33mSTATUS_SUBMITTED[0m(13) [32mSTATUS_DONE[0m(79) [34mSTATUS_UNREADY[0m(7)
INFO:__main__:/nfs_scratch/fmeng/tmpxBca0CLFVHETauAnalyzerMVA-WWJets/job.dag: STATUS_SUBMITTED stats: [33mSTATUS_SUBMITTED[0m(13) [32mSTATUS_DONE[0m(79) [34mSTATUS_UNREADY[0m(7)
INFO:__main__:/nfs_scratch/fmeng/tmpxBca0CLFVHETauAnalyzerMVA-WWJets/job.dag: STATUS_SUBMITTED stats: [33mSTATUS_SUBMITTED[0m(13) [32mSTATUS_DONE[0m(79) [34mSTATUS_UNREADY[0m(7)
INFO:__main__:/nfs_scratch/fmeng/tmpxBca0CLFVHETauAnalyzerMVA-WWJets/job.dag: STATUS_SUBMITTED stats: [33mSTATUS_SUBMITTED[0m(13) [32mSTATUS_DONE[0m(79) [34mSTATUS_UNREADY[0m(7)
INFO:__main__:/nfs_scratch/fmeng/tmpxBca0CLFVHETauAnalyzerMVA-WWJets/job.dag: STATUS_SUBMITTED stats: [33mSTATUS_SUBMITTED[0m(13) [32mSTATUS_DONE[0m(79) [34mSTATUS_UNREADY[0m(7)
INFO:__main__:/nfs_scratch/fmeng/tmpxBca0CLFVHETauAnalyzerMVA-WWJets/job.dag: STATUS_SUBMITTED stats: [33mSTATUS_SUBMITTED[0m(12) [32mSTATUS_DONE[0m(80) [34mSTATUS_UNREADY[0m(6) [36mSTATUS_READY[0m(1)
INFO:__main__:/nfs_scratch/fmeng/tmpxBca0CLFVHETauAnalyzerMVA-WWJets/job.dag: STATUS_SUBMITTED stats: [33mSTATUS_SUBMITTED[0m(12) [32mSTATUS_DONE[0m(80) [34mSTATUS_UNREADY[0m(6) [36mSTATUS_READY[0m(1)
INFO:__main__:/nfs_scratch/fmeng/tmpxBca0CLFVHETauAnalyzerMVA-WWJets/job.dag: STATUS_SUBMITTED stats: [33mSTATUS_SUBMITTED[0m(12) [32mSTATUS_DONE[0m(80) [34mSTATUS_UNREADY[0m(6) [36mSTATUS_READY[0m(1)
INFO:__main__:/nfs_scratch/fmeng/tmpxBca0CLFVHETauAnalyzerMVA-WWJets/job.dag: STATUS_SUBMITTED stats: [33mSTATUS_SUBMITTED[0m(12) [32mSTATUS_DONE[0m(80) [34mSTATUS_UNREADY[0m(6) [36mSTATUS_READY[0m(1)
INFO:__main__:/nfs_scratch/fmeng/tmpxBca0CLFVHETauAnalyzerMVA-WWJets/job.dag: STATUS_SUBMITTED stats: [33mSTATUS_SUBMITTED[0m(12) [32mSTATUS_DONE[0m(80) [34mSTATUS_UNREADY[0m(6) [36mSTATUS_READY[0m(1)
INFO:__main__:/nfs_scratch/fmeng/tmpxBca0CLFVHETauAnalyzerMVA-WWJets/job.dag: STATUS_SUBMITTED stats: [33mSTATUS_SUBMITTED[0m(12) [32mSTATUS_DONE[0m(80) [34mSTATUS_UNREADY[0m(6) [36mSTATUS_READY[0m(1)
INFO:__main__:/nfs_scratch/fmeng/tmpxBca0CLFVHETauAnalyzerMVA-WWJets/job.dag: STATUS_SUBMITTED stats: [33mSTATUS_SUBMITTED[0m(10) [32mSTATUS_DONE[0m(85) [34mSTATUS_UNREADY[0m(4)
INFO:__main__:/nfs_scratch/fmeng/tmpxBca0CLFVHETauAnalyzerMVA-WWJets/job.dag: STATUS_SUBMITTED stats: [33mSTATUS_SUBMITTED[0m(10) [32mSTATUS_DONE[0m(85) [34mSTATUS_UNREADY[0m(4)
INFO:__main__:/nfs_scratch/fmeng/tmpxBca0CLFVHETauAnalyzerMVA-WWJets/job.dag: STATUS_SUBMITTED stats: [33mSTATUS_SUBMITTED[0m(10) [32mSTATUS_DONE[0m(85) [34mSTATUS_UNREADY[0m(4)
INFO:__main__:/nfs_scratch/fmeng/tmpxBca0CLFVHETauAnalyzerMVA-WWJets/job.dag: STATUS_SUBMITTED stats: [33mSTATUS_SUBMITTED[0m(10) [32mSTATUS_DONE[0m(85) [34mSTATUS_UNREADY[0m(4)
INFO:__main__:/nfs_scratch/fmeng/tmpxBca0CLFVHETauAnalyzerMVA-WWJets/job.dag: STATUS_SUBMITTED stats: [33mSTATUS_SUBMITTED[0m(10) [32mSTATUS_DONE[0m(85) [34mSTATUS_UNREADY[0m(4)
INFO:__main__:/nfs_scratch/fmeng/tmpxBca0CLFVHETauAnalyzerMVA-WWJets/job.dag: STATUS_SUBMITTED stats: [33mSTATUS_SUBMITTED[0m(10) [32mSTATUS_DONE[0m(85) [34mSTATUS_UNREADY[0m(4)
INFO:__main__:/nfs_scratch/fmeng/tmpxBca0CLFVHETauAnalyzerMVA-WWJets/job.dag: STATUS_SUBMITTED stats: [33mSTATUS_SUBMITTED[0m(9) [32mSTATUS_DONE[0m(87) [34mSTATUS_UNREADY[0m(3)
INFO:__main__:/nfs_scratch/fmeng/tmpxBca0CLFVHETauAnalyzerMVA-WWJets/job.dag: STATUS_SUBMITTED stats: [33mSTATUS_SUBMITTED[0m(9) [32mSTATUS_DONE[0m(87) [34mSTATUS_UNREADY[0m(3)
INFO:__main__:/nfs_scratch/fmeng/tmpxBca0CLFVHETauAnalyzerMVA-WWJets/job.dag: STATUS_SUBMITTED stats: [33mSTATUS_SUBMITTED[0m(9) [32mSTATUS_DONE[0m(87) [34mSTATUS_UNREADY[0m(3)
INFO:__main__:/nfs_scratch/fmeng/tmpxBca0CLFVHETauAnalyzerMVA-WWJets/job.dag: STATUS_SUBMITTED stats: [33mSTATUS_SUBMITTED[0m(9) [32mSTATUS_DONE[0m(87) [34mSTATUS_UNREADY[0m(3)
INFO:__main__:/nfs_scratch/fmeng/tmpxBca0CLFVHETauAnalyzerMVA-WWJets/job.dag: STATUS_SUBMITTED stats: [33mSTATUS_SUBMITTED[0m(9) [32mSTATUS_DONE[0m(87) [34mSTATUS_UNREADY[0m(3)
INFO:__main__:/nfs_scratch/fmeng/tmpxBca0CLFVHETauAnalyzerMVA-WWJets/job.dag: STATUS_SUBMITTED stats: [33mSTATUS_SUBMITTED[0m(9) [32mSTATUS_DONE[0m(87) [34mSTATUS_UNREADY[0m(3)
INFO:__main__:/nfs_scratch/fmeng/tmpxBca0CLFVHETauAnalyzerMVA-WWJets/job.dag: STATUS_SUBMITTED stats: [33mSTATUS_SUBMITTED[0m(9) [32mSTATUS_DONE[0m(87) [34mSTATUS_UNREADY[0m(3)
INFO:__main__:/nfs_scratch/fmeng/tmpxBca0CLFVHETauAnalyzerMVA-WWJets/job.dag: STATUS_SUBMITTED stats: [33mSTATUS_SUBMITTED[0m(9) [32mSTATUS_DONE[0m(88) [34mSTATUS_UNREADY[0m(2)
INFO:__main__:/nfs_scratch/fmeng/tmpxBca0CLFVHETauAnalyzerMVA-WWJets/job.dag: STATUS_SUBMITTED stats: [33mSTATUS_SUBMITTED[0m(9) [32mSTATUS_DONE[0m(88) [34mSTATUS_UNREADY[0m(2)
INFO:__main__:/nfs_scratch/fmeng/tmpxBca0CLFVHETauAnalyzerMVA-WWJets/job.dag: STATUS_SUBMITTED stats: [33mSTATUS_SUBMITTED[0m(9) [32mSTATUS_DONE[0m(88) [34mSTATUS_UNREADY[0m(2)
INFO:__main__:/nfs_scratch/fmeng/tmpxBca0CLFVHETauAnalyzerMVA-WWJets/job.dag: STATUS_SUBMITTED stats: [33mSTATUS_SUBMITTED[0m(9) [32mSTATUS_DONE[0m(88) [34mSTATUS_UNREADY[0m(2)
INFO:__main__:/nfs_scratch/fmeng/tmpxBca0CLFVHETauAnalyzerMVA-WWJets/job.dag: STATUS_SUBMITTED stats: [33mSTATUS_SUBMITTED[0m(9) [32mSTATUS_DONE[0m(88) [34mSTATUS_UNREADY[0m(2)
INFO:__main__:/nfs_scratch/fmeng/tmpxBca0CLFVHETauAnalyzerMVA-WWJets/job.dag: STATUS_SUBMITTED stats: [33mSTATUS_SUBMITTED[0m(9) [32mSTATUS_DONE[0m(88) [34mSTATUS_UNREADY[0m(2)
INFO:__main__:/nfs_scratch/fmeng/tmpxBca0CLFVHETauAnalyzerMVA-WWJets/job.dag: STATUS_SUBMITTED stats: [33mSTATUS_SUBMITTED[0m(9) [32mSTATUS_DONE[0m(88) [34mSTATUS_UNREADY[0m(2)
INFO:__main__:/nfs_scratch/fmeng/tmpxBca0CLFVHETauAnalyzerMVA-WWJets/job.dag: STATUS_SUBMITTED stats: [33mSTATUS_SUBMITTED[0m(9) [32mSTATUS_DONE[0m(88) [34mSTATUS_UNREADY[0m(2)
INFO:__main__:/nfs_scratch/fmeng/tmpxBca0CLFVHETauAnalyzerMVA-WWJets/job.dag: STATUS_SUBMITTED stats: [33mSTATUS_SUBMITTED[0m(9) [32mSTATUS_DONE[0m(88) [34mSTATUS_UNREADY[0m(2)
INFO:__main__:/nfs_scratch/fmeng/tmpxBca0CLFVHETauAnalyzerMVA-WWJets/job.dag: STATUS_SUBMITTED stats: [33mSTATUS_SUBMITTED[0m(9) [32mSTATUS_DONE[0m(88) [34mSTATUS_UNREADY[0m(2)
INFO:__main__:/nfs_scratch/fmeng/tmpxBca0CLFVHETauAnalyzerMVA-WWJets/job.dag: STATUS_SUBMITTED stats: [33mSTATUS_SUBMITTED[0m(9) [32mSTATUS_DONE[0m(88) [34mSTATUS_UNREADY[0m(2)
INFO:__main__:/nfs_scratch/fmeng/tmpxBca0CLFVHETauAnalyzerMVA-WWJets/job.dag: STATUS_SUBMITTED stats: [33mSTATUS_SUBMITTED[0m(9) [32mSTATUS_DONE[0m(88) [34mSTATUS_UNREADY[0m(2)
INFO:__main__:/nfs_scratch/fmeng/tmpxBca0CLFVHETauAnalyzerMVA-WWJets/job.dag: STATUS_SUBMITTED stats: [33mSTATUS_SUBMITTED[0m(8) [32mSTATUS_DONE[0m(89) [34mSTATUS_UNREADY[0m(1) [36mSTATUS_READY[0m(1)
INFO:__main__:/nfs_scratch/fmeng/tmpxBca0CLFVHETauAnalyzerMVA-WWJets/job.dag: STATUS_SUBMITTED stats: [33mSTATUS_SUBMITTED[0m(8) [32mSTATUS_DONE[0m(89) [34mSTATUS_UNREADY[0m(1) [36mSTATUS_READY[0m(1)
INFO:__main__:/nfs_scratch/fmeng/tmpxBca0CLFVHETauAnalyzerMVA-WWJets/job.dag: STATUS_SUBMITTED stats: [33mSTATUS_SUBMITTED[0m(8) [32mSTATUS_DONE[0m(89) [34mSTATUS_UNREADY[0m(1) [36mSTATUS_READY[0m(1)
INFO:__main__:/nfs_scratch/fmeng/tmpxBca0CLFVHETauAnalyzerMVA-WWJets/job.dag: STATUS_SUBMITTED stats: [33mSTATUS_SUBMITTED[0m(8) [32mSTATUS_DONE[0m(89) [34mSTATUS_UNREADY[0m(1) [36mSTATUS_READY[0m(1)
INFO:__main__:/nfs_scratch/fmeng/tmpxBca0CLFVHETauAnalyzerMVA-WWJets/job.dag: STATUS_SUBMITTED stats: [33mSTATUS_SUBMITTED[0m(8) [32mSTATUS_DONE[0m(89) [34mSTATUS_UNREADY[0m(1) [36mSTATUS_READY[0m(1)
INFO:__main__:/nfs_scratch/fmeng/tmpxBca0CLFVHETauAnalyzerMVA-WWJets/job.dag: STATUS_SUBMITTED stats: [33mSTATUS_SUBMITTED[0m(8) [32mSTATUS_DONE[0m(89) [34mSTATUS_UNREADY[0m(1) [36mSTATUS_READY[0m(1)
INFO:__main__:/nfs_scratch/fmeng/tmpxBca0CLFVHETauAnalyzerMVA-WWJets/job.dag: STATUS_SUBMITTED stats: [33mSTATUS_SUBMITTED[0m(9) [32mSTATUS_DONE[0m(89) [34mSTATUS_UNREADY[0m(1)
INFO:__main__:/nfs_scratch/fmeng/tmpxBca0CLFVHETauAnalyzerMVA-WWJets/job.dag: STATUS_SUBMITTED stats: [33mSTATUS_SUBMITTED[0m(9) [32mSTATUS_DONE[0m(89) [34mSTATUS_UNREADY[0m(1)
INFO:__main__:/nfs_scratch/fmeng/tmpxBca0CLFVHETauAnalyzerMVA-WWJets/job.dag: STATUS_SUBMITTED stats: [33mSTATUS_SUBMITTED[0m(9) [32mSTATUS_DONE[0m(89) [34mSTATUS_UNREADY[0m(1)
INFO:__main__:/nfs_scratch/fmeng/tmpxBca0CLFVHETauAnalyzerMVA-WWJets/job.dag: STATUS_SUBMITTED stats: [33mSTATUS_SUBMITTED[0m(9) [32mSTATUS_DONE[0m(89) [34mSTATUS_UNREADY[0m(1)
INFO:__main__:/nfs_scratch/fmeng/tmpxBca0CLFVHETauAnalyzerMVA-WWJets/job.dag: STATUS_SUBMITTED stats: [33mSTATUS_SUBMITTED[0m(9) [32mSTATUS_DONE[0m(89) [34mSTATUS_UNREADY[0m(1)
INFO:__main__:/nfs_scratch/fmeng/tmpxBca0CLFVHETauAnalyzerMVA-WWJets/job.dag: STATUS_SUBMITTED stats: [33mSTATUS_SUBMITTED[0m(9) [32mSTATUS_DONE[0m(89) [34mSTATUS_UNREADY[0m(1)
INFO:__main__:/nfs_scratch/fmeng/tmpxBca0CLFVHETauAnalyzerMVA-WWJets/job.dag: STATUS_SUBMITTED stats: [33mSTATUS_SUBMITTED[0m(9) [32mSTATUS_DONE[0m(89) [34mSTATUS_UNREADY[0m(1)
INFO:__main__:/nfs_scratch/fmeng/tmpxBca0CLFVHETauAnalyzerMVA-WWJets/job.dag: STATUS_SUBMITTED stats: [33mSTATUS_SUBMITTED[0m(9) [32mSTATUS_DONE[0m(89) [34mSTATUS_UNREADY[0m(1)
INFO:__main__:/nfs_scratch/fmeng/tmpxBca0CLFVHETauAnalyzerMVA-WWJets/job.dag: STATUS_SUBMITTED stats: [33mSTATUS_SUBMITTED[0m(9) [32mSTATUS_DONE[0m(89) [34mSTATUS_UNREADY[0m(1)
INFO:__main__:/nfs_scratch/fmeng/tmpxBca0CLFVHETauAnalyzerMVA-WWJets/job.dag: STATUS_SUBMITTED stats: [33mSTATUS_SUBMITTED[0m(9) [32mSTATUS_DONE[0m(89) [34mSTATUS_UNREADY[0m(1)
INFO:__main__:/nfs_scratch/fmeng/tmpxBca0CLFVHETauAnalyzerMVA-WWJets/job.dag: STATUS_SUBMITTED stats: [33mSTATUS_SUBMITTED[0m(9) [32mSTATUS_DONE[0m(89) [34mSTATUS_UNREADY[0m(1)
INFO:__main__:/nfs_scratch/fmeng/tmpxBca0CLFVHETauAnalyzerMVA-WWJets/job.dag: STATUS_SUBMITTED stats: [33mSTATUS_SUBMITTED[0m(9) [32mSTATUS_DONE[0m(89) [34mSTATUS_UNREADY[0m(1)
INFO:__main__:/nfs_scratch/fmeng/tmpxBca0CLFVHETauAnalyzerMVA-WWJets/job.dag: STATUS_SUBMITTED stats: [33mSTATUS_SUBMITTED[0m(9) [32mSTATUS_DONE[0m(89) [34mSTATUS_UNREADY[0m(1)
INFO:__main__:/nfs_scratch/fmeng/tmpxBca0CLFVHETauAnalyzerMVA-WWJets/job.dag: STATUS_SUBMITTED stats: [33mSTATUS_SUBMITTED[0m(9) [32mSTATUS_DONE[0m(89) [34mSTATUS_UNREADY[0m(1)
INFO:__main__:/nfs_scratch/fmeng/tmpxBca0CLFVHETauAnalyzerMVA-WWJets/job.dag: STATUS_SUBMITTED stats: [33mSTATUS_SUBMITTED[0m(9) [32mSTATUS_DONE[0m(89) [34mSTATUS_UNREADY[0m(1)
INFO:__main__:/nfs_scratch/fmeng/tmpxBca0CLFVHETauAnalyzerMVA-WWJets/job.dag: STATUS_SUBMITTED stats: [33mSTATUS_SUBMITTED[0m(9) [32mSTATUS_DONE[0m(89) [34mSTATUS_UNREADY[0m(1)
INFO:__main__:/nfs_scratch/fmeng/tmpxBca0CLFVHETauAnalyzerMVA-WWJets/job.dag: STATUS_SUBMITTED stats: [33mSTATUS_SUBMITTED[0m(9) [32mSTATUS_DONE[0m(89) [34mSTATUS_UNREADY[0m(1)
INFO:__main__:/nfs_scratch/fmeng/tmpxBca0CLFVHETauAnalyzerMVA-WWJets/job.dag: STATUS_SUBMITTED stats: [33mSTATUS_SUBMITTED[0m(9) [32mSTATUS_DONE[0m(89) [34mSTATUS_UNREADY[0m(1)
INFO:__main__:/nfs_scratch/fmeng/tmpxBca0CLFVHETauAnalyzerMVA-WWJets/job.dag: STATUS_SUBMITTED stats: [33mSTATUS_SUBMITTED[0m(9) [32mSTATUS_DONE[0m(89) [34mSTATUS_UNREADY[0m(1)
INFO:__main__:/nfs_scratch/fmeng/tmpxBca0CLFVHETauAnalyzerMVA-WWJets/job.dag: STATUS_SUBMITTED stats: [33mSTATUS_SUBMITTED[0m(9) [32mSTATUS_DONE[0m(89) [34mSTATUS_UNREADY[0m(1)
INFO:__main__:/nfs_scratch/fmeng/tmpxBca0CLFVHETauAnalyzerMVA-WWJets/job.dag: STATUS_SUBMITTED stats: [33mSTATUS_SUBMITTED[0m(9) [32mSTATUS_DONE[0m(89) [34mSTATUS_UNREADY[0m(1)
INFO:__main__:/nfs_scratch/fmeng/tmpxBca0CLFVHETauAnalyzerMVA-WWJets/job.dag: STATUS_SUBMITTED stats: [33mSTATUS_SUBMITTED[0m(9) [32mSTATUS_DONE[0m(89) [34mSTATUS_UNREADY[0m(1)
INFO:__main__:/nfs_scratch/fmeng/tmpxBca0CLFVHETauAnalyzerMVA-WWJets/job.dag: STATUS_SUBMITTED stats: [33mSTATUS_SUBMITTED[0m(9) [32mSTATUS_DONE[0m(89) [34mSTATUS_UNREADY[0m(1)
INFO:__main__:/nfs_scratch/fmeng/tmpxBca0CLFVHETauAnalyzerMVA-WWJets/job.dag: STATUS_SUBMITTED stats: [33mSTATUS_SUBMITTED[0m(9) [32mSTATUS_DONE[0m(89) [34mSTATUS_UNREADY[0m(1)
INFO:__main__:/nfs_scratch/fmeng/tmpxBca0CLFVHETauAnalyzerMVA-WWJets/job.dag: STATUS_SUBMITTED stats: [33mSTATUS_SUBMITTED[0m(9) [32mSTATUS_DONE[0m(89) [34mSTATUS_UNREADY[0m(1)
INFO:__main__:/nfs_scratch/fmeng/tmpxBca0CLFVHETauAnalyzerMVA-WWJets/job.dag: STATUS_SUBMITTED stats: [33mSTATUS_SUBMITTED[0m(9) [32mSTATUS_DONE[0m(89) [34mSTATUS_UNREADY[0m(1)
INFO:__main__:/nfs_scratch/fmeng/tmpxBca0CLFVHETauAnalyzerMVA-WWJets/job.dag: STATUS_SUBMITTED stats: [33mSTATUS_SUBMITTED[0m(9) [32mSTATUS_DONE[0m(89) [34mSTATUS_UNREADY[0m(1)
INFO:__main__:/nfs_scratch/fmeng/tmpxBca0CLFVHETauAnalyzerMVA-WWJets/job.dag: STATUS_SUBMITTED stats: [33mSTATUS_SUBMITTED[0m(9) [32mSTATUS_DONE[0m(89) [34mSTATUS_UNREADY[0m(1)
INFO:__main__:/nfs_scratch/fmeng/tmpxBca0CLFVHETauAnalyzerMVA-WWJets/job.dag: STATUS_SUBMITTED stats: [33mSTATUS_SUBMITTED[0m(9) [32mSTATUS_DONE[0m(89) [34mSTATUS_UNREADY[0m(1)
INFO:__main__:/nfs_scratch/fmeng/tmpxBca0CLFVHETauAnalyzerMVA-WWJets/job.dag: STATUS_SUBMITTED stats: [33mSTATUS_SUBMITTED[0m(9) [32mSTATUS_DONE[0m(89) [34mSTATUS_UNREADY[0m(1)
INFO:__main__:/nfs_scratch/fmeng/tmpxBca0CLFVHETauAnalyzerMVA-WWJets/job.dag: STATUS_SUBMITTED stats: [33mSTATUS_SUBMITTED[0m(9) [32mSTATUS_DONE[0m(89) [34mSTATUS_UNREADY[0m(1)
INFO:__main__:/nfs_scratch/fmeng/tmpxBca0CLFVHETauAnalyzerMVA-WWJets/job.dag: STATUS_SUBMITTED stats: [33mSTATUS_SUBMITTED[0m(9) [32mSTATUS_DONE[0m(89) [34mSTATUS_UNREADY[0m(1)
INFO:__main__:/nfs_scratch/fmeng/tmpxBca0CLFVHETauAnalyzerMVA-WWJets/job.dag: STATUS_SUBMITTED stats: [33mSTATUS_SUBMITTED[0m(9) [32mSTATUS_DONE[0m(89) [34mSTATUS_UNREADY[0m(1)
INFO:__main__:/nfs_scratch/fmeng/tmpxBca0CLFVHETauAnalyzerMVA-WWJets/job.dag: STATUS_SUBMITTED stats: [33mSTATUS_SUBMITTED[0m(9) [32mSTATUS_DONE[0m(89) [34mSTATUS_UNREADY[0m(1)
INFO:__main__:/nfs_scratch/fmeng/tmpxBca0CLFVHETauAnalyzerMVA-WWJets/job.dag: STATUS_SUBMITTED stats: [33mSTATUS_SUBMITTED[0m(9) [32mSTATUS_DONE[0m(89) [34mSTATUS_UNREADY[0m(1)
INFO:__main__:/nfs_scratch/fmeng/tmpxBca0CLFVHETauAnalyzerMVA-WWJets/job.dag: STATUS_SUBMITTED stats: [33mSTATUS_SUBMITTED[0m(9) [32mSTATUS_DONE[0m(89) [34mSTATUS_UNREADY[0m(1)
INFO:__main__:/nfs_scratch/fmeng/tmpxBca0CLFVHETauAnalyzerMVA-WWJets/job.dag: STATUS_SUBMITTED stats: [33mSTATUS_SUBMITTED[0m(9) [32mSTATUS_DONE[0m(89) [34mSTATUS_UNREADY[0m(1)
INFO:__main__:/nfs_scratch/fmeng/tmpxBca0CLFVHETauAnalyzerMVA-WWJets/job.dag: STATUS_SUBMITTED stats: [33mSTATUS_SUBMITTED[0m(9) [32mSTATUS_DONE[0m(89) [34mSTATUS_UNREADY[0m(1)
INFO:__main__:/nfs_scratch/fmeng/tmpxBca0CLFVHETauAnalyzerMVA-WWJets/job.dag: STATUS_SUBMITTED stats: [33mSTATUS_SUBMITTED[0m(9) [32mSTATUS_DONE[0m(89) [34mSTATUS_UNREADY[0m(1)
INFO:__main__:/nfs_scratch/fmeng/tmpxBca0CLFVHETauAnalyzerMVA-WWJets/job.dag: STATUS_SUBMITTED stats: [33mSTATUS_SUBMITTED[0m(9) [32mSTATUS_DONE[0m(89) [34mSTATUS_UNREADY[0m(1)
INFO:__main__:/nfs_scratch/fmeng/tmpxBca0CLFVHETauAnalyzerMVA-WWJets/job.dag: STATUS_SUBMITTED stats: [33mSTATUS_SUBMITTED[0m(9) [32mSTATUS_DONE[0m(89) [34mSTATUS_UNREADY[0m(1)
INFO:__main__:/nfs_scratch/fmeng/tmpxBca0CLFVHETauAnalyzerMVA-WWJets/job.dag: STATUS_SUBMITTED stats: [33mSTATUS_SUBMITTED[0m(9) [32mSTATUS_DONE[0m(89) [34mSTATUS_UNREADY[0m(1)
INFO:__main__:/nfs_scratch/fmeng/tmpxBca0CLFVHETauAnalyzerMVA-WWJets/job.dag: STATUS_SUBMITTED stats: [33mSTATUS_SUBMITTED[0m(9) [32mSTATUS_DONE[0m(89) [34mSTATUS_UNREADY[0m(1)
INFO:__main__:/nfs_scratch/fmeng/tmpxBca0CLFVHETauAnalyzerMVA-WWJets/job.dag: STATUS_SUBMITTED stats: [33mSTATUS_SUBMITTED[0m(9) [32mSTATUS_DONE[0m(89) [34mSTATUS_UNREADY[0m(1)
INFO:__main__:/nfs_scratch/fmeng/tmpxBca0CLFVHETauAnalyzerMVA-WWJets/job.dag: STATUS_SUBMITTED stats: [33mSTATUS_SUBMITTED[0m(9) [32mSTATUS_DONE[0m(89) [34mSTATUS_UNREADY[0m(1)
INFO:__main__:/nfs_scratch/fmeng/tmpxBca0CLFVHETauAnalyzerMVA-WWJets/job.dag: STATUS_SUBMITTED stats: [33mSTATUS_SUBMITTED[0m(9) [32mSTATUS_DONE[0m(89) [34mSTATUS_UNREADY[0m(1)
INFO:__main__:/nfs_scratch/fmeng/tmpxBca0CLFVHETauAnalyzerMVA-WWJets/job.dag: STATUS_SUBMITTED stats: [33mSTATUS_SUBMITTED[0m(9) [32mSTATUS_DONE[0m(89) [34mSTATUS_UNREADY[0m(1)
INFO:__main__:/nfs_scratch/fmeng/tmpxBca0CLFVHETauAnalyzerMVA-WWJets/job.dag: STATUS_SUBMITTED stats: [33mSTATUS_SUBMITTED[0m(9) [32mSTATUS_DONE[0m(89) [34mSTATUS_UNREADY[0m(1)
INFO:__main__:/nfs_scratch/fmeng/tmpxBca0CLFVHETauAnalyzerMVA-WWJets/job.dag: STATUS_SUBMITTED stats: [33mSTATUS_SUBMITTED[0m(9) [32mSTATUS_DONE[0m(89) [34mSTATUS_UNREADY[0m(1)
INFO:__main__:/nfs_scratch/fmeng/tmpxBca0CLFVHETauAnalyzerMVA-WWJets/job.dag: STATUS_SUBMITTED stats: [33mSTATUS_SUBMITTED[0m(9) [32mSTATUS_DONE[0m(89) [34mSTATUS_UNREADY[0m(1)
INFO:__main__:/nfs_scratch/fmeng/tmpxBca0CLFVHETauAnalyzerMVA-WWJets/job.dag: STATUS_SUBMITTED stats: [33mSTATUS_SUBMITTED[0m(9) [32mSTATUS_DONE[0m(89) [34mSTATUS_UNREADY[0m(1)
INFO:__main__:/nfs_scratch/fmeng/tmpxBca0CLFVHETauAnalyzerMVA-WWJets/job.dag: STATUS_SUBMITTED stats: [33mSTATUS_SUBMITTED[0m(9) [32mSTATUS_DONE[0m(89) [34mSTATUS_UNREADY[0m(1)
INFO:__main__:/nfs_scratch/fmeng/tmpxBca0CLFVHETauAnalyzerMVA-WWJets/job.dag: STATUS_SUBMITTED stats: [33mSTATUS_SUBMITTED[0m(9) [32mSTATUS_DONE[0m(89) [34mSTATUS_UNREADY[0m(1)
INFO:__main__:/nfs_scratch/fmeng/tmpxBca0CLFVHETauAnalyzerMVA-WWJets/job.dag: STATUS_SUBMITTED stats: [33mSTATUS_SUBMITTED[0m(9) [32mSTATUS_DONE[0m(89) [34mSTATUS_UNREADY[0m(1)
INFO:__main__:/nfs_scratch/fmeng/tmpxBca0CLFVHETauAnalyzerMVA-WWJets/job.dag: STATUS_SUBMITTED stats: [33mSTATUS_SUBMITTED[0m(9) [32mSTATUS_DONE[0m(89) [34mSTATUS_UNREADY[0m(1)
INFO:__main__:/nfs_scratch/fmeng/tmpxBca0CLFVHETauAnalyzerMVA-WWJets/job.dag: STATUS_SUBMITTED stats: [33mSTATUS_SUBMITTED[0m(9) [32mSTATUS_DONE[0m(89) [34mSTATUS_UNREADY[0m(1)
INFO:__main__:/nfs_scratch/fmeng/tmpxBca0CLFVHETauAnalyzerMVA-WWJets/job.dag: STATUS_SUBMITTED stats: [33mSTATUS_SUBMITTED[0m(9) [32mSTATUS_DONE[0m(89) [34mSTATUS_UNREADY[0m(1)
INFO:__main__:/nfs_scratch/fmeng/tmpxBca0CLFVHETauAnalyzerMVA-WWJets/job.dag: STATUS_SUBMITTED stats: [33mSTATUS_SUBMITTED[0m(9) [32mSTATUS_DONE[0m(89) [34mSTATUS_UNREADY[0m(1)
INFO:__main__:/nfs_scratch/fmeng/tmpxBca0CLFVHETauAnalyzerMVA-WWJets/job.dag: STATUS_SUBMITTED stats: [33mSTATUS_SUBMITTED[0m(9) [32mSTATUS_DONE[0m(89) [34mSTATUS_UNREADY[0m(1)
INFO:__main__:/nfs_scratch/fmeng/tmpxBca0CLFVHETauAnalyzerMVA-WWJets/job.dag: STATUS_SUBMITTED stats: [33mSTATUS_SUBMITTED[0m(9) [32mSTATUS_DONE[0m(89) [34mSTATUS_UNREADY[0m(1)
INFO:__main__:/nfs_scratch/fmeng/tmpxBca0CLFVHETauAnalyzerMVA-WWJets/job.dag: STATUS_SUBMITTED stats: [33mSTATUS_SUBMITTED[0m(9) [32mSTATUS_DONE[0m(89) [34mSTATUS_UNREADY[0m(1)
INFO:__main__:/nfs_scratch/fmeng/tmpxBca0CLFVHETauAnalyzerMVA-WWJets/job.dag: STATUS_SUBMITTED stats: [33mSTATUS_SUBMITTED[0m(9) [32mSTATUS_DONE[0m(89) [34mSTATUS_UNREADY[0m(1)
INFO:__main__:/nfs_scratch/fmeng/tmpxBca0CLFVHETauAnalyzerMVA-WWJets/job.dag: STATUS_SUBMITTED stats: [33mSTATUS_SUBMITTED[0m(9) [32mSTATUS_DONE[0m(89) [34mSTATUS_UNREADY[0m(1)
INFO:__main__:/nfs_scratch/fmeng/tmpxBca0CLFVHETauAnalyzerMVA-WWJets/job.dag: STATUS_SUBMITTED stats: [33mSTATUS_SUBMITTED[0m(9) [32mSTATUS_DONE[0m(89) [34mSTATUS_UNREADY[0m(1)
INFO:__main__:/nfs_scratch/fmeng/tmpxBca0CLFVHETauAnalyzerMVA-WWJets/job.dag: STATUS_SUBMITTED stats: [33mSTATUS_SUBMITTED[0m(9) [32mSTATUS_DONE[0m(89) [34mSTATUS_UNREADY[0m(1)
INFO:__main__:/nfs_scratch/fmeng/tmpxBca0CLFVHETauAnalyzerMVA-WWJets/job.dag: STATUS_SUBMITTED stats: [33mSTATUS_SUBMITTED[0m(9) [32mSTATUS_DONE[0m(89) [34mSTATUS_UNREADY[0m(1)
INFO:__main__:/nfs_scratch/fmeng/tmpxBca0CLFVHETauAnalyzerMVA-WWJets/job.dag: STATUS_SUBMITTED stats: [33mSTATUS_SUBMITTED[0m(9) [32mSTATUS_DONE[0m(89) [34mSTATUS_UNREADY[0m(1)
INFO:__main__:/nfs_scratch/fmeng/tmpxBca0CLFVHETauAnalyzerMVA-WWJets/job.dag: STATUS_SUBMITTED stats: [33mSTATUS_SUBMITTED[0m(9) [32mSTATUS_DONE[0m(89) [34mSTATUS_UNREADY[0m(1)
INFO:__main__:/nfs_scratch/fmeng/tmpxBca0CLFVHETauAnalyzerMVA-WWJets/job.dag: STATUS_SUBMITTED stats: [33mSTATUS_SUBMITTED[0m(9) [32mSTATUS_DONE[0m(89) [34mSTATUS_UNREADY[0m(1)
INFO:__main__:/nfs_scratch/fmeng/tmpxBca0CLFVHETauAnalyzerMVA-WWJets/job.dag: STATUS_SUBMITTED stats: [33mSTATUS_SUBMITTED[0m(9) [32mSTATUS_DONE[0m(89) [34mSTATUS_UNREADY[0m(1)
INFO:__main__:/nfs_scratch/fmeng/tmpxBca0CLFVHETauAnalyzerMVA-WWJets/job.dag: STATUS_SUBMITTED stats: [33mSTATUS_SUBMITTED[0m(9) [32mSTATUS_DONE[0m(89) [34mSTATUS_UNREADY[0m(1)
INFO:__main__:/nfs_scratch/fmeng/tmpxBca0CLFVHETauAnalyzerMVA-WWJets/job.dag: STATUS_SUBMITTED stats: [33mSTATUS_SUBMITTED[0m(9) [32mSTATUS_DONE[0m(89) [34mSTATUS_UNREADY[0m(1)
INFO:__main__:/nfs_scratch/fmeng/tmpxBca0CLFVHETauAnalyzerMVA-WWJets/job.dag: STATUS_SUBMITTED stats: [33mSTATUS_SUBMITTED[0m(9) [32mSTATUS_DONE[0m(89) [34mSTATUS_UNREADY[0m(1)
INFO:__main__:/nfs_scratch/fmeng/tmpxBca0CLFVHETauAnalyzerMVA-WWJets/job.dag: STATUS_SUBMITTED stats: [33mSTATUS_SUBMITTED[0m(9) [32mSTATUS_DONE[0m(89) [34mSTATUS_UNREADY[0m(1)
INFO:__main__:/nfs_scratch/fmeng/tmpxBca0CLFVHETauAnalyzerMVA-WWJets/job.dag: STATUS_SUBMITTED stats: [33mSTATUS_SUBMITTED[0m(9) [32mSTATUS_DONE[0m(89) [34mSTATUS_UNREADY[0m(1)
INFO:__main__:/nfs_scratch/fmeng/tmpxBca0CLFVHETauAnalyzerMVA-WWJets/job.dag: STATUS_SUBMITTED stats: [33mSTATUS_SUBMITTED[0m(9) [32mSTATUS_DONE[0m(89) [34mSTATUS_UNREADY[0m(1)
INFO:__main__:/nfs_scratch/fmeng/tmpxBca0CLFVHETauAnalyzerMVA-WWJets/job.dag: STATUS_SUBMITTED stats: [33mSTATUS_SUBMITTED[0m(9) [32mSTATUS_DONE[0m(89) [34mSTATUS_UNREADY[0m(1)
INFO:__main__:/nfs_scratch/fmeng/tmpxBca0CLFVHETauAnalyzerMVA-WWJets/job.dag: STATUS_SUBMITTED stats: [33mSTATUS_SUBMITTED[0m(9) [32mSTATUS_DONE[0m(89) [34mSTATUS_UNREADY[0m(1)
INFO:__main__:/nfs_scratch/fmeng/tmpxBca0CLFVHETauAnalyzerMVA-WWJets/job.dag: STATUS_SUBMITTED stats: [33mSTATUS_SUBMITTED[0m(9) [32mSTATUS_DONE[0m(89) [34mSTATUS_UNREADY[0m(1)
INFO:__main__:/nfs_scratch/fmeng/tmpxBca0CLFVHETauAnalyzerMVA-WWJets/job.dag: STATUS_SUBMITTED stats: [33mSTATUS_SUBMITTED[0m(9) [32mSTATUS_DONE[0m(89) [34mSTATUS_UNREADY[0m(1)
INFO:__main__:/nfs_scratch/fmeng/tmpxBca0CLFVHETauAnalyzerMVA-WWJets/job.dag: STATUS_SUBMITTED stats: [33mSTATUS_SUBMITTED[0m(9) [32mSTATUS_DONE[0m(89) [34mSTATUS_UNREADY[0m(1)
INFO:__main__:/nfs_scratch/fmeng/tmpxBca0CLFVHETauAnalyzerMVA-WWJets/job.dag: STATUS_SUBMITTED stats: [33mSTATUS_SUBMITTED[0m(9) [32mSTATUS_DONE[0m(89) [34mSTATUS_UNREADY[0m(1)
INFO:__main__:/nfs_scratch/fmeng/tmpxBca0CLFVHETauAnalyzerMVA-WWJets/job.dag: STATUS_SUBMITTED stats: [33mSTATUS_SUBMITTED[0m(9) [32mSTATUS_DONE[0m(89) [34mSTATUS_UNREADY[0m(1)
INFO:__main__:/nfs_scratch/fmeng/tmpxBca0CLFVHETauAnalyzerMVA-WWJets/job.dag: STATUS_SUBMITTED stats: [33mSTATUS_SUBMITTED[0m(9) [32mSTATUS_DONE[0m(89) [34mSTATUS_UNREADY[0m(1)
INFO:__main__:/nfs_scratch/fmeng/tmpxBca0CLFVHETauAnalyzerMVA-WWJets/job.dag: STATUS_SUBMITTED stats: [33mSTATUS_SUBMITTED[0m(9) [32mSTATUS_DONE[0m(89) [34mSTATUS_UNREADY[0m(1)
INFO:__main__:/nfs_scratch/fmeng/tmpxBca0CLFVHETauAnalyzerMVA-WWJets/job.dag: STATUS_SUBMITTED stats: [33mSTATUS_SUBMITTED[0m(9) [32mSTATUS_DONE[0m(89) [34mSTATUS_UNREADY[0m(1)
INFO:__main__:/nfs_scratch/fmeng/tmpxBca0CLFVHETauAnalyzerMVA-WWJets/job.dag: STATUS_SUBMITTED stats: [33mSTATUS_SUBMITTED[0m(9) [32mSTATUS_DONE[0m(89) [34mSTATUS_UNREADY[0m(1)
INFO:__main__:/nfs_scratch/fmeng/tmpxBca0CLFVHETauAnalyzerMVA-WWJets/job.dag: STATUS_SUBMITTED stats: [33mSTATUS_SUBMITTED[0m(9) [32mSTATUS_DONE[0m(89) [34mSTATUS_UNREADY[0m(1)
INFO:__main__:/nfs_scratch/fmeng/tmpxBca0CLFVHETauAnalyzerMVA-WWJets/job.dag: STATUS_SUBMITTED stats: [33mSTATUS_SUBMITTED[0m(9) [32mSTATUS_DONE[0m(89) [34mSTATUS_UNREADY[0m(1)
INFO:__main__:/nfs_scratch/fmeng/tmpxBca0CLFVHETauAnalyzerMVA-WWJets/job.dag: STATUS_SUBMITTED stats: [33mSTATUS_SUBMITTED[0m(9) [32mSTATUS_DONE[0m(89) [34mSTATUS_UNREADY[0m(1)
INFO:__main__:/nfs_scratch/fmeng/tmpxBca0CLFVHETauAnalyzerMVA-WWJets/job.dag: STATUS_SUBMITTED stats: [33mSTATUS_SUBMITTED[0m(9) [32mSTATUS_DONE[0m(89) [34mSTATUS_UNREADY[0m(1)
INFO:__main__:/nfs_scratch/fmeng/tmpxBca0CLFVHETauAnalyzerMVA-WWJets/job.dag: STATUS_SUBMITTED stats: [33mSTATUS_SUBMITTED[0m(9) [32mSTATUS_DONE[0m(89) [34mSTATUS_UNREADY[0m(1)
INFO:__main__:/nfs_scratch/fmeng/tmpxBca0CLFVHETauAnalyzerMVA-WWJets/job.dag: STATUS_SUBMITTED stats: [33mSTATUS_SUBMITTED[0m(9) [32mSTATUS_DONE[0m(89) [34mSTATUS_UNREADY[0m(1)
INFO:__main__:/nfs_scratch/fmeng/tmpxBca0CLFVHETauAnalyzerMVA-WWJets/job.dag: STATUS_SUBMITTED stats: [33mSTATUS_SUBMITTED[0m(9) [32mSTATUS_DONE[0m(89) [34mSTATUS_UNREADY[0m(1)
INFO:__main__:/nfs_scratch/fmeng/tmpxBca0CLFVHETauAnalyzerMVA-WWJets/job.dag: STATUS_SUBMITTED stats: [33mSTATUS_SUBMITTED[0m(9) [32mSTATUS_DONE[0m(89) [34mSTATUS_UNREADY[0m(1)
INFO:__main__:/nfs_scratch/fmeng/tmpxBca0CLFVHETauAnalyzerMVA-WWJets/job.dag: STATUS_SUBMITTED stats: [33mSTATUS_SUBMITTED[0m(9) [32mSTATUS_DONE[0m(89) [34mSTATUS_UNREADY[0m(1)
INFO:__main__:/nfs_scratch/fmeng/tmpxBca0CLFVHETauAnalyzerMVA-WWJets/job.dag: STATUS_SUBMITTED stats: [33mSTATUS_SUBMITTED[0m(9) [32mSTATUS_DONE[0m(89) [34mSTATUS_UNREADY[0m(1)
INFO:__main__:/nfs_scratch/fmeng/tmpxBca0CLFVHETauAnalyzerMVA-WWJets/job.dag: STATUS_SUBMITTED stats: [33mSTATUS_SUBMITTED[0m(9) [32mSTATUS_DONE[0m(89) [34mSTATUS_UNREADY[0m(1)
INFO:__main__:/nfs_scratch/fmeng/tmpxBca0CLFVHETauAnalyzerMVA-WWJets/job.dag: STATUS_SUBMITTED stats: [33mSTATUS_SUBMITTED[0m(9) [32mSTATUS_DONE[0m(89) [34mSTATUS_UNREADY[0m(1)
INFO:__main__:/nfs_scratch/fmeng/tmpxBca0CLFVHETauAnalyzerMVA-WWJets/job.dag: STATUS_SUBMITTED stats: [33mSTATUS_SUBMITTED[0m(9) [32mSTATUS_DONE[0m(89) [34mSTATUS_UNREADY[0m(1)
INFO:__main__:/nfs_scratch/fmeng/tmpxBca0CLFVHETauAnalyzerMVA-WWJets/job.dag: STATUS_SUBMITTED stats: [33mSTATUS_SUBMITTED[0m(9) [32mSTATUS_DONE[0m(89) [34mSTATUS_UNREADY[0m(1)
INFO:__main__:/nfs_scratch/fmeng/tmpxBca0CLFVHETauAnalyzerMVA-WWJets/job.dag: STATUS_SUBMITTED stats: [33mSTATUS_SUBMITTED[0m(9) [32mSTATUS_DONE[0m(89) [34mSTATUS_UNREADY[0m(1)
INFO:__main__:/nfs_scratch/fmeng/tmpxBca0CLFVHETauAnalyzerMVA-WWJets/job.dag: STATUS_SUBMITTED stats: [33mSTATUS_SUBMITTED[0m(9) [32mSTATUS_DONE[0m(89) [34mSTATUS_UNREADY[0m(1)
INFO:__main__:/nfs_scratch/fmeng/tmpxBca0CLFVHETauAnalyzerMVA-WWJets/job.dag: STATUS_SUBMITTED stats: [33mSTATUS_SUBMITTED[0m(9) [32mSTATUS_DONE[0m(89) [34mSTATUS_UNREADY[0m(1)
INFO:__main__:/nfs_scratch/fmeng/tmpxBca0CLFVHETauAnalyzerMVA-WWJets/job.dag: STATUS_SUBMITTED stats: [33mSTATUS_SUBMITTED[0m(9) [32mSTATUS_DONE[0m(89) [34mSTATUS_UNREADY[0m(1)
INFO:__main__:/nfs_scratch/fmeng/tmpxBca0CLFVHETauAnalyzerMVA-WWJets/job.dag: STATUS_SUBMITTED stats: [33mSTATUS_SUBMITTED[0m(9) [32mSTATUS_DONE[0m(89) [34mSTATUS_UNREADY[0m(1)
INFO:__main__:/nfs_scratch/fmeng/tmpxBca0CLFVHETauAnalyzerMVA-WWJets/job.dag: STATUS_SUBMITTED stats: [33mSTATUS_SUBMITTED[0m(9) [32mSTATUS_DONE[0m(89) [34mSTATUS_UNREADY[0m(1)
INFO:__main__:/nfs_scratch/fmeng/tmpxBca0CLFVHETauAnalyzerMVA-WWJets/job.dag: STATUS_SUBMITTED stats: [33mSTATUS_SUBMITTED[0m(9) [32mSTATUS_DONE[0m(89) [34mSTATUS_UNREADY[0m(1)
INFO:__main__:/nfs_scratch/fmeng/tmpxBca0CLFVHETauAnalyzerMVA-WWJets/job.dag: STATUS_SUBMITTED stats: [33mSTATUS_SUBMITTED[0m(9) [32mSTATUS_DONE[0m(89) [34mSTATUS_UNREADY[0m(1)
INFO:__main__:/nfs_scratch/fmeng/tmpxBca0CLFVHETauAnalyzerMVA-WWJets/job.dag: STATUS_SUBMITTED stats: [33mSTATUS_SUBMITTED[0m(9) [32mSTATUS_DONE[0m(89) [34mSTATUS_UNREADY[0m(1)
INFO:__main__:/nfs_scratch/fmeng/tmpxBca0CLFVHETauAnalyzerMVA-WWJets/job.dag: STATUS_SUBMITTED stats: [33mSTATUS_SUBMITTED[0m(9) [32mSTATUS_DONE[0m(89) [34mSTATUS_UNREADY[0m(1)
INFO:__main__:/nfs_scratch/fmeng/tmpxBca0CLFVHETauAnalyzerMVA-WWJets/job.dag: STATUS_SUBMITTED stats: [33mSTATUS_SUBMITTED[0m(9) [32mSTATUS_DONE[0m(89) [34mSTATUS_UNREADY[0m(1)
INFO:__main__:/nfs_scratch/fmeng/tmpxBca0CLFVHETauAnalyzerMVA-WWJets/job.dag: STATUS_SUBMITTED stats: [33mSTATUS_SUBMITTED[0m(9) [32mSTATUS_DONE[0m(89) [34mSTATUS_UNREADY[0m(1)
INFO:__main__:/nfs_scratch/fmeng/tmpxBca0CLFVHETauAnalyzerMVA-WWJets/job.dag: STATUS_SUBMITTED stats: [33mSTATUS_SUBMITTED[0m(9) [32mSTATUS_DONE[0m(89) [34mSTATUS_UNREADY[0m(1)
INFO:__main__:/nfs_scratch/fmeng/tmpxBca0CLFVHETauAnalyzerMVA-WWJets/job.dag: STATUS_SUBMITTED stats: [33mSTATUS_SUBMITTED[0m(9) [32mSTATUS_DONE[0m(89) [34mSTATUS_UNREADY[0m(1)
INFO:__main__:/nfs_scratch/fmeng/tmpxBca0CLFVHETauAnalyzerMVA-WWJets/job.dag: STATUS_SUBMITTED stats: [33mSTATUS_SUBMITTED[0m(9) [32mSTATUS_DONE[0m(89) [34mSTATUS_UNREADY[0m(1)
INFO:__main__:/nfs_scratch/fmeng/tmpxBca0CLFVHETauAnalyzerMVA-WWJets/job.dag: STATUS_SUBMITTED stats: [33mSTATUS_SUBMITTED[0m(9) [32mSTATUS_DONE[0m(89) [34mSTATUS_UNREADY[0m(1)
INFO:__main__:/nfs_scratch/fmeng/tmpxBca0CLFVHETauAnalyzerMVA-WWJets/job.dag: STATUS_SUBMITTED stats: [33mSTATUS_SUBMITTED[0m(9) [32mSTATUS_DONE[0m(89) [34mSTATUS_UNREADY[0m(1)
INFO:__main__:/nfs_scratch/fmeng/tmpxBca0CLFVHETauAnalyzerMVA-WWJets/job.dag: STATUS_SUBMITTED stats: [33mSTATUS_SUBMITTED[0m(9) [32mSTATUS_DONE[0m(89) [34mSTATUS_UNREADY[0m(1)
INFO:__main__:/nfs_scratch/fmeng/tmpxBca0CLFVHETauAnalyzerMVA-WWJets/job.dag: STATUS_SUBMITTED stats: [33mSTATUS_SUBMITTED[0m(9) [32mSTATUS_DONE[0m(89) [34mSTATUS_UNREADY[0m(1)
INFO:__main__:/nfs_scratch/fmeng/tmpxBca0CLFVHETauAnalyzerMVA-WWJets/job.dag: STATUS_SUBMITTED stats: [33mSTATUS_SUBMITTED[0m(9) [32mSTATUS_DONE[0m(89) [34mSTATUS_UNREADY[0m(1)
INFO:__main__:/nfs_scratch/fmeng/tmpxBca0CLFVHETauAnalyzerMVA-WWJets/job.dag: STATUS_SUBMITTED stats: [33mSTATUS_SUBMITTED[0m(9) [32mSTATUS_DONE[0m(89) [34mSTATUS_UNREADY[0m(1)
INFO:__main__:/nfs_scratch/fmeng/tmpxBca0CLFVHETauAnalyzerMVA-WWJets/job.dag: STATUS_SUBMITTED stats: [33mSTATUS_SUBMITTED[0m(9) [32mSTATUS_DONE[0m(89) [34mSTATUS_UNREADY[0m(1)
INFO:__main__:/nfs_scratch/fmeng/tmpxBca0CLFVHETauAnalyzerMVA-WWJets/job.dag: STATUS_SUBMITTED stats: [33mSTATUS_SUBMITTED[0m(9) [32mSTATUS_DONE[0m(89) [34mSTATUS_UNREADY[0m(1)
INFO:__main__:/nfs_scratch/fmeng/tmpxBca0CLFVHETauAnalyzerMVA-WWJets/job.dag: STATUS_SUBMITTED stats: [33mSTATUS_SUBMITTED[0m(9) [32mSTATUS_DONE[0m(89) [34mSTATUS_UNREADY[0m(1)
INFO:__main__:/nfs_scratch/fmeng/tmpxBca0CLFVHETauAnalyzerMVA-WWJets/job.dag: STATUS_SUBMITTED stats: [33mSTATUS_SUBMITTED[0m(9) [32mSTATUS_DONE[0m(89) [34mSTATUS_UNREADY[0m(1)
INFO:__main__:/nfs_scratch/fmeng/tmpxBca0CLFVHETauAnalyzerMVA-WWJets/job.dag: STATUS_SUBMITTED stats: [33mSTATUS_SUBMITTED[0m(9) [32mSTATUS_DONE[0m(89) [34mSTATUS_UNREADY[0m(1)
INFO:__main__:/nfs_scratch/fmeng/tmpxBca0CLFVHETauAnalyzerMVA-WWJets/job.dag: STATUS_SUBMITTED stats: [33mSTATUS_SUBMITTED[0m(9) [32mSTATUS_DONE[0m(89) [34mSTATUS_UNREADY[0m(1)
INFO:__main__:/nfs_scratch/fmeng/tmpxBca0CLFVHETauAnalyzerMVA-WWJets/job.dag: STATUS_SUBMITTED stats: [33mSTATUS_SUBMITTED[0m(9) [32mSTATUS_DONE[0m(89) [34mSTATUS_UNREADY[0m(1)
INFO:__main__:/nfs_scratch/fmeng/tmpxBca0CLFVHETauAnalyzerMVA-WWJets/job.dag: STATUS_SUBMITTED stats: [33mSTATUS_SUBMITTED[0m(9) [32mSTATUS_DONE[0m(89) [34mSTATUS_UNREADY[0m(1)
INFO:__main__:/nfs_scratch/fmeng/tmpxBca0CLFVHETauAnalyzerMVA-WWJets/job.dag: STATUS_SUBMITTED stats: [33mSTATUS_SUBMITTED[0m(9) [32mSTATUS_DONE[0m(89) [34mSTATUS_UNREADY[0m(1)
INFO:__main__:/nfs_scratch/fmeng/tmpxBca0CLFVHETauAnalyzerMVA-WWJets/job.dag: STATUS_SUBMITTED stats: [33mSTATUS_SUBMITTED[0m(9) [32mSTATUS_DONE[0m(89) [34mSTATUS_UNREADY[0m(1)
INFO:__main__:/nfs_scratch/fmeng/tmpxBca0CLFVHETauAnalyzerMVA-WWJets/job.dag: STATUS_SUBMITTED stats: [33mSTATUS_SUBMITTED[0m(9) [32mSTATUS_DONE[0m(89) [34mSTATUS_UNREADY[0m(1)
INFO:__main__:/nfs_scratch/fmeng/tmpxBca0CLFVHETauAnalyzerMVA-WWJets/job.dag: STATUS_SUBMITTED stats: [33mSTATUS_SUBMITTED[0m(9) [32mSTATUS_DONE[0m(89) [34mSTATUS_UNREADY[0m(1)
INFO:__main__:/nfs_scratch/fmeng/tmpxBca0CLFVHETauAnalyzerMVA-WWJets/job.dag: STATUS_SUBMITTED stats: [33mSTATUS_SUBMITTED[0m(9) [32mSTATUS_DONE[0m(89) [34mSTATUS_UNREADY[0m(1)
INFO:__main__:/nfs_scratch/fmeng/tmpxBca0CLFVHETauAnalyzerMVA-WWJets/job.dag: STATUS_SUBMITTED stats: [33mSTATUS_SUBMITTED[0m(9) [32mSTATUS_DONE[0m(89) [34mSTATUS_UNREADY[0m(1)
INFO:__main__:/nfs_scratch/fmeng/tmpxBca0CLFVHETauAnalyzerMVA-WWJets/job.dag: STATUS_SUBMITTED stats: [33mSTATUS_SUBMITTED[0m(9) [32mSTATUS_DONE[0m(89) [34mSTATUS_UNREADY[0m(1)
INFO:__main__:/nfs_scratch/fmeng/tmpxBca0CLFVHETauAnalyzerMVA-WWJets/job.dag: STATUS_SUBMITTED stats: [33mSTATUS_SUBMITTED[0m(9) [32mSTATUS_DONE[0m(89) [34mSTATUS_UNREADY[0m(1)
INFO:__main__:/nfs_scratch/fmeng/tmpxBca0CLFVHETauAnalyzerMVA-WWJets/job.dag: STATUS_SUBMITTED stats: [33mSTATUS_SUBMITTED[0m(9) [32mSTATUS_DONE[0m(89) [34mSTATUS_UNREADY[0m(1)
INFO:__main__:/nfs_scratch/fmeng/tmpxBca0CLFVHETauAnalyzerMVA-WWJets/job.dag: STATUS_SUBMITTED stats: [33mSTATUS_SUBMITTED[0m(9) [32mSTATUS_DONE[0m(89) [34mSTATUS_UNREADY[0m(1)
INFO:__main__:/nfs_scratch/fmeng/tmpxBca0CLFVHETauAnalyzerMVA-WWJets/job.dag: STATUS_SUBMITTED stats: [33mSTATUS_SUBMITTED[0m(9) [32mSTATUS_DONE[0m(89) [34mSTATUS_UNREADY[0m(1)
INFO:__main__:/nfs_scratch/fmeng/tmpxBca0CLFVHETauAnalyzerMVA-WWJets/job.dag: STATUS_SUBMITTED stats: [33mSTATUS_SUBMITTED[0m(9) [32mSTATUS_DONE[0m(89) [34mSTATUS_UNREADY[0m(1)
INFO:__main__:/nfs_scratch/fmeng/tmpxBca0CLFVHETauAnalyzerMVA-WWJets/job.dag: STATUS_SUBMITTED stats: [33mSTATUS_SUBMITTED[0m(9) [32mSTATUS_DONE[0m(89) [34mSTATUS_UNREADY[0m(1)
INFO:__main__:/nfs_scratch/fmeng/tmpxBca0CLFVHETauAnalyzerMVA-WWJets/job.dag: STATUS_SUBMITTED stats: [33mSTATUS_SUBMITTED[0m(9) [32mSTATUS_DONE[0m(89) [34mSTATUS_UNREADY[0m(1)
INFO:__main__:/nfs_scratch/fmeng/tmpxBca0CLFVHETauAnalyzerMVA-WWJets/job.dag: STATUS_SUBMITTED stats: [33mSTATUS_SUBMITTED[0m(9) [32mSTATUS_DONE[0m(89) [34mSTATUS_UNREADY[0m(1)
INFO:__main__:/nfs_scratch/fmeng/tmpxBca0CLFVHETauAnalyzerMVA-WWJets/job.dag: STATUS_SUBMITTED stats: [33mSTATUS_SUBMITTED[0m(9) [32mSTATUS_DONE[0m(89) [34mSTATUS_UNREADY[0m(1)
INFO:__main__:/nfs_scratch/fmeng/tmpxBca0CLFVHETauAnalyzerMVA-WWJets/job.dag: STATUS_SUBMITTED stats: [33mSTATUS_SUBMITTED[0m(9) [32mSTATUS_DONE[0m(89) [34mSTATUS_UNREADY[0m(1)
INFO:__main__:/nfs_scratch/fmeng/tmpxBca0CLFVHETauAnalyzerMVA-WWJets/job.dag: STATUS_SUBMITTED stats: [33mSTATUS_SUBMITTED[0m(9) [32mSTATUS_DONE[0m(89) [34mSTATUS_UNREADY[0m(1)
INFO:__main__:/nfs_scratch/fmeng/tmpxBca0CLFVHETauAnalyzerMVA-WWJets/job.dag: STATUS_SUBMITTED stats: [33mSTATUS_SUBMITTED[0m(9) [32mSTATUS_DONE[0m(89) [34mSTATUS_UNREADY[0m(1)
INFO:__main__:/nfs_scratch/fmeng/tmpxBca0CLFVHETauAnalyzerMVA-WWJets/job.dag: STATUS_SUBMITTED stats: [33mSTATUS_SUBMITTED[0m(9) [32mSTATUS_DONE[0m(89) [34mSTATUS_UNREADY[0m(1)
INFO:__main__:/nfs_scratch/fmeng/tmpxBca0CLFVHETauAnalyzerMVA-WWJets/job.dag: STATUS_SUBMITTED stats: [33mSTATUS_SUBMITTED[0m(9) [32mSTATUS_DONE[0m(89) [34mSTATUS_UNREADY[0m(1)
INFO:__main__:/nfs_scratch/fmeng/tmpxBca0CLFVHETauAnalyzerMVA-WWJets/job.dag: STATUS_SUBMITTED stats: [33mSTATUS_SUBMITTED[0m(9) [32mSTATUS_DONE[0m(89) [34mSTATUS_UNREADY[0m(1)
INFO:__main__:/nfs_scratch/fmeng/tmpxBca0CLFVHETauAnalyzerMVA-WWJets/job.dag: STATUS_SUBMITTED stats: [33mSTATUS_SUBMITTED[0m(9) [32mSTATUS_DONE[0m(89) [34mSTATUS_UNREADY[0m(1)
INFO:__main__:/nfs_scratch/fmeng/tmpxBca0CLFVHETauAnalyzerMVA-WWJets/job.dag: STATUS_SUBMITTED stats: [33mSTATUS_SUBMITTED[0m(9) [32mSTATUS_DONE[0m(89) [34mSTATUS_UNREADY[0m(1)
INFO:__main__:/nfs_scratch/fmeng/tmpxBca0CLFVHETauAnalyzerMVA-WWJets/job.dag: STATUS_SUBMITTED stats: [33mSTATUS_SUBMITTED[0m(9) [32mSTATUS_DONE[0m(89) [34mSTATUS_UNREADY[0m(1)
INFO:__main__:/nfs_scratch/fmeng/tmpxBca0CLFVHETauAnalyzerMVA-WWJets/job.dag: STATUS_SUBMITTED stats: [33mSTATUS_SUBMITTED[0m(9) [32mSTATUS_DONE[0m(89) [34mSTATUS_UNREADY[0m(1)
INFO:__main__:/nfs_scratch/fmeng/tmpxBca0CLFVHETauAnalyzerMVA-WWJets/job.dag: STATUS_SUBMITTED stats: [33mSTATUS_SUBMITTED[0m(9) [32mSTATUS_DONE[0m(89) [34mSTATUS_UNREADY[0m(1)
INFO:__main__:/nfs_scratch/fmeng/tmpxBca0CLFVHETauAnalyzerMVA-WWJets/job.dag: STATUS_SUBMITTED stats: [33mSTATUS_SUBMITTED[0m(9) [32mSTATUS_DONE[0m(89) [34mSTATUS_UNREADY[0m(1)
INFO:__main__:/nfs_scratch/fmeng/tmpxBca0CLFVHETauAnalyzerMVA-WWJets/job.dag: STATUS_SUBMITTED stats: [33mSTATUS_SUBMITTED[0m(9) [32mSTATUS_DONE[0m(89) [34mSTATUS_UNREADY[0m(1)
INFO:__main__:/nfs_scratch/fmeng/tmpxBca0CLFVHETauAnalyzerMVA-WWJets/job.dag: STATUS_SUBMITTED stats: [33mSTATUS_SUBMITTED[0m(9) [32mSTATUS_DONE[0m(89) [34mSTATUS_UNREADY[0m(1)
INFO:__main__:/nfs_scratch/fmeng/tmpxBca0CLFVHETauAnalyzerMVA-WWJets/job.dag: STATUS_SUBMITTED stats: [33mSTATUS_SUBMITTED[0m(9) [32mSTATUS_DONE[0m(89) [34mSTATUS_UNREADY[0m(1)
INFO:__main__:/nfs_scratch/fmeng/tmpxBca0CLFVHETauAnalyzerMVA-WWJets/job.dag: STATUS_SUBMITTED stats: [33mSTATUS_SUBMITTED[0m(9) [32mSTATUS_DONE[0m(89) [34mSTATUS_UNREADY[0m(1)
INFO:__main__:/nfs_scratch/fmeng/tmpxBca0CLFVHETauAnalyzerMVA-WWJets/job.dag: STATUS_SUBMITTED stats: [33mSTATUS_SUBMITTED[0m(9) [32mSTATUS_DONE[0m(89) [34mSTATUS_UNREADY[0m(1)
INFO:__main__:/nfs_scratch/fmeng/tmpxBca0CLFVHETauAnalyzerMVA-WWJets/job.dag: STATUS_SUBMITTED stats: [33mSTATUS_SUBMITTED[0m(9) [32mSTATUS_DONE[0m(89) [34mSTATUS_UNREADY[0m(1)
INFO:__main__:/nfs_scratch/fmeng/tmpxBca0CLFVHETauAnalyzerMVA-WWJets/job.dag: STATUS_SUBMITTED stats: [33mSTATUS_SUBMITTED[0m(9) [32mSTATUS_DONE[0m(89) [34mSTATUS_UNREADY[0m(1)
INFO:__main__:/nfs_scratch/fmeng/tmpxBca0CLFVHETauAnalyzerMVA-WWJets/job.dag: STATUS_SUBMITTED stats: [33mSTATUS_SUBMITTED[0m(9) [32mSTATUS_DONE[0m(89) [34mSTATUS_UNREADY[0m(1)
INFO:__main__:/nfs_scratch/fmeng/tmpxBca0CLFVHETauAnalyzerMVA-WWJets/job.dag: STATUS_SUBMITTED stats: [33mSTATUS_SUBMITTED[0m(9) [32mSTATUS_DONE[0m(89) [34mSTATUS_UNREADY[0m(1)
INFO:__main__:/nfs_scratch/fmeng/tmpxBca0CLFVHETauAnalyzerMVA-WWJets/job.dag: STATUS_SUBMITTED stats: [33mSTATUS_SUBMITTED[0m(9) [32mSTATUS_DONE[0m(89) [34mSTATUS_UNREADY[0m(1)
INFO:__main__:/nfs_scratch/fmeng/tmpxBca0CLFVHETauAnalyzerMVA-WWJets/job.dag: STATUS_SUBMITTED stats: [33mSTATUS_SUBMITTED[0m(9) [32mSTATUS_DONE[0m(89) [34mSTATUS_UNREADY[0m(1)
INFO:__main__:/nfs_scratch/fmeng/tmpxBca0CLFVHETauAnalyzerMVA-WWJets/job.dag: STATUS_SUBMITTED stats: [33mSTATUS_SUBMITTED[0m(9) [32mSTATUS_DONE[0m(89) [34mSTATUS_UNREADY[0m(1)
INFO:__main__:/nfs_scratch/fmeng/tmpxBca0CLFVHETauAnalyzerMVA-WWJets/job.dag: STATUS_SUBMITTED stats: [33mSTATUS_SUBMITTED[0m(9) [32mSTATUS_DONE[0m(89) [34mSTATUS_UNREADY[0m(1)
INFO:__main__:/nfs_scratch/fmeng/tmpxBca0CLFVHETauAnalyzerMVA-WWJets/job.dag: STATUS_SUBMITTED stats: [33mSTATUS_SUBMITTED[0m(9) [32mSTATUS_DONE[0m(89) [34mSTATUS_UNREADY[0m(1)
INFO:__main__:/nfs_scratch/fmeng/tmpxBca0CLFVHETauAnalyzerMVA-WWJets/job.dag: STATUS_SUBMITTED stats: [33mSTATUS_SUBMITTED[0m(9) [32mSTATUS_DONE[0m(89) [34mSTATUS_UNREADY[0m(1)
INFO:__main__:/nfs_scratch/fmeng/tmpxBca0CLFVHETauAnalyzerMVA-WWJets/job.dag: STATUS_SUBMITTED stats: [33mSTATUS_SUBMITTED[0m(9) [32mSTATUS_DONE[0m(89) [34mSTATUS_UNREADY[0m(1)
INFO:__main__:/nfs_scratch/fmeng/tmpxBca0CLFVHETauAnalyzerMVA-WWJets/job.dag: STATUS_SUBMITTED stats: [33mSTATUS_SUBMITTED[0m(9) [32mSTATUS_DONE[0m(89) [34mSTATUS_UNREADY[0m(1)
INFO:__main__:/nfs_scratch/fmeng/tmpxBca0CLFVHETauAnalyzerMVA-WWJets/job.dag: STATUS_SUBMITTED stats: [33mSTATUS_SUBMITTED[0m(9) [32mSTATUS_DONE[0m(89) [34mSTATUS_UNREADY[0m(1)
INFO:__main__:/nfs_scratch/fmeng/tmpxBca0CLFVHETauAnalyzerMVA-WWJets/job.dag: STATUS_SUBMITTED stats: [33mSTATUS_SUBMITTED[0m(9) [32mSTATUS_DONE[0m(89) [34mSTATUS_UNREADY[0m(1)
INFO:__main__:/nfs_scratch/fmeng/tmpxBca0CLFVHETauAnalyzerMVA-WWJets/job.dag: STATUS_SUBMITTED stats: [33mSTATUS_SUBMITTED[0m(9) [32mSTATUS_DONE[0m(89) [34mSTATUS_UNREADY[0m(1)
INFO:__main__:/nfs_scratch/fmeng/tmpxBca0CLFVHETauAnalyzerMVA-WWJets/job.dag: STATUS_SUBMITTED stats: [33mSTATUS_SUBMITTED[0m(9) [32mSTATUS_DONE[0m(89) [34mSTATUS_UNREADY[0m(1)
INFO:__main__:/nfs_scratch/fmeng/tmpxBca0CLFVHETauAnalyzerMVA-WWJets/job.dag: STATUS_SUBMITTED stats: [33mSTATUS_SUBMITTED[0m(9) [32mSTATUS_DONE[0m(89) [34mSTATUS_UNREADY[0m(1)
INFO:__main__:/nfs_scratch/fmeng/tmpxBca0CLFVHETauAnalyzerMVA-WWJets/job.dag: STATUS_SUBMITTED stats: [33mSTATUS_SUBMITTED[0m(9) [32mSTATUS_DONE[0m(89) [34mSTATUS_UNREADY[0m(1)
INFO:__main__:/nfs_scratch/fmeng/tmpxBca0CLFVHETauAnalyzerMVA-WWJets/job.dag: STATUS_SUBMITTED stats: [33mSTATUS_SUBMITTED[0m(9) [32mSTATUS_DONE[0m(89) [34mSTATUS_UNREADY[0m(1)
INFO:__main__:/nfs_scratch/fmeng/tmpxBca0CLFVHETauAnalyzerMVA-WWJets/job.dag: STATUS_SUBMITTED stats: [33mSTATUS_SUBMITTED[0m(9) [32mSTATUS_DONE[0m(89) [34mSTATUS_UNREADY[0m(1)
INFO:__main__:/nfs_scratch/fmeng/tmpxBca0CLFVHETauAnalyzerMVA-WWJets/job.dag: STATUS_SUBMITTED stats: [33mSTATUS_SUBMITTED[0m(9) [32mSTATUS_DONE[0m(89) [34mSTATUS_UNREADY[0m(1)
INFO:__main__:/nfs_scratch/fmeng/tmpxBca0CLFVHETauAnalyzerMVA-WWJets/job.dag: STATUS_SUBMITTED stats: [33mSTATUS_SUBMITTED[0m(9) [32mSTATUS_DONE[0m(89) [34mSTATUS_UNREADY[0m(1)
INFO:__main__:/nfs_scratch/fmeng/tmpxBca0CLFVHETauAnalyzerMVA-WWJets/job.dag: STATUS_SUBMITTED stats: [33mSTATUS_SUBMITTED[0m(9) [32mSTATUS_DONE[0m(89) [34mSTATUS_UNREADY[0m(1)
INFO:__main__:/nfs_scratch/fmeng/tmpxBca0CLFVHETauAnalyzerMVA-WWJets/job.dag: STATUS_SUBMITTED stats: [33mSTATUS_SUBMITTED[0m(9) [32mSTATUS_DONE[0m(89) [34mSTATUS_UNREADY[0m(1)
INFO:__main__:/nfs_scratch/fmeng/tmpxBca0CLFVHETauAnalyzerMVA-WWJets/job.dag: STATUS_SUBMITTED stats: [33mSTATUS_SUBMITTED[0m(9) [32mSTATUS_DONE[0m(89) [34mSTATUS_UNREADY[0m(1)
INFO:__main__:/nfs_scratch/fmeng/tmpxBca0CLFVHETauAnalyzerMVA-WWJets/job.dag: STATUS_SUBMITTED stats: [33mSTATUS_SUBMITTED[0m(9) [32mSTATUS_DONE[0m(89) [34mSTATUS_UNREADY[0m(1)
INFO:__main__:/nfs_scratch/fmeng/tmpxBca0CLFVHETauAnalyzerMVA-WWJets/job.dag: STATUS_SUBMITTED stats: [33mSTATUS_SUBMITTED[0m(9) [32mSTATUS_DONE[0m(89) [34mSTATUS_UNREADY[0m(1)
INFO:__main__:/nfs_scratch/fmeng/tmpxBca0CLFVHETauAnalyzerMVA-WWJets/job.dag: STATUS_SUBMITTED stats: [33mSTATUS_SUBMITTED[0m(9) [32mSTATUS_DONE[0m(89) [34mSTATUS_UNREADY[0m(1)
INFO:__main__:/nfs_scratch/fmeng/tmpxBca0CLFVHETauAnalyzerMVA-WWJets/job.dag: STATUS_SUBMITTED stats: [33mSTATUS_SUBMITTED[0m(9) [32mSTATUS_DONE[0m(89) [34mSTATUS_UNREADY[0m(1)
INFO:__main__:/nfs_scratch/fmeng/tmpxBca0CLFVHETauAnalyzerMVA-WWJets/job.dag: STATUS_SUBMITTED stats: [33mSTATUS_SUBMITTED[0m(9) [32mSTATUS_DONE[0m(89) [34mSTATUS_UNREADY[0m(1)
INFO:__main__:/nfs_scratch/fmeng/tmpxBca0CLFVHETauAnalyzerMVA-WWJets/job.dag: STATUS_SUBMITTED stats: [33mSTATUS_SUBMITTED[0m(9) [32mSTATUS_DONE[0m(89) [34mSTATUS_UNREADY[0m(1)
INFO:__main__:/nfs_scratch/fmeng/tmpxBca0CLFVHETauAnalyzerMVA-WWJets/job.dag: STATUS_SUBMITTED stats: [33mSTATUS_SUBMITTED[0m(9) [32mSTATUS_DONE[0m(89) [34mSTATUS_UNREADY[0m(1)
INFO:__main__:/nfs_scratch/fmeng/tmpxBca0CLFVHETauAnalyzerMVA-WWJets/job.dag: STATUS_SUBMITTED stats: [33mSTATUS_SUBMITTED[0m(9) [32mSTATUS_DONE[0m(89) [34mSTATUS_UNREADY[0m(1)
INFO:__main__:/nfs_scratch/fmeng/tmpxBca0CLFVHETauAnalyzerMVA-WWJets/job.dag: STATUS_SUBMITTED stats: [33mSTATUS_SUBMITTED[0m(8) [32mSTATUS_DONE[0m(90) [34mSTATUS_UNREADY[0m(1)
INFO:__main__:/nfs_scratch/fmeng/tmpxBca0CLFVHETauAnalyzerMVA-WWJets/job.dag: STATUS_SUBMITTED stats: [33mSTATUS_SUBMITTED[0m(8) [32mSTATUS_DONE[0m(90) [34mSTATUS_UNREADY[0m(1)
INFO:__main__:/nfs_scratch/fmeng/tmpxBca0CLFVHETauAnalyzerMVA-WWJets/job.dag: STATUS_SUBMITTED stats: [33mSTATUS_SUBMITTED[0m(8) [32mSTATUS_DONE[0m(90) [34mSTATUS_UNREADY[0m(1)
INFO:__main__:/nfs_scratch/fmeng/tmpxBca0CLFVHETauAnalyzerMVA-WWJets/job.dag: STATUS_SUBMITTED stats: [33mSTATUS_SUBMITTED[0m(8) [32mSTATUS_DONE[0m(90) [34mSTATUS_UNREADY[0m(1)
INFO:__main__:/nfs_scratch/fmeng/tmpxBca0CLFVHETauAnalyzerMVA-WWJets/job.dag: STATUS_SUBMITTED stats: [33mSTATUS_SUBMITTED[0m(8) [32mSTATUS_DONE[0m(90) [34mSTATUS_UNREADY[0m(1)
INFO:__main__:/nfs_scratch/fmeng/tmpxBca0CLFVHETauAnalyzerMVA-WWJets/job.dag: STATUS_SUBMITTED stats: [33mSTATUS_SUBMITTED[0m(7) [32mSTATUS_DONE[0m(91) [34mSTATUS_UNREADY[0m(1)
INFO:__main__:/nfs_scratch/fmeng/tmpxBca0CLFVHETauAnalyzerMVA-WWJets/job.dag: STATUS_SUBMITTED stats: [33mSTATUS_SUBMITTED[0m(7) [32mSTATUS_DONE[0m(91) [34mSTATUS_UNREADY[0m(1)
INFO:__main__:/nfs_scratch/fmeng/tmpxBca0CLFVHETauAnalyzerMVA-WWJets/job.dag: STATUS_SUBMITTED stats: [33mSTATUS_SUBMITTED[0m(7) [32mSTATUS_DONE[0m(91) [34mSTATUS_UNREADY[0m(1)
INFO:__main__:/nfs_scratch/fmeng/tmpxBca0CLFVHETauAnalyzerMVA-WWJets/job.dag: STATUS_SUBMITTED stats: [33mSTATUS_SUBMITTED[0m(7) [32mSTATUS_DONE[0m(91) [34mSTATUS_UNREADY[0m(1)
INFO:__main__:/nfs_scratch/fmeng/tmpxBca0CLFVHETauAnalyzerMVA-WWJets/job.dag: STATUS_SUBMITTED stats: [33mSTATUS_SUBMITTED[0m(7) [32mSTATUS_DONE[0m(91) [34mSTATUS_UNREADY[0m(1)
INFO:__main__:/nfs_scratch/fmeng/tmpxBca0CLFVHETauAnalyzerMVA-WWJets/job.dag: STATUS_SUBMITTED stats: [33mSTATUS_SUBMITTED[0m(7) [32mSTATUS_DONE[0m(91) [34mSTATUS_UNREADY[0m(1)
INFO:__main__:/nfs_scratch/fmeng/tmpxBca0CLFVHETauAnalyzerMVA-WWJets/job.dag: STATUS_SUBMITTED stats: [33mSTATUS_SUBMITTED[0m(7) [32mSTATUS_DONE[0m(91) [34mSTATUS_UNREADY[0m(1)
INFO:__main__:/nfs_scratch/fmeng/tmpxBca0CLFVHETauAnalyzerMVA-WWJets/job.dag: STATUS_SUBMITTED stats: [33mSTATUS_SUBMITTED[0m(6) [32mSTATUS_DONE[0m(92) [34mSTATUS_UNREADY[0m(1)
INFO:__main__:/nfs_scratch/fmeng/tmpxBca0CLFVHETauAnalyzerMVA-WWJets/job.dag: STATUS_SUBMITTED stats: [33mSTATUS_SUBMITTED[0m(6) [32mSTATUS_DONE[0m(92) [34mSTATUS_UNREADY[0m(1)
INFO:__main__:/nfs_scratch/fmeng/tmpxBca0CLFVHETauAnalyzerMVA-WWJets/job.dag: STATUS_SUBMITTED stats: [33mSTATUS_SUBMITTED[0m(6) [32mSTATUS_DONE[0m(92) [34mSTATUS_UNREADY[0m(1)
INFO:__main__:/nfs_scratch/fmeng/tmpxBca0CLFVHETauAnalyzerMVA-WWJets/job.dag: STATUS_SUBMITTED stats: [33mSTATUS_SUBMITTED[0m(6) [32mSTATUS_DONE[0m(92) [34mSTATUS_UNREADY[0m(1)
INFO:__main__:/nfs_scratch/fmeng/tmpxBca0CLFVHETauAnalyzerMVA-WWJets/job.dag: STATUS_SUBMITTED stats: [33mSTATUS_SUBMITTED[0m(6) [32mSTATUS_DONE[0m(92) [34mSTATUS_UNREADY[0m(1)
INFO:__main__:/nfs_scratch/fmeng/tmpxBca0CLFVHETauAnalyzerMVA-WWJets/job.dag: STATUS_SUBMITTED stats: [33mSTATUS_SUBMITTED[0m(6) [32mSTATUS_DONE[0m(92) [34mSTATUS_UNREADY[0m(1)
INFO:__main__:/nfs_scratch/fmeng/tmpxBca0CLFVHETauAnalyzerMVA-WWJets/job.dag: STATUS_SUBMITTED stats: [33mSTATUS_SUBMITTED[0m(5) [32mSTATUS_DONE[0m(93) [34mSTATUS_UNREADY[0m(1)
INFO:__main__:/nfs_scratch/fmeng/tmpxBca0CLFVHETauAnalyzerMVA-WWJets/job.dag: STATUS_SUBMITTED stats: [33mSTATUS_SUBMITTED[0m(5) [32mSTATUS_DONE[0m(93) [34mSTATUS_UNREADY[0m(1)
INFO:__main__:/nfs_scratch/fmeng/tmpxBca0CLFVHETauAnalyzerMVA-WWJets/job.dag: STATUS_SUBMITTED stats: [33mSTATUS_SUBMITTED[0m(5) [32mSTATUS_DONE[0m(93) [34mSTATUS_UNREADY[0m(1)
INFO:__main__:/nfs_scratch/fmeng/tmpxBca0CLFVHETauAnalyzerMVA-WWJets/job.dag: STATUS_SUBMITTED stats: [33mSTATUS_SUBMITTED[0m(5) [32mSTATUS_DONE[0m(93) [34mSTATUS_UNREADY[0m(1)
INFO:__main__:/nfs_scratch/fmeng/tmpxBca0CLFVHETauAnalyzerMVA-WWJets/job.dag: STATUS_SUBMITTED stats: [33mSTATUS_SUBMITTED[0m(5) [32mSTATUS_DONE[0m(93) [34mSTATUS_UNREADY[0m(1)
INFO:__main__:/nfs_scratch/fmeng/tmpxBca0CLFVHETauAnalyzerMVA-WWJets/job.dag: STATUS_SUBMITTED stats: [33mSTATUS_SUBMITTED[0m(5) [32mSTATUS_DONE[0m(93) [34mSTATUS_UNREADY[0m(1)
INFO:__main__:/nfs_scratch/fmeng/tmpxBca0CLFVHETauAnalyzerMVA-WWJets/job.dag: STATUS_SUBMITTED stats: [33mSTATUS_SUBMITTED[0m(2) [32mSTATUS_DONE[0m(96) [34mSTATUS_UNREADY[0m(1)
INFO:__main__:/nfs_scratch/fmeng/tmpxBca0CLFVHETauAnalyzerMVA-WWJets/job.dag: STATUS_SUBMITTED stats: [33mSTATUS_SUBMITTED[0m(2) [32mSTATUS_DONE[0m(96) [34mSTATUS_UNREADY[0m(1)
INFO:__main__:/nfs_scratch/fmeng/tmpxBca0CLFVHETauAnalyzerMVA-WWJets/job.dag: STATUS_SUBMITTED stats: [33mSTATUS_SUBMITTED[0m(2) [32mSTATUS_DONE[0m(96) [34mSTATUS_UNREADY[0m(1)
INFO:__main__:/nfs_scratch/fmeng/tmpxBca0CLFVHETauAnalyzerMVA-WWJets/job.dag: STATUS_SUBMITTED stats: [33mSTATUS_SUBMITTED[0m(2) [32mSTATUS_DONE[0m(96) [34mSTATUS_UNREADY[0m(1)
INFO:__main__:/nfs_scratch/fmeng/tmpxBca0CLFVHETauAnalyzerMVA-WWJets/job.dag: STATUS_SUBMITTED stats: [33mSTATUS_SUBMITTED[0m(2) [32mSTATUS_DONE[0m(96) [34mSTATUS_UNREADY[0m(1)
INFO:__main__:/nfs_scratch/fmeng/tmpxBca0CLFVHETauAnalyzerMVA-WWJets/job.dag: STATUS_SUBMITTED stats: [33mSTATUS_SUBMITTED[0m(2) [32mSTATUS_DONE[0m(96) [34mSTATUS_UNREADY[0m(1)
INFO:__main__:/nfs_scratch/fmeng/tmpxBca0CLFVHETauAnalyzerMVA-WWJets/job.dag: STATUS_SUBMITTED stats: [33mSTATUS_SUBMITTED[0m(2) [32mSTATUS_DONE[0m(96) [34mSTATUS_UNREADY[0m(1)
INFO:__main__:/nfs_scratch/fmeng/tmpxBca0CLFVHETauAnalyzerMVA-WWJets/job.dag: STATUS_SUBMITTED stats: [33mSTATUS_SUBMITTED[0m(2) [32mSTATUS_DONE[0m(96) [34mSTATUS_UNREADY[0m(1)
INFO:__main__:/nfs_scratch/fmeng/tmpxBca0CLFVHETauAnalyzerMVA-WWJets/job.dag: STATUS_SUBMITTED stats: [33mSTATUS_SUBMITTED[0m(2) [32mSTATUS_DONE[0m(96) [34mSTATUS_UNREADY[0m(1)
INFO:__main__:/nfs_scratch/fmeng/tmpxBca0CLFVHETauAnalyzerMVA-WWJets/job.dag: STATUS_SUBMITTED stats: [33mSTATUS_SUBMITTED[0m(2) [32mSTATUS_DONE[0m(96) [34mSTATUS_UNREADY[0m(1)
INFO:__main__:/nfs_scratch/fmeng/tmpxBca0CLFVHETauAnalyzerMVA-WWJets/job.dag: STATUS_SUBMITTED stats: [33mSTATUS_SUBMITTED[0m(2) [32mSTATUS_DONE[0m(96) [34mSTATUS_UNREADY[0m(1)
INFO:__main__:/nfs_scratch/fmeng/tmpxBca0CLFVHETauAnalyzerMVA-WWJets/job.dag: STATUS_SUBMITTED stats: [33mSTATUS_SUBMITTED[0m(2) [32mSTATUS_DONE[0m(96) [34mSTATUS_UNREADY[0m(1)
INFO:__main__:/nfs_scratch/fmeng/tmpxBca0CLFVHETauAnalyzerMVA-WWJets/job.dag: STATUS_SUBMITTED stats: [33mSTATUS_SUBMITTED[0m(2) [32mSTATUS_DONE[0m(96) [34mSTATUS_UNREADY[0m(1)
INFO:__main__:/nfs_scratch/fmeng/tmpxBca0CLFVHETauAnalyzerMVA-WWJets/job.dag: STATUS_SUBMITTED stats: [33mSTATUS_SUBMITTED[0m(2) [32mSTATUS_DONE[0m(96) [34mSTATUS_UNREADY[0m(1)
INFO:__main__:/nfs_scratch/fmeng/tmpxBca0CLFVHETauAnalyzerMVA-WWJets/job.dag: STATUS_SUBMITTED stats: [33mSTATUS_SUBMITTED[0m(2) [32mSTATUS_DONE[0m(96) [34mSTATUS_UNREADY[0m(1)
INFO:__main__:/nfs_scratch/fmeng/tmpxBca0CLFVHETauAnalyzerMVA-WWJets/job.dag: STATUS_SUBMITTED stats: [33mSTATUS_SUBMITTED[0m(2) [32mSTATUS_DONE[0m(96) [34mSTATUS_UNREADY[0m(1)
INFO:__main__:/nfs_scratch/fmeng/tmpxBca0CLFVHETauAnalyzerMVA-WWJets/job.dag: STATUS_SUBMITTED stats: [33mSTATUS_SUBMITTED[0m(2) [32mSTATUS_DONE[0m(96) [34mSTATUS_UNREADY[0m(1)
INFO:__main__:/nfs_scratch/fmeng/tmpxBca0CLFVHETauAnalyzerMVA-WWJets/job.dag: STATUS_SUBMITTED stats: [33mSTATUS_SUBMITTED[0m(2) [32mSTATUS_DONE[0m(96) [34mSTATUS_UNREADY[0m(1)
INFO:__main__:/nfs_scratch/fmeng/tmpxBca0CLFVHETauAnalyzerMVA-WWJets/job.dag: STATUS_SUBMITTED stats: [33mSTATUS_SUBMITTED[0m(2) [32mSTATUS_DONE[0m(96) [34mSTATUS_UNREADY[0m(1)
INFO:__main__:/nfs_scratch/fmeng/tmpxBca0CLFVHETauAnalyzerMVA-WWJets/job.dag: STATUS_SUBMITTED stats: [33mSTATUS_SUBMITTED[0m(2) [32mSTATUS_DONE[0m(96) [34mSTATUS_UNREADY[0m(1)
INFO:__main__:/nfs_scratch/fmeng/tmpxBca0CLFVHETauAnalyzerMVA-WWJets/job.dag: STATUS_SUBMITTED stats: [33mSTATUS_SUBMITTED[0m(2) [32mSTATUS_DONE[0m(96) [34mSTATUS_UNREADY[0m(1)
INFO:__main__:/nfs_scratch/fmeng/tmpxBca0CLFVHETauAnalyzerMVA-WWJets/job.dag: STATUS_SUBMITTED stats: [33mSTATUS_SUBMITTED[0m(2) [32mSTATUS_DONE[0m(96) [34mSTATUS_UNREADY[0m(1)
INFO:__main__:/nfs_scratch/fmeng/tmpxBca0CLFVHETauAnalyzerMVA-WWJets/job.dag: STATUS_SUBMITTED stats: [33mSTATUS_SUBMITTED[0m(1) [32mSTATUS_DONE[0m(97) [34mSTATUS_UNREADY[0m(1)
INFO:__main__:/nfs_scratch/fmeng/tmpxBca0CLFVHETauAnalyzerMVA-WWJets/job.dag: STATUS_SUBMITTED stats: [33mSTATUS_SUBMITTED[0m(1) [32mSTATUS_DONE[0m(97) [34mSTATUS_UNREADY[0m(1)
INFO:__main__:/nfs_scratch/fmeng/tmpxBca0CLFVHETauAnalyzerMVA-WWJets/job.dag: STATUS_SUBMITTED stats: [33mSTATUS_SUBMITTED[0m(1) [32mSTATUS_DONE[0m(97) [34mSTATUS_UNREADY[0m(1)
INFO:__main__:/nfs_scratch/fmeng/tmpxBca0CLFVHETauAnalyzerMVA-WWJets/job.dag: STATUS_SUBMITTED stats: [33mSTATUS_SUBMITTED[0m(1) [32mSTATUS_DONE[0m(97) [34mSTATUS_UNREADY[0m(1)
INFO:__main__:/nfs_scratch/fmeng/tmpxBca0CLFVHETauAnalyzerMVA-WWJets/job.dag: STATUS_SUBMITTED stats: [33mSTATUS_SUBMITTED[0m(1) [32mSTATUS_DONE[0m(97) [34mSTATUS_UNREADY[0m(1)
INFO:__main__:/nfs_scratch/fmeng/tmpxBca0CLFVHETauAnalyzerMVA-WWJets/job.dag: STATUS_SUBMITTED stats: [33mSTATUS_SUBMITTED[0m(1) [32mSTATUS_DONE[0m(97) [34mSTATUS_UNREADY[0m(1)
INFO:__main__:/nfs_scratch/fmeng/tmpxBca0CLFVHETauAnalyzerMVA-WWJets/job.dag: STATUS_SUBMITTED stats: [32mSTATUS_DONE[0m(98) [36mSTATUS_READY[0m(1)
INFO:__main__:/nfs_scratch/fmeng/tmpxBca0CLFVHETauAnalyzerMVA-WWJets/job.dag: STATUS_SUBMITTED stats: [32mSTATUS_DONE[0m(98) [36mSTATUS_READY[0m(1)
INFO:__main__:/nfs_scratch/fmeng/tmpxBca0CLFVHETauAnalyzerMVA-WWJets/job.dag: STATUS_SUBMITTED stats: [32mSTATUS_DONE[0m(98) [36mSTATUS_READY[0m(1)
INFO:__main__:/nfs_scratch/fmeng/tmpxBca0CLFVHETauAnalyzerMVA-WWJets/job.dag: STATUS_SUBMITTED stats: [33mSTATUS_SUBMITTED[0m(1) [32mSTATUS_DONE[0m(98)
INFO:__main__:/nfs_scratch/fmeng/tmpxBca0CLFVHETauAnalyzerMVA-WWJets/job.dag: STATUS_SUBMITTED stats: [33mSTATUS_SUBMITTED[0m(1) [32mSTATUS_DONE[0m(98)
INFO:__main__:/nfs_scratch/fmeng/tmpxBca0CLFVHETauAnalyzerMVA-WWJets/job.dag: STATUS_SUBMITTED stats: [33mSTATUS_SUBMITTED[0m(1) [32mSTATUS_DONE[0m(98)
INFO:__main__:/nfs_scratch/fmeng/tmpxBca0CLFVHETauAnalyzerMVA-WWJets/job.dag: STATUS_SUBMITTED stats: [33mSTATUS_SUBMITTED[0m(1) [32mSTATUS_DONE[0m(98)
INFO:__main__:/nfs_scratch/fmeng/tmpxBca0CLFVHETauAnalyzerMVA-WWJets/job.dag: STATUS_SUBMITTED stats: [33mSTATUS_SUBMITTED[0m(1) [32mSTATUS_DONE[0m(98)
INFO:__main__:/nfs_scratch/fmeng/tmpxBca0CLFVHETauAnalyzerMVA-WWJets/job.dag: STATUS_SUBMITTED stats: [33mSTATUS_SUBMITTED[0m(1) [32mSTATUS_DONE[0m(98)
INFO:__main__:/nfs_scratch/fmeng/tmpxBca0CLFVHETauAnalyzerMVA-WWJets/job.dag: STATUS_SUBMITTED stats: [33mSTATUS_SUBMITTED[0m(1) [32mSTATUS_DONE[0m(98)
INFO:__main__:/nfs_scratch/fmeng/tmpxBca0CLFVHETauAnalyzerMVA-WWJets/job.dag: STATUS_SUBMITTED stats: [33mSTATUS_SUBMITTED[0m(1) [32mSTATUS_DONE[0m(98)
INFO:__main__:/nfs_scratch/fmeng/tmpxBca0CLFVHETauAnalyzerMVA-WWJets/job.dag: STATUS_SUBMITTED stats: [33mSTATUS_SUBMITTED[0m(1) [32mSTATUS_DONE[0m(98)
INFO:__main__:/nfs_scratch/fmeng/tmpxBca0CLFVHETauAnalyzerMVA-WWJets/job.dag: STATUS_SUBMITTED stats: [33mSTATUS_SUBMITTED[0m(1) [32mSTATUS_DONE[0m(98)
INFO:__main__:/nfs_scratch/fmeng/tmpxBca0CLFVHETauAnalyzerMVA-WWJets/job.dag: STATUS_SUBMITTED stats: [33mSTATUS_SUBMITTED[0m(1) [32mSTATUS_DONE[0m(98)
INFO:__main__:/nfs_scratch/fmeng/tmpxBca0CLFVHETauAnalyzerMVA-WWJets/job.dag: STATUS_SUBMITTED stats: [33mSTATUS_SUBMITTED[0m(1) [32mSTATUS_DONE[0m(98)
INFO:__main__:/nfs_scratch/fmeng/tmpxBca0CLFVHETauAnalyzerMVA-WWJets/job.dag: STATUS_SUBMITTED stats: [33mSTATUS_SUBMITTED[0m(1) [32mSTATUS_DONE[0m(98)
INFO:__main__:/nfs_scratch/fmeng/tmpxBca0CLFVHETauAnalyzerMVA-WWJets/job.dag: STATUS_SUBMITTED stats: [33mSTATUS_SUBMITTED[0m(1) [32mSTATUS_DONE[0m(98)
INFO:__main__:/nfs_scratch/fmeng/tmpxBca0CLFVHETauAnalyzerMVA-WWJets/job.dag: STATUS_SUBMITTED stats: [33mSTATUS_SUBMITTED[0m(1) [32mSTATUS_DONE[0m(98)
INFO:__main__:/nfs_scratch/fmeng/tmpxBca0CLFVHETauAnalyzerMVA-WWJets/job.dag: STATUS_SUBMITTED stats: [33mSTATUS_SUBMITTED[0m(1) [32mSTATUS_DONE[0m(98)
INFO:__main__:/nfs_scratch/fmeng/tmpxBca0CLFVHETauAnalyzerMVA-WWJets/job.dag: STATUS_SUBMITTED stats: [33mSTATUS_SUBMITTED[0m(1) [32mSTATUS_DONE[0m(98)
INFO:__main__:/nfs_scratch/fmeng/tmpxBca0CLFVHETauAnalyzerMVA-WWJets/job.dag: STATUS_SUBMITTED stats: [33mSTATUS_SUBMITTED[0m(1) [32mSTATUS_DONE[0m(98)
INFO:__main__:/nfs_scratch/fmeng/tmpxBca0CLFVHETauAnalyzerMVA-WWJets/job.dag: STATUS_SUBMITTED stats: [33mSTATUS_SUBMITTED[0m(1) [32mSTATUS_DONE[0m(98)
INFO:__main__:/nfs_scratch/fmeng/tmpxBca0CLFVHETauAnalyzerMVA-WWJets/job.dag: STATUS_SUBMITTED stats: [33mSTATUS_SUBMITTED[0m(1) [32mSTATUS_DONE[0m(98)
INFO:__main__:/nfs_scratch/fmeng/tmpxBca0CLFVHETauAnalyzerMVA-WWJets/job.dag: STATUS_SUBMITTED stats: [33mSTATUS_SUBMITTED[0m(1) [32mSTATUS_DONE[0m(98)
INFO:__main__:/nfs_scratch/fmeng/tmpxBca0CLFVHETauAnalyzerMVA-WWJets/job.dag: STATUS_SUBMITTED stats: [33mSTATUS_SUBMITTED[0m(1) [32mSTATUS_DONE[0m(98)
INFO:__main__:/nfs_scratch/fmeng/tmpxBca0CLFVHETauAnalyzerMVA-WWJets/job.dag: STATUS_SUBMITTED stats: [33mSTATUS_SUBMITTED[0m(1) [32mSTATUS_DONE[0m(98)
INFO:__main__:/nfs_scratch/fmeng/tmpxBca0CLFVHETauAnalyzerMVA-WWJets/job.dag: STATUS_SUBMITTED stats: [33mSTATUS_SUBMITTED[0m(1) [32mSTATUS_DONE[0m(98)
INFO:__main__:/nfs_scratch/fmeng/tmpxBca0CLFVHETauAnalyzerMVA-WWJets/job.dag: STATUS_SUBMITTED stats: [33mSTATUS_SUBMITTED[0m(1) [32mSTATUS_DONE[0m(98)
INFO:__main__:/nfs_scratch/fmeng/tmpxBca0CLFVHETauAnalyzerMVA-WWJets/job.dag: STATUS_SUBMITTED stats: [33mSTATUS_SUBMITTED[0m(1) [32mSTATUS_DONE[0m(98)
INFO:__main__:/nfs_scratch/fmeng/tmpxBca0CLFVHETauAnalyzerMVA-WWJets/job.dag: STATUS_SUBMITTED stats: [33mSTATUS_SUBMITTED[0m(1) [32mSTATUS_DONE[0m(98)
INFO:__main__:/nfs_scratch/fmeng/tmpxBca0CLFVHETauAnalyzerMVA-WWJets/job.dag: STATUS_DONE stats: [32mSTATUS_DONE[0m(99)
INFO:__main__:Copying final output /hdfs/store/user/fmeng/MegaJob_tmpxBca0CLFVHETauAnalyzerMVA-WWJets//mergeFilesJob-mergeFilesJob-mega-batch-make_ntuples_cfg-patTuple_cfg-CEA5C5D5-6CFA-E111-B609-848F69FD46C1.root => results/newNtuple_5Nov/LFVHETauAnalyzerMVA/WWJets.root
INFO:__main__:[32m/nfs_scratch/fmeng/tmpxBca0CLFVHETauAnalyzerMVA-WWJets/job.dag: job complete.[0m
