INFO:__main__:Processing inputs/newNtuple_5Nov/ZetauEmbedded_Run2012C.txt using LFVHETauAnalyzerMVA.py, the output file will be results/newNtuple_5Nov/LFVHETauAnalyzerMVA/ZetauEmbedded_Run2012C.root
INFO:__main__:Generating submit scripts in /nfs_scratch/fmeng/tmpmFImNhLFVHETauAnalyzerMVA-ZetauEmbedded_Run2012C
INFO:FinalStateAnalysis.PlotTools.MegaPath:Checking inputs file inputs/newNtuple_5Nov/ZetauEmbedded_Run2012C.txt exists...
INFO:__main__:Running over 738 files in 74 jobs
Generating submit files in /nfs_scratch/fmeng/tmpmFImNhLFVHETauAnalyzerMVA-ZetauEmbedded_Run2012C/analyze...
..........................................................................
Submit DAG file /nfs_scratch/fmeng/tmpmFImNhLFVHETauAnalyzerMVA-ZetauEmbedded_Run2012C/job.dag has been created but not submitted.
Jobs for Analyze are created in /nfs_scratch/fmeng/tmpmFImNhLFVHETauAnalyzerMVA-ZetauEmbedded_Run2012C/analyze
Using HADD method to merge files
Increasing vsize limit from 3000 MB to 6000 MB
LCG_GFAL_INFOSYS is not set
Using grid catalog type: UNKNOWN
Using grid catalog : (null)
VO name: cms
Checksum type: None
Destination SE type: SRMv2
Destination SRM Request Token: put:2336378
Source URL: file:/nfs_scratch/fmeng/tmpmFImNhLFVHETauAnalyzerMVA-ZetauEmbedded_Run2012C/MergeLayer0/user_code.tgz
File size: 117640606
Source URL for copy: file:/nfs_scratch/fmeng/tmpmFImNhLFVHETauAnalyzerMVA-ZetauEmbedded_Run2012C/MergeLayer0/user_code.tgz
Destination URL: gsiftp://g18n06.hep.wisc.edu//hdfs/HighReplicaCondorUserFiles/nfs_scratch/fmeng/tmpmFImNhLFVHETauAnalyzerMVA-ZetauEmbedded_Run2012C/MergeLayer0/user_code.tgz
# streams: 1
            0 bytes      0.00 KB/sec avg      0.00 KB/sec inst            0 bytes      0.00 KB/sec avg      0.00 KB/sec inst            0 bytes      0.00 KB/sec avg      0.00 KB/sec inst            0 bytes      0.00 KB/sec avg      0.00 KB/sec inst      1048576 bytes    281.37 KB/sec avg    281.37 KB/sec inst     23068672 bytes   4855.81 KB/sec avg  21504.00 KB/sec inst     49283072 bytes   8385.56 KB/sec avg  23272.72 KB/sec inst     87031808 bytes  12611.24 KB/sec avg  36864.00 KB/sec inst     87031808 bytes  12611.24 KB/sec avg  36864.00 KB/sec inst
Transfer took 8340 ms
Generating submit files in /nfs_scratch/fmeng/tmpmFImNhLFVHETauAnalyzerMVA-ZetauEmbedded_Run2012C/MergeLayer0...
........
Submit DAG file /nfs_scratch/fmeng/tmpmFImNhLFVHETauAnalyzerMVA-ZetauEmbedded_Run2012C/job.dag has been created but not submitted.
Jobs for MergeLayer0 are created in /nfs_scratch/fmeng/tmpmFImNhLFVHETauAnalyzerMVA-ZetauEmbedded_Run2012C/MergeLayer0
Using HADD method to merge files
Increasing vsize limit from 3000 MB to 6000 MB
LCG_GFAL_INFOSYS is not set
Using grid catalog type: UNKNOWN
Using grid catalog : (null)
VO name: cms
Checksum type: None
Destination SE type: SRMv2
Destination SRM Request Token: put:2336643
Source URL: file:/nfs_scratch/fmeng/tmpmFImNhLFVHETauAnalyzerMVA-ZetauEmbedded_Run2012C/FinalMerged/user_code.tgz
File size: 117640606
Source URL for copy: file:/nfs_scratch/fmeng/tmpmFImNhLFVHETauAnalyzerMVA-ZetauEmbedded_Run2012C/FinalMerged/user_code.tgz
Destination URL: gsiftp://g19n10.hep.wisc.edu//hdfs/HighReplicaCondorUserFiles/nfs_scratch/fmeng/tmpmFImNhLFVHETauAnalyzerMVA-ZetauEmbedded_Run2012C/FinalMerged/user_code.tgz
# streams: 1
            0 bytes      0.00 KB/sec avg      0.00 KB/sec inst            0 bytes      0.00 KB/sec avg      0.00 KB/sec inst            0 bytes      0.00 KB/sec avg      0.00 KB/sec inst      1048576 bytes    446.90 KB/sec avg    446.90 KB/sec inst     46137344 bytes  13689.33 KB/sec avg  44032.00 KB/sec inst     79691776 bytes  18135.20 KB/sec avg  32768.00 KB/sec inst    104857600 bytes  19352.44 KB/sec avg  24576.00 KB/sec inst
Transfer took 6020 ms
Generating submit files in /nfs_scratch/fmeng/tmpmFImNhLFVHETauAnalyzerMVA-ZetauEmbedded_Run2012C/FinalMerged...
.
Submitting job(s).
1 job(s) submitted to cluster 2427308.

-----------------------------------------------------------------------
File for submitting this DAG to Condor           : /nfs_scratch/fmeng/tmpmFImNhLFVHETauAnalyzerMVA-ZetauEmbedded_Run2012C/job.dag.wrapper.condor.sub
Log of DAGMan debugging messages                 : /nfs_scratch/fmeng/tmpmFImNhLFVHETauAnalyzerMVA-ZetauEmbedded_Run2012C/job.dag.wrapper.dagman.out
Log of Condor library output                     : /nfs_scratch/fmeng/tmpmFImNhLFVHETauAnalyzerMVA-ZetauEmbedded_Run2012C/job.dag.wrapper.lib.out
Log of Condor library error messages             : /nfs_scratch/fmeng/tmpmFImNhLFVHETauAnalyzerMVA-ZetauEmbedded_Run2012C/job.dag.wrapper.lib.err
Log of the life of condor_dagman itself          : /nfs_scratch/fmeng/tmpmFImNhLFVHETauAnalyzerMVA-ZetauEmbedded_Run2012C/job.dag.wrapper.dagman.log

-----------------------------------------------------------------------
You can monitor your workflow's progess by watching /nfs_scratch/fmeng/tmpmFImNhLFVHETauAnalyzerMVA-ZetauEmbedded_Run2012C/job.dag.dagman.out
A summary of the status of all of the jobs in your workflow will be
written to the following file every 60 seconds:
  /nfs_scratch/fmeng/tmpmFImNhLFVHETauAnalyzerMVA-ZetauEmbedded_Run2012C/job.dag.status

Your jobs should show up in ~6 minutes
at the NEW job monitoring web page :
    http://www.hep.wisc.edu/cms/comp/jobs/
Jobs for FinalMerged are created in /nfs_scratch/fmeng/tmpmFImNhLFVHETauAnalyzerMVA-ZetauEmbedded_Run2012C/FinalMerged
INFO:__main__:Waiting for job to complete
INFO:__main__:/nfs_scratch/fmeng/tmpmFImNhLFVHETauAnalyzerMVA-ZetauEmbedded_Run2012C/job.dag: UNKNOWN stats: [30mUNKNOWN[0m(83)
INFO:__main__:/nfs_scratch/fmeng/tmpmFImNhLFVHETauAnalyzerMVA-ZetauEmbedded_Run2012C/job.dag: UNKNOWN stats: [30mUNKNOWN[0m(83)
INFO:__main__:/nfs_scratch/fmeng/tmpmFImNhLFVHETauAnalyzerMVA-ZetauEmbedded_Run2012C/job.dag: UNKNOWN stats: [30mUNKNOWN[0m(83)
INFO:__main__:/nfs_scratch/fmeng/tmpmFImNhLFVHETauAnalyzerMVA-ZetauEmbedded_Run2012C/job.dag: UNKNOWN stats: [30mUNKNOWN[0m(83)
INFO:__main__:/nfs_scratch/fmeng/tmpmFImNhLFVHETauAnalyzerMVA-ZetauEmbedded_Run2012C/job.dag: UNKNOWN stats: [30mUNKNOWN[0m(83)
INFO:__main__:/nfs_scratch/fmeng/tmpmFImNhLFVHETauAnalyzerMVA-ZetauEmbedded_Run2012C/job.dag: UNKNOWN stats: [30mUNKNOWN[0m(83)
INFO:__main__:/nfs_scratch/fmeng/tmpmFImNhLFVHETauAnalyzerMVA-ZetauEmbedded_Run2012C/job.dag: UNKNOWN stats: [30mUNKNOWN[0m(83)
INFO:__main__:/nfs_scratch/fmeng/tmpmFImNhLFVHETauAnalyzerMVA-ZetauEmbedded_Run2012C/job.dag: UNKNOWN stats: [30mUNKNOWN[0m(83)
INFO:__main__:/nfs_scratch/fmeng/tmpmFImNhLFVHETauAnalyzerMVA-ZetauEmbedded_Run2012C/job.dag: UNKNOWN stats: [30mUNKNOWN[0m(83)
INFO:__main__:/nfs_scratch/fmeng/tmpmFImNhLFVHETauAnalyzerMVA-ZetauEmbedded_Run2012C/job.dag: UNKNOWN stats: [30mUNKNOWN[0m(83)
INFO:__main__:/nfs_scratch/fmeng/tmpmFImNhLFVHETauAnalyzerMVA-ZetauEmbedded_Run2012C/job.dag: STATUS_SUBMITTED stats: [33mSTATUS_SUBMITTED[0m(15) [34mSTATUS_UNREADY[0m(9) [36mSTATUS_READY[0m(59)
INFO:__main__:/nfs_scratch/fmeng/tmpmFImNhLFVHETauAnalyzerMVA-ZetauEmbedded_Run2012C/job.dag: STATUS_SUBMITTED stats: [33mSTATUS_SUBMITTED[0m(15) [34mSTATUS_UNREADY[0m(9) [36mSTATUS_READY[0m(59)
INFO:__main__:/nfs_scratch/fmeng/tmpmFImNhLFVHETauAnalyzerMVA-ZetauEmbedded_Run2012C/job.dag: STATUS_SUBMITTED stats: [33mSTATUS_SUBMITTED[0m(15) [34mSTATUS_UNREADY[0m(9) [36mSTATUS_READY[0m(59)
INFO:__main__:/nfs_scratch/fmeng/tmpmFImNhLFVHETauAnalyzerMVA-ZetauEmbedded_Run2012C/job.dag: STATUS_SUBMITTED stats: [33mSTATUS_SUBMITTED[0m(15) [34mSTATUS_UNREADY[0m(9) [36mSTATUS_READY[0m(59)
INFO:__main__:/nfs_scratch/fmeng/tmpmFImNhLFVHETauAnalyzerMVA-ZetauEmbedded_Run2012C/job.dag: STATUS_SUBMITTED stats: [33mSTATUS_SUBMITTED[0m(15) [34mSTATUS_UNREADY[0m(9) [36mSTATUS_READY[0m(59)
INFO:__main__:/nfs_scratch/fmeng/tmpmFImNhLFVHETauAnalyzerMVA-ZetauEmbedded_Run2012C/job.dag: STATUS_SUBMITTED stats: [33mSTATUS_SUBMITTED[0m(15) [34mSTATUS_UNREADY[0m(9) [36mSTATUS_READY[0m(59)
INFO:__main__:/nfs_scratch/fmeng/tmpmFImNhLFVHETauAnalyzerMVA-ZetauEmbedded_Run2012C/job.dag: STATUS_SUBMITTED stats: [33mSTATUS_SUBMITTED[0m(15) [34mSTATUS_UNREADY[0m(9) [36mSTATUS_READY[0m(59)
INFO:__main__:/nfs_scratch/fmeng/tmpmFImNhLFVHETauAnalyzerMVA-ZetauEmbedded_Run2012C/job.dag: STATUS_SUBMITTED stats: [33mSTATUS_SUBMITTED[0m(30) [34mSTATUS_UNREADY[0m(9) [36mSTATUS_READY[0m(44)
INFO:__main__:/nfs_scratch/fmeng/tmpmFImNhLFVHETauAnalyzerMVA-ZetauEmbedded_Run2012C/job.dag: STATUS_SUBMITTED stats: [33mSTATUS_SUBMITTED[0m(30) [34mSTATUS_UNREADY[0m(9) [36mSTATUS_READY[0m(44)
INFO:__main__:/nfs_scratch/fmeng/tmpmFImNhLFVHETauAnalyzerMVA-ZetauEmbedded_Run2012C/job.dag: STATUS_SUBMITTED stats: [33mSTATUS_SUBMITTED[0m(30) [34mSTATUS_UNREADY[0m(9) [36mSTATUS_READY[0m(44)
INFO:__main__:/nfs_scratch/fmeng/tmpmFImNhLFVHETauAnalyzerMVA-ZetauEmbedded_Run2012C/job.dag: STATUS_SUBMITTED stats: [33mSTATUS_SUBMITTED[0m(30) [34mSTATUS_UNREADY[0m(9) [36mSTATUS_READY[0m(44)
INFO:__main__:/nfs_scratch/fmeng/tmpmFImNhLFVHETauAnalyzerMVA-ZetauEmbedded_Run2012C/job.dag: STATUS_SUBMITTED stats: [33mSTATUS_SUBMITTED[0m(30) [34mSTATUS_UNREADY[0m(9) [36mSTATUS_READY[0m(44)
INFO:__main__:/nfs_scratch/fmeng/tmpmFImNhLFVHETauAnalyzerMVA-ZetauEmbedded_Run2012C/job.dag: STATUS_SUBMITTED stats: [33mSTATUS_SUBMITTED[0m(30) [34mSTATUS_UNREADY[0m(9) [36mSTATUS_READY[0m(44)
INFO:__main__:/nfs_scratch/fmeng/tmpmFImNhLFVHETauAnalyzerMVA-ZetauEmbedded_Run2012C/job.dag: STATUS_SUBMITTED stats: [33mSTATUS_SUBMITTED[0m(30) [34mSTATUS_UNREADY[0m(9) [36mSTATUS_READY[0m(44)
INFO:__main__:/nfs_scratch/fmeng/tmpmFImNhLFVHETauAnalyzerMVA-ZetauEmbedded_Run2012C/job.dag: STATUS_SUBMITTED stats: [33mSTATUS_SUBMITTED[0m(30) [34mSTATUS_UNREADY[0m(9) [36mSTATUS_READY[0m(44)
INFO:__main__:/nfs_scratch/fmeng/tmpmFImNhLFVHETauAnalyzerMVA-ZetauEmbedded_Run2012C/job.dag: STATUS_SUBMITTED stats: [33mSTATUS_SUBMITTED[0m(30) [34mSTATUS_UNREADY[0m(9) [36mSTATUS_READY[0m(44)
INFO:__main__:/nfs_scratch/fmeng/tmpmFImNhLFVHETauAnalyzerMVA-ZetauEmbedded_Run2012C/job.dag: STATUS_SUBMITTED stats: [33mSTATUS_SUBMITTED[0m(30) [34mSTATUS_UNREADY[0m(9) [36mSTATUS_READY[0m(44)
INFO:__main__:/nfs_scratch/fmeng/tmpmFImNhLFVHETauAnalyzerMVA-ZetauEmbedded_Run2012C/job.dag: STATUS_SUBMITTED stats: [33mSTATUS_SUBMITTED[0m(45) [34mSTATUS_UNREADY[0m(9) [36mSTATUS_READY[0m(29)
INFO:__main__:/nfs_scratch/fmeng/tmpmFImNhLFVHETauAnalyzerMVA-ZetauEmbedded_Run2012C/job.dag: STATUS_SUBMITTED stats: [33mSTATUS_SUBMITTED[0m(45) [34mSTATUS_UNREADY[0m(9) [36mSTATUS_READY[0m(29)
INFO:__main__:/nfs_scratch/fmeng/tmpmFImNhLFVHETauAnalyzerMVA-ZetauEmbedded_Run2012C/job.dag: STATUS_SUBMITTED stats: [33mSTATUS_SUBMITTED[0m(45) [34mSTATUS_UNREADY[0m(9) [36mSTATUS_READY[0m(29)
INFO:__main__:/nfs_scratch/fmeng/tmpmFImNhLFVHETauAnalyzerMVA-ZetauEmbedded_Run2012C/job.dag: STATUS_SUBMITTED stats: [33mSTATUS_SUBMITTED[0m(45) [34mSTATUS_UNREADY[0m(9) [36mSTATUS_READY[0m(29)
INFO:__main__:/nfs_scratch/fmeng/tmpmFImNhLFVHETauAnalyzerMVA-ZetauEmbedded_Run2012C/job.dag: STATUS_SUBMITTED stats: [33mSTATUS_SUBMITTED[0m(45) [34mSTATUS_UNREADY[0m(9) [36mSTATUS_READY[0m(29)
INFO:__main__:/nfs_scratch/fmeng/tmpmFImNhLFVHETauAnalyzerMVA-ZetauEmbedded_Run2012C/job.dag: STATUS_SUBMITTED stats: [33mSTATUS_SUBMITTED[0m(45) [34mSTATUS_UNREADY[0m(9) [36mSTATUS_READY[0m(29)
INFO:__main__:/nfs_scratch/fmeng/tmpmFImNhLFVHETauAnalyzerMVA-ZetauEmbedded_Run2012C/job.dag: STATUS_SUBMITTED stats: [33mSTATUS_SUBMITTED[0m(45) [34mSTATUS_UNREADY[0m(9) [36mSTATUS_READY[0m(29)
INFO:__main__:/nfs_scratch/fmeng/tmpmFImNhLFVHETauAnalyzerMVA-ZetauEmbedded_Run2012C/job.dag: STATUS_SUBMITTED stats: [33mSTATUS_SUBMITTED[0m(45) [34mSTATUS_UNREADY[0m(9) [36mSTATUS_READY[0m(29)
INFO:__main__:/nfs_scratch/fmeng/tmpmFImNhLFVHETauAnalyzerMVA-ZetauEmbedded_Run2012C/job.dag: STATUS_SUBMITTED stats: [33mSTATUS_SUBMITTED[0m(45) [34mSTATUS_UNREADY[0m(9) [36mSTATUS_READY[0m(29)
INFO:__main__:/nfs_scratch/fmeng/tmpmFImNhLFVHETauAnalyzerMVA-ZetauEmbedded_Run2012C/job.dag: STATUS_SUBMITTED stats: [33mSTATUS_SUBMITTED[0m(45) [34mSTATUS_UNREADY[0m(9) [36mSTATUS_READY[0m(29)
INFO:__main__:/nfs_scratch/fmeng/tmpmFImNhLFVHETauAnalyzerMVA-ZetauEmbedded_Run2012C/job.dag: STATUS_SUBMITTED stats: [33mSTATUS_SUBMITTED[0m(45) [34mSTATUS_UNREADY[0m(9) [36mSTATUS_READY[0m(29)
INFO:__main__:/nfs_scratch/fmeng/tmpmFImNhLFVHETauAnalyzerMVA-ZetauEmbedded_Run2012C/job.dag: STATUS_SUBMITTED stats: [33mSTATUS_SUBMITTED[0m(58) [32mSTATUS_DONE[0m(2) [34mSTATUS_UNREADY[0m(9) [36mSTATUS_READY[0m(14)
INFO:__main__:/nfs_scratch/fmeng/tmpmFImNhLFVHETauAnalyzerMVA-ZetauEmbedded_Run2012C/job.dag: STATUS_SUBMITTED stats: [33mSTATUS_SUBMITTED[0m(58) [32mSTATUS_DONE[0m(2) [34mSTATUS_UNREADY[0m(9) [36mSTATUS_READY[0m(14)
INFO:__main__:/nfs_scratch/fmeng/tmpmFImNhLFVHETauAnalyzerMVA-ZetauEmbedded_Run2012C/job.dag: STATUS_SUBMITTED stats: [33mSTATUS_SUBMITTED[0m(58) [32mSTATUS_DONE[0m(2) [34mSTATUS_UNREADY[0m(9) [36mSTATUS_READY[0m(14)
INFO:__main__:/nfs_scratch/fmeng/tmpmFImNhLFVHETauAnalyzerMVA-ZetauEmbedded_Run2012C/job.dag: STATUS_SUBMITTED stats: [33mSTATUS_SUBMITTED[0m(58) [32mSTATUS_DONE[0m(2) [34mSTATUS_UNREADY[0m(9) [36mSTATUS_READY[0m(14)
INFO:__main__:/nfs_scratch/fmeng/tmpmFImNhLFVHETauAnalyzerMVA-ZetauEmbedded_Run2012C/job.dag: STATUS_SUBMITTED stats: [33mSTATUS_SUBMITTED[0m(58) [32mSTATUS_DONE[0m(2) [34mSTATUS_UNREADY[0m(9) [36mSTATUS_READY[0m(14)
INFO:__main__:/nfs_scratch/fmeng/tmpmFImNhLFVHETauAnalyzerMVA-ZetauEmbedded_Run2012C/job.dag: STATUS_SUBMITTED stats: [33mSTATUS_SUBMITTED[0m(58) [32mSTATUS_DONE[0m(2) [34mSTATUS_UNREADY[0m(9) [36mSTATUS_READY[0m(14)
INFO:__main__:/nfs_scratch/fmeng/tmpmFImNhLFVHETauAnalyzerMVA-ZetauEmbedded_Run2012C/job.dag: STATUS_SUBMITTED stats: [33mSTATUS_SUBMITTED[0m(58) [32mSTATUS_DONE[0m(2) [34mSTATUS_UNREADY[0m(9) [36mSTATUS_READY[0m(14)
INFO:__main__:/nfs_scratch/fmeng/tmpmFImNhLFVHETauAnalyzerMVA-ZetauEmbedded_Run2012C/job.dag: STATUS_SUBMITTED stats: [33mSTATUS_SUBMITTED[0m(58) [32mSTATUS_DONE[0m(2) [34mSTATUS_UNREADY[0m(9) [36mSTATUS_READY[0m(14)
INFO:__main__:/nfs_scratch/fmeng/tmpmFImNhLFVHETauAnalyzerMVA-ZetauEmbedded_Run2012C/job.dag: STATUS_SUBMITTED stats: [33mSTATUS_SUBMITTED[0m(58) [32mSTATUS_DONE[0m(2) [34mSTATUS_UNREADY[0m(9) [36mSTATUS_READY[0m(14)
INFO:__main__:/nfs_scratch/fmeng/tmpmFImNhLFVHETauAnalyzerMVA-ZetauEmbedded_Run2012C/job.dag: STATUS_SUBMITTED stats: [33mSTATUS_SUBMITTED[0m(58) [32mSTATUS_DONE[0m(2) [34mSTATUS_UNREADY[0m(9) [36mSTATUS_READY[0m(14)
INFO:__main__:/nfs_scratch/fmeng/tmpmFImNhLFVHETauAnalyzerMVA-ZetauEmbedded_Run2012C/job.dag: STATUS_SUBMITTED stats: [33mSTATUS_SUBMITTED[0m(58) [32mSTATUS_DONE[0m(2) [34mSTATUS_UNREADY[0m(9) [36mSTATUS_READY[0m(14)
INFO:__main__:/nfs_scratch/fmeng/tmpmFImNhLFVHETauAnalyzerMVA-ZetauEmbedded_Run2012C/job.dag: STATUS_SUBMITTED stats: [33mSTATUS_SUBMITTED[0m(58) [32mSTATUS_DONE[0m(2) [34mSTATUS_UNREADY[0m(9) [36mSTATUS_READY[0m(14)
INFO:__main__:/nfs_scratch/fmeng/tmpmFImNhLFVHETauAnalyzerMVA-ZetauEmbedded_Run2012C/job.dag: STATUS_SUBMITTED stats: [33mSTATUS_SUBMITTED[0m(58) [32mSTATUS_DONE[0m(2) [34mSTATUS_UNREADY[0m(9) [36mSTATUS_READY[0m(14)
INFO:__main__:/nfs_scratch/fmeng/tmpmFImNhLFVHETauAnalyzerMVA-ZetauEmbedded_Run2012C/job.dag: STATUS_SUBMITTED stats: [33mSTATUS_SUBMITTED[0m(60) [32mSTATUS_DONE[0m(14) [34mSTATUS_UNREADY[0m(9)
INFO:__main__:/nfs_scratch/fmeng/tmpmFImNhLFVHETauAnalyzerMVA-ZetauEmbedded_Run2012C/job.dag: STATUS_SUBMITTED stats: [33mSTATUS_SUBMITTED[0m(60) [32mSTATUS_DONE[0m(14) [34mSTATUS_UNREADY[0m(9)
INFO:__main__:/nfs_scratch/fmeng/tmpmFImNhLFVHETauAnalyzerMVA-ZetauEmbedded_Run2012C/job.dag: STATUS_SUBMITTED stats: [33mSTATUS_SUBMITTED[0m(60) [32mSTATUS_DONE[0m(14) [34mSTATUS_UNREADY[0m(9)
INFO:__main__:/nfs_scratch/fmeng/tmpmFImNhLFVHETauAnalyzerMVA-ZetauEmbedded_Run2012C/job.dag: STATUS_SUBMITTED stats: [33mSTATUS_SUBMITTED[0m(60) [32mSTATUS_DONE[0m(14) [34mSTATUS_UNREADY[0m(9)
INFO:__main__:/nfs_scratch/fmeng/tmpmFImNhLFVHETauAnalyzerMVA-ZetauEmbedded_Run2012C/job.dag: STATUS_SUBMITTED stats: [33mSTATUS_SUBMITTED[0m(60) [32mSTATUS_DONE[0m(14) [34mSTATUS_UNREADY[0m(9)
INFO:__main__:/nfs_scratch/fmeng/tmpmFImNhLFVHETauAnalyzerMVA-ZetauEmbedded_Run2012C/job.dag: STATUS_SUBMITTED stats: [33mSTATUS_SUBMITTED[0m(60) [32mSTATUS_DONE[0m(14) [34mSTATUS_UNREADY[0m(9)
INFO:__main__:/nfs_scratch/fmeng/tmpmFImNhLFVHETauAnalyzerMVA-ZetauEmbedded_Run2012C/job.dag: STATUS_SUBMITTED stats: [33mSTATUS_SUBMITTED[0m(57) [32mSTATUS_DONE[0m(17) [34mSTATUS_UNREADY[0m(9)
INFO:__main__:/nfs_scratch/fmeng/tmpmFImNhLFVHETauAnalyzerMVA-ZetauEmbedded_Run2012C/job.dag: STATUS_SUBMITTED stats: [33mSTATUS_SUBMITTED[0m(57) [32mSTATUS_DONE[0m(17) [34mSTATUS_UNREADY[0m(9)
INFO:__main__:/nfs_scratch/fmeng/tmpmFImNhLFVHETauAnalyzerMVA-ZetauEmbedded_Run2012C/job.dag: STATUS_SUBMITTED stats: [33mSTATUS_SUBMITTED[0m(57) [32mSTATUS_DONE[0m(17) [34mSTATUS_UNREADY[0m(9)
INFO:__main__:/nfs_scratch/fmeng/tmpmFImNhLFVHETauAnalyzerMVA-ZetauEmbedded_Run2012C/job.dag: STATUS_SUBMITTED stats: [33mSTATUS_SUBMITTED[0m(57) [32mSTATUS_DONE[0m(17) [34mSTATUS_UNREADY[0m(9)
INFO:__main__:/nfs_scratch/fmeng/tmpmFImNhLFVHETauAnalyzerMVA-ZetauEmbedded_Run2012C/job.dag: STATUS_SUBMITTED stats: [33mSTATUS_SUBMITTED[0m(57) [32mSTATUS_DONE[0m(17) [34mSTATUS_UNREADY[0m(9)
INFO:__main__:/nfs_scratch/fmeng/tmpmFImNhLFVHETauAnalyzerMVA-ZetauEmbedded_Run2012C/job.dag: STATUS_SUBMITTED stats: [33mSTATUS_SUBMITTED[0m(57) [32mSTATUS_DONE[0m(17) [34mSTATUS_UNREADY[0m(9)
INFO:__main__:/nfs_scratch/fmeng/tmpmFImNhLFVHETauAnalyzerMVA-ZetauEmbedded_Run2012C/job.dag: STATUS_SUBMITTED stats: [33mSTATUS_SUBMITTED[0m(51) [32mSTATUS_DONE[0m(23) [34mSTATUS_UNREADY[0m(9)
INFO:__main__:/nfs_scratch/fmeng/tmpmFImNhLFVHETauAnalyzerMVA-ZetauEmbedded_Run2012C/job.dag: STATUS_SUBMITTED stats: [33mSTATUS_SUBMITTED[0m(51) [32mSTATUS_DONE[0m(23) [34mSTATUS_UNREADY[0m(9)
INFO:__main__:/nfs_scratch/fmeng/tmpmFImNhLFVHETauAnalyzerMVA-ZetauEmbedded_Run2012C/job.dag: STATUS_SUBMITTED stats: [33mSTATUS_SUBMITTED[0m(51) [32mSTATUS_DONE[0m(23) [34mSTATUS_UNREADY[0m(9)
INFO:__main__:/nfs_scratch/fmeng/tmpmFImNhLFVHETauAnalyzerMVA-ZetauEmbedded_Run2012C/job.dag: STATUS_SUBMITTED stats: [33mSTATUS_SUBMITTED[0m(51) [32mSTATUS_DONE[0m(23) [34mSTATUS_UNREADY[0m(9)
INFO:__main__:/nfs_scratch/fmeng/tmpmFImNhLFVHETauAnalyzerMVA-ZetauEmbedded_Run2012C/job.dag: STATUS_SUBMITTED stats: [33mSTATUS_SUBMITTED[0m(51) [32mSTATUS_DONE[0m(23) [34mSTATUS_UNREADY[0m(9)
INFO:__main__:/nfs_scratch/fmeng/tmpmFImNhLFVHETauAnalyzerMVA-ZetauEmbedded_Run2012C/job.dag: STATUS_SUBMITTED stats: [33mSTATUS_SUBMITTED[0m(51) [32mSTATUS_DONE[0m(23) [34mSTATUS_UNREADY[0m(9)
INFO:__main__:/nfs_scratch/fmeng/tmpmFImNhLFVHETauAnalyzerMVA-ZetauEmbedded_Run2012C/job.dag: STATUS_SUBMITTED stats: [33mSTATUS_SUBMITTED[0m(48) [32mSTATUS_DONE[0m(26) [34mSTATUS_UNREADY[0m(9)
INFO:__main__:/nfs_scratch/fmeng/tmpmFImNhLFVHETauAnalyzerMVA-ZetauEmbedded_Run2012C/job.dag: STATUS_SUBMITTED stats: [33mSTATUS_SUBMITTED[0m(48) [32mSTATUS_DONE[0m(26) [34mSTATUS_UNREADY[0m(9)
INFO:__main__:/nfs_scratch/fmeng/tmpmFImNhLFVHETauAnalyzerMVA-ZetauEmbedded_Run2012C/job.dag: STATUS_SUBMITTED stats: [33mSTATUS_SUBMITTED[0m(48) [32mSTATUS_DONE[0m(26) [34mSTATUS_UNREADY[0m(9)
INFO:__main__:/nfs_scratch/fmeng/tmpmFImNhLFVHETauAnalyzerMVA-ZetauEmbedded_Run2012C/job.dag: STATUS_SUBMITTED stats: [33mSTATUS_SUBMITTED[0m(48) [32mSTATUS_DONE[0m(26) [34mSTATUS_UNREADY[0m(9)
INFO:__main__:/nfs_scratch/fmeng/tmpmFImNhLFVHETauAnalyzerMVA-ZetauEmbedded_Run2012C/job.dag: STATUS_SUBMITTED stats: [33mSTATUS_SUBMITTED[0m(48) [32mSTATUS_DONE[0m(26) [34mSTATUS_UNREADY[0m(9)
INFO:__main__:/nfs_scratch/fmeng/tmpmFImNhLFVHETauAnalyzerMVA-ZetauEmbedded_Run2012C/job.dag: STATUS_SUBMITTED stats: [33mSTATUS_SUBMITTED[0m(48) [32mSTATUS_DONE[0m(26) [34mSTATUS_UNREADY[0m(9)
INFO:__main__:/nfs_scratch/fmeng/tmpmFImNhLFVHETauAnalyzerMVA-ZetauEmbedded_Run2012C/job.dag: STATUS_SUBMITTED stats: [33mSTATUS_SUBMITTED[0m(42) [32mSTATUS_DONE[0m(32) [34mSTATUS_UNREADY[0m(9)
INFO:__main__:/nfs_scratch/fmeng/tmpmFImNhLFVHETauAnalyzerMVA-ZetauEmbedded_Run2012C/job.dag: STATUS_SUBMITTED stats: [33mSTATUS_SUBMITTED[0m(42) [32mSTATUS_DONE[0m(32) [34mSTATUS_UNREADY[0m(9)
INFO:__main__:/nfs_scratch/fmeng/tmpmFImNhLFVHETauAnalyzerMVA-ZetauEmbedded_Run2012C/job.dag: STATUS_SUBMITTED stats: [33mSTATUS_SUBMITTED[0m(42) [32mSTATUS_DONE[0m(32) [34mSTATUS_UNREADY[0m(9)
INFO:__main__:/nfs_scratch/fmeng/tmpmFImNhLFVHETauAnalyzerMVA-ZetauEmbedded_Run2012C/job.dag: STATUS_SUBMITTED stats: [33mSTATUS_SUBMITTED[0m(42) [32mSTATUS_DONE[0m(32) [34mSTATUS_UNREADY[0m(9)
INFO:__main__:/nfs_scratch/fmeng/tmpmFImNhLFVHETauAnalyzerMVA-ZetauEmbedded_Run2012C/job.dag: STATUS_SUBMITTED stats: [33mSTATUS_SUBMITTED[0m(42) [32mSTATUS_DONE[0m(32) [34mSTATUS_UNREADY[0m(9)
INFO:__main__:/nfs_scratch/fmeng/tmpmFImNhLFVHETauAnalyzerMVA-ZetauEmbedded_Run2012C/job.dag: STATUS_SUBMITTED stats: [33mSTATUS_SUBMITTED[0m(42) [32mSTATUS_DONE[0m(32) [34mSTATUS_UNREADY[0m(9)
INFO:__main__:/nfs_scratch/fmeng/tmpmFImNhLFVHETauAnalyzerMVA-ZetauEmbedded_Run2012C/job.dag: STATUS_SUBMITTED stats: [33mSTATUS_SUBMITTED[0m(37) [32mSTATUS_DONE[0m(38) [34mSTATUS_UNREADY[0m(8)
INFO:__main__:/nfs_scratch/fmeng/tmpmFImNhLFVHETauAnalyzerMVA-ZetauEmbedded_Run2012C/job.dag: STATUS_SUBMITTED stats: [33mSTATUS_SUBMITTED[0m(37) [32mSTATUS_DONE[0m(38) [34mSTATUS_UNREADY[0m(8)
INFO:__main__:/nfs_scratch/fmeng/tmpmFImNhLFVHETauAnalyzerMVA-ZetauEmbedded_Run2012C/job.dag: STATUS_SUBMITTED stats: [33mSTATUS_SUBMITTED[0m(37) [32mSTATUS_DONE[0m(38) [34mSTATUS_UNREADY[0m(8)
INFO:__main__:/nfs_scratch/fmeng/tmpmFImNhLFVHETauAnalyzerMVA-ZetauEmbedded_Run2012C/job.dag: STATUS_SUBMITTED stats: [33mSTATUS_SUBMITTED[0m(37) [32mSTATUS_DONE[0m(38) [34mSTATUS_UNREADY[0m(8)
INFO:__main__:/nfs_scratch/fmeng/tmpmFImNhLFVHETauAnalyzerMVA-ZetauEmbedded_Run2012C/job.dag: STATUS_SUBMITTED stats: [33mSTATUS_SUBMITTED[0m(37) [32mSTATUS_DONE[0m(38) [34mSTATUS_UNREADY[0m(8)
INFO:__main__:/nfs_scratch/fmeng/tmpmFImNhLFVHETauAnalyzerMVA-ZetauEmbedded_Run2012C/job.dag: STATUS_SUBMITTED stats: [33mSTATUS_SUBMITTED[0m(37) [32mSTATUS_DONE[0m(38) [34mSTATUS_UNREADY[0m(8)
INFO:__main__:/nfs_scratch/fmeng/tmpmFImNhLFVHETauAnalyzerMVA-ZetauEmbedded_Run2012C/job.dag: STATUS_SUBMITTED stats: [33mSTATUS_SUBMITTED[0m(34) [32mSTATUS_DONE[0m(41) [34mSTATUS_UNREADY[0m(8)
INFO:__main__:/nfs_scratch/fmeng/tmpmFImNhLFVHETauAnalyzerMVA-ZetauEmbedded_Run2012C/job.dag: STATUS_SUBMITTED stats: [33mSTATUS_SUBMITTED[0m(34) [32mSTATUS_DONE[0m(41) [34mSTATUS_UNREADY[0m(8)
INFO:__main__:/nfs_scratch/fmeng/tmpmFImNhLFVHETauAnalyzerMVA-ZetauEmbedded_Run2012C/job.dag: STATUS_SUBMITTED stats: [33mSTATUS_SUBMITTED[0m(34) [32mSTATUS_DONE[0m(41) [34mSTATUS_UNREADY[0m(8)
INFO:__main__:/nfs_scratch/fmeng/tmpmFImNhLFVHETauAnalyzerMVA-ZetauEmbedded_Run2012C/job.dag: STATUS_SUBMITTED stats: [33mSTATUS_SUBMITTED[0m(34) [32mSTATUS_DONE[0m(41) [34mSTATUS_UNREADY[0m(8)
INFO:__main__:/nfs_scratch/fmeng/tmpmFImNhLFVHETauAnalyzerMVA-ZetauEmbedded_Run2012C/job.dag: STATUS_SUBMITTED stats: [33mSTATUS_SUBMITTED[0m(34) [32mSTATUS_DONE[0m(41) [34mSTATUS_UNREADY[0m(8)
INFO:__main__:/nfs_scratch/fmeng/tmpmFImNhLFVHETauAnalyzerMVA-ZetauEmbedded_Run2012C/job.dag: STATUS_SUBMITTED stats: [33mSTATUS_SUBMITTED[0m(34) [32mSTATUS_DONE[0m(41) [34mSTATUS_UNREADY[0m(8)
INFO:__main__:/nfs_scratch/fmeng/tmpmFImNhLFVHETauAnalyzerMVA-ZetauEmbedded_Run2012C/job.dag: STATUS_SUBMITTED stats: [33mSTATUS_SUBMITTED[0m(30) [32mSTATUS_DONE[0m(45) [34mSTATUS_UNREADY[0m(8)
INFO:__main__:/nfs_scratch/fmeng/tmpmFImNhLFVHETauAnalyzerMVA-ZetauEmbedded_Run2012C/job.dag: STATUS_SUBMITTED stats: [33mSTATUS_SUBMITTED[0m(30) [32mSTATUS_DONE[0m(45) [34mSTATUS_UNREADY[0m(8)
INFO:__main__:/nfs_scratch/fmeng/tmpmFImNhLFVHETauAnalyzerMVA-ZetauEmbedded_Run2012C/job.dag: STATUS_SUBMITTED stats: [33mSTATUS_SUBMITTED[0m(30) [32mSTATUS_DONE[0m(45) [34mSTATUS_UNREADY[0m(8)
INFO:__main__:/nfs_scratch/fmeng/tmpmFImNhLFVHETauAnalyzerMVA-ZetauEmbedded_Run2012C/job.dag: STATUS_SUBMITTED stats: [33mSTATUS_SUBMITTED[0m(30) [32mSTATUS_DONE[0m(45) [34mSTATUS_UNREADY[0m(8)
INFO:__main__:/nfs_scratch/fmeng/tmpmFImNhLFVHETauAnalyzerMVA-ZetauEmbedded_Run2012C/job.dag: STATUS_SUBMITTED stats: [33mSTATUS_SUBMITTED[0m(30) [32mSTATUS_DONE[0m(45) [34mSTATUS_UNREADY[0m(8)
INFO:__main__:/nfs_scratch/fmeng/tmpmFImNhLFVHETauAnalyzerMVA-ZetauEmbedded_Run2012C/job.dag: STATUS_SUBMITTED stats: [33mSTATUS_SUBMITTED[0m(30) [32mSTATUS_DONE[0m(45) [34mSTATUS_UNREADY[0m(8)
INFO:__main__:/nfs_scratch/fmeng/tmpmFImNhLFVHETauAnalyzerMVA-ZetauEmbedded_Run2012C/job.dag: STATUS_SUBMITTED stats: [33mSTATUS_SUBMITTED[0m(26) [32mSTATUS_DONE[0m(49) [34mSTATUS_UNREADY[0m(8)
INFO:__main__:/nfs_scratch/fmeng/tmpmFImNhLFVHETauAnalyzerMVA-ZetauEmbedded_Run2012C/job.dag: STATUS_SUBMITTED stats: [33mSTATUS_SUBMITTED[0m(26) [32mSTATUS_DONE[0m(49) [34mSTATUS_UNREADY[0m(8)
INFO:__main__:/nfs_scratch/fmeng/tmpmFImNhLFVHETauAnalyzerMVA-ZetauEmbedded_Run2012C/job.dag: STATUS_SUBMITTED stats: [33mSTATUS_SUBMITTED[0m(26) [32mSTATUS_DONE[0m(49) [34mSTATUS_UNREADY[0m(8)
INFO:__main__:/nfs_scratch/fmeng/tmpmFImNhLFVHETauAnalyzerMVA-ZetauEmbedded_Run2012C/job.dag: STATUS_SUBMITTED stats: [33mSTATUS_SUBMITTED[0m(26) [32mSTATUS_DONE[0m(49) [34mSTATUS_UNREADY[0m(8)
INFO:__main__:/nfs_scratch/fmeng/tmpmFImNhLFVHETauAnalyzerMVA-ZetauEmbedded_Run2012C/job.dag: STATUS_SUBMITTED stats: [33mSTATUS_SUBMITTED[0m(26) [32mSTATUS_DONE[0m(49) [34mSTATUS_UNREADY[0m(8)
INFO:__main__:/nfs_scratch/fmeng/tmpmFImNhLFVHETauAnalyzerMVA-ZetauEmbedded_Run2012C/job.dag: STATUS_SUBMITTED stats: [33mSTATUS_SUBMITTED[0m(26) [32mSTATUS_DONE[0m(49) [34mSTATUS_UNREADY[0m(8)
INFO:__main__:/nfs_scratch/fmeng/tmpmFImNhLFVHETauAnalyzerMVA-ZetauEmbedded_Run2012C/job.dag: STATUS_SUBMITTED stats: [33mSTATUS_SUBMITTED[0m(22) [32mSTATUS_DONE[0m(53) [34mSTATUS_UNREADY[0m(8)
INFO:__main__:/nfs_scratch/fmeng/tmpmFImNhLFVHETauAnalyzerMVA-ZetauEmbedded_Run2012C/job.dag: STATUS_SUBMITTED stats: [33mSTATUS_SUBMITTED[0m(22) [32mSTATUS_DONE[0m(53) [34mSTATUS_UNREADY[0m(8)
INFO:__main__:/nfs_scratch/fmeng/tmpmFImNhLFVHETauAnalyzerMVA-ZetauEmbedded_Run2012C/job.dag: STATUS_SUBMITTED stats: [33mSTATUS_SUBMITTED[0m(22) [32mSTATUS_DONE[0m(53) [34mSTATUS_UNREADY[0m(8)
INFO:__main__:/nfs_scratch/fmeng/tmpmFImNhLFVHETauAnalyzerMVA-ZetauEmbedded_Run2012C/job.dag: STATUS_SUBMITTED stats: [33mSTATUS_SUBMITTED[0m(22) [32mSTATUS_DONE[0m(53) [34mSTATUS_UNREADY[0m(8)
INFO:__main__:/nfs_scratch/fmeng/tmpmFImNhLFVHETauAnalyzerMVA-ZetauEmbedded_Run2012C/job.dag: STATUS_SUBMITTED stats: [33mSTATUS_SUBMITTED[0m(22) [32mSTATUS_DONE[0m(53) [34mSTATUS_UNREADY[0m(8)
INFO:__main__:/nfs_scratch/fmeng/tmpmFImNhLFVHETauAnalyzerMVA-ZetauEmbedded_Run2012C/job.dag: STATUS_SUBMITTED stats: [33mSTATUS_SUBMITTED[0m(22) [32mSTATUS_DONE[0m(53) [34mSTATUS_UNREADY[0m(8)
INFO:__main__:/nfs_scratch/fmeng/tmpmFImNhLFVHETauAnalyzerMVA-ZetauEmbedded_Run2012C/job.dag: STATUS_SUBMITTED stats: [33mSTATUS_SUBMITTED[0m(17) [32mSTATUS_DONE[0m(58) [34mSTATUS_UNREADY[0m(8)
INFO:__main__:/nfs_scratch/fmeng/tmpmFImNhLFVHETauAnalyzerMVA-ZetauEmbedded_Run2012C/job.dag: STATUS_SUBMITTED stats: [33mSTATUS_SUBMITTED[0m(17) [32mSTATUS_DONE[0m(58) [34mSTATUS_UNREADY[0m(8)
INFO:__main__:/nfs_scratch/fmeng/tmpmFImNhLFVHETauAnalyzerMVA-ZetauEmbedded_Run2012C/job.dag: STATUS_SUBMITTED stats: [33mSTATUS_SUBMITTED[0m(17) [32mSTATUS_DONE[0m(58) [34mSTATUS_UNREADY[0m(8)
INFO:__main__:/nfs_scratch/fmeng/tmpmFImNhLFVHETauAnalyzerMVA-ZetauEmbedded_Run2012C/job.dag: STATUS_SUBMITTED stats: [33mSTATUS_SUBMITTED[0m(17) [32mSTATUS_DONE[0m(58) [34mSTATUS_UNREADY[0m(8)
INFO:__main__:/nfs_scratch/fmeng/tmpmFImNhLFVHETauAnalyzerMVA-ZetauEmbedded_Run2012C/job.dag: STATUS_SUBMITTED stats: [33mSTATUS_SUBMITTED[0m(17) [32mSTATUS_DONE[0m(58) [34mSTATUS_UNREADY[0m(8)
INFO:__main__:/nfs_scratch/fmeng/tmpmFImNhLFVHETauAnalyzerMVA-ZetauEmbedded_Run2012C/job.dag: STATUS_SUBMITTED stats: [33mSTATUS_SUBMITTED[0m(17) [32mSTATUS_DONE[0m(58) [34mSTATUS_UNREADY[0m(8)
INFO:__main__:/nfs_scratch/fmeng/tmpmFImNhLFVHETauAnalyzerMVA-ZetauEmbedded_Run2012C/job.dag: STATUS_SUBMITTED stats: [33mSTATUS_SUBMITTED[0m(15) [32mSTATUS_DONE[0m(61) [34mSTATUS_UNREADY[0m(7)
INFO:__main__:/nfs_scratch/fmeng/tmpmFImNhLFVHETauAnalyzerMVA-ZetauEmbedded_Run2012C/job.dag: STATUS_SUBMITTED stats: [33mSTATUS_SUBMITTED[0m(15) [32mSTATUS_DONE[0m(61) [34mSTATUS_UNREADY[0m(7)
INFO:__main__:/nfs_scratch/fmeng/tmpmFImNhLFVHETauAnalyzerMVA-ZetauEmbedded_Run2012C/job.dag: STATUS_SUBMITTED stats: [33mSTATUS_SUBMITTED[0m(15) [32mSTATUS_DONE[0m(61) [34mSTATUS_UNREADY[0m(7)
INFO:__main__:/nfs_scratch/fmeng/tmpmFImNhLFVHETauAnalyzerMVA-ZetauEmbedded_Run2012C/job.dag: STATUS_SUBMITTED stats: [33mSTATUS_SUBMITTED[0m(15) [32mSTATUS_DONE[0m(61) [34mSTATUS_UNREADY[0m(7)
INFO:__main__:/nfs_scratch/fmeng/tmpmFImNhLFVHETauAnalyzerMVA-ZetauEmbedded_Run2012C/job.dag: STATUS_SUBMITTED stats: [33mSTATUS_SUBMITTED[0m(15) [32mSTATUS_DONE[0m(61) [34mSTATUS_UNREADY[0m(7)
INFO:__main__:/nfs_scratch/fmeng/tmpmFImNhLFVHETauAnalyzerMVA-ZetauEmbedded_Run2012C/job.dag: STATUS_SUBMITTED stats: [33mSTATUS_SUBMITTED[0m(15) [32mSTATUS_DONE[0m(61) [34mSTATUS_UNREADY[0m(7)
INFO:__main__:/nfs_scratch/fmeng/tmpmFImNhLFVHETauAnalyzerMVA-ZetauEmbedded_Run2012C/job.dag: STATUS_SUBMITTED stats: [33mSTATUS_SUBMITTED[0m(12) [32mSTATUS_DONE[0m(64) [34mSTATUS_UNREADY[0m(7)
INFO:__main__:/nfs_scratch/fmeng/tmpmFImNhLFVHETauAnalyzerMVA-ZetauEmbedded_Run2012C/job.dag: STATUS_SUBMITTED stats: [33mSTATUS_SUBMITTED[0m(12) [32mSTATUS_DONE[0m(64) [34mSTATUS_UNREADY[0m(7)
INFO:__main__:/nfs_scratch/fmeng/tmpmFImNhLFVHETauAnalyzerMVA-ZetauEmbedded_Run2012C/job.dag: STATUS_SUBMITTED stats: [33mSTATUS_SUBMITTED[0m(12) [32mSTATUS_DONE[0m(64) [34mSTATUS_UNREADY[0m(7)
INFO:__main__:/nfs_scratch/fmeng/tmpmFImNhLFVHETauAnalyzerMVA-ZetauEmbedded_Run2012C/job.dag: STATUS_SUBMITTED stats: [33mSTATUS_SUBMITTED[0m(12) [32mSTATUS_DONE[0m(64) [34mSTATUS_UNREADY[0m(7)
INFO:__main__:/nfs_scratch/fmeng/tmpmFImNhLFVHETauAnalyzerMVA-ZetauEmbedded_Run2012C/job.dag: STATUS_SUBMITTED stats: [33mSTATUS_SUBMITTED[0m(12) [32mSTATUS_DONE[0m(64) [34mSTATUS_UNREADY[0m(7)
INFO:__main__:/nfs_scratch/fmeng/tmpmFImNhLFVHETauAnalyzerMVA-ZetauEmbedded_Run2012C/job.dag: STATUS_SUBMITTED stats: [33mSTATUS_SUBMITTED[0m(12) [32mSTATUS_DONE[0m(64) [34mSTATUS_UNREADY[0m(7)
INFO:__main__:/nfs_scratch/fmeng/tmpmFImNhLFVHETauAnalyzerMVA-ZetauEmbedded_Run2012C/job.dag: STATUS_SUBMITTED stats: [33mSTATUS_SUBMITTED[0m(10) [32mSTATUS_DONE[0m(67) [34mSTATUS_UNREADY[0m(6)
INFO:__main__:/nfs_scratch/fmeng/tmpmFImNhLFVHETauAnalyzerMVA-ZetauEmbedded_Run2012C/job.dag: STATUS_SUBMITTED stats: [33mSTATUS_SUBMITTED[0m(10) [32mSTATUS_DONE[0m(67) [34mSTATUS_UNREADY[0m(6)
INFO:__main__:/nfs_scratch/fmeng/tmpmFImNhLFVHETauAnalyzerMVA-ZetauEmbedded_Run2012C/job.dag: STATUS_SUBMITTED stats: [33mSTATUS_SUBMITTED[0m(10) [32mSTATUS_DONE[0m(67) [34mSTATUS_UNREADY[0m(6)
INFO:__main__:/nfs_scratch/fmeng/tmpmFImNhLFVHETauAnalyzerMVA-ZetauEmbedded_Run2012C/job.dag: STATUS_SUBMITTED stats: [33mSTATUS_SUBMITTED[0m(10) [32mSTATUS_DONE[0m(67) [34mSTATUS_UNREADY[0m(6)
INFO:__main__:/nfs_scratch/fmeng/tmpmFImNhLFVHETauAnalyzerMVA-ZetauEmbedded_Run2012C/job.dag: STATUS_SUBMITTED stats: [33mSTATUS_SUBMITTED[0m(10) [32mSTATUS_DONE[0m(67) [34mSTATUS_UNREADY[0m(6)
INFO:__main__:/nfs_scratch/fmeng/tmpmFImNhLFVHETauAnalyzerMVA-ZetauEmbedded_Run2012C/job.dag: STATUS_SUBMITTED stats: [33mSTATUS_SUBMITTED[0m(10) [32mSTATUS_DONE[0m(67) [34mSTATUS_UNREADY[0m(6)
INFO:__main__:/nfs_scratch/fmeng/tmpmFImNhLFVHETauAnalyzerMVA-ZetauEmbedded_Run2012C/job.dag: STATUS_SUBMITTED stats: [33mSTATUS_SUBMITTED[0m(9) [32mSTATUS_DONE[0m(68) [34mSTATUS_UNREADY[0m(6)
INFO:__main__:/nfs_scratch/fmeng/tmpmFImNhLFVHETauAnalyzerMVA-ZetauEmbedded_Run2012C/job.dag: STATUS_SUBMITTED stats: [33mSTATUS_SUBMITTED[0m(9) [32mSTATUS_DONE[0m(68) [34mSTATUS_UNREADY[0m(6)
INFO:__main__:/nfs_scratch/fmeng/tmpmFImNhLFVHETauAnalyzerMVA-ZetauEmbedded_Run2012C/job.dag: STATUS_SUBMITTED stats: [33mSTATUS_SUBMITTED[0m(9) [32mSTATUS_DONE[0m(68) [34mSTATUS_UNREADY[0m(6)
INFO:__main__:/nfs_scratch/fmeng/tmpmFImNhLFVHETauAnalyzerMVA-ZetauEmbedded_Run2012C/job.dag: STATUS_SUBMITTED stats: [33mSTATUS_SUBMITTED[0m(9) [32mSTATUS_DONE[0m(68) [34mSTATUS_UNREADY[0m(6)
INFO:__main__:/nfs_scratch/fmeng/tmpmFImNhLFVHETauAnalyzerMVA-ZetauEmbedded_Run2012C/job.dag: STATUS_SUBMITTED stats: [33mSTATUS_SUBMITTED[0m(9) [32mSTATUS_DONE[0m(68) [34mSTATUS_UNREADY[0m(6)
INFO:__main__:/nfs_scratch/fmeng/tmpmFImNhLFVHETauAnalyzerMVA-ZetauEmbedded_Run2012C/job.dag: STATUS_SUBMITTED stats: [33mSTATUS_SUBMITTED[0m(9) [32mSTATUS_DONE[0m(68) [34mSTATUS_UNREADY[0m(6)
INFO:__main__:/nfs_scratch/fmeng/tmpmFImNhLFVHETauAnalyzerMVA-ZetauEmbedded_Run2012C/job.dag: STATUS_SUBMITTED stats: [33mSTATUS_SUBMITTED[0m(9) [32mSTATUS_DONE[0m(68) [34mSTATUS_UNREADY[0m(6)
INFO:__main__:/nfs_scratch/fmeng/tmpmFImNhLFVHETauAnalyzerMVA-ZetauEmbedded_Run2012C/job.dag: STATUS_SUBMITTED stats: [33mSTATUS_SUBMITTED[0m(9) [32mSTATUS_DONE[0m(68) [34mSTATUS_UNREADY[0m(6)
INFO:__main__:/nfs_scratch/fmeng/tmpmFImNhLFVHETauAnalyzerMVA-ZetauEmbedded_Run2012C/job.dag: STATUS_SUBMITTED stats: [33mSTATUS_SUBMITTED[0m(8) [32mSTATUS_DONE[0m(74) [34mSTATUS_UNREADY[0m(1)
INFO:__main__:/nfs_scratch/fmeng/tmpmFImNhLFVHETauAnalyzerMVA-ZetauEmbedded_Run2012C/job.dag: STATUS_SUBMITTED stats: [33mSTATUS_SUBMITTED[0m(8) [32mSTATUS_DONE[0m(74) [34mSTATUS_UNREADY[0m(1)
INFO:__main__:/nfs_scratch/fmeng/tmpmFImNhLFVHETauAnalyzerMVA-ZetauEmbedded_Run2012C/job.dag: STATUS_SUBMITTED stats: [33mSTATUS_SUBMITTED[0m(8) [32mSTATUS_DONE[0m(74) [34mSTATUS_UNREADY[0m(1)
INFO:__main__:/nfs_scratch/fmeng/tmpmFImNhLFVHETauAnalyzerMVA-ZetauEmbedded_Run2012C/job.dag: STATUS_SUBMITTED stats: [33mSTATUS_SUBMITTED[0m(8) [32mSTATUS_DONE[0m(74) [34mSTATUS_UNREADY[0m(1)
INFO:__main__:/nfs_scratch/fmeng/tmpmFImNhLFVHETauAnalyzerMVA-ZetauEmbedded_Run2012C/job.dag: STATUS_SUBMITTED stats: [33mSTATUS_SUBMITTED[0m(8) [32mSTATUS_DONE[0m(74) [34mSTATUS_UNREADY[0m(1)
INFO:__main__:/nfs_scratch/fmeng/tmpmFImNhLFVHETauAnalyzerMVA-ZetauEmbedded_Run2012C/job.dag: STATUS_SUBMITTED stats: [33mSTATUS_SUBMITTED[0m(8) [32mSTATUS_DONE[0m(74) [34mSTATUS_UNREADY[0m(1)
INFO:__main__:/nfs_scratch/fmeng/tmpmFImNhLFVHETauAnalyzerMVA-ZetauEmbedded_Run2012C/job.dag: STATUS_SUBMITTED stats: [33mSTATUS_SUBMITTED[0m(8) [32mSTATUS_DONE[0m(74) [34mSTATUS_UNREADY[0m(1)
INFO:__main__:/nfs_scratch/fmeng/tmpmFImNhLFVHETauAnalyzerMVA-ZetauEmbedded_Run2012C/job.dag: STATUS_SUBMITTED stats: [33mSTATUS_SUBMITTED[0m(8) [32mSTATUS_DONE[0m(74) [34mSTATUS_UNREADY[0m(1)
INFO:__main__:/nfs_scratch/fmeng/tmpmFImNhLFVHETauAnalyzerMVA-ZetauEmbedded_Run2012C/job.dag: STATUS_SUBMITTED stats: [33mSTATUS_SUBMITTED[0m(8) [32mSTATUS_DONE[0m(74) [34mSTATUS_UNREADY[0m(1)
INFO:__main__:/nfs_scratch/fmeng/tmpmFImNhLFVHETauAnalyzerMVA-ZetauEmbedded_Run2012C/job.dag: STATUS_SUBMITTED stats: [33mSTATUS_SUBMITTED[0m(8) [32mSTATUS_DONE[0m(74) [34mSTATUS_UNREADY[0m(1)
INFO:__main__:/nfs_scratch/fmeng/tmpmFImNhLFVHETauAnalyzerMVA-ZetauEmbedded_Run2012C/job.dag: STATUS_SUBMITTED stats: [33mSTATUS_SUBMITTED[0m(7) [32mSTATUS_DONE[0m(75) [34mSTATUS_UNREADY[0m(1)
INFO:__main__:/nfs_scratch/fmeng/tmpmFImNhLFVHETauAnalyzerMVA-ZetauEmbedded_Run2012C/job.dag: STATUS_SUBMITTED stats: [33mSTATUS_SUBMITTED[0m(7) [32mSTATUS_DONE[0m(75) [34mSTATUS_UNREADY[0m(1)
INFO:__main__:/nfs_scratch/fmeng/tmpmFImNhLFVHETauAnalyzerMVA-ZetauEmbedded_Run2012C/job.dag: STATUS_SUBMITTED stats: [33mSTATUS_SUBMITTED[0m(7) [32mSTATUS_DONE[0m(75) [34mSTATUS_UNREADY[0m(1)
INFO:__main__:/nfs_scratch/fmeng/tmpmFImNhLFVHETauAnalyzerMVA-ZetauEmbedded_Run2012C/job.dag: STATUS_SUBMITTED stats: [33mSTATUS_SUBMITTED[0m(7) [32mSTATUS_DONE[0m(75) [34mSTATUS_UNREADY[0m(1)
INFO:__main__:/nfs_scratch/fmeng/tmpmFImNhLFVHETauAnalyzerMVA-ZetauEmbedded_Run2012C/job.dag: STATUS_SUBMITTED stats: [33mSTATUS_SUBMITTED[0m(7) [32mSTATUS_DONE[0m(75) [34mSTATUS_UNREADY[0m(1)
INFO:__main__:/nfs_scratch/fmeng/tmpmFImNhLFVHETauAnalyzerMVA-ZetauEmbedded_Run2012C/job.dag: STATUS_SUBMITTED stats: [33mSTATUS_SUBMITTED[0m(7) [32mSTATUS_DONE[0m(75) [34mSTATUS_UNREADY[0m(1)
INFO:__main__:/nfs_scratch/fmeng/tmpmFImNhLFVHETauAnalyzerMVA-ZetauEmbedded_Run2012C/job.dag: STATUS_SUBMITTED stats: [33mSTATUS_SUBMITTED[0m(7) [32mSTATUS_DONE[0m(75) [34mSTATUS_UNREADY[0m(1)
INFO:__main__:/nfs_scratch/fmeng/tmpmFImNhLFVHETauAnalyzerMVA-ZetauEmbedded_Run2012C/job.dag: STATUS_SUBMITTED stats: [33mSTATUS_SUBMITTED[0m(7) [32mSTATUS_DONE[0m(75) [34mSTATUS_UNREADY[0m(1)
INFO:__main__:/nfs_scratch/fmeng/tmpmFImNhLFVHETauAnalyzerMVA-ZetauEmbedded_Run2012C/job.dag: STATUS_SUBMITTED stats: [33mSTATUS_SUBMITTED[0m(7) [32mSTATUS_DONE[0m(75) [34mSTATUS_UNREADY[0m(1)
INFO:__main__:/nfs_scratch/fmeng/tmpmFImNhLFVHETauAnalyzerMVA-ZetauEmbedded_Run2012C/job.dag: STATUS_SUBMITTED stats: [33mSTATUS_SUBMITTED[0m(7) [32mSTATUS_DONE[0m(75) [34mSTATUS_UNREADY[0m(1)
INFO:__main__:/nfs_scratch/fmeng/tmpmFImNhLFVHETauAnalyzerMVA-ZetauEmbedded_Run2012C/job.dag: STATUS_SUBMITTED stats: [33mSTATUS_SUBMITTED[0m(7) [32mSTATUS_DONE[0m(75) [34mSTATUS_UNREADY[0m(1)
INFO:__main__:/nfs_scratch/fmeng/tmpmFImNhLFVHETauAnalyzerMVA-ZetauEmbedded_Run2012C/job.dag: STATUS_SUBMITTED stats: [33mSTATUS_SUBMITTED[0m(7) [32mSTATUS_DONE[0m(75) [34mSTATUS_UNREADY[0m(1)
INFO:__main__:/nfs_scratch/fmeng/tmpmFImNhLFVHETauAnalyzerMVA-ZetauEmbedded_Run2012C/job.dag: STATUS_SUBMITTED stats: [33mSTATUS_SUBMITTED[0m(7) [32mSTATUS_DONE[0m(75) [34mSTATUS_UNREADY[0m(1)
INFO:__main__:/nfs_scratch/fmeng/tmpmFImNhLFVHETauAnalyzerMVA-ZetauEmbedded_Run2012C/job.dag: STATUS_SUBMITTED stats: [33mSTATUS_SUBMITTED[0m(7) [32mSTATUS_DONE[0m(75) [34mSTATUS_UNREADY[0m(1)
INFO:__main__:/nfs_scratch/fmeng/tmpmFImNhLFVHETauAnalyzerMVA-ZetauEmbedded_Run2012C/job.dag: STATUS_SUBMITTED stats: [33mSTATUS_SUBMITTED[0m(7) [32mSTATUS_DONE[0m(75) [34mSTATUS_UNREADY[0m(1)
INFO:__main__:/nfs_scratch/fmeng/tmpmFImNhLFVHETauAnalyzerMVA-ZetauEmbedded_Run2012C/job.dag: STATUS_SUBMITTED stats: [33mSTATUS_SUBMITTED[0m(7) [32mSTATUS_DONE[0m(75) [34mSTATUS_UNREADY[0m(1)
INFO:__main__:/nfs_scratch/fmeng/tmpmFImNhLFVHETauAnalyzerMVA-ZetauEmbedded_Run2012C/job.dag: STATUS_SUBMITTED stats: [33mSTATUS_SUBMITTED[0m(7) [32mSTATUS_DONE[0m(75) [34mSTATUS_UNREADY[0m(1)
INFO:__main__:/nfs_scratch/fmeng/tmpmFImNhLFVHETauAnalyzerMVA-ZetauEmbedded_Run2012C/job.dag: STATUS_SUBMITTED stats: [33mSTATUS_SUBMITTED[0m(7) [32mSTATUS_DONE[0m(75) [34mSTATUS_UNREADY[0m(1)
INFO:__main__:/nfs_scratch/fmeng/tmpmFImNhLFVHETauAnalyzerMVA-ZetauEmbedded_Run2012C/job.dag: STATUS_SUBMITTED stats: [33mSTATUS_SUBMITTED[0m(7) [32mSTATUS_DONE[0m(75) [34mSTATUS_UNREADY[0m(1)
INFO:__main__:/nfs_scratch/fmeng/tmpmFImNhLFVHETauAnalyzerMVA-ZetauEmbedded_Run2012C/job.dag: STATUS_SUBMITTED stats: [33mSTATUS_SUBMITTED[0m(7) [32mSTATUS_DONE[0m(75) [34mSTATUS_UNREADY[0m(1)
INFO:__main__:/nfs_scratch/fmeng/tmpmFImNhLFVHETauAnalyzerMVA-ZetauEmbedded_Run2012C/job.dag: STATUS_SUBMITTED stats: [33mSTATUS_SUBMITTED[0m(7) [32mSTATUS_DONE[0m(75) [34mSTATUS_UNREADY[0m(1)
INFO:__main__:/nfs_scratch/fmeng/tmpmFImNhLFVHETauAnalyzerMVA-ZetauEmbedded_Run2012C/job.dag: STATUS_SUBMITTED stats: [33mSTATUS_SUBMITTED[0m(7) [32mSTATUS_DONE[0m(75) [34mSTATUS_UNREADY[0m(1)
INFO:__main__:/nfs_scratch/fmeng/tmpmFImNhLFVHETauAnalyzerMVA-ZetauEmbedded_Run2012C/job.dag: STATUS_SUBMITTED stats: [33mSTATUS_SUBMITTED[0m(7) [32mSTATUS_DONE[0m(75) [34mSTATUS_UNREADY[0m(1)
INFO:__main__:/nfs_scratch/fmeng/tmpmFImNhLFVHETauAnalyzerMVA-ZetauEmbedded_Run2012C/job.dag: STATUS_SUBMITTED stats: [33mSTATUS_SUBMITTED[0m(7) [32mSTATUS_DONE[0m(75) [34mSTATUS_UNREADY[0m(1)
INFO:__main__:/nfs_scratch/fmeng/tmpmFImNhLFVHETauAnalyzerMVA-ZetauEmbedded_Run2012C/job.dag: STATUS_SUBMITTED stats: [33mSTATUS_SUBMITTED[0m(7) [32mSTATUS_DONE[0m(75) [34mSTATUS_UNREADY[0m(1)
INFO:__main__:/nfs_scratch/fmeng/tmpmFImNhLFVHETauAnalyzerMVA-ZetauEmbedded_Run2012C/job.dag: STATUS_SUBMITTED stats: [33mSTATUS_SUBMITTED[0m(7) [32mSTATUS_DONE[0m(75) [34mSTATUS_UNREADY[0m(1)
INFO:__main__:/nfs_scratch/fmeng/tmpmFImNhLFVHETauAnalyzerMVA-ZetauEmbedded_Run2012C/job.dag: STATUS_SUBMITTED stats: [33mSTATUS_SUBMITTED[0m(7) [32mSTATUS_DONE[0m(75) [34mSTATUS_UNREADY[0m(1)
INFO:__main__:/nfs_scratch/fmeng/tmpmFImNhLFVHETauAnalyzerMVA-ZetauEmbedded_Run2012C/job.dag: STATUS_SUBMITTED stats: [33mSTATUS_SUBMITTED[0m(7) [32mSTATUS_DONE[0m(75) [34mSTATUS_UNREADY[0m(1)
INFO:__main__:/nfs_scratch/fmeng/tmpmFImNhLFVHETauAnalyzerMVA-ZetauEmbedded_Run2012C/job.dag: STATUS_SUBMITTED stats: [33mSTATUS_SUBMITTED[0m(7) [32mSTATUS_DONE[0m(75) [34mSTATUS_UNREADY[0m(1)
INFO:__main__:/nfs_scratch/fmeng/tmpmFImNhLFVHETauAnalyzerMVA-ZetauEmbedded_Run2012C/job.dag: STATUS_SUBMITTED stats: [33mSTATUS_SUBMITTED[0m(7) [32mSTATUS_DONE[0m(75) [34mSTATUS_UNREADY[0m(1)
INFO:__main__:/nfs_scratch/fmeng/tmpmFImNhLFVHETauAnalyzerMVA-ZetauEmbedded_Run2012C/job.dag: STATUS_SUBMITTED stats: [33mSTATUS_SUBMITTED[0m(7) [32mSTATUS_DONE[0m(75) [34mSTATUS_UNREADY[0m(1)
INFO:__main__:/nfs_scratch/fmeng/tmpmFImNhLFVHETauAnalyzerMVA-ZetauEmbedded_Run2012C/job.dag: STATUS_SUBMITTED stats: [33mSTATUS_SUBMITTED[0m(7) [32mSTATUS_DONE[0m(75) [34mSTATUS_UNREADY[0m(1)
INFO:__main__:/nfs_scratch/fmeng/tmpmFImNhLFVHETauAnalyzerMVA-ZetauEmbedded_Run2012C/job.dag: STATUS_SUBMITTED stats: [33mSTATUS_SUBMITTED[0m(7) [32mSTATUS_DONE[0m(75) [34mSTATUS_UNREADY[0m(1)
INFO:__main__:/nfs_scratch/fmeng/tmpmFImNhLFVHETauAnalyzerMVA-ZetauEmbedded_Run2012C/job.dag: STATUS_SUBMITTED stats: [33mSTATUS_SUBMITTED[0m(7) [32mSTATUS_DONE[0m(75) [34mSTATUS_UNREADY[0m(1)
INFO:__main__:/nfs_scratch/fmeng/tmpmFImNhLFVHETauAnalyzerMVA-ZetauEmbedded_Run2012C/job.dag: STATUS_SUBMITTED stats: [33mSTATUS_SUBMITTED[0m(7) [32mSTATUS_DONE[0m(75) [34mSTATUS_UNREADY[0m(1)
INFO:__main__:/nfs_scratch/fmeng/tmpmFImNhLFVHETauAnalyzerMVA-ZetauEmbedded_Run2012C/job.dag: STATUS_SUBMITTED stats: [33mSTATUS_SUBMITTED[0m(7) [32mSTATUS_DONE[0m(75) [34mSTATUS_UNREADY[0m(1)
INFO:__main__:/nfs_scratch/fmeng/tmpmFImNhLFVHETauAnalyzerMVA-ZetauEmbedded_Run2012C/job.dag: STATUS_SUBMITTED stats: [33mSTATUS_SUBMITTED[0m(7) [32mSTATUS_DONE[0m(75) [34mSTATUS_UNREADY[0m(1)
INFO:__main__:/nfs_scratch/fmeng/tmpmFImNhLFVHETauAnalyzerMVA-ZetauEmbedded_Run2012C/job.dag: STATUS_SUBMITTED stats: [33mSTATUS_SUBMITTED[0m(7) [32mSTATUS_DONE[0m(75) [34mSTATUS_UNREADY[0m(1)
INFO:__main__:/nfs_scratch/fmeng/tmpmFImNhLFVHETauAnalyzerMVA-ZetauEmbedded_Run2012C/job.dag: STATUS_SUBMITTED stats: [33mSTATUS_SUBMITTED[0m(7) [32mSTATUS_DONE[0m(75) [34mSTATUS_UNREADY[0m(1)
INFO:__main__:/nfs_scratch/fmeng/tmpmFImNhLFVHETauAnalyzerMVA-ZetauEmbedded_Run2012C/job.dag: STATUS_SUBMITTED stats: [33mSTATUS_SUBMITTED[0m(7) [32mSTATUS_DONE[0m(75) [34mSTATUS_UNREADY[0m(1)
INFO:__main__:/nfs_scratch/fmeng/tmpmFImNhLFVHETauAnalyzerMVA-ZetauEmbedded_Run2012C/job.dag: STATUS_SUBMITTED stats: [33mSTATUS_SUBMITTED[0m(7) [32mSTATUS_DONE[0m(75) [34mSTATUS_UNREADY[0m(1)
INFO:__main__:/nfs_scratch/fmeng/tmpmFImNhLFVHETauAnalyzerMVA-ZetauEmbedded_Run2012C/job.dag: STATUS_SUBMITTED stats: [33mSTATUS_SUBMITTED[0m(7) [32mSTATUS_DONE[0m(75) [34mSTATUS_UNREADY[0m(1)
INFO:__main__:/nfs_scratch/fmeng/tmpmFImNhLFVHETauAnalyzerMVA-ZetauEmbedded_Run2012C/job.dag: STATUS_SUBMITTED stats: [33mSTATUS_SUBMITTED[0m(7) [32mSTATUS_DONE[0m(75) [34mSTATUS_UNREADY[0m(1)
INFO:__main__:/nfs_scratch/fmeng/tmpmFImNhLFVHETauAnalyzerMVA-ZetauEmbedded_Run2012C/job.dag: STATUS_SUBMITTED stats: [33mSTATUS_SUBMITTED[0m(7) [32mSTATUS_DONE[0m(75) [34mSTATUS_UNREADY[0m(1)
INFO:__main__:/nfs_scratch/fmeng/tmpmFImNhLFVHETauAnalyzerMVA-ZetauEmbedded_Run2012C/job.dag: STATUS_SUBMITTED stats: [33mSTATUS_SUBMITTED[0m(7) [32mSTATUS_DONE[0m(75) [34mSTATUS_UNREADY[0m(1)
INFO:__main__:/nfs_scratch/fmeng/tmpmFImNhLFVHETauAnalyzerMVA-ZetauEmbedded_Run2012C/job.dag: STATUS_SUBMITTED stats: [33mSTATUS_SUBMITTED[0m(7) [32mSTATUS_DONE[0m(75) [34mSTATUS_UNREADY[0m(1)
INFO:__main__:/nfs_scratch/fmeng/tmpmFImNhLFVHETauAnalyzerMVA-ZetauEmbedded_Run2012C/job.dag: STATUS_SUBMITTED stats: [33mSTATUS_SUBMITTED[0m(7) [32mSTATUS_DONE[0m(75) [34mSTATUS_UNREADY[0m(1)
INFO:__main__:/nfs_scratch/fmeng/tmpmFImNhLFVHETauAnalyzerMVA-ZetauEmbedded_Run2012C/job.dag: STATUS_SUBMITTED stats: [33mSTATUS_SUBMITTED[0m(7) [32mSTATUS_DONE[0m(75) [34mSTATUS_UNREADY[0m(1)
INFO:__main__:/nfs_scratch/fmeng/tmpmFImNhLFVHETauAnalyzerMVA-ZetauEmbedded_Run2012C/job.dag: STATUS_SUBMITTED stats: [33mSTATUS_SUBMITTED[0m(7) [32mSTATUS_DONE[0m(75) [34mSTATUS_UNREADY[0m(1)
INFO:__main__:/nfs_scratch/fmeng/tmpmFImNhLFVHETauAnalyzerMVA-ZetauEmbedded_Run2012C/job.dag: STATUS_SUBMITTED stats: [33mSTATUS_SUBMITTED[0m(7) [32mSTATUS_DONE[0m(75) [34mSTATUS_UNREADY[0m(1)
INFO:__main__:/nfs_scratch/fmeng/tmpmFImNhLFVHETauAnalyzerMVA-ZetauEmbedded_Run2012C/job.dag: STATUS_SUBMITTED stats: [33mSTATUS_SUBMITTED[0m(7) [32mSTATUS_DONE[0m(75) [34mSTATUS_UNREADY[0m(1)
INFO:__main__:/nfs_scratch/fmeng/tmpmFImNhLFVHETauAnalyzerMVA-ZetauEmbedded_Run2012C/job.dag: STATUS_SUBMITTED stats: [33mSTATUS_SUBMITTED[0m(7) [32mSTATUS_DONE[0m(75) [34mSTATUS_UNREADY[0m(1)
INFO:__main__:/nfs_scratch/fmeng/tmpmFImNhLFVHETauAnalyzerMVA-ZetauEmbedded_Run2012C/job.dag: STATUS_SUBMITTED stats: [33mSTATUS_SUBMITTED[0m(7) [32mSTATUS_DONE[0m(75) [34mSTATUS_UNREADY[0m(1)
INFO:__main__:/nfs_scratch/fmeng/tmpmFImNhLFVHETauAnalyzerMVA-ZetauEmbedded_Run2012C/job.dag: STATUS_SUBMITTED stats: [33mSTATUS_SUBMITTED[0m(7) [32mSTATUS_DONE[0m(75) [34mSTATUS_UNREADY[0m(1)
INFO:__main__:/nfs_scratch/fmeng/tmpmFImNhLFVHETauAnalyzerMVA-ZetauEmbedded_Run2012C/job.dag: STATUS_SUBMITTED stats: [33mSTATUS_SUBMITTED[0m(7) [32mSTATUS_DONE[0m(75) [34mSTATUS_UNREADY[0m(1)
INFO:__main__:/nfs_scratch/fmeng/tmpmFImNhLFVHETauAnalyzerMVA-ZetauEmbedded_Run2012C/job.dag: STATUS_SUBMITTED stats: [33mSTATUS_SUBMITTED[0m(7) [32mSTATUS_DONE[0m(75) [34mSTATUS_UNREADY[0m(1)
INFO:__main__:/nfs_scratch/fmeng/tmpmFImNhLFVHETauAnalyzerMVA-ZetauEmbedded_Run2012C/job.dag: STATUS_SUBMITTED stats: [33mSTATUS_SUBMITTED[0m(7) [32mSTATUS_DONE[0m(75) [34mSTATUS_UNREADY[0m(1)
INFO:__main__:/nfs_scratch/fmeng/tmpmFImNhLFVHETauAnalyzerMVA-ZetauEmbedded_Run2012C/job.dag: STATUS_SUBMITTED stats: [33mSTATUS_SUBMITTED[0m(7) [32mSTATUS_DONE[0m(75) [34mSTATUS_UNREADY[0m(1)
INFO:__main__:/nfs_scratch/fmeng/tmpmFImNhLFVHETauAnalyzerMVA-ZetauEmbedded_Run2012C/job.dag: STATUS_SUBMITTED stats: [33mSTATUS_SUBMITTED[0m(7) [32mSTATUS_DONE[0m(75) [34mSTATUS_UNREADY[0m(1)
INFO:__main__:/nfs_scratch/fmeng/tmpmFImNhLFVHETauAnalyzerMVA-ZetauEmbedded_Run2012C/job.dag: STATUS_SUBMITTED stats: [33mSTATUS_SUBMITTED[0m(7) [32mSTATUS_DONE[0m(75) [34mSTATUS_UNREADY[0m(1)
INFO:__main__:/nfs_scratch/fmeng/tmpmFImNhLFVHETauAnalyzerMVA-ZetauEmbedded_Run2012C/job.dag: STATUS_SUBMITTED stats: [33mSTATUS_SUBMITTED[0m(7) [32mSTATUS_DONE[0m(75) [34mSTATUS_UNREADY[0m(1)
INFO:__main__:/nfs_scratch/fmeng/tmpmFImNhLFVHETauAnalyzerMVA-ZetauEmbedded_Run2012C/job.dag: STATUS_SUBMITTED stats: [33mSTATUS_SUBMITTED[0m(7) [32mSTATUS_DONE[0m(75) [34mSTATUS_UNREADY[0m(1)
INFO:__main__:/nfs_scratch/fmeng/tmpmFImNhLFVHETauAnalyzerMVA-ZetauEmbedded_Run2012C/job.dag: STATUS_SUBMITTED stats: [33mSTATUS_SUBMITTED[0m(7) [32mSTATUS_DONE[0m(75) [34mSTATUS_UNREADY[0m(1)
INFO:__main__:/nfs_scratch/fmeng/tmpmFImNhLFVHETauAnalyzerMVA-ZetauEmbedded_Run2012C/job.dag: STATUS_SUBMITTED stats: [33mSTATUS_SUBMITTED[0m(7) [32mSTATUS_DONE[0m(75) [34mSTATUS_UNREADY[0m(1)
INFO:__main__:/nfs_scratch/fmeng/tmpmFImNhLFVHETauAnalyzerMVA-ZetauEmbedded_Run2012C/job.dag: STATUS_SUBMITTED stats: [33mSTATUS_SUBMITTED[0m(7) [32mSTATUS_DONE[0m(75) [34mSTATUS_UNREADY[0m(1)
INFO:__main__:/nfs_scratch/fmeng/tmpmFImNhLFVHETauAnalyzerMVA-ZetauEmbedded_Run2012C/job.dag: STATUS_SUBMITTED stats: [33mSTATUS_SUBMITTED[0m(7) [32mSTATUS_DONE[0m(75) [34mSTATUS_UNREADY[0m(1)
INFO:__main__:/nfs_scratch/fmeng/tmpmFImNhLFVHETauAnalyzerMVA-ZetauEmbedded_Run2012C/job.dag: STATUS_SUBMITTED stats: [33mSTATUS_SUBMITTED[0m(7) [32mSTATUS_DONE[0m(75) [34mSTATUS_UNREADY[0m(1)
INFO:__main__:/nfs_scratch/fmeng/tmpmFImNhLFVHETauAnalyzerMVA-ZetauEmbedded_Run2012C/job.dag: STATUS_SUBMITTED stats: [33mSTATUS_SUBMITTED[0m(7) [32mSTATUS_DONE[0m(75) [34mSTATUS_UNREADY[0m(1)
INFO:__main__:/nfs_scratch/fmeng/tmpmFImNhLFVHETauAnalyzerMVA-ZetauEmbedded_Run2012C/job.dag: STATUS_SUBMITTED stats: [33mSTATUS_SUBMITTED[0m(7) [32mSTATUS_DONE[0m(75) [34mSTATUS_UNREADY[0m(1)
INFO:__main__:/nfs_scratch/fmeng/tmpmFImNhLFVHETauAnalyzerMVA-ZetauEmbedded_Run2012C/job.dag: STATUS_SUBMITTED stats: [33mSTATUS_SUBMITTED[0m(7) [32mSTATUS_DONE[0m(75) [34mSTATUS_UNREADY[0m(1)
INFO:__main__:/nfs_scratch/fmeng/tmpmFImNhLFVHETauAnalyzerMVA-ZetauEmbedded_Run2012C/job.dag: STATUS_SUBMITTED stats: [33mSTATUS_SUBMITTED[0m(7) [32mSTATUS_DONE[0m(75) [34mSTATUS_UNREADY[0m(1)
INFO:__main__:/nfs_scratch/fmeng/tmpmFImNhLFVHETauAnalyzerMVA-ZetauEmbedded_Run2012C/job.dag: STATUS_SUBMITTED stats: [33mSTATUS_SUBMITTED[0m(7) [32mSTATUS_DONE[0m(75) [34mSTATUS_UNREADY[0m(1)
INFO:__main__:/nfs_scratch/fmeng/tmpmFImNhLFVHETauAnalyzerMVA-ZetauEmbedded_Run2012C/job.dag: STATUS_SUBMITTED stats: [33mSTATUS_SUBMITTED[0m(7) [32mSTATUS_DONE[0m(75) [34mSTATUS_UNREADY[0m(1)
INFO:__main__:/nfs_scratch/fmeng/tmpmFImNhLFVHETauAnalyzerMVA-ZetauEmbedded_Run2012C/job.dag: STATUS_SUBMITTED stats: [33mSTATUS_SUBMITTED[0m(7) [32mSTATUS_DONE[0m(75) [34mSTATUS_UNREADY[0m(1)
INFO:__main__:/nfs_scratch/fmeng/tmpmFImNhLFVHETauAnalyzerMVA-ZetauEmbedded_Run2012C/job.dag: STATUS_SUBMITTED stats: [33mSTATUS_SUBMITTED[0m(7) [32mSTATUS_DONE[0m(75) [34mSTATUS_UNREADY[0m(1)
INFO:__main__:/nfs_scratch/fmeng/tmpmFImNhLFVHETauAnalyzerMVA-ZetauEmbedded_Run2012C/job.dag: STATUS_SUBMITTED stats: [33mSTATUS_SUBMITTED[0m(7) [32mSTATUS_DONE[0m(75) [34mSTATUS_UNREADY[0m(1)
INFO:__main__:/nfs_scratch/fmeng/tmpmFImNhLFVHETauAnalyzerMVA-ZetauEmbedded_Run2012C/job.dag: STATUS_SUBMITTED stats: [33mSTATUS_SUBMITTED[0m(7) [32mSTATUS_DONE[0m(75) [34mSTATUS_UNREADY[0m(1)
INFO:__main__:/nfs_scratch/fmeng/tmpmFImNhLFVHETauAnalyzerMVA-ZetauEmbedded_Run2012C/job.dag: STATUS_SUBMITTED stats: [33mSTATUS_SUBMITTED[0m(7) [32mSTATUS_DONE[0m(75) [34mSTATUS_UNREADY[0m(1)
INFO:__main__:/nfs_scratch/fmeng/tmpmFImNhLFVHETauAnalyzerMVA-ZetauEmbedded_Run2012C/job.dag: STATUS_SUBMITTED stats: [33mSTATUS_SUBMITTED[0m(7) [32mSTATUS_DONE[0m(75) [34mSTATUS_UNREADY[0m(1)
INFO:__main__:/nfs_scratch/fmeng/tmpmFImNhLFVHETauAnalyzerMVA-ZetauEmbedded_Run2012C/job.dag: STATUS_SUBMITTED stats: [33mSTATUS_SUBMITTED[0m(7) [32mSTATUS_DONE[0m(75) [34mSTATUS_UNREADY[0m(1)
INFO:__main__:/nfs_scratch/fmeng/tmpmFImNhLFVHETauAnalyzerMVA-ZetauEmbedded_Run2012C/job.dag: STATUS_SUBMITTED stats: [33mSTATUS_SUBMITTED[0m(7) [32mSTATUS_DONE[0m(75) [34mSTATUS_UNREADY[0m(1)
INFO:__main__:/nfs_scratch/fmeng/tmpmFImNhLFVHETauAnalyzerMVA-ZetauEmbedded_Run2012C/job.dag: STATUS_SUBMITTED stats: [33mSTATUS_SUBMITTED[0m(7) [32mSTATUS_DONE[0m(75) [34mSTATUS_UNREADY[0m(1)
INFO:__main__:/nfs_scratch/fmeng/tmpmFImNhLFVHETauAnalyzerMVA-ZetauEmbedded_Run2012C/job.dag: STATUS_SUBMITTED stats: [33mSTATUS_SUBMITTED[0m(7) [32mSTATUS_DONE[0m(75) [34mSTATUS_UNREADY[0m(1)
INFO:__main__:/nfs_scratch/fmeng/tmpmFImNhLFVHETauAnalyzerMVA-ZetauEmbedded_Run2012C/job.dag: STATUS_SUBMITTED stats: [33mSTATUS_SUBMITTED[0m(7) [32mSTATUS_DONE[0m(75) [34mSTATUS_UNREADY[0m(1)
INFO:__main__:/nfs_scratch/fmeng/tmpmFImNhLFVHETauAnalyzerMVA-ZetauEmbedded_Run2012C/job.dag: STATUS_SUBMITTED stats: [33mSTATUS_SUBMITTED[0m(7) [32mSTATUS_DONE[0m(75) [34mSTATUS_UNREADY[0m(1)
INFO:__main__:/nfs_scratch/fmeng/tmpmFImNhLFVHETauAnalyzerMVA-ZetauEmbedded_Run2012C/job.dag: STATUS_SUBMITTED stats: [33mSTATUS_SUBMITTED[0m(7) [32mSTATUS_DONE[0m(75) [34mSTATUS_UNREADY[0m(1)
INFO:__main__:/nfs_scratch/fmeng/tmpmFImNhLFVHETauAnalyzerMVA-ZetauEmbedded_Run2012C/job.dag: STATUS_SUBMITTED stats: [33mSTATUS_SUBMITTED[0m(7) [32mSTATUS_DONE[0m(75) [34mSTATUS_UNREADY[0m(1)
INFO:__main__:/nfs_scratch/fmeng/tmpmFImNhLFVHETauAnalyzerMVA-ZetauEmbedded_Run2012C/job.dag: STATUS_SUBMITTED stats: [33mSTATUS_SUBMITTED[0m(7) [32mSTATUS_DONE[0m(75) [34mSTATUS_UNREADY[0m(1)
INFO:__main__:/nfs_scratch/fmeng/tmpmFImNhLFVHETauAnalyzerMVA-ZetauEmbedded_Run2012C/job.dag: STATUS_SUBMITTED stats: [33mSTATUS_SUBMITTED[0m(7) [32mSTATUS_DONE[0m(75) [34mSTATUS_UNREADY[0m(1)
INFO:__main__:/nfs_scratch/fmeng/tmpmFImNhLFVHETauAnalyzerMVA-ZetauEmbedded_Run2012C/job.dag: STATUS_SUBMITTED stats: [33mSTATUS_SUBMITTED[0m(7) [32mSTATUS_DONE[0m(75) [34mSTATUS_UNREADY[0m(1)
INFO:__main__:/nfs_scratch/fmeng/tmpmFImNhLFVHETauAnalyzerMVA-ZetauEmbedded_Run2012C/job.dag: STATUS_SUBMITTED stats: [33mSTATUS_SUBMITTED[0m(7) [32mSTATUS_DONE[0m(75) [34mSTATUS_UNREADY[0m(1)
INFO:__main__:/nfs_scratch/fmeng/tmpmFImNhLFVHETauAnalyzerMVA-ZetauEmbedded_Run2012C/job.dag: STATUS_SUBMITTED stats: [33mSTATUS_SUBMITTED[0m(7) [32mSTATUS_DONE[0m(75) [34mSTATUS_UNREADY[0m(1)
INFO:__main__:/nfs_scratch/fmeng/tmpmFImNhLFVHETauAnalyzerMVA-ZetauEmbedded_Run2012C/job.dag: STATUS_SUBMITTED stats: [33mSTATUS_SUBMITTED[0m(7) [32mSTATUS_DONE[0m(75) [34mSTATUS_UNREADY[0m(1)
INFO:__main__:/nfs_scratch/fmeng/tmpmFImNhLFVHETauAnalyzerMVA-ZetauEmbedded_Run2012C/job.dag: STATUS_SUBMITTED stats: [33mSTATUS_SUBMITTED[0m(7) [32mSTATUS_DONE[0m(75) [34mSTATUS_UNREADY[0m(1)
INFO:__main__:/nfs_scratch/fmeng/tmpmFImNhLFVHETauAnalyzerMVA-ZetauEmbedded_Run2012C/job.dag: STATUS_SUBMITTED stats: [33mSTATUS_SUBMITTED[0m(7) [32mSTATUS_DONE[0m(75) [34mSTATUS_UNREADY[0m(1)
INFO:__main__:/nfs_scratch/fmeng/tmpmFImNhLFVHETauAnalyzerMVA-ZetauEmbedded_Run2012C/job.dag: STATUS_SUBMITTED stats: [33mSTATUS_SUBMITTED[0m(7) [32mSTATUS_DONE[0m(75) [34mSTATUS_UNREADY[0m(1)
INFO:__main__:/nfs_scratch/fmeng/tmpmFImNhLFVHETauAnalyzerMVA-ZetauEmbedded_Run2012C/job.dag: STATUS_SUBMITTED stats: [33mSTATUS_SUBMITTED[0m(7) [32mSTATUS_DONE[0m(75) [34mSTATUS_UNREADY[0m(1)
INFO:__main__:/nfs_scratch/fmeng/tmpmFImNhLFVHETauAnalyzerMVA-ZetauEmbedded_Run2012C/job.dag: STATUS_SUBMITTED stats: [33mSTATUS_SUBMITTED[0m(7) [32mSTATUS_DONE[0m(75) [34mSTATUS_UNREADY[0m(1)
INFO:__main__:/nfs_scratch/fmeng/tmpmFImNhLFVHETauAnalyzerMVA-ZetauEmbedded_Run2012C/job.dag: STATUS_SUBMITTED stats: [33mSTATUS_SUBMITTED[0m(7) [32mSTATUS_DONE[0m(75) [34mSTATUS_UNREADY[0m(1)
INFO:__main__:/nfs_scratch/fmeng/tmpmFImNhLFVHETauAnalyzerMVA-ZetauEmbedded_Run2012C/job.dag: STATUS_SUBMITTED stats: [33mSTATUS_SUBMITTED[0m(7) [32mSTATUS_DONE[0m(75) [34mSTATUS_UNREADY[0m(1)
INFO:__main__:/nfs_scratch/fmeng/tmpmFImNhLFVHETauAnalyzerMVA-ZetauEmbedded_Run2012C/job.dag: STATUS_SUBMITTED stats: [33mSTATUS_SUBMITTED[0m(7) [32mSTATUS_DONE[0m(75) [34mSTATUS_UNREADY[0m(1)
INFO:__main__:/nfs_scratch/fmeng/tmpmFImNhLFVHETauAnalyzerMVA-ZetauEmbedded_Run2012C/job.dag: STATUS_SUBMITTED stats: [33mSTATUS_SUBMITTED[0m(7) [32mSTATUS_DONE[0m(75) [34mSTATUS_UNREADY[0m(1)
INFO:__main__:/nfs_scratch/fmeng/tmpmFImNhLFVHETauAnalyzerMVA-ZetauEmbedded_Run2012C/job.dag: STATUS_SUBMITTED stats: [33mSTATUS_SUBMITTED[0m(7) [32mSTATUS_DONE[0m(75) [34mSTATUS_UNREADY[0m(1)
INFO:__main__:/nfs_scratch/fmeng/tmpmFImNhLFVHETauAnalyzerMVA-ZetauEmbedded_Run2012C/job.dag: STATUS_SUBMITTED stats: [33mSTATUS_SUBMITTED[0m(7) [32mSTATUS_DONE[0m(75) [34mSTATUS_UNREADY[0m(1)
INFO:__main__:/nfs_scratch/fmeng/tmpmFImNhLFVHETauAnalyzerMVA-ZetauEmbedded_Run2012C/job.dag: STATUS_SUBMITTED stats: [33mSTATUS_SUBMITTED[0m(7) [32mSTATUS_DONE[0m(75) [34mSTATUS_UNREADY[0m(1)
INFO:__main__:/nfs_scratch/fmeng/tmpmFImNhLFVHETauAnalyzerMVA-ZetauEmbedded_Run2012C/job.dag: STATUS_SUBMITTED stats: [33mSTATUS_SUBMITTED[0m(7) [32mSTATUS_DONE[0m(75) [34mSTATUS_UNREADY[0m(1)
INFO:__main__:/nfs_scratch/fmeng/tmpmFImNhLFVHETauAnalyzerMVA-ZetauEmbedded_Run2012C/job.dag: STATUS_SUBMITTED stats: [33mSTATUS_SUBMITTED[0m(7) [32mSTATUS_DONE[0m(75) [34mSTATUS_UNREADY[0m(1)
INFO:__main__:/nfs_scratch/fmeng/tmpmFImNhLFVHETauAnalyzerMVA-ZetauEmbedded_Run2012C/job.dag: STATUS_SUBMITTED stats: [33mSTATUS_SUBMITTED[0m(7) [32mSTATUS_DONE[0m(75) [34mSTATUS_UNREADY[0m(1)
INFO:__main__:/nfs_scratch/fmeng/tmpmFImNhLFVHETauAnalyzerMVA-ZetauEmbedded_Run2012C/job.dag: STATUS_SUBMITTED stats: [33mSTATUS_SUBMITTED[0m(7) [32mSTATUS_DONE[0m(75) [34mSTATUS_UNREADY[0m(1)
INFO:__main__:/nfs_scratch/fmeng/tmpmFImNhLFVHETauAnalyzerMVA-ZetauEmbedded_Run2012C/job.dag: STATUS_SUBMITTED stats: [33mSTATUS_SUBMITTED[0m(7) [32mSTATUS_DONE[0m(75) [34mSTATUS_UNREADY[0m(1)
INFO:__main__:/nfs_scratch/fmeng/tmpmFImNhLFVHETauAnalyzerMVA-ZetauEmbedded_Run2012C/job.dag: STATUS_SUBMITTED stats: [33mSTATUS_SUBMITTED[0m(7) [32mSTATUS_DONE[0m(75) [34mSTATUS_UNREADY[0m(1)
INFO:__main__:/nfs_scratch/fmeng/tmpmFImNhLFVHETauAnalyzerMVA-ZetauEmbedded_Run2012C/job.dag: STATUS_SUBMITTED stats: [33mSTATUS_SUBMITTED[0m(7) [32mSTATUS_DONE[0m(75) [34mSTATUS_UNREADY[0m(1)
INFO:__main__:/nfs_scratch/fmeng/tmpmFImNhLFVHETauAnalyzerMVA-ZetauEmbedded_Run2012C/job.dag: STATUS_SUBMITTED stats: [33mSTATUS_SUBMITTED[0m(7) [32mSTATUS_DONE[0m(75) [34mSTATUS_UNREADY[0m(1)
INFO:__main__:/nfs_scratch/fmeng/tmpmFImNhLFVHETauAnalyzerMVA-ZetauEmbedded_Run2012C/job.dag: STATUS_SUBMITTED stats: [33mSTATUS_SUBMITTED[0m(7) [32mSTATUS_DONE[0m(75) [34mSTATUS_UNREADY[0m(1)
INFO:__main__:/nfs_scratch/fmeng/tmpmFImNhLFVHETauAnalyzerMVA-ZetauEmbedded_Run2012C/job.dag: STATUS_SUBMITTED stats: [33mSTATUS_SUBMITTED[0m(7) [32mSTATUS_DONE[0m(75) [34mSTATUS_UNREADY[0m(1)
INFO:__main__:/nfs_scratch/fmeng/tmpmFImNhLFVHETauAnalyzerMVA-ZetauEmbedded_Run2012C/job.dag: STATUS_SUBMITTED stats: [33mSTATUS_SUBMITTED[0m(7) [32mSTATUS_DONE[0m(75) [34mSTATUS_UNREADY[0m(1)
INFO:__main__:/nfs_scratch/fmeng/tmpmFImNhLFVHETauAnalyzerMVA-ZetauEmbedded_Run2012C/job.dag: STATUS_SUBMITTED stats: [33mSTATUS_SUBMITTED[0m(7) [32mSTATUS_DONE[0m(75) [34mSTATUS_UNREADY[0m(1)
INFO:__main__:/nfs_scratch/fmeng/tmpmFImNhLFVHETauAnalyzerMVA-ZetauEmbedded_Run2012C/job.dag: STATUS_SUBMITTED stats: [33mSTATUS_SUBMITTED[0m(7) [32mSTATUS_DONE[0m(75) [34mSTATUS_UNREADY[0m(1)
INFO:__main__:/nfs_scratch/fmeng/tmpmFImNhLFVHETauAnalyzerMVA-ZetauEmbedded_Run2012C/job.dag: STATUS_SUBMITTED stats: [33mSTATUS_SUBMITTED[0m(7) [32mSTATUS_DONE[0m(75) [34mSTATUS_UNREADY[0m(1)
INFO:__main__:/nfs_scratch/fmeng/tmpmFImNhLFVHETauAnalyzerMVA-ZetauEmbedded_Run2012C/job.dag: STATUS_SUBMITTED stats: [33mSTATUS_SUBMITTED[0m(7) [32mSTATUS_DONE[0m(75) [34mSTATUS_UNREADY[0m(1)
INFO:__main__:/nfs_scratch/fmeng/tmpmFImNhLFVHETauAnalyzerMVA-ZetauEmbedded_Run2012C/job.dag: STATUS_SUBMITTED stats: [33mSTATUS_SUBMITTED[0m(7) [32mSTATUS_DONE[0m(75) [34mSTATUS_UNREADY[0m(1)
INFO:__main__:/nfs_scratch/fmeng/tmpmFImNhLFVHETauAnalyzerMVA-ZetauEmbedded_Run2012C/job.dag: STATUS_SUBMITTED stats: [33mSTATUS_SUBMITTED[0m(7) [32mSTATUS_DONE[0m(75) [34mSTATUS_UNREADY[0m(1)
INFO:__main__:/nfs_scratch/fmeng/tmpmFImNhLFVHETauAnalyzerMVA-ZetauEmbedded_Run2012C/job.dag: STATUS_SUBMITTED stats: [33mSTATUS_SUBMITTED[0m(7) [32mSTATUS_DONE[0m(75) [34mSTATUS_UNREADY[0m(1)
INFO:__main__:/nfs_scratch/fmeng/tmpmFImNhLFVHETauAnalyzerMVA-ZetauEmbedded_Run2012C/job.dag: STATUS_SUBMITTED stats: [33mSTATUS_SUBMITTED[0m(7) [32mSTATUS_DONE[0m(75) [34mSTATUS_UNREADY[0m(1)
INFO:__main__:/nfs_scratch/fmeng/tmpmFImNhLFVHETauAnalyzerMVA-ZetauEmbedded_Run2012C/job.dag: STATUS_SUBMITTED stats: [33mSTATUS_SUBMITTED[0m(7) [32mSTATUS_DONE[0m(75) [34mSTATUS_UNREADY[0m(1)
INFO:__main__:/nfs_scratch/fmeng/tmpmFImNhLFVHETauAnalyzerMVA-ZetauEmbedded_Run2012C/job.dag: STATUS_SUBMITTED stats: [33mSTATUS_SUBMITTED[0m(7) [32mSTATUS_DONE[0m(75) [34mSTATUS_UNREADY[0m(1)
INFO:__main__:/nfs_scratch/fmeng/tmpmFImNhLFVHETauAnalyzerMVA-ZetauEmbedded_Run2012C/job.dag: STATUS_SUBMITTED stats: [33mSTATUS_SUBMITTED[0m(7) [32mSTATUS_DONE[0m(75) [34mSTATUS_UNREADY[0m(1)
INFO:__main__:/nfs_scratch/fmeng/tmpmFImNhLFVHETauAnalyzerMVA-ZetauEmbedded_Run2012C/job.dag: STATUS_SUBMITTED stats: [33mSTATUS_SUBMITTED[0m(7) [32mSTATUS_DONE[0m(75) [34mSTATUS_UNREADY[0m(1)
INFO:__main__:/nfs_scratch/fmeng/tmpmFImNhLFVHETauAnalyzerMVA-ZetauEmbedded_Run2012C/job.dag: STATUS_SUBMITTED stats: [33mSTATUS_SUBMITTED[0m(7) [32mSTATUS_DONE[0m(75) [34mSTATUS_UNREADY[0m(1)
INFO:__main__:/nfs_scratch/fmeng/tmpmFImNhLFVHETauAnalyzerMVA-ZetauEmbedded_Run2012C/job.dag: STATUS_SUBMITTED stats: [33mSTATUS_SUBMITTED[0m(7) [32mSTATUS_DONE[0m(75) [34mSTATUS_UNREADY[0m(1)
INFO:__main__:/nfs_scratch/fmeng/tmpmFImNhLFVHETauAnalyzerMVA-ZetauEmbedded_Run2012C/job.dag: STATUS_SUBMITTED stats: [33mSTATUS_SUBMITTED[0m(7) [32mSTATUS_DONE[0m(75) [34mSTATUS_UNREADY[0m(1)
INFO:__main__:/nfs_scratch/fmeng/tmpmFImNhLFVHETauAnalyzerMVA-ZetauEmbedded_Run2012C/job.dag: STATUS_SUBMITTED stats: [33mSTATUS_SUBMITTED[0m(7) [32mSTATUS_DONE[0m(75) [34mSTATUS_UNREADY[0m(1)
INFO:__main__:/nfs_scratch/fmeng/tmpmFImNhLFVHETauAnalyzerMVA-ZetauEmbedded_Run2012C/job.dag: STATUS_SUBMITTED stats: [33mSTATUS_SUBMITTED[0m(7) [32mSTATUS_DONE[0m(75) [34mSTATUS_UNREADY[0m(1)
INFO:__main__:/nfs_scratch/fmeng/tmpmFImNhLFVHETauAnalyzerMVA-ZetauEmbedded_Run2012C/job.dag: STATUS_SUBMITTED stats: [33mSTATUS_SUBMITTED[0m(7) [32mSTATUS_DONE[0m(75) [34mSTATUS_UNREADY[0m(1)
INFO:__main__:/nfs_scratch/fmeng/tmpmFImNhLFVHETauAnalyzerMVA-ZetauEmbedded_Run2012C/job.dag: STATUS_SUBMITTED stats: [33mSTATUS_SUBMITTED[0m(6) [32mSTATUS_DONE[0m(76) [34mSTATUS_UNREADY[0m(1)
INFO:__main__:/nfs_scratch/fmeng/tmpmFImNhLFVHETauAnalyzerMVA-ZetauEmbedded_Run2012C/job.dag: STATUS_SUBMITTED stats: [33mSTATUS_SUBMITTED[0m(6) [32mSTATUS_DONE[0m(76) [34mSTATUS_UNREADY[0m(1)
INFO:__main__:/nfs_scratch/fmeng/tmpmFImNhLFVHETauAnalyzerMVA-ZetauEmbedded_Run2012C/job.dag: STATUS_SUBMITTED stats: [33mSTATUS_SUBMITTED[0m(6) [32mSTATUS_DONE[0m(76) [34mSTATUS_UNREADY[0m(1)
INFO:__main__:/nfs_scratch/fmeng/tmpmFImNhLFVHETauAnalyzerMVA-ZetauEmbedded_Run2012C/job.dag: STATUS_SUBMITTED stats: [33mSTATUS_SUBMITTED[0m(6) [32mSTATUS_DONE[0m(76) [34mSTATUS_UNREADY[0m(1)
INFO:__main__:/nfs_scratch/fmeng/tmpmFImNhLFVHETauAnalyzerMVA-ZetauEmbedded_Run2012C/job.dag: STATUS_SUBMITTED stats: [33mSTATUS_SUBMITTED[0m(6) [32mSTATUS_DONE[0m(76) [34mSTATUS_UNREADY[0m(1)
INFO:__main__:/nfs_scratch/fmeng/tmpmFImNhLFVHETauAnalyzerMVA-ZetauEmbedded_Run2012C/job.dag: STATUS_SUBMITTED stats: [33mSTATUS_SUBMITTED[0m(6) [32mSTATUS_DONE[0m(76) [34mSTATUS_UNREADY[0m(1)
INFO:__main__:/nfs_scratch/fmeng/tmpmFImNhLFVHETauAnalyzerMVA-ZetauEmbedded_Run2012C/job.dag: STATUS_SUBMITTED stats: [33mSTATUS_SUBMITTED[0m(6) [32mSTATUS_DONE[0m(76) [34mSTATUS_UNREADY[0m(1)
INFO:__main__:/nfs_scratch/fmeng/tmpmFImNhLFVHETauAnalyzerMVA-ZetauEmbedded_Run2012C/job.dag: STATUS_SUBMITTED stats: [33mSTATUS_SUBMITTED[0m(6) [32mSTATUS_DONE[0m(76) [34mSTATUS_UNREADY[0m(1)
INFO:__main__:/nfs_scratch/fmeng/tmpmFImNhLFVHETauAnalyzerMVA-ZetauEmbedded_Run2012C/job.dag: STATUS_SUBMITTED stats: [33mSTATUS_SUBMITTED[0m(6) [32mSTATUS_DONE[0m(76) [34mSTATUS_UNREADY[0m(1)
INFO:__main__:/nfs_scratch/fmeng/tmpmFImNhLFVHETauAnalyzerMVA-ZetauEmbedded_Run2012C/job.dag: STATUS_SUBMITTED stats: [33mSTATUS_SUBMITTED[0m(6) [32mSTATUS_DONE[0m(76) [34mSTATUS_UNREADY[0m(1)
INFO:__main__:/nfs_scratch/fmeng/tmpmFImNhLFVHETauAnalyzerMVA-ZetauEmbedded_Run2012C/job.dag: STATUS_SUBMITTED stats: [33mSTATUS_SUBMITTED[0m(6) [32mSTATUS_DONE[0m(76) [34mSTATUS_UNREADY[0m(1)
INFO:__main__:/nfs_scratch/fmeng/tmpmFImNhLFVHETauAnalyzerMVA-ZetauEmbedded_Run2012C/job.dag: STATUS_SUBMITTED stats: [33mSTATUS_SUBMITTED[0m(6) [32mSTATUS_DONE[0m(76) [34mSTATUS_UNREADY[0m(1)
INFO:__main__:/nfs_scratch/fmeng/tmpmFImNhLFVHETauAnalyzerMVA-ZetauEmbedded_Run2012C/job.dag: STATUS_SUBMITTED stats: [33mSTATUS_SUBMITTED[0m(6) [32mSTATUS_DONE[0m(76) [34mSTATUS_UNREADY[0m(1)
INFO:__main__:/nfs_scratch/fmeng/tmpmFImNhLFVHETauAnalyzerMVA-ZetauEmbedded_Run2012C/job.dag: STATUS_SUBMITTED stats: [33mSTATUS_SUBMITTED[0m(6) [32mSTATUS_DONE[0m(76) [34mSTATUS_UNREADY[0m(1)
INFO:__main__:/nfs_scratch/fmeng/tmpmFImNhLFVHETauAnalyzerMVA-ZetauEmbedded_Run2012C/job.dag: STATUS_SUBMITTED stats: [33mSTATUS_SUBMITTED[0m(6) [32mSTATUS_DONE[0m(76) [34mSTATUS_UNREADY[0m(1)
INFO:__main__:/nfs_scratch/fmeng/tmpmFImNhLFVHETauAnalyzerMVA-ZetauEmbedded_Run2012C/job.dag: STATUS_SUBMITTED stats: [33mSTATUS_SUBMITTED[0m(6) [32mSTATUS_DONE[0m(76) [34mSTATUS_UNREADY[0m(1)
INFO:__main__:/nfs_scratch/fmeng/tmpmFImNhLFVHETauAnalyzerMVA-ZetauEmbedded_Run2012C/job.dag: STATUS_SUBMITTED stats: [33mSTATUS_SUBMITTED[0m(6) [32mSTATUS_DONE[0m(76) [34mSTATUS_UNREADY[0m(1)
INFO:__main__:/nfs_scratch/fmeng/tmpmFImNhLFVHETauAnalyzerMVA-ZetauEmbedded_Run2012C/job.dag: STATUS_SUBMITTED stats: [33mSTATUS_SUBMITTED[0m(6) [32mSTATUS_DONE[0m(76) [34mSTATUS_UNREADY[0m(1)
INFO:__main__:/nfs_scratch/fmeng/tmpmFImNhLFVHETauAnalyzerMVA-ZetauEmbedded_Run2012C/job.dag: STATUS_SUBMITTED stats: [33mSTATUS_SUBMITTED[0m(6) [32mSTATUS_DONE[0m(76) [34mSTATUS_UNREADY[0m(1)
INFO:__main__:/nfs_scratch/fmeng/tmpmFImNhLFVHETauAnalyzerMVA-ZetauEmbedded_Run2012C/job.dag: STATUS_SUBMITTED stats: [33mSTATUS_SUBMITTED[0m(6) [32mSTATUS_DONE[0m(76) [34mSTATUS_UNREADY[0m(1)
INFO:__main__:/nfs_scratch/fmeng/tmpmFImNhLFVHETauAnalyzerMVA-ZetauEmbedded_Run2012C/job.dag: STATUS_SUBMITTED stats: [33mSTATUS_SUBMITTED[0m(6) [32mSTATUS_DONE[0m(76) [34mSTATUS_UNREADY[0m(1)
INFO:__main__:/nfs_scratch/fmeng/tmpmFImNhLFVHETauAnalyzerMVA-ZetauEmbedded_Run2012C/job.dag: STATUS_SUBMITTED stats: [33mSTATUS_SUBMITTED[0m(6) [32mSTATUS_DONE[0m(76) [34mSTATUS_UNREADY[0m(1)
INFO:__main__:/nfs_scratch/fmeng/tmpmFImNhLFVHETauAnalyzerMVA-ZetauEmbedded_Run2012C/job.dag: STATUS_SUBMITTED stats: [33mSTATUS_SUBMITTED[0m(6) [32mSTATUS_DONE[0m(76) [34mSTATUS_UNREADY[0m(1)
INFO:__main__:/nfs_scratch/fmeng/tmpmFImNhLFVHETauAnalyzerMVA-ZetauEmbedded_Run2012C/job.dag: STATUS_SUBMITTED stats: [33mSTATUS_SUBMITTED[0m(6) [32mSTATUS_DONE[0m(76) [34mSTATUS_UNREADY[0m(1)
INFO:__main__:/nfs_scratch/fmeng/tmpmFImNhLFVHETauAnalyzerMVA-ZetauEmbedded_Run2012C/job.dag: STATUS_SUBMITTED stats: [33mSTATUS_SUBMITTED[0m(6) [32mSTATUS_DONE[0m(76) [34mSTATUS_UNREADY[0m(1)
INFO:__main__:/nfs_scratch/fmeng/tmpmFImNhLFVHETauAnalyzerMVA-ZetauEmbedded_Run2012C/job.dag: STATUS_SUBMITTED stats: [33mSTATUS_SUBMITTED[0m(6) [32mSTATUS_DONE[0m(76) [34mSTATUS_UNREADY[0m(1)
INFO:__main__:/nfs_scratch/fmeng/tmpmFImNhLFVHETauAnalyzerMVA-ZetauEmbedded_Run2012C/job.dag: STATUS_SUBMITTED stats: [33mSTATUS_SUBMITTED[0m(6) [32mSTATUS_DONE[0m(76) [34mSTATUS_UNREADY[0m(1)
INFO:__main__:/nfs_scratch/fmeng/tmpmFImNhLFVHETauAnalyzerMVA-ZetauEmbedded_Run2012C/job.dag: STATUS_SUBMITTED stats: [33mSTATUS_SUBMITTED[0m(6) [32mSTATUS_DONE[0m(76) [34mSTATUS_UNREADY[0m(1)
INFO:__main__:/nfs_scratch/fmeng/tmpmFImNhLFVHETauAnalyzerMVA-ZetauEmbedded_Run2012C/job.dag: STATUS_SUBMITTED stats: [33mSTATUS_SUBMITTED[0m(6) [32mSTATUS_DONE[0m(76) [34mSTATUS_UNREADY[0m(1)
INFO:__main__:/nfs_scratch/fmeng/tmpmFImNhLFVHETauAnalyzerMVA-ZetauEmbedded_Run2012C/job.dag: STATUS_SUBMITTED stats: [33mSTATUS_SUBMITTED[0m(6) [32mSTATUS_DONE[0m(76) [34mSTATUS_UNREADY[0m(1)
INFO:__main__:/nfs_scratch/fmeng/tmpmFImNhLFVHETauAnalyzerMVA-ZetauEmbedded_Run2012C/job.dag: STATUS_SUBMITTED stats: [33mSTATUS_SUBMITTED[0m(6) [32mSTATUS_DONE[0m(76) [34mSTATUS_UNREADY[0m(1)
INFO:__main__:/nfs_scratch/fmeng/tmpmFImNhLFVHETauAnalyzerMVA-ZetauEmbedded_Run2012C/job.dag: STATUS_SUBMITTED stats: [33mSTATUS_SUBMITTED[0m(6) [32mSTATUS_DONE[0m(76) [34mSTATUS_UNREADY[0m(1)
INFO:__main__:/nfs_scratch/fmeng/tmpmFImNhLFVHETauAnalyzerMVA-ZetauEmbedded_Run2012C/job.dag: STATUS_SUBMITTED stats: [33mSTATUS_SUBMITTED[0m(6) [32mSTATUS_DONE[0m(76) [34mSTATUS_UNREADY[0m(1)
INFO:__main__:/nfs_scratch/fmeng/tmpmFImNhLFVHETauAnalyzerMVA-ZetauEmbedded_Run2012C/job.dag: STATUS_SUBMITTED stats: [33mSTATUS_SUBMITTED[0m(6) [32mSTATUS_DONE[0m(76) [34mSTATUS_UNREADY[0m(1)
INFO:__main__:/nfs_scratch/fmeng/tmpmFImNhLFVHETauAnalyzerMVA-ZetauEmbedded_Run2012C/job.dag: STATUS_SUBMITTED stats: [33mSTATUS_SUBMITTED[0m(6) [32mSTATUS_DONE[0m(76) [34mSTATUS_UNREADY[0m(1)
INFO:__main__:/nfs_scratch/fmeng/tmpmFImNhLFVHETauAnalyzerMVA-ZetauEmbedded_Run2012C/job.dag: STATUS_SUBMITTED stats: [33mSTATUS_SUBMITTED[0m(6) [32mSTATUS_DONE[0m(76) [34mSTATUS_UNREADY[0m(1)
INFO:__main__:/nfs_scratch/fmeng/tmpmFImNhLFVHETauAnalyzerMVA-ZetauEmbedded_Run2012C/job.dag: STATUS_SUBMITTED stats: [33mSTATUS_SUBMITTED[0m(6) [32mSTATUS_DONE[0m(76) [34mSTATUS_UNREADY[0m(1)
INFO:__main__:/nfs_scratch/fmeng/tmpmFImNhLFVHETauAnalyzerMVA-ZetauEmbedded_Run2012C/job.dag: STATUS_SUBMITTED stats: [33mSTATUS_SUBMITTED[0m(6) [32mSTATUS_DONE[0m(76) [34mSTATUS_UNREADY[0m(1)
INFO:__main__:/nfs_scratch/fmeng/tmpmFImNhLFVHETauAnalyzerMVA-ZetauEmbedded_Run2012C/job.dag: STATUS_SUBMITTED stats: [33mSTATUS_SUBMITTED[0m(6) [32mSTATUS_DONE[0m(76) [34mSTATUS_UNREADY[0m(1)
INFO:__main__:/nfs_scratch/fmeng/tmpmFImNhLFVHETauAnalyzerMVA-ZetauEmbedded_Run2012C/job.dag: STATUS_SUBMITTED stats: [33mSTATUS_SUBMITTED[0m(6) [32mSTATUS_DONE[0m(76) [34mSTATUS_UNREADY[0m(1)
INFO:__main__:/nfs_scratch/fmeng/tmpmFImNhLFVHETauAnalyzerMVA-ZetauEmbedded_Run2012C/job.dag: STATUS_SUBMITTED stats: [33mSTATUS_SUBMITTED[0m(6) [32mSTATUS_DONE[0m(76) [34mSTATUS_UNREADY[0m(1)
INFO:__main__:/nfs_scratch/fmeng/tmpmFImNhLFVHETauAnalyzerMVA-ZetauEmbedded_Run2012C/job.dag: STATUS_SUBMITTED stats: [33mSTATUS_SUBMITTED[0m(6) [32mSTATUS_DONE[0m(76) [34mSTATUS_UNREADY[0m(1)
INFO:__main__:/nfs_scratch/fmeng/tmpmFImNhLFVHETauAnalyzerMVA-ZetauEmbedded_Run2012C/job.dag: STATUS_SUBMITTED stats: [33mSTATUS_SUBMITTED[0m(6) [32mSTATUS_DONE[0m(76) [34mSTATUS_UNREADY[0m(1)
INFO:__main__:/nfs_scratch/fmeng/tmpmFImNhLFVHETauAnalyzerMVA-ZetauEmbedded_Run2012C/job.dag: STATUS_SUBMITTED stats: [33mSTATUS_SUBMITTED[0m(5) [32mSTATUS_DONE[0m(77) [34mSTATUS_UNREADY[0m(1)
INFO:__main__:/nfs_scratch/fmeng/tmpmFImNhLFVHETauAnalyzerMVA-ZetauEmbedded_Run2012C/job.dag: STATUS_SUBMITTED stats: [33mSTATUS_SUBMITTED[0m(5) [32mSTATUS_DONE[0m(77) [34mSTATUS_UNREADY[0m(1)
INFO:__main__:/nfs_scratch/fmeng/tmpmFImNhLFVHETauAnalyzerMVA-ZetauEmbedded_Run2012C/job.dag: STATUS_SUBMITTED stats: [33mSTATUS_SUBMITTED[0m(5) [32mSTATUS_DONE[0m(77) [34mSTATUS_UNREADY[0m(1)
INFO:__main__:/nfs_scratch/fmeng/tmpmFImNhLFVHETauAnalyzerMVA-ZetauEmbedded_Run2012C/job.dag: STATUS_SUBMITTED stats: [33mSTATUS_SUBMITTED[0m(5) [32mSTATUS_DONE[0m(77) [34mSTATUS_UNREADY[0m(1)
INFO:__main__:/nfs_scratch/fmeng/tmpmFImNhLFVHETauAnalyzerMVA-ZetauEmbedded_Run2012C/job.dag: STATUS_SUBMITTED stats: [33mSTATUS_SUBMITTED[0m(5) [32mSTATUS_DONE[0m(77) [34mSTATUS_UNREADY[0m(1)
INFO:__main__:/nfs_scratch/fmeng/tmpmFImNhLFVHETauAnalyzerMVA-ZetauEmbedded_Run2012C/job.dag: STATUS_SUBMITTED stats: [33mSTATUS_SUBMITTED[0m(5) [32mSTATUS_DONE[0m(77) [34mSTATUS_UNREADY[0m(1)
INFO:__main__:/nfs_scratch/fmeng/tmpmFImNhLFVHETauAnalyzerMVA-ZetauEmbedded_Run2012C/job.dag: STATUS_SUBMITTED stats: [33mSTATUS_SUBMITTED[0m(4) [32mSTATUS_DONE[0m(78) [34mSTATUS_UNREADY[0m(1)
INFO:__main__:/nfs_scratch/fmeng/tmpmFImNhLFVHETauAnalyzerMVA-ZetauEmbedded_Run2012C/job.dag: STATUS_SUBMITTED stats: [33mSTATUS_SUBMITTED[0m(4) [32mSTATUS_DONE[0m(78) [34mSTATUS_UNREADY[0m(1)
INFO:__main__:/nfs_scratch/fmeng/tmpmFImNhLFVHETauAnalyzerMVA-ZetauEmbedded_Run2012C/job.dag: STATUS_SUBMITTED stats: [33mSTATUS_SUBMITTED[0m(4) [32mSTATUS_DONE[0m(78) [34mSTATUS_UNREADY[0m(1)
INFO:__main__:/nfs_scratch/fmeng/tmpmFImNhLFVHETauAnalyzerMVA-ZetauEmbedded_Run2012C/job.dag: STATUS_SUBMITTED stats: [33mSTATUS_SUBMITTED[0m(4) [32mSTATUS_DONE[0m(78) [34mSTATUS_UNREADY[0m(1)
INFO:__main__:/nfs_scratch/fmeng/tmpmFImNhLFVHETauAnalyzerMVA-ZetauEmbedded_Run2012C/job.dag: STATUS_SUBMITTED stats: [33mSTATUS_SUBMITTED[0m(4) [32mSTATUS_DONE[0m(78) [34mSTATUS_UNREADY[0m(1)
INFO:__main__:/nfs_scratch/fmeng/tmpmFImNhLFVHETauAnalyzerMVA-ZetauEmbedded_Run2012C/job.dag: STATUS_SUBMITTED stats: [33mSTATUS_SUBMITTED[0m(3) [32mSTATUS_DONE[0m(79) [34mSTATUS_UNREADY[0m(1)
INFO:__main__:/nfs_scratch/fmeng/tmpmFImNhLFVHETauAnalyzerMVA-ZetauEmbedded_Run2012C/job.dag: STATUS_SUBMITTED stats: [33mSTATUS_SUBMITTED[0m(3) [32mSTATUS_DONE[0m(79) [34mSTATUS_UNREADY[0m(1)
INFO:__main__:/nfs_scratch/fmeng/tmpmFImNhLFVHETauAnalyzerMVA-ZetauEmbedded_Run2012C/job.dag: STATUS_SUBMITTED stats: [33mSTATUS_SUBMITTED[0m(3) [32mSTATUS_DONE[0m(79) [34mSTATUS_UNREADY[0m(1)
INFO:__main__:/nfs_scratch/fmeng/tmpmFImNhLFVHETauAnalyzerMVA-ZetauEmbedded_Run2012C/job.dag: STATUS_SUBMITTED stats: [33mSTATUS_SUBMITTED[0m(3) [32mSTATUS_DONE[0m(79) [34mSTATUS_UNREADY[0m(1)
INFO:__main__:/nfs_scratch/fmeng/tmpmFImNhLFVHETauAnalyzerMVA-ZetauEmbedded_Run2012C/job.dag: STATUS_SUBMITTED stats: [33mSTATUS_SUBMITTED[0m(3) [32mSTATUS_DONE[0m(79) [34mSTATUS_UNREADY[0m(1)
INFO:__main__:/nfs_scratch/fmeng/tmpmFImNhLFVHETauAnalyzerMVA-ZetauEmbedded_Run2012C/job.dag: STATUS_SUBMITTED stats: [33mSTATUS_SUBMITTED[0m(3) [32mSTATUS_DONE[0m(79) [34mSTATUS_UNREADY[0m(1)
INFO:__main__:/nfs_scratch/fmeng/tmpmFImNhLFVHETauAnalyzerMVA-ZetauEmbedded_Run2012C/job.dag: STATUS_SUBMITTED stats: [33mSTATUS_SUBMITTED[0m(3) [32mSTATUS_DONE[0m(79) [34mSTATUS_UNREADY[0m(1)
INFO:__main__:/nfs_scratch/fmeng/tmpmFImNhLFVHETauAnalyzerMVA-ZetauEmbedded_Run2012C/job.dag: STATUS_SUBMITTED stats: [33mSTATUS_SUBMITTED[0m(3) [32mSTATUS_DONE[0m(79) [34mSTATUS_UNREADY[0m(1)
INFO:__main__:/nfs_scratch/fmeng/tmpmFImNhLFVHETauAnalyzerMVA-ZetauEmbedded_Run2012C/job.dag: STATUS_SUBMITTED stats: [33mSTATUS_SUBMITTED[0m(2) [32mSTATUS_DONE[0m(80) [34mSTATUS_UNREADY[0m(1)
INFO:__main__:/nfs_scratch/fmeng/tmpmFImNhLFVHETauAnalyzerMVA-ZetauEmbedded_Run2012C/job.dag: STATUS_SUBMITTED stats: [33mSTATUS_SUBMITTED[0m(2) [32mSTATUS_DONE[0m(80) [34mSTATUS_UNREADY[0m(1)
INFO:__main__:/nfs_scratch/fmeng/tmpmFImNhLFVHETauAnalyzerMVA-ZetauEmbedded_Run2012C/job.dag: STATUS_SUBMITTED stats: [33mSTATUS_SUBMITTED[0m(2) [32mSTATUS_DONE[0m(80) [34mSTATUS_UNREADY[0m(1)
INFO:__main__:/nfs_scratch/fmeng/tmpmFImNhLFVHETauAnalyzerMVA-ZetauEmbedded_Run2012C/job.dag: STATUS_SUBMITTED stats: [33mSTATUS_SUBMITTED[0m(2) [32mSTATUS_DONE[0m(80) [34mSTATUS_UNREADY[0m(1)
INFO:__main__:/nfs_scratch/fmeng/tmpmFImNhLFVHETauAnalyzerMVA-ZetauEmbedded_Run2012C/job.dag: STATUS_SUBMITTED stats: [33mSTATUS_SUBMITTED[0m(2) [32mSTATUS_DONE[0m(80) [34mSTATUS_UNREADY[0m(1)
INFO:__main__:/nfs_scratch/fmeng/tmpmFImNhLFVHETauAnalyzerMVA-ZetauEmbedded_Run2012C/job.dag: STATUS_SUBMITTED stats: [33mSTATUS_SUBMITTED[0m(1) [32mSTATUS_DONE[0m(81) [34mSTATUS_UNREADY[0m(1)
INFO:__main__:/nfs_scratch/fmeng/tmpmFImNhLFVHETauAnalyzerMVA-ZetauEmbedded_Run2012C/job.dag: STATUS_SUBMITTED stats: [33mSTATUS_SUBMITTED[0m(1) [32mSTATUS_DONE[0m(81) [34mSTATUS_UNREADY[0m(1)
INFO:__main__:/nfs_scratch/fmeng/tmpmFImNhLFVHETauAnalyzerMVA-ZetauEmbedded_Run2012C/job.dag: STATUS_SUBMITTED stats: [33mSTATUS_SUBMITTED[0m(1) [32mSTATUS_DONE[0m(81) [34mSTATUS_UNREADY[0m(1)
INFO:__main__:/nfs_scratch/fmeng/tmpmFImNhLFVHETauAnalyzerMVA-ZetauEmbedded_Run2012C/job.dag: STATUS_SUBMITTED stats: [33mSTATUS_SUBMITTED[0m(1) [32mSTATUS_DONE[0m(81) [34mSTATUS_UNREADY[0m(1)
INFO:__main__:/nfs_scratch/fmeng/tmpmFImNhLFVHETauAnalyzerMVA-ZetauEmbedded_Run2012C/job.dag: STATUS_SUBMITTED stats: [33mSTATUS_SUBMITTED[0m(1) [32mSTATUS_DONE[0m(81) [34mSTATUS_UNREADY[0m(1)
INFO:__main__:/nfs_scratch/fmeng/tmpmFImNhLFVHETauAnalyzerMVA-ZetauEmbedded_Run2012C/job.dag: STATUS_SUBMITTED stats: [33mSTATUS_SUBMITTED[0m(1) [32mSTATUS_DONE[0m(81) [34mSTATUS_UNREADY[0m(1)
INFO:__main__:/nfs_scratch/fmeng/tmpmFImNhLFVHETauAnalyzerMVA-ZetauEmbedded_Run2012C/job.dag: STATUS_SUBMITTED stats: [33mSTATUS_SUBMITTED[0m(1) [32mSTATUS_DONE[0m(81) [34mSTATUS_UNREADY[0m(1)
INFO:__main__:/nfs_scratch/fmeng/tmpmFImNhLFVHETauAnalyzerMVA-ZetauEmbedded_Run2012C/job.dag: STATUS_SUBMITTED stats: [33mSTATUS_SUBMITTED[0m(1) [32mSTATUS_DONE[0m(82)
INFO:__main__:/nfs_scratch/fmeng/tmpmFImNhLFVHETauAnalyzerMVA-ZetauEmbedded_Run2012C/job.dag: STATUS_SUBMITTED stats: [33mSTATUS_SUBMITTED[0m(1) [32mSTATUS_DONE[0m(82)
INFO:__main__:/nfs_scratch/fmeng/tmpmFImNhLFVHETauAnalyzerMVA-ZetauEmbedded_Run2012C/job.dag: STATUS_SUBMITTED stats: [33mSTATUS_SUBMITTED[0m(1) [32mSTATUS_DONE[0m(82)
INFO:__main__:/nfs_scratch/fmeng/tmpmFImNhLFVHETauAnalyzerMVA-ZetauEmbedded_Run2012C/job.dag: STATUS_SUBMITTED stats: [33mSTATUS_SUBMITTED[0m(1) [32mSTATUS_DONE[0m(82)
INFO:__main__:/nfs_scratch/fmeng/tmpmFImNhLFVHETauAnalyzerMVA-ZetauEmbedded_Run2012C/job.dag: STATUS_SUBMITTED stats: [33mSTATUS_SUBMITTED[0m(1) [32mSTATUS_DONE[0m(82)
INFO:__main__:/nfs_scratch/fmeng/tmpmFImNhLFVHETauAnalyzerMVA-ZetauEmbedded_Run2012C/job.dag: STATUS_SUBMITTED stats: [33mSTATUS_SUBMITTED[0m(1) [32mSTATUS_DONE[0m(82)
INFO:__main__:/nfs_scratch/fmeng/tmpmFImNhLFVHETauAnalyzerMVA-ZetauEmbedded_Run2012C/job.dag: STATUS_SUBMITTED stats: [33mSTATUS_SUBMITTED[0m(1) [32mSTATUS_DONE[0m(82)
INFO:__main__:/nfs_scratch/fmeng/tmpmFImNhLFVHETauAnalyzerMVA-ZetauEmbedded_Run2012C/job.dag: STATUS_SUBMITTED stats: [33mSTATUS_SUBMITTED[0m(1) [32mSTATUS_DONE[0m(82)
INFO:__main__:/nfs_scratch/fmeng/tmpmFImNhLFVHETauAnalyzerMVA-ZetauEmbedded_Run2012C/job.dag: STATUS_SUBMITTED stats: [33mSTATUS_SUBMITTED[0m(1) [32mSTATUS_DONE[0m(82)
INFO:__main__:/nfs_scratch/fmeng/tmpmFImNhLFVHETauAnalyzerMVA-ZetauEmbedded_Run2012C/job.dag: STATUS_SUBMITTED stats: [33mSTATUS_SUBMITTED[0m(1) [32mSTATUS_DONE[0m(82)
INFO:__main__:/nfs_scratch/fmeng/tmpmFImNhLFVHETauAnalyzerMVA-ZetauEmbedded_Run2012C/job.dag: STATUS_SUBMITTED stats: [33mSTATUS_SUBMITTED[0m(1) [32mSTATUS_DONE[0m(82)
INFO:__main__:/nfs_scratch/fmeng/tmpmFImNhLFVHETauAnalyzerMVA-ZetauEmbedded_Run2012C/job.dag: STATUS_SUBMITTED stats: [33mSTATUS_SUBMITTED[0m(1) [32mSTATUS_DONE[0m(82)
INFO:__main__:/nfs_scratch/fmeng/tmpmFImNhLFVHETauAnalyzerMVA-ZetauEmbedded_Run2012C/job.dag: STATUS_SUBMITTED stats: [33mSTATUS_SUBMITTED[0m(1) [32mSTATUS_DONE[0m(82)
INFO:__main__:/nfs_scratch/fmeng/tmpmFImNhLFVHETauAnalyzerMVA-ZetauEmbedded_Run2012C/job.dag: STATUS_SUBMITTED stats: [33mSTATUS_SUBMITTED[0m(1) [32mSTATUS_DONE[0m(82)
INFO:__main__:/nfs_scratch/fmeng/tmpmFImNhLFVHETauAnalyzerMVA-ZetauEmbedded_Run2012C/job.dag: STATUS_SUBMITTED stats: [33mSTATUS_SUBMITTED[0m(1) [32mSTATUS_DONE[0m(82)
INFO:__main__:/nfs_scratch/fmeng/tmpmFImNhLFVHETauAnalyzerMVA-ZetauEmbedded_Run2012C/job.dag: STATUS_SUBMITTED stats: [33mSTATUS_SUBMITTED[0m(1) [32mSTATUS_DONE[0m(82)
INFO:__main__:/nfs_scratch/fmeng/tmpmFImNhLFVHETauAnalyzerMVA-ZetauEmbedded_Run2012C/job.dag: STATUS_SUBMITTED stats: [33mSTATUS_SUBMITTED[0m(1) [32mSTATUS_DONE[0m(82)
INFO:__main__:/nfs_scratch/fmeng/tmpmFImNhLFVHETauAnalyzerMVA-ZetauEmbedded_Run2012C/job.dag: STATUS_SUBMITTED stats: [33mSTATUS_SUBMITTED[0m(1) [32mSTATUS_DONE[0m(82)
INFO:__main__:/nfs_scratch/fmeng/tmpmFImNhLFVHETauAnalyzerMVA-ZetauEmbedded_Run2012C/job.dag: STATUS_SUBMITTED stats: [33mSTATUS_SUBMITTED[0m(1) [32mSTATUS_DONE[0m(82)
INFO:__main__:/nfs_scratch/fmeng/tmpmFImNhLFVHETauAnalyzerMVA-ZetauEmbedded_Run2012C/job.dag: STATUS_SUBMITTED stats: [33mSTATUS_SUBMITTED[0m(1) [32mSTATUS_DONE[0m(82)
INFO:__main__:/nfs_scratch/fmeng/tmpmFImNhLFVHETauAnalyzerMVA-ZetauEmbedded_Run2012C/job.dag: STATUS_SUBMITTED stats: [33mSTATUS_SUBMITTED[0m(1) [32mSTATUS_DONE[0m(82)
INFO:__main__:/nfs_scratch/fmeng/tmpmFImNhLFVHETauAnalyzerMVA-ZetauEmbedded_Run2012C/job.dag: STATUS_SUBMITTED stats: [33mSTATUS_SUBMITTED[0m(1) [32mSTATUS_DONE[0m(82)
INFO:__main__:/nfs_scratch/fmeng/tmpmFImNhLFVHETauAnalyzerMVA-ZetauEmbedded_Run2012C/job.dag: STATUS_SUBMITTED stats: [33mSTATUS_SUBMITTED[0m(1) [32mSTATUS_DONE[0m(82)
INFO:__main__:/nfs_scratch/fmeng/tmpmFImNhLFVHETauAnalyzerMVA-ZetauEmbedded_Run2012C/job.dag: STATUS_SUBMITTED stats: [33mSTATUS_SUBMITTED[0m(1) [32mSTATUS_DONE[0m(82)
INFO:__main__:/nfs_scratch/fmeng/tmpmFImNhLFVHETauAnalyzerMVA-ZetauEmbedded_Run2012C/job.dag: STATUS_SUBMITTED stats: [33mSTATUS_SUBMITTED[0m(1) [32mSTATUS_DONE[0m(82)
INFO:__main__:/nfs_scratch/fmeng/tmpmFImNhLFVHETauAnalyzerMVA-ZetauEmbedded_Run2012C/job.dag: STATUS_SUBMITTED stats: [33mSTATUS_SUBMITTED[0m(1) [32mSTATUS_DONE[0m(82)
INFO:__main__:/nfs_scratch/fmeng/tmpmFImNhLFVHETauAnalyzerMVA-ZetauEmbedded_Run2012C/job.dag: STATUS_SUBMITTED stats: [33mSTATUS_SUBMITTED[0m(1) [32mSTATUS_DONE[0m(82)
INFO:__main__:/nfs_scratch/fmeng/tmpmFImNhLFVHETauAnalyzerMVA-ZetauEmbedded_Run2012C/job.dag: STATUS_SUBMITTED stats: [33mSTATUS_SUBMITTED[0m(1) [32mSTATUS_DONE[0m(82)
INFO:__main__:/nfs_scratch/fmeng/tmpmFImNhLFVHETauAnalyzerMVA-ZetauEmbedded_Run2012C/job.dag: STATUS_SUBMITTED stats: [33mSTATUS_SUBMITTED[0m(1) [32mSTATUS_DONE[0m(82)
INFO:__main__:/nfs_scratch/fmeng/tmpmFImNhLFVHETauAnalyzerMVA-ZetauEmbedded_Run2012C/job.dag: STATUS_SUBMITTED stats: [33mSTATUS_SUBMITTED[0m(1) [32mSTATUS_DONE[0m(82)
INFO:__main__:/nfs_scratch/fmeng/tmpmFImNhLFVHETauAnalyzerMVA-ZetauEmbedded_Run2012C/job.dag: STATUS_SUBMITTED stats: [33mSTATUS_SUBMITTED[0m(1) [32mSTATUS_DONE[0m(82)
INFO:__main__:/nfs_scratch/fmeng/tmpmFImNhLFVHETauAnalyzerMVA-ZetauEmbedded_Run2012C/job.dag: STATUS_SUBMITTED stats: [33mSTATUS_SUBMITTED[0m(1) [32mSTATUS_DONE[0m(82)
INFO:__main__:/nfs_scratch/fmeng/tmpmFImNhLFVHETauAnalyzerMVA-ZetauEmbedded_Run2012C/job.dag: STATUS_SUBMITTED stats: [33mSTATUS_SUBMITTED[0m(1) [32mSTATUS_DONE[0m(82)
INFO:__main__:/nfs_scratch/fmeng/tmpmFImNhLFVHETauAnalyzerMVA-ZetauEmbedded_Run2012C/job.dag: STATUS_SUBMITTED stats: [33mSTATUS_SUBMITTED[0m(1) [32mSTATUS_DONE[0m(82)
INFO:__main__:/nfs_scratch/fmeng/tmpmFImNhLFVHETauAnalyzerMVA-ZetauEmbedded_Run2012C/job.dag: STATUS_SUBMITTED stats: [33mSTATUS_SUBMITTED[0m(1) [32mSTATUS_DONE[0m(82)
INFO:__main__:/nfs_scratch/fmeng/tmpmFImNhLFVHETauAnalyzerMVA-ZetauEmbedded_Run2012C/job.dag: STATUS_SUBMITTED stats: [33mSTATUS_SUBMITTED[0m(1) [32mSTATUS_DONE[0m(82)
INFO:__main__:/nfs_scratch/fmeng/tmpmFImNhLFVHETauAnalyzerMVA-ZetauEmbedded_Run2012C/job.dag: STATUS_SUBMITTED stats: [33mSTATUS_SUBMITTED[0m(1) [32mSTATUS_DONE[0m(82)
INFO:__main__:/nfs_scratch/fmeng/tmpmFImNhLFVHETauAnalyzerMVA-ZetauEmbedded_Run2012C/job.dag: STATUS_SUBMITTED stats: [33mSTATUS_SUBMITTED[0m(1) [32mSTATUS_DONE[0m(82)
INFO:__main__:/nfs_scratch/fmeng/tmpmFImNhLFVHETauAnalyzerMVA-ZetauEmbedded_Run2012C/job.dag: STATUS_SUBMITTED stats: [33mSTATUS_SUBMITTED[0m(1) [32mSTATUS_DONE[0m(82)
INFO:__main__:/nfs_scratch/fmeng/tmpmFImNhLFVHETauAnalyzerMVA-ZetauEmbedded_Run2012C/job.dag: STATUS_SUBMITTED stats: [33mSTATUS_SUBMITTED[0m(1) [32mSTATUS_DONE[0m(82)
INFO:__main__:/nfs_scratch/fmeng/tmpmFImNhLFVHETauAnalyzerMVA-ZetauEmbedded_Run2012C/job.dag: STATUS_SUBMITTED stats: [33mSTATUS_SUBMITTED[0m(1) [32mSTATUS_DONE[0m(82)
INFO:__main__:/nfs_scratch/fmeng/tmpmFImNhLFVHETauAnalyzerMVA-ZetauEmbedded_Run2012C/job.dag: STATUS_SUBMITTED stats: [33mSTATUS_SUBMITTED[0m(1) [32mSTATUS_DONE[0m(82)
INFO:__main__:/nfs_scratch/fmeng/tmpmFImNhLFVHETauAnalyzerMVA-ZetauEmbedded_Run2012C/job.dag: STATUS_SUBMITTED stats: [33mSTATUS_SUBMITTED[0m(1) [32mSTATUS_DONE[0m(82)
INFO:__main__:/nfs_scratch/fmeng/tmpmFImNhLFVHETauAnalyzerMVA-ZetauEmbedded_Run2012C/job.dag: STATUS_SUBMITTED stats: [33mSTATUS_SUBMITTED[0m(1) [32mSTATUS_DONE[0m(82)
INFO:__main__:/nfs_scratch/fmeng/tmpmFImNhLFVHETauAnalyzerMVA-ZetauEmbedded_Run2012C/job.dag: STATUS_SUBMITTED stats: [33mSTATUS_SUBMITTED[0m(1) [32mSTATUS_DONE[0m(82)
INFO:__main__:/nfs_scratch/fmeng/tmpmFImNhLFVHETauAnalyzerMVA-ZetauEmbedded_Run2012C/job.dag: STATUS_SUBMITTED stats: [33mSTATUS_SUBMITTED[0m(1) [32mSTATUS_DONE[0m(82)
INFO:__main__:/nfs_scratch/fmeng/tmpmFImNhLFVHETauAnalyzerMVA-ZetauEmbedded_Run2012C/job.dag: STATUS_SUBMITTED stats: [33mSTATUS_SUBMITTED[0m(1) [32mSTATUS_DONE[0m(82)
INFO:__main__:/nfs_scratch/fmeng/tmpmFImNhLFVHETauAnalyzerMVA-ZetauEmbedded_Run2012C/job.dag: STATUS_SUBMITTED stats: [33mSTATUS_SUBMITTED[0m(1) [32mSTATUS_DONE[0m(82)
INFO:__main__:/nfs_scratch/fmeng/tmpmFImNhLFVHETauAnalyzerMVA-ZetauEmbedded_Run2012C/job.dag: STATUS_SUBMITTED stats: [33mSTATUS_SUBMITTED[0m(1) [32mSTATUS_DONE[0m(82)
INFO:__main__:/nfs_scratch/fmeng/tmpmFImNhLFVHETauAnalyzerMVA-ZetauEmbedded_Run2012C/job.dag: STATUS_SUBMITTED stats: [33mSTATUS_SUBMITTED[0m(1) [32mSTATUS_DONE[0m(82)
INFO:__main__:/nfs_scratch/fmeng/tmpmFImNhLFVHETauAnalyzerMVA-ZetauEmbedded_Run2012C/job.dag: STATUS_SUBMITTED stats: [33mSTATUS_SUBMITTED[0m(1) [32mSTATUS_DONE[0m(82)
INFO:__main__:/nfs_scratch/fmeng/tmpmFImNhLFVHETauAnalyzerMVA-ZetauEmbedded_Run2012C/job.dag: STATUS_SUBMITTED stats: [33mSTATUS_SUBMITTED[0m(1) [32mSTATUS_DONE[0m(82)
INFO:__main__:/nfs_scratch/fmeng/tmpmFImNhLFVHETauAnalyzerMVA-ZetauEmbedded_Run2012C/job.dag: STATUS_SUBMITTED stats: [33mSTATUS_SUBMITTED[0m(1) [32mSTATUS_DONE[0m(82)
INFO:__main__:/nfs_scratch/fmeng/tmpmFImNhLFVHETauAnalyzerMVA-ZetauEmbedded_Run2012C/job.dag: STATUS_SUBMITTED stats: [33mSTATUS_SUBMITTED[0m(1) [32mSTATUS_DONE[0m(82)
INFO:__main__:/nfs_scratch/fmeng/tmpmFImNhLFVHETauAnalyzerMVA-ZetauEmbedded_Run2012C/job.dag: STATUS_SUBMITTED stats: [33mSTATUS_SUBMITTED[0m(1) [32mSTATUS_DONE[0m(82)
INFO:__main__:/nfs_scratch/fmeng/tmpmFImNhLFVHETauAnalyzerMVA-ZetauEmbedded_Run2012C/job.dag: STATUS_SUBMITTED stats: [33mSTATUS_SUBMITTED[0m(1) [32mSTATUS_DONE[0m(82)
INFO:__main__:/nfs_scratch/fmeng/tmpmFImNhLFVHETauAnalyzerMVA-ZetauEmbedded_Run2012C/job.dag: STATUS_SUBMITTED stats: [33mSTATUS_SUBMITTED[0m(1) [32mSTATUS_DONE[0m(82)
INFO:__main__:/nfs_scratch/fmeng/tmpmFImNhLFVHETauAnalyzerMVA-ZetauEmbedded_Run2012C/job.dag: STATUS_SUBMITTED stats: [33mSTATUS_SUBMITTED[0m(1) [32mSTATUS_DONE[0m(82)
INFO:__main__:/nfs_scratch/fmeng/tmpmFImNhLFVHETauAnalyzerMVA-ZetauEmbedded_Run2012C/job.dag: STATUS_SUBMITTED stats: [33mSTATUS_SUBMITTED[0m(1) [32mSTATUS_DONE[0m(82)
INFO:__main__:/nfs_scratch/fmeng/tmpmFImNhLFVHETauAnalyzerMVA-ZetauEmbedded_Run2012C/job.dag: STATUS_SUBMITTED stats: [33mSTATUS_SUBMITTED[0m(1) [32mSTATUS_DONE[0m(82)
INFO:__main__:/nfs_scratch/fmeng/tmpmFImNhLFVHETauAnalyzerMVA-ZetauEmbedded_Run2012C/job.dag: STATUS_SUBMITTED stats: [33mSTATUS_SUBMITTED[0m(1) [32mSTATUS_DONE[0m(82)
INFO:__main__:/nfs_scratch/fmeng/tmpmFImNhLFVHETauAnalyzerMVA-ZetauEmbedded_Run2012C/job.dag: STATUS_SUBMITTED stats: [33mSTATUS_SUBMITTED[0m(1) [32mSTATUS_DONE[0m(82)
INFO:__main__:/nfs_scratch/fmeng/tmpmFImNhLFVHETauAnalyzerMVA-ZetauEmbedded_Run2012C/job.dag: STATUS_SUBMITTED stats: [33mSTATUS_SUBMITTED[0m(1) [32mSTATUS_DONE[0m(82)
INFO:__main__:/nfs_scratch/fmeng/tmpmFImNhLFVHETauAnalyzerMVA-ZetauEmbedded_Run2012C/job.dag: STATUS_SUBMITTED stats: [33mSTATUS_SUBMITTED[0m(1) [32mSTATUS_DONE[0m(82)
INFO:__main__:/nfs_scratch/fmeng/tmpmFImNhLFVHETauAnalyzerMVA-ZetauEmbedded_Run2012C/job.dag: STATUS_SUBMITTED stats: [33mSTATUS_SUBMITTED[0m(1) [32mSTATUS_DONE[0m(82)
INFO:__main__:/nfs_scratch/fmeng/tmpmFImNhLFVHETauAnalyzerMVA-ZetauEmbedded_Run2012C/job.dag: STATUS_SUBMITTED stats: [33mSTATUS_SUBMITTED[0m(1) [32mSTATUS_DONE[0m(82)
INFO:__main__:/nfs_scratch/fmeng/tmpmFImNhLFVHETauAnalyzerMVA-ZetauEmbedded_Run2012C/job.dag: STATUS_SUBMITTED stats: [33mSTATUS_SUBMITTED[0m(1) [32mSTATUS_DONE[0m(82)
INFO:__main__:/nfs_scratch/fmeng/tmpmFImNhLFVHETauAnalyzerMVA-ZetauEmbedded_Run2012C/job.dag: STATUS_SUBMITTED stats: [33mSTATUS_SUBMITTED[0m(1) [32mSTATUS_DONE[0m(82)
INFO:__main__:/nfs_scratch/fmeng/tmpmFImNhLFVHETauAnalyzerMVA-ZetauEmbedded_Run2012C/job.dag: STATUS_SUBMITTED stats: [33mSTATUS_SUBMITTED[0m(1) [32mSTATUS_DONE[0m(82)
INFO:__main__:/nfs_scratch/fmeng/tmpmFImNhLFVHETauAnalyzerMVA-ZetauEmbedded_Run2012C/job.dag: STATUS_SUBMITTED stats: [33mSTATUS_SUBMITTED[0m(1) [32mSTATUS_DONE[0m(82)
INFO:__main__:/nfs_scratch/fmeng/tmpmFImNhLFVHETauAnalyzerMVA-ZetauEmbedded_Run2012C/job.dag: STATUS_SUBMITTED stats: [33mSTATUS_SUBMITTED[0m(1) [32mSTATUS_DONE[0m(82)
INFO:__main__:/nfs_scratch/fmeng/tmpmFImNhLFVHETauAnalyzerMVA-ZetauEmbedded_Run2012C/job.dag: STATUS_SUBMITTED stats: [33mSTATUS_SUBMITTED[0m(1) [32mSTATUS_DONE[0m(82)
INFO:__main__:/nfs_scratch/fmeng/tmpmFImNhLFVHETauAnalyzerMVA-ZetauEmbedded_Run2012C/job.dag: STATUS_SUBMITTED stats: [33mSTATUS_SUBMITTED[0m(1) [32mSTATUS_DONE[0m(82)
INFO:__main__:/nfs_scratch/fmeng/tmpmFImNhLFVHETauAnalyzerMVA-ZetauEmbedded_Run2012C/job.dag: STATUS_DONE stats: [32mSTATUS_DONE[0m(83)
INFO:__main__:Copying final output /hdfs/store/user/fmeng/MegaJob_tmpmFImNhLFVHETauAnalyzerMVA-ZetauEmbedded_Run2012C//mergeFilesJob-mergeFilesJob-mega-batch-make_ntuples_cfg-patTuple_cfg-809A613E-ECE7-E211-87A4-0023AEFDEC24.root => results/newNtuple_5Nov/LFVHETauAnalyzerMVA/ZetauEmbedded_Run2012C.root
INFO:__main__:[32m/nfs_scratch/fmeng/tmpmFImNhLFVHETauAnalyzerMVA-ZetauEmbedded_Run2012C/job.dag: job complete.[0m
